08/02/2020 21:24:46 [MESSAGE] &f[&9AnimatedNames&f] &eUnable to load placeholders 'askyblock'. Plugin ASkyBlock not found!
08/02/2020 21:24:46 [INFO] Loading language file: lang_en
08/02/2020 21:24:46 [INFO] Loading language file: lang_temp
08/02/2020 21:24:46 [MESSAGE] &f[&9AnimatedNames&f] &eUnable to load placeholders 'acidisland'. Plugin AcidIsland not found!
08/02/2020 21:24:46 [DEBUG] Loaded placeholder: armor
08/02/2020 21:24:46 [DEBUG] Loaded placeholder: CustomPlaceholders
08/02/2020 21:24:46 [INFO] Fetching available placeholders from server ...
08/02/2020 21:24:46 [DEBUG] Loaded placeholder: MySQL
08/02/2020 21:24:46 [INFO] Loading internal placeholders ...
08/02/2020 21:24:46 [INFO] Loading placeholders and event triggers ...
08/02/2020 21:24:46 [MESSAGE] &f[&9AnimatedNames&f] &eUnable to load placeholders 'chatreaction'. Plugin ChatReaction not found!
08/02/2020 21:24:46 [MESSAGE] &f[&9AnimatedNames&f] &eUnable to load placeholders 'auctions'. Plugin Auctions not found!
08/02/2020 21:24:46 [DEBUG] Loaded placeholder: bungeecord
08/02/2020 21:24:46 [MESSAGE] &f[&9AnimatedNames&f] &eUnable to load placeholders 'bukkitspeak'. Plugin BukkitSpeak not found!
08/02/2020 21:24:46 [MESSAGE] &f[&9AnimatedNames&f] &eUnable to load placeholders 'bungeeonlinetime'. Plugin BungeeOnlineTime not found!
08/02/2020 21:24:46 [MESSAGE] &f[&9AnimatedNames&f] &eUnable to load placeholders 'bukkitgames'. Plugin BukkitGames not found!
08/02/2020 21:24:46 [DEBUG] Loaded placeholder: bukkit
08/02/2020 21:24:46 [MESSAGE] &f[&9AnimatedNames&f] &eUnable to load placeholders 'biteskywarsreloaded'. Plugin BiteSkyWarsReloaded not found!
08/02/2020 21:24:46 [MESSAGE] &f[&9AnimatedNames&f] &eUnable to load placeholders 'bedwarsrel'. Plugin BedwarsRel not found!
08/02/2020 21:24:46 [MESSAGE] &f[&9AnimatedNames&f] &eUnable to load placeholders 'battlelevels'. Plugin BattleLevels not found!
08/02/2020 21:24:46 [MESSAGE] &f[&9AnimatedNames&f] &eUnable to load placeholders 'autosell'. Plugin AutoSell not found!
08/02/2020 21:24:46 [MESSAGE] &f[&9AnimatedNames&f] &eUnable to load placeholders 'autorank'. Plugin AutoRank not found!
08/02/2020 21:24:46 [MESSAGE] &f[&9AnimatedNames&f] &eUnable to load placeholders 'ezrankslite2'. Plugin EZRanksLite not found!
08/02/2020 21:24:46 [DEBUG] Loaded placeholder: economy
08/02/2020 21:24:46 [MESSAGE] &f[&9AnimatedNames&f] &eUnable to load placeholders 'ezrankspro'. Plugin EZRanksPro not found!
08/02/2020 21:24:46 [DEBUG] Loaded placeholder: playereffects
08/02/2020 21:24:46 [MESSAGE] &f[&9AnimatedNames&f] &eUnable to load placeholders 'enchantmenttokens'. Plugin EnchantmentTokens not found!
08/02/2020 21:24:46 [MESSAGE] &f[&9AnimatedNames&f] &eUnable to load placeholders 'enjin'. Plugin EnjinMinecraftPlugin not found!
08/02/2020 21:24:46 [DEBUG] Loaded placeholder: entities
08/02/2020 21:24:46 [DEBUG] Loaded placeholder: essentials
08/02/2020 21:24:46 [MESSAGE] &f[&9AnimatedNames&f] &eUnable to load placeholders 'ezblocks'. Plugin EZBlocks not found!
08/02/2020 21:24:46 [MESSAGE] &f[&9AnimatedNames&f] &eUnable to load placeholders 'ezprestige'. Plugin EZPrestige not found!
08/02/2020 21:24:46 [MESSAGE] &f[&9AnimatedNames&f] &eUnable to load placeholders 'donationsholograms'. Plugin DonationsHolograms not found!
08/02/2020 21:24:46 [MESSAGE] &f[&9AnimatedNames&f] &eUnable to load placeholders 'disease'. Plugin Disease not found!
08/02/2020 21:24:46 [MESSAGE] &f[&9AnimatedNames&f] &eUnable to load placeholders 'diceeaster'. Plugin DiceEaster not found!
08/02/2020 21:24:46 [MESSAGE] &f[&9AnimatedNames&f] &eUnable to load placeholders 'deluxetags'. Plugin DeluxeTags not found!
08/02/2020 21:24:48 [MESSAGE] &f[&9AnimatedNames&f] &eUnable to load placeholders 'islandworld'. Plugin IslandWorld not found!
08/02/2020 21:24:48 [DEBUG] Loaded placeholder: java
08/02/2020 21:24:47 [MESSAGE] &f[&9AnimatedNames&f] &eUnable to load placeholders 'gangsplus1'. Plugin GangsPlus not found!
08/02/2020 21:24:46 [MESSAGE] &f[&9AnimatedNames&f] &eUnable to load placeholders 'thrist'. Plugin Thrist not found!
08/02/2020 21:24:47 [MESSAGE] &f[&9AnimatedNames&f] &eUnable to load placeholders 'teams'. Plugin Teams not found!
08/02/2020 21:24:47 [MESSAGE] &f[&9AnimatedNames&f] &eUnable to load placeholders 'galistener'. Plugin GAListener not found!
08/02/2020 21:24:47 [DEBUG] Loaded placeholder: geographical
08/02/2020 21:24:47 [DEBUG] Loaded placeholder: firework
08/02/2020 21:24:47 [MESSAGE] &f[&9AnimatedNames&f] &eUnable to load placeholders 'griefprevention'. Plugin GriefPrevention not found!
08/02/2020 21:24:47 [MESSAGE] &f[&9AnimatedNames&f] &eUnable to load placeholders 'heroes'. Plugin Heroes not found!
08/02/2020 21:24:48 [DEBUG] Loaded placeholder: hotbar
08/02/2020 21:24:47 [MESSAGE] &f[&9AnimatedNames&f] &eUnable to load placeholders 'factions1_6'. Plugin Factions not found!
08/02/2020 21:24:47 [MESSAGE] &f[&9AnimatedNames&f] &eUnable to load placeholders 'factions2'. Plugin Factions not found!
08/02/2020 21:24:47 [MESSAGE] &f[&9AnimatedNames&f] &eUnable to load placeholders 'factions1_8'. Plugin Factions not found!
08/02/2020 21:24:47 [DEBUG] Loaded placeholder: facebook
08/02/2020 21:24:46 [MESSAGE] &f[&9AnimatedNames&f] &eUnable to load placeholders 'customlist'. Plugin ChatReaction not found!
08/02/2020 21:24:46 [DEBUG] Loaded placeholder: compass
08/02/2020 21:24:49 [MESSAGE] &f[&9AnimatedNames&f] &eUnable to load placeholders 'mcmmo'. Plugin mcMMO not found!
08/02/2020 21:24:49 [DEBUG] Loaded placeholder: memory
08/02/2020 21:24:49 [MESSAGE] &f[&9AnimatedNames&f] &eUnable to load placeholders 'lwc'. Plugin LWC not found!
08/02/2020 21:24:49 [MESSAGE] &f[&9AnimatedNames&f] &eUnable to load placeholders 'marriagemaster'. Plugin MarriageMaster not found!
08/02/2020 21:24:49 [DEBUG] Loaded placeholder: libsdisguises
08/02/2020 21:24:49 [MESSAGE] &f[&9AnimatedNames&f] &eUnable to load placeholders 'legendquest'. Plugin LegendQuest not found!
08/02/2020 21:24:48 [MESSAGE] &f[&9AnimatedNames&f] &eUnable to load placeholders 'leaderheads'. Plugin LeaderHeads not found!
08/02/2020 21:24:49 [MESSAGE] &f[&9AnimatedNames&f] &eUnable to load placeholders 'magic'. Plugin Magic not found!
08/02/2020 21:24:48 [MESSAGE] &f[&9AnimatedNames&f] &eUnable to load placeholders 'jobs'. Plugin Jobs not found!
08/02/2020 21:24:49 [DEBUG] Loaded placeholder: marriage
08/02/2020 21:24:49 [MESSAGE] &f[&9AnimatedNames&f] &eUnable to load placeholders 'mcinfected'. Plugin McInfected not found!
08/02/2020 21:24:48 [MESSAGE] &f[&9AnimatedNames&f] &eUnable to load placeholders 'subsidekoth'. Plugin LeaderHeads not found!
08/02/2020 21:24:48 [MESSAGE] &f[&9AnimatedNames&f] &eUnable to load placeholders 'kitbattle'. Plugin KitBattle not found!
08/02/2020 21:24:48 [MESSAGE] &f[&9AnimatedNames&f] &eUnable to load placeholders 'kingkits'. Plugin KingKits not found!
08/02/2020 21:24:48 [MESSAGE] &f[&9AnimatedNames&f] &eUnable to load placeholders 'killstats'. Plugin KillStats not found!
08/02/2020 21:24:48 [MESSAGE] &f[&9AnimatedNames&f] &eUnable to load placeholders 'killrewards'. Plugin KillRewards not found!
08/02/2020 21:24:48 [MESSAGE] &f[&9AnimatedNames&f] &eUnable to load placeholders 'killermoney'. Plugin KillerMoney not found!
08/02/2020 21:24:48 [MESSAGE] &f[&9AnimatedNames&f] &eUnable to load placeholders 'jobsreborn'. Plugin Jobs not found!
08/02/2020 21:24:46 [DEBUG] Loaded placeholder: command
08/02/2020 21:24:50 [MESSAGE] &f[&9AnimatedNames&f] &eUnable to load placeholders 'plotme'. Plugin PlotMe not found!
08/02/2020 21:24:50 [MESSAGE] &f[&9AnimatedNames&f] &eUnable to load placeholders 'plotz'. Plugin Plotz not found!
08/02/2020 21:24:50 [DEBUG] Loaded placeholder: previousnames
08/02/2020 21:24:49 [MESSAGE] &f[&9AnimatedNames&f] &eUnable to load placeholders 'pl3xicons'. Plugin Pl3xIcons not found!
08/02/2020 21:24:49 [MESSAGE] &f[&9AnimatedNames&f] &eUnable to load placeholders 'minecrates'. Plugin MineCrates not found!
08/02/2020 21:24:50 [MESSAGE] &f[&9AnimatedNames&f] &eUnable to load placeholders 'playtimerewardsrecoded'. Plugin PlayTimeRewardsRecoded not found!
08/02/2020 21:24:50 [MESSAGE] &f[&9AnimatedNames&f] &eUnable to load placeholders 'playerpoints'. Plugin PlayerPoints not found!
08/02/2020 21:24:50 [DEBUG] Loaded placeholder: player
08/02/2020 21:24:50 [MESSAGE] &f[&9AnimatedNames&f] &eUnable to load placeholders 'plotsquared'. Plugin PlotSquared not found!
08/02/2020 21:24:49 [DEBUG] Loaded placeholder: placeholderapi
08/02/2020 21:24:49 [MESSAGE] &f[&9AnimatedNames&f] &eUnable to load placeholders 'picknchewstatistics'. Plugin PickNChew not found!
08/02/2020 21:24:49 [DEBUG] Loaded placeholder: permissions
08/02/2020 21:24:49 [MESSAGE] &f[&9AnimatedNames&f] &eUnable to load placeholders 'ontime'. Plugin OnTime not found!
08/02/2020 21:24:49 [MESSAGE] &f[&9AnimatedNames&f] &eUnable to load placeholders 'nicky'. Plugin Nicky not found!
08/02/2020 21:24:49 [MESSAGE] &f[&9AnimatedNames&f] &eUnable to load placeholders 'multiverse'. Plugin Multiverse-Core not found!
08/02/2020 21:24:50 [MESSAGE] &f[&9AnimatedNames&f] &eUnable to load placeholders 'skywars'. Plugin SkyWars not found!
08/02/2020 21:24:50 [DEBUG] Loaded placeholder: sound
08/02/2020 21:24:50 [MESSAGE] &f[&9AnimatedNames&f] &eUnable to load placeholders 'skywarsreloaded'. Plugin SkyWarsReloaded not found!
08/02/2020 21:24:50 [DEBUG] Loaded placeholder: skript
08/02/2020 21:24:50 [MESSAGE] &f[&9AnimatedNames&f] &eUnable to load placeholders 'skillapi'. Plugin SkillAPI not found!
08/02/2020 21:24:50 [MESSAGE] &f[&9AnimatedNames&f] &eUnable to load placeholders 'sellall'. Plugin SellAll not found!
08/02/2020 21:24:50 [DEBUG] Loaded placeholder: serverpinger
08/02/2020 21:24:50 [MESSAGE] &f[&9AnimatedNames&f] &eUnable to load placeholders 'prison3'. Plugin Prison3 not found!
08/02/2020 21:24:50 [MESSAGE] &f[&9AnimatedNames&f] &eUnable to load placeholders 'rankupcrayons'. Plugin RankUp not found!
08/02/2020 21:24:50 [DEBUG] Loaded placeholder: quests
08/02/2020 21:24:50 [DEBUG] Loaded placeholder: redisbungee
08/02/2020 21:24:50 [MESSAGE] &f[&9AnimatedNames&f] &eUnable to load placeholders 'simpleclans'. Plugin SimpleClans not found!
08/02/2020 21:24:50 [MESSAGE] &f[&9AnimatedNames&f] &eUnable to load placeholders 'pvptimer'. Plugin PvPTimer not found!
08/02/2020 21:24:50 [MESSAGE] &f[&9AnimatedNames&f] &eUnable to load placeholders 'prisonmines'. Plugin PrisonMines not found!
08/02/2020 21:24:49 [MESSAGE] &f[&9AnimatedNames&f] &eUnable to load placeholders 'mobarena'. Plugin MobArena not found!
08/02/2020 21:24:49 [MESSAGE] &f[&9AnimatedNames&f] &eUnable to load placeholders 'mineversechat'. Plugin MineverseChat not found!
08/02/2020 21:24:49 [MESSAGE] &f[&9AnimatedNames&f] &eUnable to load placeholders 'mineresetliteplus'. Plugin MineResetLitePlus not found!
08/02/2020 21:24:49 [DEBUG] Loaded placeholder: mineresetlite
08/02/2020 21:24:49 [MESSAGE] &f[&9AnimatedNames&f] &eUnable to load placeholders 'minefortress'. Plugin MineFortress not found!
08/02/2020 21:24:46 [DEBUG] Loaded placeholder: color
08/02/2020 21:24:50 [MESSAGE] &f[&9AnimatedNames&f] &eUnable to load placeholders 'sqlperms'. Plugin SQLPerms not found!
08/02/2020 21:24:51 [DEBUG] Loaded placeholder: vanillaevents
08/02/2020 21:24:50 [MESSAGE] &f[&9AnimatedNames&f] &eUnable to load placeholders 'stockmarket-yahoofinance'. Plugin StockMarket not found!
08/02/2020 21:24:51 [INFO] Loading event hook: Vanilla Block place hook ...
08/02/2020 21:24:51 [INFO] Loading event hook: Vanilla player join ...
08/02/2020 21:24:50 [MESSAGE] &f[&9AnimatedNames&f] &eUnable to load placeholders 'stockmarket'. Plugin StockMarket not found!
08/02/2020 21:24:51 [INFO] Loading event hook: Vanilla Death hook ...
08/02/2020 21:24:50 [MESSAGE] &f[&9AnimatedNames&f] &eUnable to load placeholders 'superbvote'. Plugin SuperbVote not found!
08/02/2020 21:24:51 [INFO] Loading event hook: Vanilla Create portal hook ...
08/02/2020 21:24:50 [MESSAGE] &f[&9AnimatedNames&f] &eUnable to load placeholders 'survivalgameswazup'. Plugin SurvivalGames not found!
08/02/2020 21:24:51 [INFO] Loading event hook: Vanilla player first join ...
08/02/2020 21:24:50 [DEBUG] Loaded placeholder: tickspersecond
08/02/2020 21:24:50 [MESSAGE] &f[&9AnimatedNames&f] &eUnable to load placeholders 'tokenenchant'. Plugin TokenEnchant not found!
08/02/2020 21:24:50 [MESSAGE] &f[&9AnimatedNames&f] &eUnable to load placeholders 'towny'. Plugin Towny not found!
08/02/2020 21:24:50 [MESSAGE] &f[&9AnimatedNames&f] &eUnable to load placeholders 'townychat'. Plugin TownyChat not found!
08/02/2020 21:24:50 [DEBUG] Loaded placeholder: twitter
08/02/2020 21:24:50 [MESSAGE] &f[&9AnimatedNames&f] &eUnable to load placeholders 'ultimatevotes'. Plugin UltimateVotes not found!
08/02/2020 21:24:50 [DEBUG] Loaded placeholder: unicode
08/02/2020 21:24:50 [MESSAGE] &f[&9AnimatedNames&f] &eUnable to load placeholders 'uskyblock'. Plugin uSkyBlock not found!
08/02/2020 21:24:51 [INFO] Loading event hook: Vanilla Combat hook ...
08/02/2020 21:24:51 [INFO] Loading event hook: Vanilla Block break hook ...
08/02/2020 21:24:51 [INFO] Loading event hook: Vanilla player rejoin ...
08/02/2020 21:24:50 [DEBUG] Loaded placeholder: statistics
08/02/2020 21:24:51 [INFO] Loading event hook: Vanilla Block break hook ...
08/02/2020 21:24:51 [INFO] Loading event hook: Vanilla Combat hook ...
08/02/2020 21:24:51 [MESSAGE] &f[&9AnimatedNames&f] &eUnable to load placeholders 'voteparty'. Plugin VoteParty not found!
08/02/2020 21:24:51 [INFO] Loading event hook: Vanilla player first join ...
08/02/2020 21:24:51 [INFO] Loading event hook: Vanilla Create portal hook ...
08/02/2020 21:24:51 [INFO] Loading event hook: Vanilla Death hook ...
08/02/2020 21:24:51 [INFO] Loading event hook: Vanilla player join ...
08/02/2020 21:24:51 [INFO] Loading event hook: Vanilla player rejoin ...
08/02/2020 21:24:51 [INFO] Loading event hook: Vanilla Block place hook ...
08/02/2020 21:24:51 [MESSAGE] &f[&9AnimatedNames&f] &eUnable to load placeholders 'worldborder'. Plugin WorldBorder not found!
08/02/2020 21:24:51 [INFO] Adding team name group 'main' ...
08/02/2020 21:24:51 [INFO] Loading language file: lang_en
08/02/2020 21:24:51 [DEBUG] Loaded placeholder: worldguard
08/02/2020 21:24:51 [INFO] Loading event hook: WorldGuard Region ...
08/02/2020 21:24:51 [INFO] Loading event hook: WorldGuard Region ...
08/02/2020 21:24:51 [MESSAGE] &f[&9AnimatedNames&f] &eUnable to load placeholders 'zarphyckskywars'. Plugin SkyWars not found!
08/02/2020 21:24:51 [INFO] Loaded 5759 of the 5759 placholders
08/02/2020 21:24:51 [INFO] 	Lines: 2
08/02/2020 21:24:51 [INFO] Adding team name group 'helper' ...
08/02/2020 21:24:51 [INFO] Adding team name group 'Staff' ...
08/02/2020 21:24:51 [INFO] Creating new custom effect: warning
08/02/2020 21:24:51 [INFO] Preparing team names for existing online players ...
08/02/2020 21:24:51 [INFO] 	Arguments: 1
08/02/2020 21:24:51 [INFO] Adding team name group 'hypesquad' ...
08/02/2020 21:24:51 [INFO] Loading messages ...
08/02/2020 21:24:51 [INFO] Loading language file: lang_temp
08/02/2020 21:24:51 [MESSAGE] &a Префиксы &8| &aYour version is up to date!
08/02/2020 21:24:51 [MESSAGE] &f[&9AnimatedNames&f] &eUnable to load placeholders 'voteroulette'. Plugin VoteRoulette not found!
08/02/2020 21:24:51 [MESSAGE] &f[&9AnimatedNames&f] &eUnable to load placeholders 'wickedskywars'. Plugin WickedSkywars not found!
08/02/2020 21:24:51 [DEBUG] Loaded placeholder: world
08/02/2020 21:24:51 [DEBUG] 	Adding sub command 'placeholders'
08/02/2020 21:24:51 [DEBUG] 	Adding sub command 'debug'
08/02/2020 21:24:51 [DEBUG] 	Adding sub command 'reload'
08/02/2020 21:24:51 [DEBUG] 	Adding sub command 'permissions'
08/02/2020 21:24:51 [DEBUG] 	Adding sub command 'help'
08/02/2020 21:24:51 [DEBUG] 	Adding sub command 'groups'
08/02/2020 21:24:51 [DEBUG] 	Adding sub command 'parse'
08/02/2020 21:24:51 [DEBUG] 	Adding sub command 'about'
08/02/2020 21:24:51 [INFO] Adding command 'animatednames'
