13/02/2020 22:15:42 [INFO] Loading placeholders and event triggers ...
13/02/2020 22:15:42 [DEBUG] Loaded placeholder: armor
13/02/2020 22:15:42 [INFO] Loading language file: lang_temp
13/02/2020 22:15:42 [MESSAGE] &f[&9AnimatedNames&f] &eUnable to load placeholders 'askyblock'. Plugin ASkyBlock not found!
13/02/2020 22:15:42 [INFO] Fetching available placeholders from server ...
13/02/2020 22:15:42 [DEBUG] Loaded placeholder: MySQL
13/02/2020 22:15:42 [DEBUG] Loaded placeholder: CustomPlaceholders
13/02/2020 22:15:42 [MESSAGE] &f[&9AnimatedNames&f] &eUnable to load placeholders 'acidisland'. Plugin AcidIsland not found!
13/02/2020 22:15:42 [INFO] Loading internal placeholders ...
13/02/2020 22:15:42 [INFO] Loading language file: lang_en
13/02/2020 22:15:42 [MESSAGE] &f[&9AnimatedNames&f] &eUnable to load placeholders 'auctions'. Plugin Auctions not found!
13/02/2020 22:15:42 [MESSAGE] &f[&9AnimatedNames&f] &eUnable to load placeholders 'autorank'. Plugin AutoRank not found!
13/02/2020 22:15:42 [MESSAGE] &f[&9AnimatedNames&f] &eUnable to load placeholders 'autosell'. Plugin AutoSell not found!
13/02/2020 22:15:42 [MESSAGE] &f[&9AnimatedNames&f] &eUnable to load placeholders 'customlist'. Plugin ChatReaction not found!
13/02/2020 22:15:42 [MESSAGE] &f[&9AnimatedNames&f] &eUnable to load placeholders 'diceeaster'. Plugin DiceEaster not found!
13/02/2020 22:15:42 [MESSAGE] &f[&9AnimatedNames&f] &eUnable to load placeholders 'bukkitgames'. Plugin BukkitGames not found!
13/02/2020 22:15:42 [MESSAGE] &f[&9AnimatedNames&f] &eUnable to load placeholders 'disease'. Plugin Disease not found!
13/02/2020 22:15:42 [MESSAGE] &f[&9AnimatedNames&f] &eUnable to load placeholders 'donationsholograms'. Plugin DonationsHolograms not found!
13/02/2020 22:15:42 [DEBUG] Loaded placeholder: bukkit
13/02/2020 22:15:42 [DEBUG] Loaded placeholder: bungeecord
13/02/2020 22:15:42 [MESSAGE] &f[&9AnimatedNames&f] &eUnable to load placeholders 'bukkitspeak'. Plugin BukkitSpeak not found!
13/02/2020 22:15:42 [MESSAGE] &f[&9AnimatedNames&f] &eUnable to load placeholders 'bungeeonlinetime'. Plugin BungeeOnlineTime not found!
13/02/2020 22:15:42 [MESSAGE] &f[&9AnimatedNames&f] &eUnable to load placeholders 'chatreaction'. Plugin ChatReaction not found!
13/02/2020 22:15:42 [DEBUG] Loaded placeholder: color
13/02/2020 22:15:42 [DEBUG] Loaded placeholder: command
13/02/2020 22:15:42 [DEBUG] Loaded placeholder: compass
13/02/2020 22:15:42 [MESSAGE] &f[&9AnimatedNames&f] &eUnable to load placeholders 'deluxetags'. Plugin DeluxeTags not found!
13/02/2020 22:15:42 [DEBUG] Loaded placeholder: economy
13/02/2020 22:15:42 [MESSAGE] &f[&9AnimatedNames&f] &eUnable to load placeholders 'biteskywarsreloaded'. Plugin BiteSkyWarsReloaded not found!
13/02/2020 22:15:42 [MESSAGE] &f[&9AnimatedNames&f] &eUnable to load placeholders 'bedwarsrel'. Plugin BedwarsRel not found!
13/02/2020 22:15:42 [MESSAGE] &f[&9AnimatedNames&f] &eUnable to load placeholders 'battlelevels'. Plugin BattleLevels not found!
13/02/2020 22:15:42 [MESSAGE] &f[&9AnimatedNames&f] &eUnable to load placeholders 'ezblocks'. Plugin EZBlocks not found!
13/02/2020 22:15:44 [MESSAGE] &f[&9AnimatedNames&f] &eUnable to load placeholders 'griefprevention'. Plugin GriefPrevention not found!
13/02/2020 22:15:42 [MESSAGE] &f[&9AnimatedNames&f] &eUnable to load placeholders 'ezprestige'. Plugin EZPrestige not found!
13/02/2020 22:15:43 [MESSAGE] &f[&9AnimatedNames&f] &eUnable to load placeholders 'ezrankslite2'. Plugin EZRanksLite not found!
13/02/2020 22:15:43 [MESSAGE] &f[&9AnimatedNames&f] &eUnable to load placeholders 'ezrankspro'. Plugin EZRanksPro not found!
13/02/2020 22:15:44 [DEBUG] Loaded placeholder: geographical
13/02/2020 22:15:43 [MESSAGE] &f[&9AnimatedNames&f] &eUnable to load placeholders 'thrist'. Plugin Thrist not found!
13/02/2020 22:15:44 [MESSAGE] &f[&9AnimatedNames&f] &eUnable to load placeholders 'heroes'. Plugin Heroes not found!
13/02/2020 22:15:43 [DEBUG] Loaded placeholder: facebook
13/02/2020 22:15:44 [MESSAGE] &f[&9AnimatedNames&f] &eUnable to load placeholders 'teams'. Plugin Teams not found!
13/02/2020 22:15:43 [MESSAGE] &f[&9AnimatedNames&f] &eUnable to load placeholders 'factions1_8'. Plugin Factions not found!
13/02/2020 22:15:43 [DEBUG] Loaded placeholder: firework
13/02/2020 22:15:43 [MESSAGE] &f[&9AnimatedNames&f] &eUnable to load placeholders 'factions1_6'. Plugin Factions not found!
13/02/2020 22:15:43 [MESSAGE] &f[&9AnimatedNames&f] &eUnable to load placeholders 'factions2'. Plugin Factions not found!
13/02/2020 22:15:43 [MESSAGE] &f[&9AnimatedNames&f] &eUnable to load placeholders 'gangsplus1'. Plugin GangsPlus not found!
13/02/2020 22:15:44 [MESSAGE] &f[&9AnimatedNames&f] &eUnable to load placeholders 'islandworld'. Plugin IslandWorld not found!
13/02/2020 22:15:44 [DEBUG] Loaded placeholder: hotbar
13/02/2020 22:15:43 [MESSAGE] &f[&9AnimatedNames&f] &eUnable to load placeholders 'galistener'. Plugin GAListener not found!
13/02/2020 22:15:44 [DEBUG] Loaded placeholder: java
13/02/2020 22:15:42 [DEBUG] Loaded placeholder: essentials
13/02/2020 22:15:42 [DEBUG] Loaded placeholder: entities
13/02/2020 22:15:42 [MESSAGE] &f[&9AnimatedNames&f] &eUnable to load placeholders 'enjin'. Plugin EnjinMinecraftPlugin not found!
13/02/2020 22:15:42 [MESSAGE] &f[&9AnimatedNames&f] &eUnable to load placeholders 'enchantmenttokens'. Plugin EnchantmentTokens not found!
13/02/2020 22:15:42 [DEBUG] Loaded placeholder: playereffects
13/02/2020 22:15:44 [MESSAGE] &f[&9AnimatedNames&f] &eUnable to load placeholders 'kingkits'. Plugin KingKits not found!
13/02/2020 22:15:44 [MESSAGE] &f[&9AnimatedNames&f] &eUnable to load placeholders 'subsidekoth'. Plugin LeaderHeads not found!
13/02/2020 22:15:44 [MESSAGE] &f[&9AnimatedNames&f] &eUnable to load placeholders 'legendquest'. Plugin LegendQuest not found!
13/02/2020 22:15:44 [MESSAGE] &f[&9AnimatedNames&f] &eUnable to load placeholders 'lwc'. Plugin LWC not found!
13/02/2020 22:15:44 [DEBUG] Loaded placeholder: marriage
13/02/2020 22:15:44 [MESSAGE] &f[&9AnimatedNames&f] &eUnable to load placeholders 'mcinfected'. Plugin McInfected not found!
13/02/2020 22:15:44 [DEBUG] Loaded placeholder: memory
13/02/2020 22:15:44 [MESSAGE] &f[&9AnimatedNames&f] &eUnable to load placeholders 'minefortress'. Plugin MineFortress not found!
13/02/2020 22:15:45 [MESSAGE] &f[&9AnimatedNames&f] &eUnable to load placeholders 'nicky'. Plugin Nicky not found!
13/02/2020 22:15:45 [MESSAGE] &f[&9AnimatedNames&f] &eUnable to load placeholders 'ontime'. Plugin OnTime not found!
13/02/2020 22:15:45 [DEBUG] Loaded placeholder: permissions
13/02/2020 22:15:45 [MESSAGE] &f[&9AnimatedNames&f] &eUnable to load placeholders 'picknchewstatistics'. Plugin PickNChew not found!
13/02/2020 22:15:45 [MESSAGE] &f[&9AnimatedNames&f] &eUnable to load placeholders 'pl3xicons'. Plugin Pl3xIcons not found!
13/02/2020 22:15:45 [DEBUG] Loaded placeholder: placeholderapi
13/02/2020 22:15:45 [DEBUG] Loaded placeholder: player
13/02/2020 22:15:45 [MESSAGE] &f[&9AnimatedNames&f] &eUnable to load placeholders 'playerpoints'. Plugin PlayerPoints not found!
13/02/2020 22:15:45 [MESSAGE] &f[&9AnimatedNames&f] &eUnable to load placeholders 'multiverse'. Plugin Multiverse-Core not found!
13/02/2020 22:15:44 [MESSAGE] &f[&9AnimatedNames&f] &eUnable to load placeholders 'kitbattle'. Plugin KitBattle not found!
13/02/2020 22:15:44 [MESSAGE] &f[&9AnimatedNames&f] &eUnable to load placeholders 'leaderheads'. Plugin LeaderHeads not found!
13/02/2020 22:15:45 [MESSAGE] &f[&9AnimatedNames&f] &eUnable to load placeholders 'plotsquared'. Plugin PlotSquared not found!
13/02/2020 22:15:44 [DEBUG] Loaded placeholder: libsdisguises
13/02/2020 22:15:45 [MESSAGE] &f[&9AnimatedNames&f] &eUnable to load placeholders 'plotz'. Plugin Plotz not found!
13/02/2020 22:15:44 [MESSAGE] &f[&9AnimatedNames&f] &eUnable to load placeholders 'magic'. Plugin Magic not found!
13/02/2020 22:15:45 [DEBUG] Loaded placeholder: previousnames
13/02/2020 22:15:44 [MESSAGE] &f[&9AnimatedNames&f] &eUnable to load placeholders 'marriagemaster'. Plugin MarriageMaster not found!
13/02/2020 22:15:45 [MESSAGE] &f[&9AnimatedNames&f] &eUnable to load placeholders 'prison3'. Plugin Prison3 not found!
13/02/2020 22:15:44 [MESSAGE] &f[&9AnimatedNames&f] &eUnable to load placeholders 'mcmmo'. Plugin mcMMO not found!
13/02/2020 22:15:45 [MESSAGE] &f[&9AnimatedNames&f] &eUnable to load placeholders 'prisonmines'. Plugin PrisonMines not found!
13/02/2020 22:15:44 [MESSAGE] &f[&9AnimatedNames&f] &eUnable to load placeholders 'minecrates'. Plugin MineCrates not found!
13/02/2020 22:15:45 [MESSAGE] &f[&9AnimatedNames&f] &eUnable to load placeholders 'pvptimer'. Plugin PvPTimer not found!
13/02/2020 22:15:44 [DEBUG] Loaded placeholder: mineresetlite
13/02/2020 22:15:45 [DEBUG] Loaded placeholder: quests
13/02/2020 22:15:44 [MESSAGE] &f[&9AnimatedNames&f] &eUnable to load placeholders 'mineresetliteplus'. Plugin MineResetLitePlus not found!
13/02/2020 22:15:45 [MESSAGE] &f[&9AnimatedNames&f] &eUnable to load placeholders 'rankupcrayons'. Plugin RankUp not found!
13/02/2020 22:15:45 [MESSAGE] &f[&9AnimatedNames&f] &eUnable to load placeholders 'mineversechat'. Plugin MineverseChat not found!
13/02/2020 22:15:45 [MESSAGE] &f[&9AnimatedNames&f] &eUnable to load placeholders 'mobarena'. Plugin MobArena not found!
13/02/2020 22:15:44 [MESSAGE] &f[&9AnimatedNames&f] &eUnable to load placeholders 'killstats'. Plugin KillStats not found!
13/02/2020 22:15:44 [MESSAGE] &f[&9AnimatedNames&f] &eUnable to load placeholders 'killrewards'. Plugin KillRewards not found!
13/02/2020 22:15:44 [MESSAGE] &f[&9AnimatedNames&f] &eUnable to load placeholders 'killermoney'. Plugin KillerMoney not found!
13/02/2020 22:15:44 [MESSAGE] &f[&9AnimatedNames&f] &eUnable to load placeholders 'jobsreborn'. Plugin Jobs not found!
13/02/2020 22:15:44 [MESSAGE] &f[&9AnimatedNames&f] &eUnable to load placeholders 'jobs'. Plugin Jobs not found!
13/02/2020 22:15:45 [MESSAGE] &f[&9AnimatedNames&f] &eUnable to load placeholders 'plotme'. Plugin PlotMe not found!
13/02/2020 22:15:45 [MESSAGE] &f[&9AnimatedNames&f] &eUnable to load placeholders 'playtimerewardsrecoded'. Plugin PlayTimeRewardsRecoded not found!
13/02/2020 22:15:45 [MESSAGE] &f[&9AnimatedNames&f] &eUnable to load placeholders 'skillapi'. Plugin SkillAPI not found!
13/02/2020 22:15:46 [INFO] Loading event hook: Vanilla Combat hook ...
13/02/2020 22:15:45 [MESSAGE] &f[&9AnimatedNames&f] &eUnable to load placeholders 'skywars'. Plugin SkyWars not found!
13/02/2020 22:15:45 [MESSAGE] &f[&9AnimatedNames&f] &eUnable to load placeholders 'skywarsreloaded'. Plugin SkyWarsReloaded not found!
13/02/2020 22:15:45 [MESSAGE] &f[&9AnimatedNames&f] &eUnable to load placeholders 'sqlperms'. Plugin SQLPerms not found!
13/02/2020 22:15:45 [DEBUG] Loaded placeholder: sound
13/02/2020 22:15:45 [MESSAGE] &f[&9AnimatedNames&f] &eUnable to load placeholders 'stockmarket-yahoofinance'. Plugin StockMarket not found!
13/02/2020 22:15:45 [DEBUG] Loaded placeholder: statistics
13/02/2020 22:15:45 [MESSAGE] &f[&9AnimatedNames&f] &eUnable to load placeholders 'superbvote'. Plugin SuperbVote not found!
13/02/2020 22:15:45 [MESSAGE] &f[&9AnimatedNames&f] &eUnable to load placeholders 'stockmarket'. Plugin StockMarket not found!
13/02/2020 22:15:45 [DEBUG] Loaded placeholder: tickspersecond
13/02/2020 22:15:45 [MESSAGE] &f[&9AnimatedNames&f] &eUnable to load placeholders 'survivalgameswazup'. Plugin SurvivalGames not found!
13/02/2020 22:15:45 [MESSAGE] &f[&9AnimatedNames&f] &eUnable to load placeholders 'towny'. Plugin Towny not found!
13/02/2020 22:15:45 [MESSAGE] &f[&9AnimatedNames&f] &eUnable to load placeholders 'tokenenchant'. Plugin TokenEnchant not found!
13/02/2020 22:15:46 [DEBUG] Loaded placeholder: twitter
13/02/2020 22:15:45 [MESSAGE] &f[&9AnimatedNames&f] &eUnable to load placeholders 'townychat'. Plugin TownyChat not found!
13/02/2020 22:15:46 [DEBUG] Loaded placeholder: unicode
13/02/2020 22:15:46 [MESSAGE] &f[&9AnimatedNames&f] &eUnable to load placeholders 'ultimatevotes'. Plugin UltimateVotes not found!
13/02/2020 22:15:46 [DEBUG] Loaded placeholder: vanillaevents
13/02/2020 22:15:46 [MESSAGE] &f[&9AnimatedNames&f] &eUnable to load placeholders 'uskyblock'. Plugin uSkyBlock not found!
13/02/2020 22:15:46 [INFO] Loading event hook: Vanilla Block break hook ...
13/02/2020 22:15:45 [MESSAGE] &f[&9AnimatedNames&f] &eUnable to load placeholders 'sellall'. Plugin SellAll not found!
13/02/2020 22:15:45 [DEBUG] Loaded placeholder: skript
13/02/2020 22:15:45 [DEBUG] Loaded placeholder: redisbungee
13/02/2020 22:15:45 [MESSAGE] &f[&9AnimatedNames&f] &eUnable to load placeholders 'simpleclans'. Plugin SimpleClans not found!
13/02/2020 22:15:45 [DEBUG] Loaded placeholder: serverpinger
13/02/2020 22:15:46 [INFO] Loading event hook: Vanilla Combat hook ...
13/02/2020 22:15:46 [DEBUG] Loaded placeholder: world
13/02/2020 22:15:46 [INFO] Adding team name group 'helper' ...
13/02/2020 22:15:46 [INFO] Loading event hook: Vanilla Block place hook ...
13/02/2020 22:15:46 [INFO] Loading event hook: Vanilla player join ...
13/02/2020 22:15:46 [INFO] Loading event hook: Vanilla player rejoin ...
13/02/2020 22:15:46 [INFO] Loading event hook: Vanilla Create portal hook ...
13/02/2020 22:15:46 [INFO] Loading event hook: Vanilla Death hook ...
13/02/2020 22:15:46 [MESSAGE] &f[&9AnimatedNames&f] &eUnable to load placeholders 'voteparty'. Plugin VoteParty not found!
13/02/2020 22:15:46 [INFO] Loading event hook: Vanilla player first join ...
13/02/2020 22:15:46 [MESSAGE] &f[&9AnimatedNames&f] &eUnable to load placeholders 'wickedskywars'. Plugin WickedSkywars not found!
13/02/2020 22:15:46 [MESSAGE] &f[&9AnimatedNames&f] &eUnable to load placeholders 'voteroulette'. Plugin VoteRoulette not found!
13/02/2020 22:15:46 [DEBUG] Loaded placeholder: worldguard
13/02/2020 22:15:46 [MESSAGE] &f[&9AnimatedNames&f] &eUnable to load placeholders 'worldborder'. Plugin WorldBorder not found!
13/02/2020 22:15:46 [INFO] Loading event hook: WorldGuard Region ...
13/02/2020 22:15:46 [INFO] Loading event hook: WorldGuard Region ...
13/02/2020 22:15:46 [INFO] Loaded 5759 of the 5759 placholders
13/02/2020 22:15:46 [MESSAGE] &f[&9AnimatedNames&f] &eUnable to load placeholders 'zarphyckskywars'. Plugin SkyWars not found!
13/02/2020 22:15:46 [INFO] 	Lines: 2
13/02/2020 22:15:46 [INFO] Creating new custom effect: warning
13/02/2020 22:15:46 [INFO] 	Arguments: 1
13/02/2020 22:15:46 [INFO] Adding team name group 'hypesquad' ...
13/02/2020 22:15:46 [INFO] Adding team name group 'main' ...
13/02/2020 22:15:46 [INFO] Loading event hook: Vanilla Create portal hook ...
13/02/2020 22:15:46 [INFO] Loading event hook: Vanilla Death hook ...
13/02/2020 22:15:46 [INFO] Loading event hook: Vanilla player join ...
13/02/2020 22:15:46 [INFO] Loading event hook: Vanilla Block break hook ...
13/02/2020 22:15:46 [INFO] Loading event hook: Vanilla player first join ...
13/02/2020 22:15:46 [MESSAGE] &a Префиксы &8| &aYour version is up to date!
13/02/2020 22:15:46 [INFO] Adding command 'animatednames'
13/02/2020 22:15:46 [DEBUG] 	Adding sub command 'groups'
13/02/2020 22:15:46 [DEBUG] 	Adding sub command 'debug'
13/02/2020 22:15:46 [DEBUG] 	Adding sub command 'permissions'
13/02/2020 22:15:46 [DEBUG] 	Adding sub command 'help'
13/02/2020 22:15:46 [INFO] Preparing team names for existing online players ...
13/02/2020 22:15:46 [INFO] Loading event hook: Vanilla player rejoin ...
13/02/2020 22:15:46 [INFO] Adding team name group 'Staff' ...
13/02/2020 22:15:46 [DEBUG] 	Adding sub command 'placeholders'
13/02/2020 22:15:46 [DEBUG] 	Adding sub command 'parse'
13/02/2020 22:15:46 [DEBUG] 	Adding sub command 'about'
13/02/2020 22:15:46 [DEBUG] 	Adding sub command 'reload'
13/02/2020 22:15:46 [INFO] Loading messages ...
13/02/2020 22:15:46 [INFO] Loading language file: lang_en
13/02/2020 22:15:46 [INFO] Loading language file: lang_temp
13/02/2020 22:15:46 [INFO] Loading event hook: Vanilla Block place hook ...
