15/08/2019 22:14:40 [MESSAGE] &f[&9AnimatedNames&f] &eUnable to load placeholders 'bukkitspeak'. Plugin BukkitSpeak not found!
15/08/2019 22:14:40 [MESSAGE] &f[&9AnimatedNames&f] &eUnable to load placeholders 'autorank'. Plugin AutoRank not found!
15/08/2019 22:14:40 [MESSAGE] &f[&9AnimatedNames&f] &eUnable to load placeholders 'auctions'. Plugin Auctions not found!
15/08/2019 22:14:40 [MESSAGE] &f[&9AnimatedNames&f] &eUnable to load placeholders 'battlelevels'. Plugin BattleLevels not found!
15/08/2019 22:14:40 [DEBUG] Loaded placeholder: bukkit
15/08/2019 22:14:40 [MESSAGE] &f[&9AnimatedNames&f] &eUnable to load placeholders 'biteskywarsreloaded'. Plugin BiteSkyWarsReloaded not found!
15/08/2019 22:14:40 [MESSAGE] &f[&9AnimatedNames&f] &eUnable to load placeholders 'bedwarsrel'. Plugin BedwarsRel not found!
15/08/2019 22:14:40 [MESSAGE] &f[&9AnimatedNames&f] &eUnable to load placeholders 'bukkitgames'. Plugin BukkitGames not found!
15/08/2019 22:14:40 [DEBUG] Loaded placeholder: MySQL
15/08/2019 22:14:40 [DEBUG] Loaded placeholder: CustomPlaceholders
15/08/2019 22:14:40 [INFO] Fetching available placeholders from server ...
15/08/2019 22:14:40 [MESSAGE] &f[&9AnimatedNames&f] &eUnable to load placeholders 'autosell'. Plugin AutoSell not found!
15/08/2019 22:14:41 [DEBUG] Loaded placeholder: bungeecord
15/08/2019 22:14:40 [INFO] Loading placeholders and event triggers ...
15/08/2019 22:14:41 [MESSAGE] &f[&9AnimatedNames&f] &eUnable to load placeholders 'bungeeonlinetime'. Plugin BungeeOnlineTime not found!
15/08/2019 22:14:40 [INFO] Loading internal placeholders ...
15/08/2019 22:14:41 [MESSAGE] &f[&9AnimatedNames&f] &eUnable to load placeholders 'chatreaction'. Plugin ChatReaction not found!
15/08/2019 22:14:40 [DEBUG] Loaded placeholder: armor
15/08/2019 22:14:40 [INFO] Loading language file: lang_temp
15/08/2019 22:14:40 [MESSAGE] &f[&9AnimatedNames&f] &eUnable to load placeholders 'acidisland'. Plugin AcidIsland not found!
15/08/2019 22:14:40 [INFO] Loading language file: lang_en
15/08/2019 22:14:40 [MESSAGE] &f[&9AnimatedNames&f] &eUnable to load placeholders 'askyblock'. Plugin ASkyBlock not found!
15/08/2019 22:14:41 [DEBUG] Loaded placeholder: command
15/08/2019 22:14:41 [DEBUG] Loaded placeholder: compass
15/08/2019 22:14:41 [MESSAGE] &f[&9AnimatedNames&f] &eUnable to load placeholders 'diceeaster'. Plugin DiceEaster not found!
15/08/2019 22:14:41 [MESSAGE] &f[&9AnimatedNames&f] &eUnable to load placeholders 'disease'. Plugin Disease not found!
15/08/2019 22:14:41 [DEBUG] Loaded placeholder: economy
15/08/2019 22:14:41 [MESSAGE] &f[&9AnimatedNames&f] &eUnable to load placeholders 'enchantmenttokens'. Plugin EnchantmentTokens not found!
15/08/2019 22:14:41 [MESSAGE] &f[&9AnimatedNames&f] &eUnable to load placeholders 'ezblocks'. Plugin EZBlocks not found!
15/08/2019 22:14:41 [MESSAGE] &f[&9AnimatedNames&f] &eUnable to load placeholders 'thrist'. Plugin Thrist not found!
15/08/2019 22:14:41 [MESSAGE] &f[&9AnimatedNames&f] &eUnable to load placeholders 'factions1_8'. Plugin Factions not found!
15/08/2019 22:14:42 [MESSAGE] &f[&9AnimatedNames&f] &eUnable to load placeholders 'factions1_6'. Plugin Factions not found!
15/08/2019 22:14:42 [MESSAGE] &f[&9AnimatedNames&f] &eUnable to load placeholders 'galistener'. Plugin GAListener not found!
15/08/2019 22:14:41 [DEBUG] Loaded placeholder: color
15/08/2019 22:14:41 [MESSAGE] &f[&9AnimatedNames&f] &eUnable to load placeholders 'ezprestige'. Plugin EZPrestige not found!
15/08/2019 22:14:42 [MESSAGE] &f[&9AnimatedNames&f] &eUnable to load placeholders 'islandworld'. Plugin IslandWorld not found!
15/08/2019 22:14:42 [MESSAGE] &f[&9AnimatedNames&f] &eUnable to load placeholders 'killrewards'. Plugin KillRewards not found!
15/08/2019 22:14:43 [MESSAGE] &f[&9AnimatedNames&f] &eUnable to load placeholders 'subsidekoth'. Plugin LeaderHeads not found!
15/08/2019 22:14:41 [MESSAGE] &f[&9AnimatedNames&f] &eUnable to load placeholders 'factions2'. Plugin Factions not found!
15/08/2019 22:14:42 [DEBUG] Loaded placeholder: firework
15/08/2019 22:14:42 [MESSAGE] &f[&9AnimatedNames&f] &eUnable to load placeholders 'griefprevention'. Plugin GriefPrevention not found!
15/08/2019 22:14:41 [DEBUG] Loaded placeholder: facebook
15/08/2019 22:14:41 [MESSAGE] &f[&9AnimatedNames&f] &eUnable to load placeholders 'ezrankspro'. Plugin EZRanksPro not found!
15/08/2019 22:14:42 [MESSAGE] &f[&9AnimatedNames&f] &eUnable to load placeholders 'heroes'. Plugin Heroes not found!
15/08/2019 22:14:41 [DEBUG] Loaded placeholder: essentials
15/08/2019 22:14:42 [DEBUG] Loaded placeholder: hotbar
15/08/2019 22:14:41 [DEBUG] Loaded placeholder: entities
15/08/2019 22:14:42 [DEBUG] Loaded placeholder: java
15/08/2019 22:14:41 [MESSAGE] &f[&9AnimatedNames&f] &eUnable to load placeholders 'ezrankslite2'. Plugin EZRanksLite not found!
15/08/2019 22:14:42 [MESSAGE] &f[&9AnimatedNames&f] &eUnable to load placeholders 'jobs'. Plugin Jobs not found!
15/08/2019 22:14:41 [MESSAGE] &f[&9AnimatedNames&f] &eUnable to load placeholders 'enjin'. Plugin EnjinMinecraftPlugin not found!
15/08/2019 22:14:42 [MESSAGE] &f[&9AnimatedNames&f] &eUnable to load placeholders 'jobsreborn'. Plugin Jobs not found!
15/08/2019 22:14:41 [DEBUG] Loaded placeholder: playereffects
15/08/2019 22:14:42 [MESSAGE] &f[&9AnimatedNames&f] &eUnable to load placeholders 'killermoney'. Plugin KillerMoney not found!
15/08/2019 22:14:41 [MESSAGE] &f[&9AnimatedNames&f] &eUnable to load placeholders 'donationsholograms'. Plugin DonationsHolograms not found!
15/08/2019 22:14:42 [MESSAGE] &f[&9AnimatedNames&f] &eUnable to load placeholders 'killstats'. Plugin KillStats not found!
15/08/2019 22:14:41 [MESSAGE] &f[&9AnimatedNames&f] &eUnable to load placeholders 'deluxetags'. Plugin DeluxeTags not found!
15/08/2019 22:14:42 [MESSAGE] &f[&9AnimatedNames&f] &eUnable to load placeholders 'kingkits'. Plugin KingKits not found!
15/08/2019 22:14:41 [MESSAGE] &f[&9AnimatedNames&f] &eUnable to load placeholders 'customlist'. Plugin ChatReaction not found!
15/08/2019 22:14:42 [MESSAGE] &f[&9AnimatedNames&f] &eUnable to load placeholders 'kitbattle'. Plugin KitBattle not found!
15/08/2019 22:14:42 [MESSAGE] &f[&9AnimatedNames&f] &eUnable to load placeholders 'gangsplus1'. Plugin GangsPlus not found!
15/08/2019 22:14:43 [MESSAGE] &f[&9AnimatedNames&f] &eUnable to load placeholders 'leaderheads'. Plugin LeaderHeads not found!
15/08/2019 22:14:42 [DEBUG] Loaded placeholder: geographical
15/08/2019 22:14:42 [MESSAGE] &f[&9AnimatedNames&f] &eUnable to load placeholders 'teams'. Plugin Teams not found!
15/08/2019 22:14:43 [DEBUG] Loaded placeholder: libsdisguises
15/08/2019 22:14:43 [MESSAGE] &f[&9AnimatedNames&f] &eUnable to load placeholders 'lwc'. Plugin LWC not found!
15/08/2019 22:14:43 [MESSAGE] &f[&9AnimatedNames&f] &eUnable to load placeholders 'magic'. Plugin Magic not found!
15/08/2019 22:14:43 [MESSAGE] &f[&9AnimatedNames&f] &eUnable to load placeholders 'marriagemaster'. Plugin MarriageMaster not found!
15/08/2019 22:14:43 [MESSAGE] &f[&9AnimatedNames&f] &eUnable to load placeholders 'mcmmo'. Plugin mcMMO not found!
15/08/2019 22:14:43 [MESSAGE] &f[&9AnimatedNames&f] &eUnable to load placeholders 'minecrates'. Plugin MineCrates not found!
15/08/2019 22:14:43 [MESSAGE] &f[&9AnimatedNames&f] &eUnable to load placeholders 'mineresetlite'. Plugin MineResetLite not found!
15/08/2019 22:14:43 [MESSAGE] &f[&9AnimatedNames&f] &eUnable to load placeholders 'mineversechat'. Plugin MineverseChat not found!
15/08/2019 22:14:43 [MESSAGE] &f[&9AnimatedNames&f] &eUnable to load placeholders 'multiverse'. Plugin Multiverse-Core not found!
15/08/2019 22:14:43 [MESSAGE] &f[&9AnimatedNames&f] &eUnable to load placeholders 'ontime'. Plugin OnTime not found!
15/08/2019 22:14:43 [MESSAGE] &f[&9AnimatedNames&f] &eUnable to load placeholders 'picknchewstatistics'. Plugin PickNChew not found!
15/08/2019 22:14:43 [DEBUG] Loaded placeholder: placeholderapi
15/08/2019 22:14:43 [MESSAGE] &f[&9AnimatedNames&f] &eUnable to load placeholders 'playerpoints'. Plugin PlayerPoints not found!
15/08/2019 22:14:43 [MESSAGE] &f[&9AnimatedNames&f] &eUnable to load placeholders 'plotsquared'. Plugin PlotSquared not found!
15/08/2019 22:14:43 [MESSAGE] &f[&9AnimatedNames&f] &eUnable to load placeholders 'playtimerewardsrecoded'. Plugin PlayTimeRewardsRecoded not found!
15/08/2019 22:14:43 [MESSAGE] &f[&9AnimatedNames&f] &eUnable to load placeholders 'plotme'. Plugin PlotMe not found!
15/08/2019 22:14:43 [MESSAGE] &f[&9AnimatedNames&f] &eUnable to load placeholders 'pl3xicons'. Plugin Pl3xIcons not found!
15/08/2019 22:14:43 [DEBUG] Loaded placeholder: permissions
15/08/2019 22:14:43 [MESSAGE] &f[&9AnimatedNames&f] &eUnable to load placeholders 'nicky'. Plugin Nicky not found!
15/08/2019 22:14:43 [DEBUG] Loaded placeholder: player
15/08/2019 22:14:43 [MESSAGE] &f[&9AnimatedNames&f] &eUnable to load placeholders 'mobarena'. Plugin MobArena not found!
15/08/2019 22:14:43 [MESSAGE] &f[&9AnimatedNames&f] &eUnable to load placeholders 'mineresetliteplus'. Plugin MineResetLitePlus not found!
15/08/2019 22:14:43 [MESSAGE] &f[&9AnimatedNames&f] &eUnable to load placeholders 'plotz'. Plugin Plotz not found!
15/08/2019 22:14:43 [MESSAGE] &f[&9AnimatedNames&f] &eUnable to load placeholders 'minefortress'. Plugin MineFortress not found!
15/08/2019 22:14:43 [DEBUG] Loaded placeholder: memory
15/08/2019 22:14:43 [MESSAGE] &f[&9AnimatedNames&f] &eUnable to load placeholders 'mcinfected'. Plugin McInfected not found!
15/08/2019 22:14:43 [DEBUG] Loaded placeholder: marriage
15/08/2019 22:14:43 [DEBUG] Loaded placeholder: previousnames
15/08/2019 22:14:43 [MESSAGE] &f[&9AnimatedNames&f] &eUnable to load placeholders 'prison3'. Plugin Prison3 not found!
15/08/2019 22:14:44 [MESSAGE] &f[&9AnimatedNames&f] &eUnable to load placeholders 'prisonmines'. Plugin PrisonMines not found!
15/08/2019 22:14:44 [MESSAGE] &f[&9AnimatedNames&f] &eUnable to load placeholders 'stockmarket-yahoofinance'. Plugin StockMarket not found!
15/08/2019 22:14:44 [MESSAGE] &f[&9AnimatedNames&f] &eUnable to load placeholders 'pvptimer'. Plugin PvPTimer not found!
15/08/2019 22:14:44 [MESSAGE] &f[&9AnimatedNames&f] &eUnable to load placeholders 'superbvote'. Plugin SuperbVote not found!
15/08/2019 22:14:44 [DEBUG] Loaded placeholder: quests
15/08/2019 22:14:44 [MESSAGE] &f[&9AnimatedNames&f] &eUnable to load placeholders 'tokenenchant'. Plugin TokenEnchant not found!
15/08/2019 22:14:44 [MESSAGE] &f[&9AnimatedNames&f] &eUnable to load placeholders 'rankupcrayons'. Plugin RankUp not found!
15/08/2019 22:14:44 [MESSAGE] &f[&9AnimatedNames&f] &eUnable to load placeholders 'sqlperms'. Plugin SQLPerms not found!
15/08/2019 22:14:44 [DEBUG] Loaded placeholder: sound
15/08/2019 22:14:44 [MESSAGE] &f[&9AnimatedNames&f] &eUnable to load placeholders 'skywarsreloaded'. Plugin SkyWarsReloaded not found!
15/08/2019 22:14:44 [MESSAGE] &f[&9AnimatedNames&f] &eUnable to load placeholders 'towny'. Plugin Towny not found!
15/08/2019 22:14:44 [DEBUG] Loaded placeholder: redisbungee
15/08/2019 22:14:44 [DEBUG] Loaded placeholder: statistics
15/08/2019 22:14:44 [MESSAGE] &f[&9AnimatedNames&f] &eUnable to load placeholders 'sellall'. Plugin SellAll not found!
15/08/2019 22:14:44 [DEBUG] Loaded placeholder: twitter
15/08/2019 22:14:44 [MESSAGE] &f[&9AnimatedNames&f] &eUnable to load placeholders 'survivalgameswazup'. Plugin SurvivalGames not found!
15/08/2019 22:14:44 [MESSAGE] &f[&9AnimatedNames&f] &eUnable to load placeholders 'townychat'. Plugin TownyChat not found!
15/08/2019 22:14:44 [DEBUG] Loaded placeholder: serverpinger
15/08/2019 22:14:44 [MESSAGE] &f[&9AnimatedNames&f] &eUnable to load placeholders 'stockmarket'. Plugin StockMarket not found!
15/08/2019 22:14:44 [MESSAGE] &f[&9AnimatedNames&f] &eUnable to load placeholders 'simpleclans'. Plugin SimpleClans not found!
15/08/2019 22:14:44 [DEBUG] Loaded placeholder: tickspersecond
15/08/2019 22:14:44 [MESSAGE] &f[&9AnimatedNames&f] &eUnable to load placeholders 'skillapi'. Plugin SkillAPI not found!
15/08/2019 22:14:44 [MESSAGE] &f[&9AnimatedNames&f] &eUnable to load placeholders 'skript'. Plugin Skript not found!
15/08/2019 22:14:44 [MESSAGE] &f[&9AnimatedNames&f] &eUnable to load placeholders 'skywars'. Plugin SkyWars not found!
15/08/2019 22:14:44 [DEBUG] Loaded placeholder: unicode
15/08/2019 22:14:44 [MESSAGE] &f[&9AnimatedNames&f] &eUnable to load placeholders 'uskyblock'. Plugin uSkyBlock not found!
15/08/2019 22:14:45 [DEBUG] Loaded placeholder: vanillaevents
15/08/2019 22:14:45 [INFO] Loading event hook: Vanilla Block break hook ...
15/08/2019 22:14:45 [INFO] Loading event hook: Vanilla player rejoin ...
15/08/2019 22:14:45 [INFO] Loading event hook: Vanilla Death hook ...
15/08/2019 22:14:45 [INFO] Loading event hook: Vanilla Combat hook ...
15/08/2019 22:14:45 [INFO] Loading event hook: Vanilla Block place hook ...
15/08/2019 22:14:45 [INFO] Loading event hook: Vanilla player join ...
15/08/2019 22:14:45 [MESSAGE] &f[&9AnimatedNames&f] &eUnable to load placeholders 'voteparty'. Plugin VoteParty not found!
15/08/2019 22:14:45 [MESSAGE] &f[&9AnimatedNames&f] &eUnable to load placeholders 'wickedskywars'. Plugin WickedSkywars not found!
15/08/2019 22:14:45 [MESSAGE] &f[&9AnimatedNames&f] &eUnable to load placeholders 'worldborder'. Plugin WorldBorder not found!
15/08/2019 22:14:45 [INFO] Loading event hook: WorldGuard Region ...
15/08/2019 22:14:45 [INFO] Loading event hook: WorldGuard Region ...
15/08/2019 22:14:45 [MESSAGE] &f[&9AnimatedNames&f] &eUnable to load placeholders 'zarphyckskywars'. Plugin SkyWars not found!
15/08/2019 22:14:44 [MESSAGE] &f[&9AnimatedNames&f] &eUnable to load placeholders 'ultimatevotes'. Plugin UltimateVotes not found!
15/08/2019 22:14:45 [INFO] Creating new custom effect: warning
15/08/2019 22:14:45 [INFO] 	Lines: 2
15/08/2019 22:14:45 [INFO] 	Arguments: 1
15/08/2019 22:14:45 [INFO] Adding team name group 'helper' ...
15/08/2019 22:14:45 [INFO] Adding team name group 'hypesquad' ...
15/08/2019 22:14:45 [INFO] Adding team name group 'main' ...
15/08/2019 22:14:45 [INFO] Adding team name group 'Staff' ...
15/08/2019 22:14:45 [INFO] Preparing team names for existing online players ...
15/08/2019 22:14:45 [INFO] Loading messages ...
15/08/2019 22:14:45 [INFO] Loading language file: lang_en
15/08/2019 22:14:45 [INFO] Loading language file: lang_temp
15/08/2019 22:14:45 [MESSAGE] &a Префиксы &8| &aYour version is up to date!
15/08/2019 22:14:45 [INFO] Adding command 'animatednames'
15/08/2019 22:14:45 [DEBUG] 	Adding sub command 'placeholders'
15/08/2019 22:14:45 [INFO] Loaded 4921 of the 4921 placholders
15/08/2019 22:14:45 [DEBUG] 	Adding sub command 'groups'
15/08/2019 22:14:45 [INFO] Loading event hook: Vanilla Create portal hook ...
15/08/2019 22:14:45 [INFO] Loading event hook: Vanilla player first join ...
15/08/2019 22:14:45 [DEBUG] Loaded placeholder: world
15/08/2019 22:14:45 [DEBUG] Loaded placeholder: worldguard
15/08/2019 22:14:45 [MESSAGE] &f[&9AnimatedNames&f] &eUnable to load placeholders 'voteroulette'. Plugin VoteRoulette not found!
15/08/2019 22:14:45 [DEBUG] 	Adding sub command 'reload'
15/08/2019 22:14:45 [DEBUG] 	Adding sub command 'permissions'
15/08/2019 22:14:45 [DEBUG] 	Adding sub command 'about'
15/08/2019 22:14:45 [DEBUG] 	Adding sub command 'parse'
15/08/2019 22:14:45 [DEBUG] 	Adding sub command 'debug'
15/08/2019 22:14:43 [MESSAGE] &f[&9AnimatedNames&f] &eUnable to load placeholders 'legendquest'. Plugin LegendQuest not found!
15/08/2019 22:14:45 [INFO] Loading event hook: Vanilla Combat hook ...
15/08/2019 22:14:45 [INFO] Loading event hook: Vanilla Block place hook ...
15/08/2019 22:14:45 [INFO] Loading event hook: Vanilla player join ...
15/08/2019 22:14:45 [INFO] Loading event hook: Vanilla Create portal hook ...
15/08/2019 22:14:45 [INFO] Loading event hook: Vanilla Death hook ...
15/08/2019 22:14:45 [INFO] Loading event hook: Vanilla player first join ...
15/08/2019 22:14:45 [INFO] Loading event hook: Vanilla Block break hook ...
15/08/2019 22:14:45 [DEBUG] 	Adding sub command 'help'
15/08/2019 22:14:45 [INFO] Loading event hook: Vanilla player rejoin ...
