14/04/2020 11:25:36 [INFO] Fetching available placeholders from server ...
14/04/2020 11:25:36 [DEBUG] Loaded placeholder: MySQL
14/04/2020 11:25:36 [INFO] Loading internal placeholders ...
14/04/2020 11:25:36 [INFO] Loading placeholders and event triggers ...
14/04/2020 11:25:36 [DEBUG] Loaded placeholder: CustomPlaceholders
14/04/2020 11:25:36 [INFO] Loading language file: lang_temp
14/04/2020 11:25:36 [MESSAGE] &f[&9AnimatedNames&f] &eUnable to load placeholders 'bedwarsrel'. Plugin BedwarsRel not found!
14/04/2020 11:25:36 [MESSAGE] &f[&9AnimatedNames&f] &eUnable to load placeholders 'biteskywarsreloaded'. Plugin BiteSkyWarsReloaded not found!
14/04/2020 11:25:36 [MESSAGE] &f[&9AnimatedNames&f] &eUnable to load placeholders 'bukkitgames'. Plugin BukkitGames not found!
14/04/2020 11:25:36 [INFO] Loading language file: lang_en
14/04/2020 11:25:36 [MESSAGE] &f[&9AnimatedNames&f] &eUnable to load placeholders 'auctions'. Plugin Auctions not found!
14/04/2020 11:25:36 [MESSAGE] &f[&9AnimatedNames&f] &eUnable to load placeholders 'autosell'. Plugin AutoSell not found!
14/04/2020 11:25:36 [MESSAGE] &f[&9AnimatedNames&f] &eUnable to load placeholders 'autorank'. Plugin AutoRank not found!
14/04/2020 11:25:36 [MESSAGE] &f[&9AnimatedNames&f] &eUnable to load placeholders 'acidisland'. Plugin AcidIsland not found!
14/04/2020 11:25:36 [DEBUG] Loaded placeholder: armor
14/04/2020 11:25:36 [MESSAGE] &f[&9AnimatedNames&f] &eUnable to load placeholders 'battlelevels'. Plugin BattleLevels not found!
14/04/2020 11:25:36 [MESSAGE] &f[&9AnimatedNames&f] &eUnable to load placeholders 'askyblock'. Plugin ASkyBlock not found!
14/04/2020 11:25:36 [DEBUG] Loaded placeholder: bukkit
14/04/2020 11:25:36 [DEBUG] Loaded placeholder: bungeecord
14/04/2020 11:25:36 [MESSAGE] &f[&9AnimatedNames&f] &eUnable to load placeholders 'bungeeonlinetime'. Plugin BungeeOnlineTime not found!
14/04/2020 11:25:36 [MESSAGE] &f[&9AnimatedNames&f] &eUnable to load placeholders 'donationsholograms'. Plugin DonationsHolograms not found!
14/04/2020 11:25:36 [MESSAGE] &f[&9AnimatedNames&f] &eUnable to load placeholders 'ezprestige'. Plugin EZPrestige not found!
14/04/2020 11:25:37 [DEBUG] Loaded placeholder: facebook
14/04/2020 11:25:36 [MESSAGE] &f[&9AnimatedNames&f] &eUnable to load placeholders 'enchantmenttokens'. Plugin EnchantmentTokens not found!
14/04/2020 11:25:36 [MESSAGE] &f[&9AnimatedNames&f] &eUnable to load placeholders 'enjin'. Plugin EnjinMinecraftPlugin not found!
14/04/2020 11:25:36 [DEBUG] Loaded placeholder: color
14/04/2020 11:25:36 [DEBUG] Loaded placeholder: essentials
14/04/2020 11:25:36 [MESSAGE] &f[&9AnimatedNames&f] &eUnable to load placeholders 'ezblocks'. Plugin EZBlocks not found!
14/04/2020 11:25:36 [MESSAGE] &f[&9AnimatedNames&f] &eUnable to load placeholders 'ezrankslite2'. Plugin EZRanksLite not found!
14/04/2020 11:25:37 [MESSAGE] &f[&9AnimatedNames&f] &eUnable to load placeholders 'thrist'. Plugin Thrist not found!
14/04/2020 11:25:37 [MESSAGE] &f[&9AnimatedNames&f] &eUnable to load placeholders 'factions1_8'. Plugin Factions not found!
14/04/2020 11:25:37 [MESSAGE] &f[&9AnimatedNames&f] &eUnable to load placeholders 'factions2'. Plugin Factions not found!
14/04/2020 11:25:36 [DEBUG] Loaded placeholder: command
14/04/2020 11:25:36 [DEBUG] Loaded placeholder: compass
14/04/2020 11:25:36 [DEBUG] Loaded placeholder: playereffects
14/04/2020 11:25:36 [MESSAGE] &f[&9AnimatedNames&f] &eUnable to load placeholders 'disease'. Plugin Disease not found!
14/04/2020 11:25:36 [DEBUG] Loaded placeholder: entities
14/04/2020 11:25:37 [MESSAGE] &f[&9AnimatedNames&f] &eUnable to load placeholders 'ezrankspro'. Plugin EZRanksPro not found!
14/04/2020 11:25:36 [MESSAGE] &f[&9AnimatedNames&f] &eUnable to load placeholders 'chatreaction'. Plugin ChatReaction not found!
14/04/2020 11:25:38 [MESSAGE] &f[&9AnimatedNames&f] &eUnable to load placeholders 'griefprevention'. Plugin GriefPrevention not found!
14/04/2020 11:25:38 [MESSAGE] &f[&9AnimatedNames&f] &eUnable to load placeholders 'killermoney'. Plugin KillerMoney not found!
14/04/2020 11:25:38 [MESSAGE] &f[&9AnimatedNames&f] &eUnable to load placeholders 'kitbattle'. Plugin KitBattle not found!
14/04/2020 11:25:38 [DEBUG] Loaded placeholder: hotbar
14/04/2020 11:25:38 [MESSAGE] &f[&9AnimatedNames&f] &eUnable to load placeholders 'islandworld'. Plugin IslandWorld not found!
14/04/2020 11:25:38 [DEBUG] Loaded placeholder: java
14/04/2020 11:25:38 [DEBUG] Loaded placeholder: geographical
14/04/2020 11:25:38 [MESSAGE] &f[&9AnimatedNames&f] &eUnable to load placeholders 'jobs'. Plugin Jobs not found!
14/04/2020 11:25:38 [MESSAGE] &f[&9AnimatedNames&f] &eUnable to load placeholders 'jobsreborn'. Plugin Jobs not found!
14/04/2020 11:25:38 [MESSAGE] &f[&9AnimatedNames&f] &eUnable to load placeholders 'killrewards'. Plugin KillRewards not found!
14/04/2020 11:25:37 [MESSAGE] &f[&9AnimatedNames&f] &eUnable to load placeholders 'galistener'. Plugin GAListener not found!
14/04/2020 11:25:38 [MESSAGE] &f[&9AnimatedNames&f] &eUnable to load placeholders 'kingkits'. Plugin KingKits not found!
14/04/2020 11:25:37 [MESSAGE] &f[&9AnimatedNames&f] &eUnable to load placeholders 'gangsplus1'. Plugin GangsPlus not found!
14/04/2020 11:25:38 [MESSAGE] &f[&9AnimatedNames&f] &eUnable to load placeholders 'subsidekoth'. Plugin LeaderHeads not found!
14/04/2020 11:25:38 [MESSAGE] &f[&9AnimatedNames&f] &eUnable to load placeholders 'leaderheads'. Plugin LeaderHeads not found!
14/04/2020 11:25:38 [MESSAGE] &f[&9AnimatedNames&f] &eUnable to load placeholders 'killstats'. Plugin KillStats not found!
14/04/2020 11:25:37 [MESSAGE] &f[&9AnimatedNames&f] &eUnable to load placeholders 'teams'. Plugin Teams not found!
14/04/2020 11:25:38 [MESSAGE] &f[&9AnimatedNames&f] &eUnable to load placeholders 'heroes'. Plugin Heroes not found!
14/04/2020 11:25:37 [DEBUG] Loaded placeholder: firework
14/04/2020 11:25:37 [MESSAGE] &f[&9AnimatedNames&f] &eUnable to load placeholders 'factions1_6'. Plugin Factions not found!
14/04/2020 11:25:36 [MESSAGE] &f[&9AnimatedNames&f] &eUnable to load placeholders 'customlist'. Plugin ChatReaction not found!
14/04/2020 11:25:38 [MESSAGE] &f[&9AnimatedNames&f] &eUnable to load placeholders 'mcmmo'. Plugin mcMMO not found!
14/04/2020 11:25:38 [DEBUG] Loaded placeholder: memory
14/04/2020 11:25:38 [MESSAGE] &f[&9AnimatedNames&f] &eUnable to load placeholders 'minefortress'. Plugin MineFortress not found!
14/04/2020 11:25:38 [MESSAGE] &f[&9AnimatedNames&f] &eUnable to load placeholders 'mineresetliteplus'. Plugin MineResetLitePlus not found!
14/04/2020 11:25:38 [MESSAGE] &f[&9AnimatedNames&f] &eUnable to load placeholders 'minecrates'. Plugin MineCrates not found!
14/04/2020 11:25:38 [MESSAGE] &f[&9AnimatedNames&f] &eUnable to load placeholders 'mineversechat'. Plugin MineverseChat not found!
14/04/2020 11:25:38 [DEBUG] Loaded placeholder: mineresetlite
14/04/2020 11:25:39 [MESSAGE] &f[&9AnimatedNames&f] &eUnable to load placeholders 'multiverse'. Plugin Multiverse-Core not found!
14/04/2020 11:25:39 [MESSAGE] &f[&9AnimatedNames&f] &eUnable to load placeholders 'mobarena'. Plugin MobArena not found!
14/04/2020 11:25:39 [MESSAGE] &f[&9AnimatedNames&f] &eUnable to load placeholders 'nicky'. Plugin Nicky not found!
14/04/2020 11:25:38 [MESSAGE] &f[&9AnimatedNames&f] &eUnable to load placeholders 'mcinfected'. Plugin McInfected not found!
14/04/2020 11:25:39 [MESSAGE] &f[&9AnimatedNames&f] &eUnable to load placeholders 'ontime'. Plugin OnTime not found!
14/04/2020 11:25:38 [DEBUG] Loaded placeholder: marriage
14/04/2020 11:25:39 [DEBUG] Loaded placeholder: permissions
14/04/2020 11:25:38 [MESSAGE] &f[&9AnimatedNames&f] &eUnable to load placeholders 'magic'. Plugin Magic not found!
14/04/2020 11:25:39 [MESSAGE] &f[&9AnimatedNames&f] &eUnable to load placeholders 'picknchewstatistics'. Plugin PickNChew not found!
14/04/2020 11:25:38 [DEBUG] Loaded placeholder: libsdisguises
14/04/2020 11:25:38 [MESSAGE] &f[&9AnimatedNames&f] &eUnable to load placeholders 'marriagemaster'. Plugin MarriageMaster not found!
14/04/2020 11:25:36 [MESSAGE] &f[&9AnimatedNames&f] &eUnable to load placeholders 'deluxetags'. Plugin DeluxeTags not found!
14/04/2020 11:25:38 [MESSAGE] &f[&9AnimatedNames&f] &eUnable to load placeholders 'lwc'. Plugin LWC not found!
14/04/2020 11:25:36 [MESSAGE] &f[&9AnimatedNames&f] &eUnable to load placeholders 'diceeaster'. Plugin DiceEaster not found!
14/04/2020 11:25:36 [DEBUG] Loaded placeholder: economy
14/04/2020 11:25:38 [MESSAGE] &f[&9AnimatedNames&f] &eUnable to load placeholders 'legendquest'. Plugin LegendQuest not found!
14/04/2020 11:25:39 [DEBUG] Loaded placeholder: previousnames
14/04/2020 11:25:39 [MESSAGE] &f[&9AnimatedNames&f] &eUnable to load placeholders 'sellall'. Plugin SellAll not found!
14/04/2020 11:25:39 [MESSAGE] &f[&9AnimatedNames&f] &eUnable to load placeholders 'skywars'. Plugin SkyWars not found!
14/04/2020 11:25:39 [MESSAGE] &f[&9AnimatedNames&f] &eUnable to load placeholders 'prisonmines'. Plugin PrisonMines not found!
14/04/2020 11:25:39 [DEBUG] Loaded placeholder: quests
14/04/2020 11:25:39 [DEBUG] Loaded placeholder: serverpinger
14/04/2020 11:25:39 [MESSAGE] &f[&9AnimatedNames&f] &eUnable to load placeholders 'skillapi'. Plugin SkillAPI not found!
14/04/2020 11:25:39 [DEBUG] Loaded placeholder: redisbungee
14/04/2020 11:25:39 [MESSAGE] &f[&9AnimatedNames&f] &eUnable to load placeholders 'rankupcrayons'. Plugin RankUp not found!
14/04/2020 11:25:39 [MESSAGE] &f[&9AnimatedNames&f] &eUnable to load placeholders 'pvptimer'. Plugin PvPTimer not found!
14/04/2020 11:25:39 [MESSAGE] &f[&9AnimatedNames&f] &eUnable to load placeholders 'prison3'. Plugin Prison3 not found!
14/04/2020 11:25:39 [MESSAGE] &f[&9AnimatedNames&f] &eUnable to load placeholders 'simpleclans'. Plugin SimpleClans not found!
14/04/2020 11:25:39 [MESSAGE] &f[&9AnimatedNames&f] &eUnable to load placeholders 'plotz'. Plugin Plotz not found!
14/04/2020 11:25:39 [DEBUG] Loaded placeholder: skript
14/04/2020 11:25:39 [MESSAGE] &f[&9AnimatedNames&f] &eUnable to load placeholders 'plotme'. Plugin PlotMe not found!
14/04/2020 11:25:39 [MESSAGE] &f[&9AnimatedNames&f] &eUnable to load placeholders 'skywarsreloaded'. Plugin SkyWarsReloaded not found!
14/04/2020 11:25:39 [MESSAGE] &f[&9AnimatedNames&f] &eUnable to load placeholders 'playerpoints'. Plugin PlayerPoints not found!
14/04/2020 11:25:39 [DEBUG] Loaded placeholder: sound
14/04/2020 11:25:39 [DEBUG] Loaded placeholder: player
14/04/2020 11:25:39 [MESSAGE] &f[&9AnimatedNames&f] &eUnable to load placeholders 'sqlperms'. Plugin SQLPerms not found!
14/04/2020 11:25:39 [MESSAGE] &f[&9AnimatedNames&f] &eUnable to load placeholders 'plotsquared'. Plugin PlotSquared not found!
14/04/2020 11:25:39 [MESSAGE] &f[&9AnimatedNames&f] &eUnable to load placeholders 'playtimerewardsrecoded'. Plugin PlayTimeRewardsRecoded not found!
14/04/2020 11:25:39 [DEBUG] Loaded placeholder: placeholderapi
14/04/2020 11:25:39 [MESSAGE] &f[&9AnimatedNames&f] &eUnable to load placeholders 'pl3xicons'. Plugin Pl3xIcons not found!
14/04/2020 11:25:39 [MESSAGE] &f[&9AnimatedNames&f] &eUnable to load placeholders 'survivalgameswazup'. Plugin SurvivalGames not found!
14/04/2020 11:25:40 [INFO] Loading event hook: Vanilla Block break hook ...
14/04/2020 11:25:40 [INFO] Loading event hook: Vanilla player first join ...
14/04/2020 11:25:40 [INFO] Loading event hook: Vanilla player join ...
14/04/2020 11:25:39 [DEBUG] Loaded placeholder: tickspersecond
14/04/2020 11:25:39 [MESSAGE] &f[&9AnimatedNames&f] &eUnable to load placeholders 'towny'. Plugin Towny not found!
14/04/2020 11:25:40 [INFO] Loading event hook: Vanilla Combat hook ...
14/04/2020 11:25:40 [DEBUG] Loaded placeholder: twitter
14/04/2020 11:25:40 [DEBUG] Loaded placeholder: unicode
14/04/2020 11:25:40 [INFO] Loading event hook: Vanilla player rejoin ...
14/04/2020 11:25:40 [DEBUG] Loaded placeholder: vanillaevents
14/04/2020 11:25:40 [INFO] Loading event hook: Vanilla player join ...
14/04/2020 11:25:40 [INFO] Loading event hook: Vanilla Block place hook ...
14/04/2020 11:25:40 [INFO] Loading event hook: Vanilla Create portal hook ...
14/04/2020 11:25:40 [INFO] Loading event hook: Vanilla Death hook ...
14/04/2020 11:25:40 [INFO] Loading event hook: Vanilla Combat hook ...
14/04/2020 11:25:40 [INFO] Loading event hook: Vanilla Block place hook ...
14/04/2020 11:25:40 [INFO] Loading event hook: Vanilla Block break hook ...
14/04/2020 11:25:40 [INFO] Loading event hook: Vanilla player rejoin ...
14/04/2020 11:25:40 [MESSAGE] &f[&9AnimatedNames&f] &eUnable to load placeholders 'uskyblock'. Plugin uSkyBlock not found!
14/04/2020 11:25:40 [INFO] Loading event hook: Vanilla Death hook ...
14/04/2020 11:25:40 [MESSAGE] &f[&9AnimatedNames&f] &eUnable to load placeholders 'ultimatevotes'. Plugin UltimateVotes not found!
14/04/2020 11:25:39 [MESSAGE] &f[&9AnimatedNames&f] &eUnable to load placeholders 'superbvote'. Plugin SuperbVote not found!
14/04/2020 11:25:39 [MESSAGE] &f[&9AnimatedNames&f] &eUnable to load placeholders 'townychat'. Plugin TownyChat not found!
14/04/2020 11:25:39 [MESSAGE] &f[&9AnimatedNames&f] &eUnable to load placeholders 'stockmarket'. Plugin StockMarket not found!
14/04/2020 11:25:39 [MESSAGE] &f[&9AnimatedNames&f] &eUnable to load placeholders 'tokenenchant'. Plugin TokenEnchant not found!
14/04/2020 11:25:39 [MESSAGE] &f[&9AnimatedNames&f] &eUnable to load placeholders 'stockmarket-yahoofinance'. Plugin StockMarket not found!
14/04/2020 11:25:39 [DEBUG] Loaded placeholder: statistics
14/04/2020 11:25:40 [INFO] Loading event hook: WorldGuard Region ...
14/04/2020 11:25:40 [INFO] Loading language file: lang_en
14/04/2020 11:25:40 [MESSAGE] &f[&9AnimatedNames&f] &eUnable to load placeholders 'zarphyckskywars'. Plugin SkyWars not found!
14/04/2020 11:25:40 [INFO] Creating new custom effect: warning
14/04/2020 11:25:40 [INFO] 	Arguments: 1
14/04/2020 11:25:40 [DEBUG] Loaded placeholder: worldguard
14/04/2020 11:25:40 [INFO] Adding team name group 'hypesquad' ...
14/04/2020 11:25:40 [INFO] Loading event hook: WorldGuard Region ...
14/04/2020 11:25:40 [INFO] Adding team name group 'staff' ...
14/04/2020 11:25:40 [INFO] Loaded 4715 of the 4715 placholders
14/04/2020 11:25:40 [INFO] Preparing team names for existing online players ...
14/04/2020 11:25:40 [INFO] 	Lines: 2
14/04/2020 11:25:40 [INFO] Loading language file: lang_temp
14/04/2020 11:25:40 [INFO] Adding team name group 'main' ...
14/04/2020 11:25:40 [MESSAGE] &6 Префиксы &8| &aYour version is up to date!
14/04/2020 11:25:40 [INFO] Adding team name group 'helper' ...
14/04/2020 11:25:40 [INFO] Adding command 'animatednames'
14/04/2020 11:25:40 [MESSAGE] &f[&9AnimatedNames&f] &eUnable to load placeholders 'worldborder'. Plugin WorldBorder not found!
14/04/2020 11:25:40 [MESSAGE] &f[&9AnimatedNames&f] &eUnable to load placeholders 'wickedskywars'. Plugin WickedSkywars not found!
14/04/2020 11:25:40 [INFO] Loading messages ...
14/04/2020 11:25:40 [MESSAGE] &f[&9AnimatedNames&f] &eUnable to load placeholders 'voteparty'. Plugin VoteParty not found!
14/04/2020 11:25:40 [INFO] Loading event hook: Vanilla player first join ...
14/04/2020 11:25:40 [DEBUG] Loaded placeholder: world
14/04/2020 11:25:40 [INFO] Loading event hook: Vanilla Create portal hook ...
14/04/2020 11:25:40 [MESSAGE] &f[&9AnimatedNames&f] &eUnable to load placeholders 'voteroulette'. Plugin VoteRoulette not found!
14/04/2020 11:25:40 [DEBUG] 	Adding sub command 'permissions'
14/04/2020 11:25:40 [DEBUG] 	Adding sub command 'about'
14/04/2020 11:25:40 [DEBUG] 	Adding sub command 'help'
14/04/2020 11:25:40 [DEBUG] 	Adding sub command 'reload'
14/04/2020 11:25:40 [DEBUG] 	Adding sub command 'parse'
14/04/2020 11:25:40 [DEBUG] 	Adding sub command 'placeholders'
14/04/2020 11:25:40 [DEBUG] 	Adding sub command 'debug'
14/04/2020 11:25:40 [DEBUG] 	Adding sub command 'groups'
14/04/2020 11:25:36 [MESSAGE] &f[&9AnimatedNames&f] &eUnable to load placeholders 'bukkitspeak'. Plugin BukkitSpeak not found!
