07/03/2020 12:37:31 [DEBUG] Loaded placeholder: MySQL
07/03/2020 12:37:31 [DEBUG] Loaded placeholder: CustomPlaceholders
07/03/2020 12:37:31 [INFO] Fetching available placeholders from server ...
07/03/2020 12:37:31 [INFO] Loading language file: lang_en
07/03/2020 12:37:31 [INFO] Loading placeholders and event triggers ...
07/03/2020 12:37:31 [INFO] Loading internal placeholders ...
07/03/2020 12:37:31 [DEBUG] Loaded placeholder: armor
07/03/2020 12:37:31 [DEBUG] Loaded placeholder: bukkit
07/03/2020 12:37:31 [MESSAGE] &f[&9AnimatedNames&f] &eUnable to load placeholders 'bukkitspeak'. Plugin BukkitSpeak not found!
07/03/2020 12:37:31 [MESSAGE] &f[&9AnimatedNames&f] &eUnable to load placeholders 'biteskywarsreloaded'. Plugin BiteSkyWarsReloaded not found!
07/03/2020 12:37:31 [MESSAGE] &f[&9AnimatedNames&f] &eUnable to load placeholders 'autosell'. Plugin AutoSell not found!
07/03/2020 12:37:31 [MESSAGE] &f[&9AnimatedNames&f] &eUnable to load placeholders 'battlelevels'. Plugin BattleLevels not found!
07/03/2020 12:37:31 [MESSAGE] &f[&9AnimatedNames&f] &eUnable to load placeholders 'bukkitgames'. Plugin BukkitGames not found!
07/03/2020 12:37:31 [MESSAGE] &f[&9AnimatedNames&f] &eUnable to load placeholders 'autorank'. Plugin AutoRank not found!
07/03/2020 12:37:31 [MESSAGE] &f[&9AnimatedNames&f] &eUnable to load placeholders 'acidisland'. Plugin AcidIsland not found!
07/03/2020 12:37:31 [MESSAGE] &f[&9AnimatedNames&f] &eUnable to load placeholders 'bedwarsrel'. Plugin BedwarsRel not found!
07/03/2020 12:37:31 [MESSAGE] &f[&9AnimatedNames&f] &eUnable to load placeholders 'auctions'. Plugin Auctions not found!
07/03/2020 12:37:31 [MESSAGE] &f[&9AnimatedNames&f] &eUnable to load placeholders 'askyblock'. Plugin ASkyBlock not found!
07/03/2020 12:37:31 [INFO] Loading language file: lang_temp
07/03/2020 12:37:31 [MESSAGE] &f[&9AnimatedNames&f] &eUnable to load placeholders 'customlist'. Plugin ChatReaction not found!
07/03/2020 12:37:31 [MESSAGE] &f[&9AnimatedNames&f] &eUnable to load placeholders 'deluxetags'. Plugin DeluxeTags not found!
07/03/2020 12:37:31 [MESSAGE] &f[&9AnimatedNames&f] &eUnable to load placeholders 'diceeaster'. Plugin DiceEaster not found!
07/03/2020 12:37:31 [MESSAGE] &f[&9AnimatedNames&f] &eUnable to load placeholders 'disease'. Plugin Disease not found!
07/03/2020 12:37:31 [MESSAGE] &f[&9AnimatedNames&f] &eUnable to load placeholders 'donationsholograms'. Plugin DonationsHolograms not found!
07/03/2020 12:37:31 [DEBUG] Loaded placeholder: playereffects
07/03/2020 12:37:31 [DEBUG] Loaded placeholder: economy
07/03/2020 12:37:31 [MESSAGE] &f[&9AnimatedNames&f] &eUnable to load placeholders 'enjin'. Plugin EnjinMinecraftPlugin not found!
07/03/2020 12:37:31 [MESSAGE] &f[&9AnimatedNames&f] &eUnable to load placeholders 'enchantmenttokens'. Plugin EnchantmentTokens not found!
07/03/2020 12:37:31 [DEBUG] Loaded placeholder: entities
07/03/2020 12:37:31 [DEBUG] Loaded placeholder: compass
07/03/2020 12:37:31 [DEBUG] Loaded placeholder: essentials
07/03/2020 12:37:31 [MESSAGE] &f[&9AnimatedNames&f] &eUnable to load placeholders 'ezblocks'. Plugin EZBlocks not found!
07/03/2020 12:37:31 [DEBUG] Loaded placeholder: color
07/03/2020 12:37:31 [DEBUG] Loaded placeholder: command
07/03/2020 12:37:31 [MESSAGE] &f[&9AnimatedNames&f] &eUnable to load placeholders 'chatreaction'. Plugin ChatReaction not found!
07/03/2020 12:37:31 [MESSAGE] &f[&9AnimatedNames&f] &eUnable to load placeholders 'bungeeonlinetime'. Plugin BungeeOnlineTime not found!
07/03/2020 12:37:31 [DEBUG] Loaded placeholder: bungeecord
07/03/2020 12:37:32 [MESSAGE] &f[&9AnimatedNames&f] &eUnable to load placeholders 'factions1_6'. Plugin Factions not found!
07/03/2020 12:37:32 [MESSAGE] &f[&9AnimatedNames&f] &eUnable to load placeholders 'killstats'. Plugin KillStats not found!
07/03/2020 12:37:32 [DEBUG] Loaded placeholder: firework
07/03/2020 12:37:32 [MESSAGE] &f[&9AnimatedNames&f] &eUnable to load placeholders 'galistener'. Plugin GAListener not found!
07/03/2020 12:37:32 [MESSAGE] &f[&9AnimatedNames&f] &eUnable to load placeholders 'griefprevention'. Plugin GriefPrevention not found!
07/03/2020 12:37:32 [MESSAGE] &f[&9AnimatedNames&f] &eUnable to load placeholders 'gangsplus1'. Plugin GangsPlus not found!
07/03/2020 12:37:32 [DEBUG] Loaded placeholder: hotbar
07/03/2020 12:37:32 [DEBUG] Loaded placeholder: geographical
07/03/2020 12:37:32 [DEBUG] Loaded placeholder: java
07/03/2020 12:37:32 [MESSAGE] &f[&9AnimatedNames&f] &eUnable to load placeholders 'heroes'. Plugin Heroes not found!
07/03/2020 12:37:32 [MESSAGE] &f[&9AnimatedNames&f] &eUnable to load placeholders 'teams'. Plugin Teams not found!
07/03/2020 12:37:32 [MESSAGE] &f[&9AnimatedNames&f] &eUnable to load placeholders 'islandworld'. Plugin IslandWorld not found!
07/03/2020 12:37:32 [MESSAGE] &f[&9AnimatedNames&f] &eUnable to load placeholders 'jobsreborn'. Plugin Jobs not found!
07/03/2020 12:37:32 [MESSAGE] &f[&9AnimatedNames&f] &eUnable to load placeholders 'killermoney'. Plugin KillerMoney not found!
07/03/2020 12:37:32 [MESSAGE] &f[&9AnimatedNames&f] &eUnable to load placeholders 'killrewards'. Plugin KillRewards not found!
07/03/2020 12:37:31 [MESSAGE] &f[&9AnimatedNames&f] &eUnable to load placeholders 'ezrankslite2'. Plugin EZRanksLite not found!
07/03/2020 12:37:32 [MESSAGE] &f[&9AnimatedNames&f] &eUnable to load placeholders 'factions2'. Plugin Factions not found!
07/03/2020 12:37:32 [MESSAGE] &f[&9AnimatedNames&f] &eUnable to load placeholders 'factions1_8'. Plugin Factions not found!
07/03/2020 12:37:32 [DEBUG] Loaded placeholder: facebook
07/03/2020 12:37:31 [MESSAGE] &f[&9AnimatedNames&f] &eUnable to load placeholders 'thrist'. Plugin Thrist not found!
07/03/2020 12:37:31 [MESSAGE] &f[&9AnimatedNames&f] &eUnable to load placeholders 'ezrankspro'. Plugin EZRanksPro not found!
07/03/2020 12:37:32 [MESSAGE] &f[&9AnimatedNames&f] &eUnable to load placeholders 'jobs'. Plugin Jobs not found!
07/03/2020 12:37:31 [MESSAGE] &f[&9AnimatedNames&f] &eUnable to load placeholders 'ezprestige'. Plugin EZPrestige not found!
07/03/2020 12:37:32 [MESSAGE] &f[&9AnimatedNames&f] &eUnable to load placeholders 'subsidekoth'. Plugin LeaderHeads not found!
07/03/2020 12:37:33 [MESSAGE] &f[&9AnimatedNames&f] &eUnable to load placeholders 'minecrates'. Plugin MineCrates not found!
07/03/2020 12:37:32 [DEBUG] Loaded placeholder: libsdisguises
07/03/2020 12:37:32 [MESSAGE] &f[&9AnimatedNames&f] &eUnable to load placeholders 'lwc'. Plugin LWC not found!
07/03/2020 12:37:33 [INFO] Loading event hook: mcMMO Party Level up ...
07/03/2020 12:37:33 [MESSAGE] &f[&9AnimatedNames&f] &eUnable to load placeholders 'magic'. Plugin Magic not found!
07/03/2020 12:37:33 [MESSAGE] &f[&9AnimatedNames&f] &eUnable to load placeholders 'marriagemaster'. Plugin MarriageMaster not found!
07/03/2020 12:37:33 [INFO] Loading event hook: mcMMO Level down event ...
07/03/2020 12:37:33 [MESSAGE] &f[&9AnimatedNames&f] &eUnable to load placeholders 'mcinfected'. Plugin McInfected not found!
07/03/2020 12:37:33 [MESSAGE] &f[&9AnimatedNames&f] &eUnable to load placeholders 'minefortress'. Plugin MineFortress not found!
07/03/2020 12:37:33 [DEBUG] Loaded placeholder: mcmmo
07/03/2020 12:37:33 [INFO] Loading event hook: mcMMO Party Level up ...
07/03/2020 12:37:33 [INFO] Loading event hook: mcMMO Level up event ...
07/03/2020 12:37:33 [INFO] Loading event hook: mcMMO Level down event ...
07/03/2020 12:37:33 [INFO] Loading event hook: mcMMO Level up event ...
07/03/2020 12:37:33 [DEBUG] Loaded placeholder: memory
07/03/2020 12:37:33 [DEBUG] Loaded placeholder: mineresetlite
07/03/2020 12:37:33 [MESSAGE] &f[&9AnimatedNames&f] &eUnable to load placeholders 'mineresetliteplus'. Plugin MineResetLitePlus not found!
07/03/2020 12:37:33 [MESSAGE] &f[&9AnimatedNames&f] &eUnable to load placeholders 'mineversechat'. Plugin MineverseChat not found!
07/03/2020 12:37:32 [MESSAGE] &f[&9AnimatedNames&f] &eUnable to load placeholders 'legendquest'. Plugin LegendQuest not found!
07/03/2020 12:37:32 [MESSAGE] &f[&9AnimatedNames&f] &eUnable to load placeholders 'leaderheads'. Plugin LeaderHeads not found!
07/03/2020 12:37:33 [DEBUG] Loaded placeholder: marriage
07/03/2020 12:37:32 [MESSAGE] &f[&9AnimatedNames&f] &eUnable to load placeholders 'kitbattle'. Plugin KitBattle not found!
07/03/2020 12:37:32 [MESSAGE] &f[&9AnimatedNames&f] &eUnable to load placeholders 'kingkits'. Plugin KingKits not found!
07/03/2020 12:37:33 [MESSAGE] &f[&9AnimatedNames&f] &eUnable to load placeholders 'ontime'. Plugin OnTime not found!
07/03/2020 12:37:33 [MESSAGE] &f[&9AnimatedNames&f] &eUnable to load placeholders 'prisonmines'. Plugin PrisonMines not found!
07/03/2020 12:37:33 [DEBUG] Loaded placeholder: redisbungee
07/03/2020 12:37:33 [DEBUG] Loaded placeholder: permissions
07/03/2020 12:37:33 [MESSAGE] &f[&9AnimatedNames&f] &eUnable to load placeholders 'picknchewstatistics'. Plugin PickNChew not found!
07/03/2020 12:37:33 [MESSAGE] &f[&9AnimatedNames&f] &eUnable to load placeholders 'pl3xicons'. Plugin Pl3xIcons not found!
07/03/2020 12:37:33 [MESSAGE] &f[&9AnimatedNames&f] &eUnable to load placeholders 'prison3'. Plugin Prison3 not found!
07/03/2020 12:37:33 [DEBUG] Loaded placeholder: placeholderapi
07/03/2020 12:37:33 [DEBUG] Loaded placeholder: quests
07/03/2020 12:37:33 [DEBUG] Loaded placeholder: player
07/03/2020 12:37:33 [MESSAGE] &f[&9AnimatedNames&f] &eUnable to load placeholders 'playerpoints'. Plugin PlayerPoints not found!
07/03/2020 12:37:33 [MESSAGE] &f[&9AnimatedNames&f] &eUnable to load placeholders 'playtimerewardsrecoded'. Plugin PlayTimeRewardsRecoded not found!
07/03/2020 12:37:33 [MESSAGE] &f[&9AnimatedNames&f] &eUnable to load placeholders 'plotme'. Plugin PlotMe not found!
07/03/2020 12:37:33 [MESSAGE] &f[&9AnimatedNames&f] &eUnable to load placeholders 'plotsquared'. Plugin PlotSquared not found!
07/03/2020 12:37:33 [DEBUG] Loaded placeholder: previousnames
07/03/2020 12:37:33 [MESSAGE] &f[&9AnimatedNames&f] &eUnable to load placeholders 'pvptimer'. Plugin PvPTimer not found!
07/03/2020 12:37:33 [MESSAGE] &f[&9AnimatedNames&f] &eUnable to load placeholders 'rankupcrayons'. Plugin RankUp not found!
07/03/2020 12:37:33 [MESSAGE] &f[&9AnimatedNames&f] &eUnable to load placeholders 'sellall'. Plugin SellAll not found!
07/03/2020 12:37:33 [MESSAGE] &f[&9AnimatedNames&f] &eUnable to load placeholders 'plotz'. Plugin Plotz not found!
07/03/2020 12:37:33 [DEBUG] Loaded placeholder: serverpinger
07/03/2020 12:37:33 [MESSAGE] &f[&9AnimatedNames&f] &eUnable to load placeholders 'simpleclans'. Plugin SimpleClans not found!
07/03/2020 12:37:34 [MESSAGE] &f[&9AnimatedNames&f] &eUnable to load placeholders 'superbvote'. Plugin SuperbVote not found!
07/03/2020 12:37:34 [DEBUG] Loaded placeholder: twitter
07/03/2020 12:37:34 [DEBUG] Loaded placeholder: unicode
07/03/2020 12:37:34 [MESSAGE] &f[&9AnimatedNames&f] &eUnable to load placeholders 'skywarsreloaded'. Plugin SkyWarsReloaded not found!
07/03/2020 12:37:34 [MESSAGE] &f[&9AnimatedNames&f] &eUnable to load placeholders 'skillapi'. Plugin SkillAPI not found!
07/03/2020 12:37:34 [DEBUG] Loaded placeholder: tickspersecond
07/03/2020 12:37:34 [MESSAGE] &f[&9AnimatedNames&f] &eUnable to load placeholders 'towny'. Plugin Towny not found!
07/03/2020 12:37:34 [MESSAGE] &f[&9AnimatedNames&f] &eUnable to load placeholders 'tokenenchant'. Plugin TokenEnchant not found!
07/03/2020 12:37:34 [DEBUG] Loaded placeholder: skript
07/03/2020 12:37:34 [MESSAGE] &f[&9AnimatedNames&f] &eUnable to load placeholders 'uskyblock'. Plugin uSkyBlock not found!
07/03/2020 12:37:34 [DEBUG] Loaded placeholder: statistics
07/03/2020 12:37:34 [MESSAGE] &f[&9AnimatedNames&f] &eUnable to load placeholders 'sqlperms'. Plugin SQLPerms not found!
07/03/2020 12:37:34 [DEBUG] Loaded placeholder: vanillaevents
07/03/2020 12:37:34 [MESSAGE] &f[&9AnimatedNames&f] &eUnable to load placeholders 'survivalgameswazup'. Plugin SurvivalGames not found!
07/03/2020 12:37:34 [INFO] Loading event hook: Vanilla Combat hook ...
07/03/2020 12:37:34 [MESSAGE] &f[&9AnimatedNames&f] &eUnable to load placeholders 'skywars'. Plugin SkyWars not found!
07/03/2020 12:37:34 [MESSAGE] &f[&9AnimatedNames&f] &eUnable to load placeholders 'stockmarket'. Plugin StockMarket not found!
07/03/2020 12:37:34 [MESSAGE] &f[&9AnimatedNames&f] &eUnable to load placeholders 'ultimatevotes'. Plugin UltimateVotes not found!
07/03/2020 12:37:34 [MESSAGE] &f[&9AnimatedNames&f] &eUnable to load placeholders 'stockmarket-yahoofinance'. Plugin StockMarket not found!
07/03/2020 12:37:34 [MESSAGE] &f[&9AnimatedNames&f] &eUnable to load placeholders 'townychat'. Plugin TownyChat not found!
07/03/2020 12:37:34 [DEBUG] Loaded placeholder: sound
07/03/2020 12:37:33 [MESSAGE] &f[&9AnimatedNames&f] &eUnable to load placeholders 'nicky'. Plugin Nicky not found!
07/03/2020 12:37:34 [INFO] Loading event hook: Vanilla Block break hook ...
07/03/2020 12:37:33 [MESSAGE] &f[&9AnimatedNames&f] &eUnable to load placeholders 'multiverse'. Plugin Multiverse-Core not found!
07/03/2020 12:37:34 [INFO] Loading event hook: Vanilla player join ...
07/03/2020 12:37:34 [INFO] 	Lines: 2
07/03/2020 12:37:34 [MESSAGE] &f[&9AnimatedNames&f] &eUnable to load placeholders 'wickedskywars'. Plugin WickedSkywars not found!
07/03/2020 12:37:34 [MESSAGE] &f[&9AnimatedNames&f] &eUnable to load placeholders 'voteroulette'. Plugin VoteRoulette not found!
07/03/2020 12:37:34 [DEBUG] Loaded placeholder: world
07/03/2020 12:37:34 [MESSAGE] &f[&9AnimatedNames&f] &eUnable to load placeholders 'voteparty'. Plugin VoteParty not found!
07/03/2020 12:37:34 [INFO] Loading event hook: WorldGuard Region ...
07/03/2020 12:37:34 [INFO] Loading event hook: Vanilla player first join ...
07/03/2020 12:37:34 [MESSAGE] &f[&9AnimatedNames&f] &eUnable to load placeholders 'zarphyckskywars'. Plugin SkyWars not found!
07/03/2020 12:37:34 [MESSAGE] &f[&9AnimatedNames&f] &eUnable to load placeholders 'worldborder'. Plugin WorldBorder not found!
07/03/2020 12:37:34 [INFO] Loaded 4583 of the 4583 placholders
07/03/2020 12:37:34 [INFO] Loading event hook: Vanilla Create portal hook ...
07/03/2020 12:37:34 [INFO] Creating new custom effect: warning
07/03/2020 12:37:34 [INFO] Loading event hook: Vanilla player rejoin ...
07/03/2020 12:37:34 [INFO] Loading event hook: WorldGuard Region ...
07/03/2020 12:37:34 [INFO] Loading event hook: Vanilla Death hook ...
07/03/2020 12:37:34 [INFO] Loading event hook: Vanilla Combat hook ...
07/03/2020 12:37:34 [INFO] Loading event hook: Vanilla Block break hook ...
07/03/2020 12:37:34 [INFO] Loading event hook: Vanilla Block place hook ...
07/03/2020 12:37:34 [INFO] Loading event hook: Vanilla Block place hook ...
07/03/2020 12:37:34 [INFO] Loading event hook: Vanilla player join ...
07/03/2020 12:37:34 [DEBUG] Loaded placeholder: worldguard
07/03/2020 12:37:34 [INFO] Loading event hook: Vanilla player first join ...
07/03/2020 12:37:34 [INFO] Loading event hook: Vanilla Create portal hook ...
07/03/2020 12:37:34 [INFO] Loading event hook: Vanilla Death hook ...
07/03/2020 12:37:34 [INFO] Loading event hook: Vanilla player rejoin ...
07/03/2020 12:37:35 [INFO] Adding team name group 'helper' ...
07/03/2020 12:37:35 [DEBUG] 	Adding sub command 'about'
07/03/2020 12:37:35 [DEBUG] 	Adding sub command 'groups'
07/03/2020 12:37:35 [DEBUG] 	Adding sub command 'debug'
07/03/2020 12:37:35 [DEBUG] 	Adding sub command 'permissions'
07/03/2020 12:37:35 [DEBUG] 	Adding sub command 'help'
07/03/2020 12:37:35 [DEBUG] 	Adding sub command 'reload'
07/03/2020 12:37:35 [DEBUG] 	Adding sub command 'parse'
07/03/2020 12:37:35 [MESSAGE] &a Префиксы &8| &aYour version is up to date!
07/03/2020 12:37:35 [INFO] Loading language file: lang_temp
07/03/2020 12:37:35 [INFO] Adding command 'animatednames'
07/03/2020 12:37:35 [DEBUG] 	Adding sub command 'placeholders'
07/03/2020 12:37:35 [INFO] Loading language file: lang_en
07/03/2020 12:37:35 [INFO] Loading messages ...
07/03/2020 12:37:34 [INFO] Adding team name group 'main' ...
07/03/2020 12:37:35 [INFO] Adding team name group 'hypesquad' ...
07/03/2020 12:37:35 [INFO] Adding team name group 'staff' ...
07/03/2020 12:37:35 [INFO] Preparing team names for existing online players ...
07/03/2020 12:37:34 [INFO] 	Arguments: 1
07/03/2020 12:37:33 [MESSAGE] &f[&9AnimatedNames&f] &eUnable to load placeholders 'mobarena'. Plugin MobArena not found!
