31/03/2020 04:02:37 [INFO] Fetching available placeholders from server ...
31/03/2020 04:02:38 [INFO] Loading language file: lang_en
31/03/2020 04:02:37 [DEBUG] Loaded placeholder: MySQL
31/03/2020 04:02:37 [INFO] Loading internal placeholders ...
31/03/2020 04:02:37 [DEBUG] Loaded placeholder: CustomPlaceholders
31/03/2020 04:02:37 [INFO] Loading placeholders and event triggers ...
31/03/2020 04:02:38 [MESSAGE] &f[&9AnimatedNames&f] &eUnable to load placeholders 'bukkitgames'. Plugin BukkitGames not found!
31/03/2020 04:02:38 [DEBUG] Loaded placeholder: bungeecord
31/03/2020 04:02:38 [DEBUG] Loaded placeholder: bukkit
31/03/2020 04:02:38 [MESSAGE] &f[&9AnimatedNames&f] &eUnable to load placeholders 'bedwarsrel'. Plugin BedwarsRel not found!
31/03/2020 04:02:38 [MESSAGE] &f[&9AnimatedNames&f] &eUnable to load placeholders 'biteskywarsreloaded'. Plugin BiteSkyWarsReloaded not found!
31/03/2020 04:02:38 [MESSAGE] &f[&9AnimatedNames&f] &eUnable to load placeholders 'battlelevels'. Plugin BattleLevels not found!
31/03/2020 04:02:38 [MESSAGE] &f[&9AnimatedNames&f] &eUnable to load placeholders 'autosell'. Plugin AutoSell not found!
31/03/2020 04:02:38 [MESSAGE] &f[&9AnimatedNames&f] &eUnable to load placeholders 'bukkitspeak'. Plugin BukkitSpeak not found!
31/03/2020 04:02:38 [MESSAGE] &f[&9AnimatedNames&f] &eUnable to load placeholders 'autorank'. Plugin AutoRank not found!
31/03/2020 04:02:38 [MESSAGE] &f[&9AnimatedNames&f] &eUnable to load placeholders 'auctions'. Plugin Auctions not found!
31/03/2020 04:02:38 [MESSAGE] &f[&9AnimatedNames&f] &eUnable to load placeholders 'customlist'. Plugin ChatReaction not found!
31/03/2020 04:02:38 [DEBUG] Loaded placeholder: economy
31/03/2020 04:02:38 [MESSAGE] &f[&9AnimatedNames&f] &eUnable to load placeholders 'donationsholograms'. Plugin DonationsHolograms not found!
31/03/2020 04:02:38 [MESSAGE] &f[&9AnimatedNames&f] &eUnable to load placeholders 'disease'. Plugin Disease not found!
31/03/2020 04:02:38 [MESSAGE] &f[&9AnimatedNames&f] &eUnable to load placeholders 'diceeaster'. Plugin DiceEaster not found!
31/03/2020 04:02:38 [DEBUG] Loaded placeholder: playereffects
31/03/2020 04:02:38 [MESSAGE] &f[&9AnimatedNames&f] &eUnable to load placeholders 'enchantmenttokens'. Plugin EnchantmentTokens not found!
31/03/2020 04:02:38 [MESSAGE] &f[&9AnimatedNames&f] &eUnable to load placeholders 'deluxetags'. Plugin DeluxeTags not found!
31/03/2020 04:02:38 [DEBUG] Loaded placeholder: entities
31/03/2020 04:02:38 [MESSAGE] &f[&9AnimatedNames&f] &eUnable to load placeholders 'enjin'. Plugin EnjinMinecraftPlugin not found!
31/03/2020 04:02:38 [DEBUG] Loaded placeholder: command
31/03/2020 04:02:38 [DEBUG] Loaded placeholder: essentials
31/03/2020 04:02:38 [MESSAGE] &f[&9AnimatedNames&f] &eUnable to load placeholders 'chatreaction'. Plugin ChatReaction not found!
31/03/2020 04:02:38 [MESSAGE] &f[&9AnimatedNames&f] &eUnable to load placeholders 'ezblocks'. Plugin EZBlocks not found!
31/03/2020 04:02:38 [MESSAGE] &f[&9AnimatedNames&f] &eUnable to load placeholders 'bungeeonlinetime'. Plugin BungeeOnlineTime not found!
31/03/2020 04:02:38 [MESSAGE] &f[&9AnimatedNames&f] &eUnable to load placeholders 'ezrankspro'. Plugin EZRanksPro not found!
31/03/2020 04:02:39 [DEBUG] Loaded placeholder: geographical
31/03/2020 04:02:39 [MESSAGE] &f[&9AnimatedNames&f] &eUnable to load placeholders 'griefprevention'. Plugin GriefPrevention not found!
31/03/2020 04:02:39 [MESSAGE] &f[&9AnimatedNames&f] &eUnable to load placeholders 'factions1_8'. Plugin Factions not found!
31/03/2020 04:02:39 [MESSAGE] &f[&9AnimatedNames&f] &eUnable to load placeholders 'heroes'. Plugin Heroes not found!
31/03/2020 04:02:39 [MESSAGE] &f[&9AnimatedNames&f] &eUnable to load placeholders 'gangsplus1'. Plugin GangsPlus not found!
31/03/2020 04:02:39 [MESSAGE] &f[&9AnimatedNames&f] &eUnable to load placeholders 'factions1_6'. Plugin Factions not found!
31/03/2020 04:02:39 [DEBUG] Loaded placeholder: firework
31/03/2020 04:02:39 [MESSAGE] &f[&9AnimatedNames&f] &eUnable to load placeholders 'galistener'. Plugin GAListener not found!
31/03/2020 04:02:39 [DEBUG] Loaded placeholder: hotbar
31/03/2020 04:02:39 [MESSAGE] &f[&9AnimatedNames&f] &eUnable to load placeholders 'teams'. Plugin Teams not found!
31/03/2020 04:02:39 [DEBUG] Loaded placeholder: facebook
31/03/2020 04:02:38 [MESSAGE] &f[&9AnimatedNames&f] &eUnable to load placeholders 'thrist'. Plugin Thrist not found!
31/03/2020 04:02:38 [MESSAGE] &f[&9AnimatedNames&f] &eUnable to load placeholders 'ezrankslite2'. Plugin EZRanksLite not found!
31/03/2020 04:02:39 [MESSAGE] &f[&9AnimatedNames&f] &eUnable to load placeholders 'factions2'. Plugin Factions not found!
31/03/2020 04:02:38 [MESSAGE] &f[&9AnimatedNames&f] &eUnable to load placeholders 'ezprestige'. Plugin EZPrestige not found!
31/03/2020 04:02:39 [MESSAGE] &f[&9AnimatedNames&f] &eUnable to load placeholders 'jobs'. Plugin Jobs not found!
31/03/2020 04:02:40 [DEBUG] Loaded placeholder: marriage
31/03/2020 04:02:39 [MESSAGE] &f[&9AnimatedNames&f] &eUnable to load placeholders 'lwc'. Plugin LWC not found!
31/03/2020 04:02:39 [MESSAGE] &f[&9AnimatedNames&f] &eUnable to load placeholders 'killstats'. Plugin KillStats not found!
31/03/2020 04:02:40 [MESSAGE] &f[&9AnimatedNames&f] &eUnable to load placeholders 'magic'. Plugin Magic not found!
31/03/2020 04:02:39 [MESSAGE] &f[&9AnimatedNames&f] &eUnable to load placeholders 'kitbattle'. Plugin KitBattle not found!
31/03/2020 04:02:40 [MESSAGE] &f[&9AnimatedNames&f] &eUnable to load placeholders 'marriagemaster'. Plugin MarriageMaster not found!
31/03/2020 04:02:39 [MESSAGE] &f[&9AnimatedNames&f] &eUnable to load placeholders 'leaderheads'. Plugin LeaderHeads not found!
31/03/2020 04:02:39 [MESSAGE] &f[&9AnimatedNames&f] &eUnable to load placeholders 'legendquest'. Plugin LegendQuest not found!
31/03/2020 04:02:39 [DEBUG] Loaded placeholder: libsdisguises
31/03/2020 04:02:39 [MESSAGE] &f[&9AnimatedNames&f] &eUnable to load placeholders 'subsidekoth'. Plugin LeaderHeads not found!
31/03/2020 04:02:39 [MESSAGE] &f[&9AnimatedNames&f] &eUnable to load placeholders 'killermoney'. Plugin KillerMoney not found!
31/03/2020 04:02:39 [MESSAGE] &f[&9AnimatedNames&f] &eUnable to load placeholders 'kingkits'. Plugin KingKits not found!
31/03/2020 04:02:39 [MESSAGE] &f[&9AnimatedNames&f] &eUnable to load placeholders 'jobsreborn'. Plugin Jobs not found!
31/03/2020 04:02:39 [MESSAGE] &f[&9AnimatedNames&f] &eUnable to load placeholders 'killrewards'. Plugin KillRewards not found!
31/03/2020 04:02:39 [DEBUG] Loaded placeholder: java
31/03/2020 04:02:40 [MESSAGE] &f[&9AnimatedNames&f] &eUnable to load placeholders 'mcinfected'. Plugin McInfected not found!
31/03/2020 04:02:39 [MESSAGE] &f[&9AnimatedNames&f] &eUnable to load placeholders 'islandworld'. Plugin IslandWorld not found!
31/03/2020 04:02:40 [MESSAGE] &f[&9AnimatedNames&f] &eUnable to load placeholders 'minecrates'. Plugin MineCrates not found!
31/03/2020 04:02:40 [MESSAGE] &f[&9AnimatedNames&f] &eUnable to load placeholders 'playerpoints'. Plugin PlayerPoints not found!
31/03/2020 04:02:40 [DEBUG] Loaded placeholder: placeholderapi
31/03/2020 04:02:40 [MESSAGE] &f[&9AnimatedNames&f] &eUnable to load placeholders 'playtimerewardsrecoded'. Plugin PlayTimeRewardsRecoded not found!
31/03/2020 04:02:40 [MESSAGE] &f[&9AnimatedNames&f] &eUnable to load placeholders 'mobarena'. Plugin MobArena not found!
31/03/2020 04:02:40 [MESSAGE] &f[&9AnimatedNames&f] &eUnable to load placeholders 'picknchewstatistics'. Plugin PickNChew not found!
31/03/2020 04:02:40 [MESSAGE] &f[&9AnimatedNames&f] &eUnable to load placeholders 'nicky'. Plugin Nicky not found!
31/03/2020 04:02:40 [MESSAGE] &f[&9AnimatedNames&f] &eUnable to load placeholders 'multiverse'. Plugin Multiverse-Core not found!
31/03/2020 04:02:40 [DEBUG] Loaded placeholder: permissions
31/03/2020 04:02:40 [MESSAGE] &f[&9AnimatedNames&f] &eUnable to load placeholders 'ontime'. Plugin OnTime not found!
31/03/2020 04:02:40 [MESSAGE] &f[&9AnimatedNames&f] &eUnable to load placeholders 'pl3xicons'. Plugin Pl3xIcons not found!
31/03/2020 04:02:40 [MESSAGE] &f[&9AnimatedNames&f] &eUnable to load placeholders 'mineversechat'. Plugin MineverseChat not found!
31/03/2020 04:02:40 [DEBUG] Loaded placeholder: player
31/03/2020 04:02:40 [MESSAGE] &f[&9AnimatedNames&f] &eUnable to load placeholders 'plotme'. Plugin PlotMe not found!
31/03/2020 04:02:40 [MESSAGE] &f[&9AnimatedNames&f] &eUnable to load placeholders 'mineresetliteplus'. Plugin MineResetLitePlus not found!
31/03/2020 04:02:40 [DEBUG] Loaded placeholder: mineresetlite
31/03/2020 04:02:40 [MESSAGE] &f[&9AnimatedNames&f] &eUnable to load placeholders 'minefortress'. Plugin MineFortress not found!
31/03/2020 04:02:40 [DEBUG] Loaded placeholder: memory
31/03/2020 04:02:40 [MESSAGE] &f[&9AnimatedNames&f] &eUnable to load placeholders 'mcmmo'. Plugin mcMMO not found!
31/03/2020 04:02:40 [MESSAGE] &f[&9AnimatedNames&f] &eUnable to load placeholders 'prisonmines'. Plugin PrisonMines not found!
31/03/2020 04:02:40 [DEBUG] Loaded placeholder: serverpinger
31/03/2020 04:02:41 [DEBUG] Loaded placeholder: sound
31/03/2020 04:02:41 [MESSAGE] &f[&9AnimatedNames&f] &eUnable to load placeholders 'sqlperms'. Plugin SQLPerms not found!
31/03/2020 04:02:41 [MESSAGE] &f[&9AnimatedNames&f] &eUnable to load placeholders 'skywarsreloaded'. Plugin SkyWarsReloaded not found!
31/03/2020 04:02:40 [MESSAGE] &f[&9AnimatedNames&f] &eUnable to load placeholders 'rankupcrayons'. Plugin RankUp not found!
31/03/2020 04:02:41 [DEBUG] Loaded placeholder: skript
31/03/2020 04:02:40 [DEBUG] Loaded placeholder: redisbungee
31/03/2020 04:02:40 [MESSAGE] &f[&9AnimatedNames&f] &eUnable to load placeholders 'simpleclans'. Plugin SimpleClans not found!
31/03/2020 04:02:40 [MESSAGE] &f[&9AnimatedNames&f] &eUnable to load placeholders 'sellall'. Plugin SellAll not found!
31/03/2020 04:02:41 [MESSAGE] &f[&9AnimatedNames&f] &eUnable to load placeholders 'skillapi'. Plugin SkillAPI not found!
31/03/2020 04:02:41 [MESSAGE] &f[&9AnimatedNames&f] &eUnable to load placeholders 'skywars'. Plugin SkyWars not found!
31/03/2020 04:02:40 [DEBUG] Loaded placeholder: quests
31/03/2020 04:02:40 [MESSAGE] &f[&9AnimatedNames&f] &eUnable to load placeholders 'pvptimer'. Plugin PvPTimer not found!
31/03/2020 04:02:41 [DEBUG] Loaded placeholder: statistics
31/03/2020 04:02:40 [MESSAGE] &f[&9AnimatedNames&f] &eUnable to load placeholders 'prison3'. Plugin Prison3 not found!
31/03/2020 04:02:38 [DEBUG] Loaded placeholder: compass
31/03/2020 04:02:40 [DEBUG] Loaded placeholder: previousnames
31/03/2020 04:02:38 [DEBUG] Loaded placeholder: color
31/03/2020 04:02:40 [MESSAGE] &f[&9AnimatedNames&f] &eUnable to load placeholders 'plotz'. Plugin Plotz not found!
31/03/2020 04:02:40 [MESSAGE] &f[&9AnimatedNames&f] &eUnable to load placeholders 'plotsquared'. Plugin PlotSquared not found!
31/03/2020 04:02:41 [INFO] Loading event hook: Vanilla Combat hook ...
31/03/2020 04:02:41 [INFO] Loading event hook: Vanilla player rejoin ...
31/03/2020 04:02:41 [INFO] Loading event hook: Vanilla Block break hook ...
31/03/2020 04:02:41 [INFO] Loading event hook: Vanilla Combat hook ...
31/03/2020 04:02:41 [INFO] Loading event hook: Vanilla Block place hook ...
31/03/2020 04:02:41 [DEBUG] Loaded placeholder: twitter
31/03/2020 04:02:41 [INFO] Loading event hook: Vanilla Create portal hook ...
31/03/2020 04:02:41 [DEBUG] Loaded placeholder: unicode
31/03/2020 04:02:41 [INFO] Loading event hook: Vanilla player join ...
31/03/2020 04:02:41 [DEBUG] Loaded placeholder: vanillaevents
31/03/2020 04:02:41 [INFO] Loading event hook: Vanilla Block place hook ...
31/03/2020 04:02:41 [INFO] Loading event hook: Vanilla Block break hook ...
31/03/2020 04:02:41 [MESSAGE] &f[&9AnimatedNames&f] &eUnable to load placeholders 'ultimatevotes'. Plugin UltimateVotes not found!
31/03/2020 04:02:41 [INFO] Loading event hook: Vanilla Death hook ...
31/03/2020 04:02:41 [MESSAGE] &f[&9AnimatedNames&f] &eUnable to load placeholders 'uskyblock'. Plugin uSkyBlock not found!
31/03/2020 04:02:41 [INFO] Loading event hook: Vanilla player first join ...
31/03/2020 04:02:41 [INFO] Loading event hook: Vanilla player rejoin ...
31/03/2020 04:02:41 [MESSAGE] &f[&9AnimatedNames&f] &eUnable to load placeholders 'towny'. Plugin Towny not found!
31/03/2020 04:02:41 [MESSAGE] &f[&9AnimatedNames&f] &eUnable to load placeholders 'townychat'. Plugin TownyChat not found!
31/03/2020 04:02:41 [DEBUG] Loaded placeholder: tickspersecond
31/03/2020 04:02:41 [MESSAGE] &f[&9AnimatedNames&f] &eUnable to load placeholders 'tokenenchant'. Plugin TokenEnchant not found!
31/03/2020 04:02:41 [MESSAGE] &f[&9AnimatedNames&f] &eUnable to load placeholders 'superbvote'. Plugin SuperbVote not found!
31/03/2020 04:02:41 [MESSAGE] &f[&9AnimatedNames&f] &eUnable to load placeholders 'stockmarket'. Plugin StockMarket not found!
31/03/2020 04:02:41 [MESSAGE] &f[&9AnimatedNames&f] &eUnable to load placeholders 'survivalgameswazup'. Plugin SurvivalGames not found!
31/03/2020 04:02:41 [MESSAGE] &f[&9AnimatedNames&f] &eUnable to load placeholders 'stockmarket-yahoofinance'. Plugin StockMarket not found!
31/03/2020 04:02:41 [DEBUG] Loaded placeholder: world
31/03/2020 04:02:41 [MESSAGE] &f[&9AnimatedNames&f] &eUnable to load placeholders 'worldborder'. Plugin WorldBorder not found!
31/03/2020 04:02:41 [INFO] Loading event hook: WorldGuard Region ...
31/03/2020 04:02:41 [MESSAGE] &f[&9AnimatedNames&f] &eUnable to load placeholders 'zarphyckskywars'. Plugin SkyWars not found!
31/03/2020 04:02:42 [INFO] Preparing team names for existing online players ...
31/03/2020 04:02:41 [INFO] Creating new custom effect: warning
31/03/2020 04:02:41 [INFO] Adding team name group 'main' ...
31/03/2020 04:02:41 [INFO] 	Arguments: 1
31/03/2020 04:02:41 [INFO] Adding team name group 'helper' ...
31/03/2020 04:02:41 [INFO] Adding team name group 'hypesquad' ...
31/03/2020 04:02:41 [INFO] 	Lines: 2
31/03/2020 04:02:41 [INFO] Adding team name group 'staff' ...
31/03/2020 04:02:41 [INFO] Loaded 4483 of the 4483 placholders
31/03/2020 04:02:41 [INFO] Loading event hook: WorldGuard Region ...
31/03/2020 04:02:41 [DEBUG] Loaded placeholder: worldguard
31/03/2020 04:02:41 [MESSAGE] &f[&9AnimatedNames&f] &eUnable to load placeholders 'wickedskywars'. Plugin WickedSkywars not found!
31/03/2020 04:02:42 [INFO] Loading messages ...
31/03/2020 04:02:41 [MESSAGE] &f[&9AnimatedNames&f] &eUnable to load placeholders 'voteparty'. Plugin VoteParty not found!
31/03/2020 04:02:41 [INFO] Loading event hook: Vanilla player first join ...
31/03/2020 04:02:41 [INFO] Loading event hook: Vanilla Death hook ...
31/03/2020 04:02:41 [INFO] Loading event hook: Vanilla player join ...
31/03/2020 04:02:42 [DEBUG] 	Adding sub command 'placeholders'
31/03/2020 04:02:38 [INFO] Loading language file: lang_temp
31/03/2020 04:02:42 [DEBUG] 	Adding sub command 'groups'
31/03/2020 04:02:42 [DEBUG] 	Adding sub command 'permissions'
31/03/2020 04:02:42 [DEBUG] 	Adding sub command 'help'
31/03/2020 04:02:42 [DEBUG] 	Adding sub command 'about'
31/03/2020 04:02:42 [DEBUG] 	Adding sub command 'reload'
31/03/2020 04:02:42 [DEBUG] 	Adding sub command 'debug'
31/03/2020 04:02:42 [DEBUG] 	Adding sub command 'parse'
31/03/2020 04:02:41 [MESSAGE] &f[&9AnimatedNames&f] &eUnable to load placeholders 'voteroulette'. Plugin VoteRoulette not found!
31/03/2020 04:02:41 [INFO] Loading event hook: Vanilla Create portal hook ...
31/03/2020 04:02:42 [INFO] Adding command 'animatednames'
31/03/2020 04:02:42 [MESSAGE] &a Префиксы &8| &aYour version is up to date!
31/03/2020 04:02:42 [INFO] Loading language file: lang_temp
31/03/2020 04:02:42 [INFO] Loading language file: lang_en
31/03/2020 04:02:38 [MESSAGE] &f[&9AnimatedNames&f] &eUnable to load placeholders 'askyblock'. Plugin ASkyBlock not found!
31/03/2020 04:02:38 [DEBUG] Loaded placeholder: armor
31/03/2020 04:02:38 [MESSAGE] &f[&9AnimatedNames&f] &eUnable to load placeholders 'acidisland'. Plugin AcidIsland not found!
