18/08/2019 11:53:09 [MESSAGE] &f[&9AnimatedNames&f] &eUnable to load placeholders 'autorank'. Plugin AutoRank not found!
18/08/2019 11:53:09 [MESSAGE] &f[&9AnimatedNames&f] &eUnable to load placeholders 'auctions'. Plugin Auctions not found!
18/08/2019 11:53:09 [MESSAGE] &f[&9AnimatedNames&f] &eUnable to load placeholders 'askyblock'. Plugin ASkyBlock not found!
18/08/2019 11:53:09 [DEBUG] Loaded placeholder: armor
18/08/2019 11:53:09 [MESSAGE] &f[&9AnimatedNames&f] &eUnable to load placeholders 'acidisland'. Plugin AcidIsland not found!
18/08/2019 11:53:09 [INFO] Loading language file: lang_temp
18/08/2019 11:53:09 [INFO] Loading language file: lang_en
18/08/2019 11:53:09 [INFO] Loading placeholders and event triggers ...
18/08/2019 11:53:09 [INFO] Loading internal placeholders ...
18/08/2019 11:53:09 [DEBUG] Loaded placeholder: CustomPlaceholders
18/08/2019 11:53:09 [DEBUG] Loaded placeholder: MySQL
18/08/2019 11:53:09 [INFO] Fetching available placeholders from server ...
18/08/2019 11:53:09 [MESSAGE] &f[&9AnimatedNames&f] &eUnable to load placeholders 'bedwarsrel'. Plugin BedwarsRel not found!
18/08/2019 11:53:09 [MESSAGE] &f[&9AnimatedNames&f] &eUnable to load placeholders 'biteskywarsreloaded'. Plugin BiteSkyWarsReloaded not found!
18/08/2019 11:53:09 [DEBUG] Loaded placeholder: bukkit
18/08/2019 11:53:09 [MESSAGE] &f[&9AnimatedNames&f] &eUnable to load placeholders 'bukkitgames'. Plugin BukkitGames not found!
18/08/2019 11:53:09 [MESSAGE] &f[&9AnimatedNames&f] &eUnable to load placeholders 'bukkitspeak'. Plugin BukkitSpeak not found!
18/08/2019 11:53:09 [DEBUG] Loaded placeholder: bungeecord
18/08/2019 11:53:09 [MESSAGE] &f[&9AnimatedNames&f] &eUnable to load placeholders 'bungeeonlinetime'. Plugin BungeeOnlineTime not found!
18/08/2019 11:53:09 [MESSAGE] &f[&9AnimatedNames&f] &eUnable to load placeholders 'battlelevels'. Plugin BattleLevels not found!
18/08/2019 11:53:09 [MESSAGE] &f[&9AnimatedNames&f] &eUnable to load placeholders 'diceeaster'. Plugin DiceEaster not found!
18/08/2019 11:53:09 [DEBUG] Loaded placeholder: compass
18/08/2019 11:53:09 [MESSAGE] &f[&9AnimatedNames&f] &eUnable to load placeholders 'customlist'. Plugin ChatReaction not found!
18/08/2019 11:53:09 [MESSAGE] &f[&9AnimatedNames&f] &eUnable to load placeholders 'deluxetags'. Plugin DeluxeTags not found!
18/08/2019 11:53:09 [MESSAGE] &f[&9AnimatedNames&f] &eUnable to load placeholders 'donationsholograms'. Plugin DonationsHolograms not found!
18/08/2019 11:53:09 [DEBUG] Loaded placeholder: economy
18/08/2019 11:53:09 [DEBUG] Loaded placeholder: playereffects
18/08/2019 11:53:09 [MESSAGE] &f[&9AnimatedNames&f] &eUnable to load placeholders 'enchantmenttokens'. Plugin EnchantmentTokens not found!
18/08/2019 11:53:09 [MESSAGE] &f[&9AnimatedNames&f] &eUnable to load placeholders 'enjin'. Plugin EnjinMinecraftPlugin not found!
18/08/2019 11:53:09 [DEBUG] Loaded placeholder: entities
18/08/2019 11:53:09 [DEBUG] Loaded placeholder: essentials
18/08/2019 11:53:09 [MESSAGE] &f[&9AnimatedNames&f] &eUnable to load placeholders 'ezblocks'. Plugin EZBlocks not found!
18/08/2019 11:53:09 [MESSAGE] &f[&9AnimatedNames&f] &eUnable to load placeholders 'ezprestige'. Plugin EZPrestige not found!
18/08/2019 11:53:09 [MESSAGE] &f[&9AnimatedNames&f] &eUnable to load placeholders 'ezrankslite2'. Plugin EZRanksLite not found!
18/08/2019 11:53:09 [MESSAGE] &f[&9AnimatedNames&f] &eUnable to load placeholders 'ezrankspro'. Plugin EZRanksPro not found!
18/08/2019 11:53:09 [MESSAGE] &f[&9AnimatedNames&f] &eUnable to load placeholders 'thrist'. Plugin Thrist not found!
18/08/2019 11:53:10 [DEBUG] Loaded placeholder: facebook
18/08/2019 11:53:10 [MESSAGE] &f[&9AnimatedNames&f] &eUnable to load placeholders 'factions1_8'. Plugin Factions not found!
18/08/2019 11:53:09 [MESSAGE] &f[&9AnimatedNames&f] &eUnable to load placeholders 'disease'. Plugin Disease not found!
18/08/2019 11:53:09 [DEBUG] Loaded placeholder: color
18/08/2019 11:53:09 [DEBUG] Loaded placeholder: command
18/08/2019 11:53:10 [MESSAGE] &f[&9AnimatedNames&f] &eUnable to load placeholders 'factions1_6'. Plugin Factions not found!
18/08/2019 11:53:10 [DEBUG] Loaded placeholder: firework
18/08/2019 11:53:10 [MESSAGE] &f[&9AnimatedNames&f] &eUnable to load placeholders 'galistener'. Plugin GAListener not found!
18/08/2019 11:53:10 [MESSAGE] &f[&9AnimatedNames&f] &eUnable to load placeholders 'gangsplus1'. Plugin GangsPlus not found!
18/08/2019 11:53:10 [MESSAGE] &f[&9AnimatedNames&f] &eUnable to load placeholders 'teams'. Plugin Teams not found!
18/08/2019 11:53:10 [DEBUG] Loaded placeholder: geographical
18/08/2019 11:53:10 [MESSAGE] &f[&9AnimatedNames&f] &eUnable to load placeholders 'griefprevention'. Plugin GriefPrevention not found!
18/08/2019 11:53:10 [MESSAGE] &f[&9AnimatedNames&f] &eUnable to load placeholders 'heroes'. Plugin Heroes not found!
18/08/2019 11:53:10 [DEBUG] Loaded placeholder: hotbar
18/08/2019 11:53:10 [MESSAGE] &f[&9AnimatedNames&f] &eUnable to load placeholders 'islandworld'. Plugin IslandWorld not found!
18/08/2019 11:53:10 [DEBUG] Loaded placeholder: java
18/08/2019 11:53:10 [MESSAGE] &f[&9AnimatedNames&f] &eUnable to load placeholders 'jobs'. Plugin Jobs not found!
18/08/2019 11:53:10 [MESSAGE] &f[&9AnimatedNames&f] &eUnable to load placeholders 'jobsreborn'. Plugin Jobs not found!
18/08/2019 11:53:10 [MESSAGE] &f[&9AnimatedNames&f] &eUnable to load placeholders 'killermoney'. Plugin KillerMoney not found!
18/08/2019 11:53:10 [MESSAGE] &f[&9AnimatedNames&f] &eUnable to load placeholders 'killrewards'. Plugin KillRewards not found!
18/08/2019 11:53:10 [MESSAGE] &f[&9AnimatedNames&f] &eUnable to load placeholders 'killstats'. Plugin KillStats not found!
18/08/2019 11:53:10 [MESSAGE] &f[&9AnimatedNames&f] &eUnable to load placeholders 'kingkits'. Plugin KingKits not found!
18/08/2019 11:53:10 [MESSAGE] &f[&9AnimatedNames&f] &eUnable to load placeholders 'factions2'. Plugin Factions not found!
18/08/2019 11:53:09 [MESSAGE] &f[&9AnimatedNames&f] &eUnable to load placeholders 'chatreaction'. Plugin ChatReaction not found!
18/08/2019 11:53:11 [MESSAGE] &f[&9AnimatedNames&f] &eUnable to load placeholders 'subsidekoth'. Plugin LeaderHeads not found!
18/08/2019 11:53:11 [MESSAGE] &f[&9AnimatedNames&f] &eUnable to load placeholders 'leaderheads'. Plugin LeaderHeads not found!
18/08/2019 11:53:11 [MESSAGE] &f[&9AnimatedNames&f] &eUnable to load placeholders 'legendquest'. Plugin LegendQuest not found!
18/08/2019 11:53:11 [DEBUG] Loaded placeholder: libsdisguises
18/08/2019 11:53:11 [MESSAGE] &f[&9AnimatedNames&f] &eUnable to load placeholders 'lwc'. Plugin LWC not found!
18/08/2019 11:53:11 [MESSAGE] &f[&9AnimatedNames&f] &eUnable to load placeholders 'magic'. Plugin Magic not found!
18/08/2019 11:53:11 [DEBUG] Loaded placeholder: marriage
18/08/2019 11:53:11 [MESSAGE] &f[&9AnimatedNames&f] &eUnable to load placeholders 'marriagemaster'. Plugin MarriageMaster not found!
18/08/2019 11:53:11 [MESSAGE] &f[&9AnimatedNames&f] &eUnable to load placeholders 'mcinfected'. Plugin McInfected not found!
18/08/2019 11:53:11 [MESSAGE] &f[&9AnimatedNames&f] &eUnable to load placeholders 'mcmmo'. Plugin mcMMO not found!
18/08/2019 11:53:11 [DEBUG] Loaded placeholder: memory
18/08/2019 11:53:11 [MESSAGE] &f[&9AnimatedNames&f] &eUnable to load placeholders 'minecrates'. Plugin MineCrates not found!
18/08/2019 11:53:11 [MESSAGE] &f[&9AnimatedNames&f] &eUnable to load placeholders 'minefortress'. Plugin MineFortress not found!
18/08/2019 11:53:11 [MESSAGE] &f[&9AnimatedNames&f] &eUnable to load placeholders 'mineresetlite'. Plugin MineResetLite not found!
18/08/2019 11:53:11 [MESSAGE] &f[&9AnimatedNames&f] &eUnable to load placeholders 'mineresetliteplus'. Plugin MineResetLitePlus not found!
18/08/2019 11:53:11 [MESSAGE] &f[&9AnimatedNames&f] &eUnable to load placeholders 'mineversechat'. Plugin MineverseChat not found!
18/08/2019 11:53:11 [MESSAGE] &f[&9AnimatedNames&f] &eUnable to load placeholders 'mobarena'. Plugin MobArena not found!
18/08/2019 11:53:11 [MESSAGE] &f[&9AnimatedNames&f] &eUnable to load placeholders 'multiverse'. Plugin Multiverse-Core not found!
18/08/2019 11:53:11 [MESSAGE] &f[&9AnimatedNames&f] &eUnable to load placeholders 'nicky'. Plugin Nicky not found!
18/08/2019 11:53:10 [MESSAGE] &f[&9AnimatedNames&f] &eUnable to load placeholders 'kitbattle'. Plugin KitBattle not found!
18/08/2019 11:53:11 [DEBUG] Loaded placeholder: permissions
18/08/2019 11:53:11 [MESSAGE] &f[&9AnimatedNames&f] &eUnable to load placeholders 'picknchewstatistics'. Plugin PickNChew not found!
18/08/2019 11:53:11 [MESSAGE] &f[&9AnimatedNames&f] &eUnable to load placeholders 'pl3xicons'. Plugin Pl3xIcons not found!
18/08/2019 11:53:11 [DEBUG] Loaded placeholder: placeholderapi
18/08/2019 11:53:11 [DEBUG] Loaded placeholder: player
18/08/2019 11:53:11 [MESSAGE] &f[&9AnimatedNames&f] &eUnable to load placeholders 'playerpoints'. Plugin PlayerPoints not found!
18/08/2019 11:53:11 [MESSAGE] &f[&9AnimatedNames&f] &eUnable to load placeholders 'playtimerewardsrecoded'. Plugin PlayTimeRewardsRecoded not found!
18/08/2019 11:53:11 [MESSAGE] &f[&9AnimatedNames&f] &eUnable to load placeholders 'plotme'. Plugin PlotMe not found!
18/08/2019 11:53:11 [MESSAGE] &f[&9AnimatedNames&f] &eUnable to load placeholders 'plotsquared'. Plugin PlotSquared not found!
18/08/2019 11:53:11 [MESSAGE] &f[&9AnimatedNames&f] &eUnable to load placeholders 'plotz'. Plugin Plotz not found!
18/08/2019 11:53:11 [DEBUG] Loaded placeholder: previousnames
18/08/2019 11:53:11 [MESSAGE] &f[&9AnimatedNames&f] &eUnable to load placeholders 'prison3'. Plugin Prison3 not found!
18/08/2019 11:53:11 [MESSAGE] &f[&9AnimatedNames&f] &eUnable to load placeholders 'prisonmines'. Plugin PrisonMines not found!
18/08/2019 11:53:11 [MESSAGE] &f[&9AnimatedNames&f] &eUnable to load placeholders 'pvptimer'. Plugin PvPTimer not found!
18/08/2019 11:53:11 [DEBUG] Loaded placeholder: quests
18/08/2019 11:53:12 [MESSAGE] &f[&9AnimatedNames&f] &eUnable to load placeholders 'rankupcrayons'. Plugin RankUp not found!
18/08/2019 11:53:12 [DEBUG] Loaded placeholder: redisbungee
18/08/2019 11:53:12 [MESSAGE] &f[&9AnimatedNames&f] &eUnable to load placeholders 'sellall'. Plugin SellAll not found!
18/08/2019 11:53:11 [MESSAGE] &f[&9AnimatedNames&f] &eUnable to load placeholders 'ontime'. Plugin OnTime not found!
18/08/2019 11:53:12 [MESSAGE] &f[&9AnimatedNames&f] &eUnable to load placeholders 'simpleclans'. Plugin SimpleClans not found!
18/08/2019 11:53:12 [MESSAGE] &f[&9AnimatedNames&f] &eUnable to load placeholders 'skillapi'. Plugin SkillAPI not found!
18/08/2019 11:53:12 [MESSAGE] &f[&9AnimatedNames&f] &eUnable to load placeholders 'skript'. Plugin Skript not found!
18/08/2019 11:53:12 [MESSAGE] &f[&9AnimatedNames&f] &eUnable to load placeholders 'skywars'. Plugin SkyWars not found!
18/08/2019 11:53:12 [MESSAGE] &f[&9AnimatedNames&f] &eUnable to load placeholders 'skywarsreloaded'. Plugin SkyWarsReloaded not found!
18/08/2019 11:53:12 [DEBUG] Loaded placeholder: sound
18/08/2019 11:53:12 [MESSAGE] &f[&9AnimatedNames&f] &eUnable to load placeholders 'sqlperms'. Plugin SQLPerms not found!
18/08/2019 11:53:12 [DEBUG] Loaded placeholder: statistics
18/08/2019 11:53:12 [MESSAGE] &f[&9AnimatedNames&f] &eUnable to load placeholders 'stockmarket-yahoofinance'. Plugin StockMarket not found!
18/08/2019 11:53:12 [MESSAGE] &f[&9AnimatedNames&f] &eUnable to load placeholders 'stockmarket'. Plugin StockMarket not found!
18/08/2019 11:53:12 [MESSAGE] &f[&9AnimatedNames&f] &eUnable to load placeholders 'superbvote'. Plugin SuperbVote not found!
18/08/2019 11:53:12 [MESSAGE] &f[&9AnimatedNames&f] &eUnable to load placeholders 'survivalgameswazup'. Plugin SurvivalGames not found!
18/08/2019 11:53:12 [DEBUG] Loaded placeholder: tickspersecond
18/08/2019 11:53:12 [MESSAGE] &f[&9AnimatedNames&f] &eUnable to load placeholders 'tokenenchant'. Plugin TokenEnchant not found!
18/08/2019 11:53:09 [MESSAGE] &f[&9AnimatedNames&f] &eUnable to load placeholders 'autosell'. Plugin AutoSell not found!
18/08/2019 11:53:12 [MESSAGE] &f[&9AnimatedNames&f] &eUnable to load placeholders 'towny'. Plugin Towny not found!
18/08/2019 11:53:12 [MESSAGE] &f[&9AnimatedNames&f] &eUnable to load placeholders 'townychat'. Plugin TownyChat not found!
18/08/2019 11:53:12 [DEBUG] Loaded placeholder: twitter
18/08/2019 11:53:12 [MESSAGE] &f[&9AnimatedNames&f] &eUnable to load placeholders 'ultimatevotes'. Plugin UltimateVotes not found!
18/08/2019 11:53:12 [DEBUG] Loaded placeholder: unicode
18/08/2019 11:53:12 [MESSAGE] &f[&9AnimatedNames&f] &eUnable to load placeholders 'uskyblock'. Plugin uSkyBlock not found!
18/08/2019 11:53:12 [DEBUG] Loaded placeholder: vanillaevents
18/08/2019 11:53:12 [DEBUG] Loaded placeholder: serverpinger
18/08/2019 11:53:12 [INFO] Loading event hook: Vanilla Block place hook ...
18/08/2019 11:53:12 [INFO] Loading event hook: Vanilla player rejoin ...
18/08/2019 11:53:12 [INFO] Loading event hook: Vanilla player join ...
18/08/2019 11:53:12 [INFO] Loading event hook: Vanilla Death hook ...
18/08/2019 11:53:12 [INFO] Loading event hook: Vanilla Create portal hook ...
18/08/2019 11:53:12 [INFO] Loading event hook: Vanilla player first join ...
18/08/2019 11:53:12 [INFO] Loading event hook: Vanilla Combat hook ...
18/08/2019 11:53:12 [INFO] Loading event hook: Vanilla Block place hook ...
18/08/2019 11:53:12 [INFO] Loading event hook: Vanilla player rejoin ...
18/08/2019 11:53:12 [INFO] Loading event hook: Vanilla player join ...
18/08/2019 11:53:12 [INFO] Loading event hook: Vanilla Death hook ...
18/08/2019 11:53:12 [INFO] Loading event hook: Vanilla Create portal hook ...
18/08/2019 11:53:12 [INFO] Loading event hook: Vanilla player first join ...
18/08/2019 11:53:12 [MESSAGE] &f[&9AnimatedNames&f] &eUnable to load placeholders 'voteparty'. Plugin VoteParty not found!
18/08/2019 11:53:12 [MESSAGE] &f[&9AnimatedNames&f] &eUnable to load placeholders 'voteroulette'. Plugin VoteRoulette not found!
18/08/2019 11:53:12 [MESSAGE] &f[&9AnimatedNames&f] &eUnable to load placeholders 'wickedskywars'. Plugin WickedSkywars not found!
18/08/2019 11:53:12 [DEBUG] Loaded placeholder: world
18/08/2019 11:53:12 [MESSAGE] &f[&9AnimatedNames&f] &eUnable to load placeholders 'worldborder'. Plugin WorldBorder not found!
18/08/2019 11:53:12 [DEBUG] Loaded placeholder: worldguard
18/08/2019 11:53:12 [INFO] Loading event hook: WorldGuard Region ...
18/08/2019 11:53:12 [INFO] Loading event hook: WorldGuard Region ...
18/08/2019 11:53:12 [INFO] Loading event hook: Vanilla Block break hook ...
18/08/2019 11:53:12 [INFO] Loading event hook: Vanilla Combat hook ...
18/08/2019 11:53:12 [INFO] Loaded 5037 of the 5037 placholders
18/08/2019 11:53:12 [INFO] Creating new custom effect: warning
18/08/2019 11:53:12 [INFO] 	Lines: 2
18/08/2019 11:53:12 [INFO] 	Arguments: 1
18/08/2019 11:53:12 [INFO] Adding team name group 'helper' ...
18/08/2019 11:53:12 [INFO] Adding team name group 'hypesquad' ...
18/08/2019 11:53:12 [INFO] Adding team name group 'main' ...
18/08/2019 11:53:12 [INFO] Adding team name group 'Staff' ...
18/08/2019 11:53:12 [INFO] Preparing team names for existing online players ...
18/08/2019 11:53:12 [INFO] Loading messages ...
18/08/2019 11:53:12 [INFO] Loading language file: lang_en
18/08/2019 11:53:12 [INFO] Loading language file: lang_temp
18/08/2019 11:53:13 [MESSAGE] &a Префиксы &8| &aYour version is up to date!
18/08/2019 11:53:13 [INFO] Adding command 'animatednames'
18/08/2019 11:53:13 [DEBUG] 	Adding sub command 'placeholders'
18/08/2019 11:53:13 [DEBUG] 	Adding sub command 'groups'
18/08/2019 11:53:13 [DEBUG] 	Adding sub command 'parse'
18/08/2019 11:53:13 [DEBUG] 	Adding sub command 'debug'
18/08/2019 11:53:13 [DEBUG] 	Adding sub command 'reload'
18/08/2019 11:53:13 [DEBUG] 	Adding sub command 'permissions'
18/08/2019 11:53:13 [DEBUG] 	Adding sub command 'about'
18/08/2019 11:53:12 [MESSAGE] &f[&9AnimatedNames&f] &eUnable to load placeholders 'zarphyckskywars'. Plugin SkyWars not found!
18/08/2019 11:53:12 [INFO] Loading event hook: Vanilla Block break hook ...
18/08/2019 11:53:13 [DEBUG] 	Adding sub command 'help'
