24/07/2020 03:32:24 [INFO] Loading language file: lang_en
24/07/2020 03:32:24 [INFO] Loading language file: lang_temp
24/07/2020 03:32:24 [MESSAGE] &f[&9AnimatedNames&f] &eUnable to load placeholders 'acidisland'. Plugin AcidIsland not found!
24/07/2020 03:32:24 [DEBUG] Loaded placeholder: armor
24/07/2020 03:32:24 [MESSAGE] &f[&9AnimatedNames&f] &eUnable to load placeholders 'auctions'. Plugin Auctions not found!
24/07/2020 03:32:24 [MESSAGE] &f[&9AnimatedNames&f] &eUnable to load placeholders 'askyblock'. Plugin ASkyBlock not found!
24/07/2020 03:32:24 [MESSAGE] &f[&9AnimatedNames&f] &eUnable to load placeholders 'autorank'. Plugin AutoRank not found!
24/07/2020 03:32:24 [DEBUG] Loaded placeholder: MySQL
24/07/2020 03:32:24 [INFO] Loading internal placeholders ...
24/07/2020 03:32:24 [DEBUG] Loaded placeholder: CustomPlaceholders
24/07/2020 03:32:24 [INFO] Loading placeholders and event triggers ...
24/07/2020 03:32:25 [MESSAGE] &f[&9AnimatedNames&f] &eUnable to load placeholders 'bukkitgames'. Plugin BukkitGames not found!
24/07/2020 03:32:25 [MESSAGE] &f[&9AnimatedNames&f] &eUnable to load placeholders 'bukkitspeak'. Plugin BukkitSpeak not found!
24/07/2020 03:32:25 [DEBUG] Loaded placeholder: bungeecord
24/07/2020 03:32:25 [MESSAGE] &f[&9AnimatedNames&f] &eUnable to load placeholders 'bungeeonlinetime'. Plugin BungeeOnlineTime not found!
24/07/2020 03:32:25 [MESSAGE] &f[&9AnimatedNames&f] &eUnable to load placeholders 'chatreaction'. Plugin ChatReaction not found!
24/07/2020 03:32:25 [MESSAGE] &f[&9AnimatedNames&f] &eUnable to load placeholders 'bedwarsrel'. Plugin BedwarsRel not found!
24/07/2020 03:32:25 [MESSAGE] &f[&9AnimatedNames&f] &eUnable to load placeholders 'battlelevels'. Plugin BattleLevels not found!
24/07/2020 03:32:25 [MESSAGE] &f[&9AnimatedNames&f] &eUnable to load placeholders 'biteskywarsreloaded'. Plugin BiteSkyWarsReloaded not found!
24/07/2020 03:32:24 [INFO] Fetching available placeholders from server ...
24/07/2020 03:32:25 [DEBUG] Loaded placeholder: bukkit
24/07/2020 03:32:24 [MESSAGE] &f[&9AnimatedNames&f] &eUnable to load placeholders 'autosell'. Plugin AutoSell not found!
24/07/2020 03:32:25 [DEBUG] Loaded placeholder: command
24/07/2020 03:32:25 [MESSAGE] &f[&9AnimatedNames&f] &eUnable to load placeholders 'ezrankslite2'. Plugin EZRanksLite not found!
24/07/2020 03:32:25 [MESSAGE] &f[&9AnimatedNames&f] &eUnable to load placeholders 'deluxetags'. Plugin DeluxeTags not found!
24/07/2020 03:32:25 [MESSAGE] &f[&9AnimatedNames&f] &eUnable to load placeholders 'diceeaster'. Plugin DiceEaster not found!
24/07/2020 03:32:25 [MESSAGE] &f[&9AnimatedNames&f] &eUnable to load placeholders 'disease'. Plugin Disease not found!
24/07/2020 03:32:25 [MESSAGE] &f[&9AnimatedNames&f] &eUnable to load placeholders 'donationsholograms'. Plugin DonationsHolograms not found!
24/07/2020 03:32:25 [DEBUG] Loaded placeholder: economy
24/07/2020 03:32:25 [DEBUG] Loaded placeholder: playereffects
24/07/2020 03:32:25 [MESSAGE] &f[&9AnimatedNames&f] &eUnable to load placeholders 'enchantmenttokens'. Plugin EnchantmentTokens not found!
24/07/2020 03:32:25 [MESSAGE] &f[&9AnimatedNames&f] &eUnable to load placeholders 'enjin'. Plugin EnjinMinecraftPlugin not found!
24/07/2020 03:32:25 [DEBUG] Loaded placeholder: entities
24/07/2020 03:32:25 [DEBUG] Loaded placeholder: essentials
24/07/2020 03:32:25 [MESSAGE] &f[&9AnimatedNames&f] &eUnable to load placeholders 'ezblocks'. Plugin EZBlocks not found!
24/07/2020 03:32:25 [MESSAGE] &f[&9AnimatedNames&f] &eUnable to load placeholders 'ezprestige'. Plugin EZPrestige not found!
24/07/2020 03:32:25 [MESSAGE] &f[&9AnimatedNames&f] &eUnable to load placeholders 'customlist'. Plugin ChatReaction not found!
24/07/2020 03:32:25 [DEBUG] Loaded placeholder: compass
24/07/2020 03:32:25 [DEBUG] Loaded placeholder: color
24/07/2020 03:32:26 [MESSAGE] &f[&9AnimatedNames&f] &eUnable to load placeholders 'jobsreborn'. Plugin Jobs not found!
24/07/2020 03:32:26 [MESSAGE] &f[&9AnimatedNames&f] &eUnable to load placeholders 'killermoney'. Plugin KillerMoney not found!
24/07/2020 03:32:26 [MESSAGE] &f[&9AnimatedNames&f] &eUnable to load placeholders 'factions1_8'. Plugin Factions not found!
24/07/2020 03:32:26 [DEBUG] Loaded placeholder: java
24/07/2020 03:32:26 [MESSAGE] &f[&9AnimatedNames&f] &eUnable to load placeholders 'factions2'. Plugin Factions not found!
24/07/2020 03:32:26 [MESSAGE] &f[&9AnimatedNames&f] &eUnable to load placeholders 'factions1_6'. Plugin Factions not found!
24/07/2020 03:32:26 [DEBUG] Loaded placeholder: firework
24/07/2020 03:32:26 [MESSAGE] &f[&9AnimatedNames&f] &eUnable to load placeholders 'galistener'. Plugin GAListener not found!
24/07/2020 03:32:26 [MESSAGE] &f[&9AnimatedNames&f] &eUnable to load placeholders 'gangsplus1'. Plugin GangsPlus not found!
24/07/2020 03:32:26 [MESSAGE] &f[&9AnimatedNames&f] &eUnable to load placeholders 'teams'. Plugin Teams not found!
24/07/2020 03:32:26 [DEBUG] Loaded placeholder: geographical
24/07/2020 03:32:26 [MESSAGE] &f[&9AnimatedNames&f] &eUnable to load placeholders 'griefprevention'. Plugin GriefPrevention not found!
24/07/2020 03:32:26 [MESSAGE] &f[&9AnimatedNames&f] &eUnable to load placeholders 'heroes'. Plugin Heroes not found!
24/07/2020 03:32:26 [DEBUG] Loaded placeholder: hotbar
24/07/2020 03:32:26 [MESSAGE] &f[&9AnimatedNames&f] &eUnable to load placeholders 'islandworld'. Plugin IslandWorld not found!
24/07/2020 03:32:26 [MESSAGE] &f[&9AnimatedNames&f] &eUnable to load placeholders 'jobs'. Plugin Jobs not found!
24/07/2020 03:32:26 [DEBUG] Loaded placeholder: facebook
24/07/2020 03:32:25 [MESSAGE] &f[&9AnimatedNames&f] &eUnable to load placeholders 'thrist'. Plugin Thrist not found!
24/07/2020 03:32:25 [MESSAGE] &f[&9AnimatedNames&f] &eUnable to load placeholders 'ezrankspro'. Plugin EZRanksPro not found!
24/07/2020 03:32:27 [MESSAGE] &f[&9AnimatedNames&f] &eUnable to load placeholders 'mineversechat'. Plugin MineverseChat not found!
24/07/2020 03:32:27 [MESSAGE] &f[&9AnimatedNames&f] &eUnable to load placeholders 'mobarena'. Plugin MobArena not found!
24/07/2020 03:32:27 [DEBUG] Loaded placeholder: mineresetlite
24/07/2020 03:32:26 [MESSAGE] &f[&9AnimatedNames&f] &eUnable to load placeholders 'subsidekoth'. Plugin LeaderHeads not found!
24/07/2020 03:32:26 [MESSAGE] &f[&9AnimatedNames&f] &eUnable to load placeholders 'leaderheads'. Plugin LeaderHeads not found!
24/07/2020 03:32:27 [MESSAGE] &f[&9AnimatedNames&f] &eUnable to load placeholders 'minecrates'. Plugin MineCrates not found!
24/07/2020 03:32:27 [MESSAGE] &f[&9AnimatedNames&f] &eUnable to load placeholders 'legendquest'. Plugin LegendQuest not found!
24/07/2020 03:32:27 [DEBUG] Loaded placeholder: libsdisguises
24/07/2020 03:32:27 [MESSAGE] &f[&9AnimatedNames&f] &eUnable to load placeholders 'lwc'. Plugin LWC not found!
24/07/2020 03:32:27 [MESSAGE] &f[&9AnimatedNames&f] &eUnable to load placeholders 'magic'. Plugin Magic not found!
24/07/2020 03:32:27 [DEBUG] Loaded placeholder: marriage
24/07/2020 03:32:27 [MESSAGE] &f[&9AnimatedNames&f] &eUnable to load placeholders 'marriagemaster'. Plugin MarriageMaster not found!
24/07/2020 03:32:27 [MESSAGE] &f[&9AnimatedNames&f] &eUnable to load placeholders 'mcinfected'. Plugin McInfected not found!
24/07/2020 03:32:27 [MESSAGE] &f[&9AnimatedNames&f] &eUnable to load placeholders 'mcmmo'. Plugin mcMMO not found!
24/07/2020 03:32:27 [DEBUG] Loaded placeholder: memory
24/07/2020 03:32:27 [MESSAGE] &f[&9AnimatedNames&f] &eUnable to load placeholders 'minefortress'. Plugin MineFortress not found!
24/07/2020 03:32:27 [MESSAGE] &f[&9AnimatedNames&f] &eUnable to load placeholders 'mineresetliteplus'. Plugin MineResetLitePlus not found!
24/07/2020 03:32:26 [MESSAGE] &f[&9AnimatedNames&f] &eUnable to load placeholders 'kitbattle'. Plugin KitBattle not found!
24/07/2020 03:32:26 [MESSAGE] &f[&9AnimatedNames&f] &eUnable to load placeholders 'kingkits'. Plugin KingKits not found!
24/07/2020 03:32:26 [MESSAGE] &f[&9AnimatedNames&f] &eUnable to load placeholders 'killstats'. Plugin KillStats not found!
24/07/2020 03:32:26 [MESSAGE] &f[&9AnimatedNames&f] &eUnable to load placeholders 'killrewards'. Plugin KillRewards not found!
24/07/2020 03:32:28 [DEBUG] Loaded placeholder: redisbungee
24/07/2020 03:32:28 [MESSAGE] &f[&9AnimatedNames&f] &eUnable to load placeholders 'sellall'. Plugin SellAll not found!
24/07/2020 03:32:27 [MESSAGE] &f[&9AnimatedNames&f] &eUnable to load placeholders 'pl3xicons'. Plugin Pl3xIcons not found!
24/07/2020 03:32:27 [DEBUG] Loaded placeholder: placeholderapi
24/07/2020 03:32:27 [DEBUG] Loaded placeholder: player
24/07/2020 03:32:27 [MESSAGE] &f[&9AnimatedNames&f] &eUnable to load placeholders 'playerpoints'. Plugin PlayerPoints not found!
24/07/2020 03:32:28 [MESSAGE] &f[&9AnimatedNames&f] &eUnable to load placeholders 'pvptimer'. Plugin PvPTimer not found!
24/07/2020 03:32:27 [MESSAGE] &f[&9AnimatedNames&f] &eUnable to load placeholders 'playtimerewardsrecoded'. Plugin PlayTimeRewardsRecoded not found!
24/07/2020 03:32:27 [MESSAGE] &f[&9AnimatedNames&f] &eUnable to load placeholders 'plotme'. Plugin PlotMe not found!
24/07/2020 03:32:27 [MESSAGE] &f[&9AnimatedNames&f] &eUnable to load placeholders 'plotsquared'. Plugin PlotSquared not found!
24/07/2020 03:32:27 [MESSAGE] &f[&9AnimatedNames&f] &eUnable to load placeholders 'plotz'. Plugin Plotz not found!
24/07/2020 03:32:27 [DEBUG] Loaded placeholder: previousnames
24/07/2020 03:32:28 [MESSAGE] &f[&9AnimatedNames&f] &eUnable to load placeholders 'prison3'. Plugin Prison3 not found!
24/07/2020 03:32:28 [MESSAGE] &f[&9AnimatedNames&f] &eUnable to load placeholders 'prisonmines'. Plugin PrisonMines not found!
24/07/2020 03:32:28 [DEBUG] Loaded placeholder: quests
24/07/2020 03:32:28 [MESSAGE] &f[&9AnimatedNames&f] &eUnable to load placeholders 'rankupcrayons'. Plugin RankUp not found!
24/07/2020 03:32:27 [MESSAGE] &f[&9AnimatedNames&f] &eUnable to load placeholders 'picknchewstatistics'. Plugin PickNChew not found!
24/07/2020 03:32:27 [DEBUG] Loaded placeholder: permissions
24/07/2020 03:32:27 [MESSAGE] &f[&9AnimatedNames&f] &eUnable to load placeholders 'ontime'. Plugin OnTime not found!
24/07/2020 03:32:27 [MESSAGE] &f[&9AnimatedNames&f] &eUnable to load placeholders 'nicky'. Plugin Nicky not found!
24/07/2020 03:32:27 [MESSAGE] &f[&9AnimatedNames&f] &eUnable to load placeholders 'multiverse'. Plugin Multiverse-Core not found!
24/07/2020 03:32:28 [MESSAGE] &f[&9AnimatedNames&f] &eUnable to load placeholders 'tokenenchant'. Plugin TokenEnchant not found!
24/07/2020 03:32:29 [MESSAGE] &f[&9AnimatedNames&f] &eUnable to load placeholders 'uskyblock'. Plugin uSkyBlock not found!
24/07/2020 03:32:29 [DEBUG] Loaded placeholder: vanillaevents
24/07/2020 03:32:28 [MESSAGE] &f[&9AnimatedNames&f] &eUnable to load placeholders 'skywarsreloaded'. Plugin SkyWarsReloaded not found!
24/07/2020 03:32:28 [MESSAGE] &f[&9AnimatedNames&f] &eUnable to load placeholders 'townychat'. Plugin TownyChat not found!
24/07/2020 03:32:28 [DEBUG] Loaded placeholder: sound
24/07/2020 03:32:28 [MESSAGE] &f[&9AnimatedNames&f] &eUnable to load placeholders 'sqlperms'. Plugin SQLPerms not found!
24/07/2020 03:32:28 [DEBUG] Loaded placeholder: statistics
24/07/2020 03:32:28 [MESSAGE] &f[&9AnimatedNames&f] &eUnable to load placeholders 'stockmarket-yahoofinance'. Plugin StockMarket not found!
24/07/2020 03:32:28 [MESSAGE] &f[&9AnimatedNames&f] &eUnable to load placeholders 'stockmarket'. Plugin StockMarket not found!
24/07/2020 03:32:28 [MESSAGE] &f[&9AnimatedNames&f] &eUnable to load placeholders 'superbvote'. Plugin SuperbVote not found!
24/07/2020 03:32:28 [MESSAGE] &f[&9AnimatedNames&f] &eUnable to load placeholders 'survivalgameswazup'. Plugin SurvivalGames not found!
24/07/2020 03:32:28 [DEBUG] Loaded placeholder: tickspersecond
24/07/2020 03:32:28 [MESSAGE] &f[&9AnimatedNames&f] &eUnable to load placeholders 'towny'. Plugin Towny not found!
24/07/2020 03:32:28 [DEBUG] Loaded placeholder: twitter
24/07/2020 03:32:28 [MESSAGE] &f[&9AnimatedNames&f] &eUnable to load placeholders 'ultimatevotes'. Plugin UltimateVotes not found!
24/07/2020 03:32:28 [DEBUG] Loaded placeholder: unicode
24/07/2020 03:32:28 [MESSAGE] &f[&9AnimatedNames&f] &eUnable to load placeholders 'skywars'. Plugin SkyWars not found!
24/07/2020 03:32:28 [DEBUG] Loaded placeholder: skript
24/07/2020 03:32:28 [MESSAGE] &f[&9AnimatedNames&f] &eUnable to load placeholders 'skillapi'. Plugin SkillAPI not found!
24/07/2020 03:32:28 [MESSAGE] &f[&9AnimatedNames&f] &eUnable to load placeholders 'simpleclans'. Plugin SimpleClans not found!
24/07/2020 03:32:28 [DEBUG] Loaded placeholder: serverpinger
24/07/2020 03:32:29 [DEBUG] Loaded placeholder: worldborder
24/07/2020 03:32:29 [DEBUG] Loaded placeholder: worldguard
24/07/2020 03:32:29 [INFO] Loading event hook: Vanilla Create portal hook ...
24/07/2020 03:32:29 [INFO] Loading event hook: WorldGuard Region ...
24/07/2020 03:32:29 [INFO] Loading event hook: Vanilla player first join ...
24/07/2020 03:32:29 [INFO] Loading event hook: WorldGuard Region ...
24/07/2020 03:32:29 [INFO] Loading event hook: Vanilla Combat hook ...
24/07/2020 03:32:29 [INFO] Loading event hook: Vanilla Block break hook ...
24/07/2020 03:32:29 [INFO] Loading event hook: Vanilla Block place hook ...
24/07/2020 03:32:29 [INFO] Loading event hook: Vanilla player rejoin ...
24/07/2020 03:32:29 [INFO] Loading event hook: Vanilla player join ...
24/07/2020 03:32:29 [INFO] Loading event hook: Vanilla Death hook ...
24/07/2020 03:32:29 [INFO] Loading event hook: Vanilla Create portal hook ...
24/07/2020 03:32:29 [INFO] Loading event hook: Vanilla player first join ...
24/07/2020 03:32:29 [MESSAGE] &f[&9AnimatedNames&f] &eUnable to load placeholders 'voteparty'. Plugin VoteParty not found!
24/07/2020 03:32:29 [MESSAGE] &f[&9AnimatedNames&f] &eUnable to load placeholders 'voteroulette'. Plugin VoteRoulette not found!
24/07/2020 03:32:29 [MESSAGE] &f[&9AnimatedNames&f] &eUnable to load placeholders 'wickedskywars'. Plugin WickedSkywars not found!
24/07/2020 03:32:29 [DEBUG] Loaded placeholder: world
24/07/2020 03:32:29 [INFO] Loading event hook: Vanilla Death hook ...
24/07/2020 03:32:29 [INFO] Loading event hook: Vanilla player join ...
24/07/2020 03:32:29 [INFO] Loading event hook: Vanilla player rejoin ...
24/07/2020 03:32:29 [INFO] Loading event hook: Vanilla Block place hook ...
24/07/2020 03:32:29 [INFO] Loading event hook: Vanilla Block break hook ...
24/07/2020 03:32:29 [INFO] Loading event hook: Vanilla Combat hook ...
24/07/2020 03:32:29 [DEBUG] 	Adding sub command 'debug'
24/07/2020 03:32:29 [INFO] Adding team name group 'patron' ...
24/07/2020 03:32:29 [DEBUG] 	Adding sub command 'about'
24/07/2020 03:32:29 [INFO] Adding team name group 'helper' ...
24/07/2020 03:32:29 [DEBUG] 	Adding sub command 'permissions'
24/07/2020 03:32:29 [INFO] Adding team name group 'staff' ...
24/07/2020 03:32:29 [DEBUG] 	Adding sub command 'groups'
24/07/2020 03:32:29 [INFO] Preparing team names for existing online players ...
24/07/2020 03:32:29 [INFO] Loading messages ...
24/07/2020 03:32:29 [INFO] Loading language file: lang_en
24/07/2020 03:32:29 [INFO] Loading language file: lang_temp
24/07/2020 03:32:29 [MESSAGE] &6 Префиксы &8| &aYour version is up to date!
24/07/2020 03:32:29 [INFO] Adding command 'animatednames'
24/07/2020 03:32:29 [DEBUG] 	Adding sub command 'placeholders'
24/07/2020 03:32:29 [DEBUG] 	Adding sub command 'parse'
24/07/2020 03:32:29 [DEBUG] 	Adding sub command 'reload'
24/07/2020 03:32:29 [INFO] Adding team name group 'hypesquad' ...
24/07/2020 03:32:29 [INFO] Adding team name group 'main' ...
24/07/2020 03:32:29 [INFO] 	Arguments: 1
24/07/2020 03:32:29 [INFO] 	Lines: 2
24/07/2020 03:32:29 [INFO] Creating new custom effect: warning
24/07/2020 03:32:29 [INFO] Loaded 5075 of the 5075 placholders
24/07/2020 03:32:29 [MESSAGE] &f[&9AnimatedNames&f] &eUnable to load placeholders 'zarphyckskywars'. Plugin SkyWars not found!
24/07/2020 03:32:29 [DEBUG] 	Adding sub command 'help'
