20/10/2018 10:04:15 [INFO] Loading placeholders and event triggers ...
20/10/2018 10:04:15 [INFO] Loading internal placeholders ...
20/10/2018 10:04:15 [DEBUG] Loaded placeholder: CustomPlaceholders
20/10/2018 10:04:15 [DEBUG] Loaded placeholder: MySQL
20/10/2018 10:04:15 [INFO] Fetching available placeholders from server ...
20/10/2018 10:04:15 [INFO] Loading language file: lang_en
20/10/2018 10:04:15 [MESSAGE] &f[&9AnimatedNames&f] &eUnable to load placeholders 'autosell'. Plugin AutoSell not found!
20/10/2018 10:04:16 [MESSAGE] &f[&9AnimatedNames&f] &eUnable to load placeholders 'bedwarsrel'. Plugin BedwarsRel not found!
20/10/2018 10:04:15 [INFO] Loading language file: lang_temp
20/10/2018 10:04:15 [MESSAGE] &f[&9AnimatedNames&f] &eUnable to load placeholders 'acidisland'. Plugin AcidIsland not found!
20/10/2018 10:04:15 [DEBUG] Loaded placeholder: armor
20/10/2018 10:04:15 [MESSAGE] &f[&9AnimatedNames&f] &eUnable to load placeholders 'askyblock'. Plugin ASkyBlock not found!
20/10/2018 10:04:15 [MESSAGE] &f[&9AnimatedNames&f] &eUnable to load placeholders 'auctions'. Plugin Auctions not found!
20/10/2018 10:04:15 [MESSAGE] &f[&9AnimatedNames&f] &eUnable to load placeholders 'autorank'. Plugin AutoRank not found!
20/10/2018 10:04:16 [MESSAGE] &f[&9AnimatedNames&f] &eUnable to load placeholders 'battlelevels'. Plugin BattleLevels not found!
20/10/2018 10:04:16 [MESSAGE] &f[&9AnimatedNames&f] &eUnable to load placeholders 'biteskywarsreloaded'. Plugin BiteSkyWarsReloaded not found!
20/10/2018 10:04:16 [DEBUG] Loaded placeholder: bukkit
20/10/2018 10:04:16 [MESSAGE] &f[&9AnimatedNames&f] &eUnable to load placeholders 'bungeeonlinetime'. Plugin BungeeOnlineTime not found!
20/10/2018 10:04:16 [DEBUG] Loaded placeholder: command
20/10/2018 10:04:16 [MESSAGE] &f[&9AnimatedNames&f] &eUnable to load placeholders 'customlist'. Plugin ChatReaction not found!
20/10/2018 10:04:16 [MESSAGE] &f[&9AnimatedNames&f] &eUnable to load placeholders 'diceeaster'. Plugin DiceEaster not found!
20/10/2018 10:04:16 [MESSAGE] &f[&9AnimatedNames&f] &eUnable to load placeholders 'donationsholograms'. Plugin DonationsHolograms not found!
20/10/2018 10:04:16 [DEBUG] Loaded placeholder: playereffects
20/10/2018 10:04:16 [MESSAGE] &f[&9AnimatedNames&f] &eUnable to load placeholders 'enjin'. Plugin EnjinMinecraftPlugin not found!
20/10/2018 10:04:16 [DEBUG] Loaded placeholder: essentials
20/10/2018 10:04:16 [MESSAGE] &f[&9AnimatedNames&f] &eUnable to load placeholders 'ezprestige'. Plugin EZPrestige not found!
20/10/2018 10:04:16 [MESSAGE] &f[&9AnimatedNames&f] &eUnable to load placeholders 'ezrankspro'. Plugin EZRanksPro not found!
20/10/2018 10:04:16 [MESSAGE] &f[&9AnimatedNames&f] &eUnable to load placeholders 'factions1_8'. Plugin Factions not found!
20/10/2018 10:04:17 [MESSAGE] &f[&9AnimatedNames&f] &eUnable to load placeholders 'factions1_6'. Plugin Factions not found!
20/10/2018 10:04:17 [MESSAGE] &f[&9AnimatedNames&f] &eUnable to load placeholders 'galistener'. Plugin GAListener not found!
20/10/2018 10:04:17 [MESSAGE] &f[&9AnimatedNames&f] &eUnable to load placeholders 'teams'. Plugin Teams not found!
20/10/2018 10:04:17 [MESSAGE] &f[&9AnimatedNames&f] &eUnable to load placeholders 'griefprevention'. Plugin GriefPrevention not found!
20/10/2018 10:04:17 [DEBUG] Loaded placeholder: hotbar
20/10/2018 10:04:17 [DEBUG] Loaded placeholder: java
20/10/2018 10:04:17 [MESSAGE] &f[&9AnimatedNames&f] &eUnable to load placeholders 'jobsreborn'. Plugin Jobs not found!
20/10/2018 10:04:17 [MESSAGE] &f[&9AnimatedNames&f] &eUnable to load placeholders 'killstats'. Plugin KillStats not found!
20/10/2018 10:04:17 [MESSAGE] &f[&9AnimatedNames&f] &eUnable to load placeholders 'kitbattle'. Plugin KitBattle not found!
20/10/2018 10:04:17 [MESSAGE] &f[&9AnimatedNames&f] &eUnable to load placeholders 'leaderheads'. Plugin LeaderHeads not found!
20/10/2018 10:04:17 [DEBUG] Loaded placeholder: libsdisguises
20/10/2018 10:04:17 [MESSAGE] &f[&9AnimatedNames&f] &eUnable to load placeholders 'magic'. Plugin Magic not found!
20/10/2018 10:04:17 [MESSAGE] &f[&9AnimatedNames&f] &eUnable to load placeholders 'marriagemaster'. Plugin MarriageMaster not found!
20/10/2018 10:04:17 [MESSAGE] &f[&9AnimatedNames&f] &eUnable to load placeholders 'mcmmo'. Plugin mcMMO not found!
20/10/2018 10:04:17 [MESSAGE] &f[&9AnimatedNames&f] &eUnable to load placeholders 'minecrates'. Plugin MineCrates not found!
20/10/2018 10:04:17 [MESSAGE] &f[&9AnimatedNames&f] &eUnable to load placeholders 'mineresetlite'. Plugin MineResetLite not found!
20/10/2018 10:04:16 [MESSAGE] &f[&9AnimatedNames&f] &eUnable to load placeholders 'bukkitgames'. Plugin BukkitGames not found!
20/10/2018 10:04:17 [MESSAGE] &f[&9AnimatedNames&f] &eUnable to load placeholders 'mobarena'. Plugin MobArena not found!
20/10/2018 10:04:16 [MESSAGE] &f[&9AnimatedNames&f] &eUnable to load placeholders 'bukkitspeak'. Plugin BukkitSpeak not found!
20/10/2018 10:04:17 [MESSAGE] &f[&9AnimatedNames&f] &eUnable to load placeholders 'nicky'. Plugin Nicky not found!
20/10/2018 10:04:17 [DEBUG] Loaded placeholder: permissions
20/10/2018 10:04:17 [MESSAGE] &f[&9AnimatedNames&f] &eUnable to load placeholders 'pl3xicons'. Plugin Pl3xIcons not found!
20/10/2018 10:04:16 [DEBUG] Loaded placeholder: bungeecord
20/10/2018 10:04:17 [DEBUG] Loaded placeholder: player
20/10/2018 10:04:16 [MESSAGE] &f[&9AnimatedNames&f] &eUnable to load placeholders 'chatreaction'. Plugin ChatReaction not found!
20/10/2018 10:04:17 [MESSAGE] &f[&9AnimatedNames&f] &eUnable to load placeholders 'playtimerewardsrecoded'. Plugin PlayTimeRewardsRecoded not found!
20/10/2018 10:04:16 [DEBUG] Loaded placeholder: color
20/10/2018 10:04:18 [MESSAGE] &f[&9AnimatedNames&f] &eUnable to load placeholders 'plotsquared'. Plugin PlotSquared not found!
20/10/2018 10:04:16 [DEBUG] Loaded placeholder: compass
20/10/2018 10:04:18 [DEBUG] Loaded placeholder: previousnames
20/10/2018 10:04:16 [MESSAGE] &f[&9AnimatedNames&f] &eUnable to load placeholders 'deluxetags'. Plugin DeluxeTags not found!
20/10/2018 10:04:18 [MESSAGE] &f[&9AnimatedNames&f] &eUnable to load placeholders 'pvptimer'. Plugin PvPTimer not found!
20/10/2018 10:04:16 [MESSAGE] &f[&9AnimatedNames&f] &eUnable to load placeholders 'disease'. Plugin Disease not found!
20/10/2018 10:04:18 [MESSAGE] &f[&9AnimatedNames&f] &eUnable to load placeholders 'rankupcrayons'. Plugin RankUp not found!
20/10/2018 10:04:16 [DEBUG] Loaded placeholder: economy
20/10/2018 10:04:18 [DEBUG] Loaded placeholder: redisbungee
20/10/2018 10:04:16 [MESSAGE] &f[&9AnimatedNames&f] &eUnable to load placeholders 'enchantmenttokens'. Plugin EnchantmentTokens not found!
20/10/2018 10:04:16 [DEBUG] Loaded placeholder: entities
20/10/2018 10:04:16 [MESSAGE] &f[&9AnimatedNames&f] &eUnable to load placeholders 'ezblocks'. Plugin EZBlocks not found!
20/10/2018 10:04:18 [MESSAGE] &f[&9AnimatedNames&f] &eUnable to load placeholders 'simpleclans'. Plugin SimpleClans not found!
20/10/2018 10:04:16 [MESSAGE] &f[&9AnimatedNames&f] &eUnable to load placeholders 'ezrankslite2'. Plugin EZRanksLite not found!
20/10/2018 10:04:18 [MESSAGE] &f[&9AnimatedNames&f] &eUnable to load placeholders 'skript'. Plugin Skript not found!
20/10/2018 10:04:16 [MESSAGE] &f[&9AnimatedNames&f] &eUnable to load placeholders 'thrist'. Plugin Thrist not found!
20/10/2018 10:04:18 [MESSAGE] &f[&9AnimatedNames&f] &eUnable to load placeholders 'skywarsreloaded'. Plugin SkyWarsReloaded not found!
20/10/2018 10:04:16 [DEBUG] Loaded placeholder: facebook
20/10/2018 10:04:18 [MESSAGE] &f[&9AnimatedNames&f] &eUnable to load placeholders 'sqlperms'. Plugin SQLPerms not found!
20/10/2018 10:04:16 [MESSAGE] &f[&9AnimatedNames&f] &eUnable to load placeholders 'factions2'. Plugin Factions not found!
20/10/2018 10:04:18 [MESSAGE] &f[&9AnimatedNames&f] &eUnable to load placeholders 'stockmarket'. Plugin StockMarket not found!
20/10/2018 10:04:17 [DEBUG] Loaded placeholder: firework
20/10/2018 10:04:18 [MESSAGE] &f[&9AnimatedNames&f] &eUnable to load placeholders 'survivalgameswazup'. Plugin SurvivalGames not found!
20/10/2018 10:04:17 [MESSAGE] &f[&9AnimatedNames&f] &eUnable to load placeholders 'gangsplus1'. Plugin GangsPlus not found!
20/10/2018 10:04:18 [MESSAGE] &f[&9AnimatedNames&f] &eUnable to load placeholders 'tokenenchant'. Plugin TokenEnchant not found!
20/10/2018 10:04:17 [DEBUG] Loaded placeholder: geographical
20/10/2018 10:04:18 [MESSAGE] &f[&9AnimatedNames&f] &eUnable to load placeholders 'townychat'. Plugin TownyChat not found!
20/10/2018 10:04:17 [MESSAGE] &f[&9AnimatedNames&f] &eUnable to load placeholders 'heroes'. Plugin Heroes not found!
20/10/2018 10:04:18 [MESSAGE] &f[&9AnimatedNames&f] &eUnable to load placeholders 'ultimatevotes'. Plugin UltimateVotes not found!
20/10/2018 10:04:17 [MESSAGE] &f[&9AnimatedNames&f] &eUnable to load placeholders 'islandworld'. Plugin IslandWorld not found!
20/10/2018 10:04:18 [MESSAGE] &f[&9AnimatedNames&f] &eUnable to load placeholders 'uskyblock'. Plugin uSkyBlock not found!
20/10/2018 10:04:17 [MESSAGE] &f[&9AnimatedNames&f] &eUnable to load placeholders 'jobs'. Plugin Jobs not found!
20/10/2018 10:04:18 [INFO] Loading event hook: Vanilla Combat hook ...
20/10/2018 10:04:17 [MESSAGE] &f[&9AnimatedNames&f] &eUnable to load placeholders 'killermoney'. Plugin KillerMoney not found!
20/10/2018 10:04:18 [INFO] Loading event hook: Vanilla Block place hook ...
20/10/2018 10:04:17 [MESSAGE] &f[&9AnimatedNames&f] &eUnable to load placeholders 'killrewards'. Plugin KillRewards not found!
20/10/2018 10:04:18 [INFO] Loading event hook: Vanilla player join ...
20/10/2018 10:04:17 [MESSAGE] &f[&9AnimatedNames&f] &eUnable to load placeholders 'kingkits'. Plugin KingKits not found!
20/10/2018 10:04:17 [MESSAGE] &f[&9AnimatedNames&f] &eUnable to load placeholders 'subsidekoth'. Plugin LeaderHeads not found!
20/10/2018 10:04:18 [INFO] Loading event hook: Vanilla player first join ...
20/10/2018 10:04:17 [MESSAGE] &f[&9AnimatedNames&f] &eUnable to load placeholders 'legendquest'. Plugin LegendQuest not found!
20/10/2018 10:04:18 [INFO] Loading event hook: Vanilla Block break hook ...
20/10/2018 10:04:17 [MESSAGE] &f[&9AnimatedNames&f] &eUnable to load placeholders 'lwc'. Plugin LWC not found!
20/10/2018 10:04:18 [INFO] Loading event hook: Vanilla player rejoin ...
20/10/2018 10:04:17 [MESSAGE] &f[&9AnimatedNames&f] &eUnable to load placeholders 'marriage'. Plugin Marriage not found!
20/10/2018 10:04:17 [MESSAGE] &f[&9AnimatedNames&f] &eUnable to load placeholders 'mcinfected'. Plugin McInfected not found!
20/10/2018 10:04:18 [INFO] Loading event hook: Vanilla Death hook ...
20/10/2018 10:04:17 [DEBUG] Loaded placeholder: memory
20/10/2018 10:04:18 [INFO] Loading event hook: Vanilla player first join ...
20/10/2018 10:04:17 [MESSAGE] &f[&9AnimatedNames&f] &eUnable to load placeholders 'minefortress'. Plugin MineFortress not found!
20/10/2018 10:04:18 [MESSAGE] &f[&9AnimatedNames&f] &eUnable to load placeholders 'voteroulette'. Plugin VoteRoulette not found!
20/10/2018 10:04:17 [MESSAGE] &f[&9AnimatedNames&f] &eUnable to load placeholders 'mineresetliteplus'. Plugin MineResetLitePlus not found!
20/10/2018 10:04:18 [DEBUG] Loaded placeholder: world
20/10/2018 10:04:17 [MESSAGE] &f[&9AnimatedNames&f] &eUnable to load placeholders 'mineversechat'. Plugin MineverseChat not found!
20/10/2018 10:04:18 [DEBUG] Loaded placeholder: worldguard
20/10/2018 10:04:17 [MESSAGE] &f[&9AnimatedNames&f] &eUnable to load placeholders 'multiverse'. Plugin Multiverse-Core not found!
20/10/2018 10:04:18 [MESSAGE] &f[&9AnimatedNames&f] &eUnable to load placeholders 'zarphyckskywars'. Plugin SkyWars not found!
20/10/2018 10:04:17 [MESSAGE] &f[&9AnimatedNames&f] &eUnable to load placeholders 'ontime'. Plugin OnTime not found!
20/10/2018 10:04:18 [INFO] Creating new custom effect: warning
20/10/2018 10:04:17 [MESSAGE] &f[&9AnimatedNames&f] &eUnable to load placeholders 'picknchewstatistics'. Plugin PickNChew not found!
20/10/2018 10:04:18 [INFO] 	Arguments: 1
20/10/2018 10:04:17 [DEBUG] Loaded placeholder: placeholderapi
20/10/2018 10:04:18 [INFO] Adding team name group 'hypesquad' ...
20/10/2018 10:04:17 [MESSAGE] &f[&9AnimatedNames&f] &eUnable to load placeholders 'playerpoints'. Plugin PlayerPoints not found!
20/10/2018 10:04:18 [INFO] Preparing team names for existing online players ...
20/10/2018 10:04:18 [MESSAGE] &f[&9AnimatedNames&f] &eUnable to load placeholders 'plotme'. Plugin PlotMe not found!
20/10/2018 10:04:18 [INFO] Loading language file: lang_en
20/10/2018 10:04:18 [MESSAGE] &f[&9AnimatedNames&f] &eUnable to load placeholders 'plotz'. Plugin Plotz not found!
20/10/2018 10:04:19 [MESSAGE] &a Префиксы &7> &aYour version is up to date!
20/10/2018 10:04:18 [MESSAGE] &f[&9AnimatedNames&f] &eUnable to load placeholders 'prison3'. Plugin Prison3 not found!
20/10/2018 10:04:18 [MESSAGE] &f[&9AnimatedNames&f] &eUnable to load placeholders 'prisonmines'. Plugin PrisonMines not found!
20/10/2018 10:04:19 [DEBUG] 	Adding sub command 'groups'
20/10/2018 10:04:18 [DEBUG] Loaded placeholder: quests
20/10/2018 10:04:19 [DEBUG] 	Adding sub command 'reload'
20/10/2018 10:04:19 [DEBUG] 	Adding sub command 'about'
20/10/2018 10:04:18 [MESSAGE] &f[&9AnimatedNames&f] &eUnable to load placeholders 'sellall'. Plugin SellAll not found!
20/10/2018 10:04:18 [DEBUG] Loaded placeholder: serverpinger
20/10/2018 10:04:18 [MESSAGE] &f[&9AnimatedNames&f] &eUnable to load placeholders 'skillapi'. Plugin SkillAPI not found!
20/10/2018 10:04:18 [MESSAGE] &f[&9AnimatedNames&f] &eUnable to load placeholders 'skywars'. Plugin SkyWars not found!
20/10/2018 10:04:18 [DEBUG] Loaded placeholder: sound
20/10/2018 10:04:18 [DEBUG] Loaded placeholder: statistics
20/10/2018 10:04:18 [MESSAGE] &f[&9AnimatedNames&f] &eUnable to load placeholders 'stockmarket-yahoofinance'. Plugin StockMarket not found!
20/10/2018 10:04:18 [MESSAGE] &f[&9AnimatedNames&f] &eUnable to load placeholders 'superbvote'. Plugin SuperbVote not found!
20/10/2018 10:04:18 [DEBUG] Loaded placeholder: tickspersecond
20/10/2018 10:04:18 [MESSAGE] &f[&9AnimatedNames&f] &eUnable to load placeholders 'towny'. Plugin Towny not found!
20/10/2018 10:04:18 [DEBUG] Loaded placeholder: twitter
20/10/2018 10:04:18 [DEBUG] Loaded placeholder: unicode
20/10/2018 10:04:18 [DEBUG] Loaded placeholder: vanillaevents
20/10/2018 10:04:18 [INFO] Loading event hook: Vanilla Block break hook ...
20/10/2018 10:04:18 [INFO] Loading event hook: Vanilla player rejoin ...
20/10/2018 10:04:18 [INFO] Loading event hook: Vanilla Death hook ...
20/10/2018 10:04:18 [INFO] Loading event hook: Vanilla Create portal hook ...
20/10/2018 10:04:18 [INFO] Loading event hook: Vanilla Combat hook ...
20/10/2018 10:04:18 [INFO] Loading event hook: Vanilla Block place hook ...
20/10/2018 10:04:18 [INFO] Loading event hook: Vanilla player join ...
20/10/2018 10:04:18 [INFO] Loading event hook: Vanilla Create portal hook ...
20/10/2018 10:04:18 [MESSAGE] &f[&9AnimatedNames&f] &eUnable to load placeholders 'voteparty'. Plugin VoteParty not found!
20/10/2018 10:04:18 [MESSAGE] &f[&9AnimatedNames&f] &eUnable to load placeholders 'wickedskywars'. Plugin WickedSkywars not found!
20/10/2018 10:04:18 [MESSAGE] &f[&9AnimatedNames&f] &eUnable to load placeholders 'worldborder'. Plugin WorldBorder not found!
20/10/2018 10:04:18 [INFO] Loading event hook: WorldGuard Region ...
20/10/2018 10:04:18 [INFO] Loading event hook: WorldGuard Region ...
20/10/2018 10:04:18 [INFO] Loaded 3652 of the 3652 placholders
20/10/2018 10:04:18 [INFO] 	Lines: 2
20/10/2018 10:04:18 [INFO] Adding team name group 'helper' ...
20/10/2018 10:04:18 [INFO] Loading messages ...
20/10/2018 10:04:18 [INFO] Loading language file: lang_temp
20/10/2018 10:04:19 [INFO] Adding command 'animatednames'
20/10/2018 10:04:19 [DEBUG] 	Adding sub command 'placeholders'
20/10/2018 10:04:19 [DEBUG] 	Adding sub command 'parse'
20/10/2018 10:04:19 [DEBUG] 	Adding sub command 'debug'
20/10/2018 10:04:19 [DEBUG] 	Adding sub command 'permissions'
20/10/2018 10:04:19 [DEBUG] 	Adding sub command 'help'
