22/10/2019 17:12:01 [MESSAGE] &f[&9AnimatedNames&f] &eUnable to load placeholders 'autorank'. Plugin AutoRank not found!
22/10/2019 17:12:01 [INFO] Loading language file: lang_temp
22/10/2019 17:12:01 [INFO] Fetching available placeholders from server ...
22/10/2019 17:12:01 [DEBUG] Loaded placeholder: MySQL
22/10/2019 17:12:01 [INFO] Loading internal placeholders ...
22/10/2019 17:12:01 [INFO] Loading placeholders and event triggers ...
22/10/2019 17:12:01 [MESSAGE] &f[&9AnimatedNames&f] &eUnable to load placeholders 'battlelevels'. Plugin BattleLevels not found!
22/10/2019 17:12:01 [MESSAGE] &f[&9AnimatedNames&f] &eUnable to load placeholders 'autosell'. Plugin AutoSell not found!
22/10/2019 17:12:01 [MESSAGE] &f[&9AnimatedNames&f] &eUnable to load placeholders 'auctions'. Plugin Auctions not found!
22/10/2019 17:12:01 [MESSAGE] &f[&9AnimatedNames&f] &eUnable to load placeholders 'askyblock'. Plugin ASkyBlock not found!
22/10/2019 17:12:01 [DEBUG] Loaded placeholder: armor
22/10/2019 17:12:01 [MESSAGE] &f[&9AnimatedNames&f] &eUnable to load placeholders 'acidisland'. Plugin AcidIsland not found!
22/10/2019 17:12:01 [INFO] Loading language file: lang_en
22/10/2019 17:12:01 [DEBUG] Loaded placeholder: CustomPlaceholders
22/10/2019 17:12:02 [MESSAGE] &f[&9AnimatedNames&f] &eUnable to load placeholders 'bukkitspeak'. Plugin BukkitSpeak not found!
22/10/2019 17:12:01 [MESSAGE] &f[&9AnimatedNames&f] &eUnable to load placeholders 'bedwarsrel'. Plugin BedwarsRel not found!
22/10/2019 17:12:01 [MESSAGE] &f[&9AnimatedNames&f] &eUnable to load placeholders 'biteskywarsreloaded'. Plugin BiteSkyWarsReloaded not found!
22/10/2019 17:12:01 [MESSAGE] &f[&9AnimatedNames&f] &eUnable to load placeholders 'bukkitgames'. Plugin BukkitGames not found!
22/10/2019 17:12:01 [DEBUG] Loaded placeholder: bukkit
22/10/2019 17:12:02 [MESSAGE] &f[&9AnimatedNames&f] &eUnable to load placeholders 'customlist'. Plugin ChatReaction not found!
22/10/2019 17:12:02 [DEBUG] Loaded placeholder: entities
22/10/2019 17:12:02 [MESSAGE] &f[&9AnimatedNames&f] &eUnable to load placeholders 'deluxetags'. Plugin DeluxeTags not found!
22/10/2019 17:12:02 [MESSAGE] &f[&9AnimatedNames&f] &eUnable to load placeholders 'diceeaster'. Plugin DiceEaster not found!
22/10/2019 17:12:02 [MESSAGE] &f[&9AnimatedNames&f] &eUnable to load placeholders 'chatreaction'. Plugin ChatReaction not found!
22/10/2019 17:12:02 [MESSAGE] &f[&9AnimatedNames&f] &eUnable to load placeholders 'disease'. Plugin Disease not found!
22/10/2019 17:12:02 [MESSAGE] &f[&9AnimatedNames&f] &eUnable to load placeholders 'donationsholograms'. Plugin DonationsHolograms not found!
22/10/2019 17:12:02 [DEBUG] Loaded placeholder: color
22/10/2019 17:12:02 [DEBUG] Loaded placeholder: economy
22/10/2019 17:12:02 [DEBUG] Loaded placeholder: command
22/10/2019 17:12:02 [DEBUG] Loaded placeholder: playereffects
22/10/2019 17:12:02 [MESSAGE] &f[&9AnimatedNames&f] &eUnable to load placeholders 'enchantmenttokens'. Plugin EnchantmentTokens not found!
22/10/2019 17:12:02 [MESSAGE] &f[&9AnimatedNames&f] &eUnable to load placeholders 'enjin'. Plugin EnjinMinecraftPlugin not found!
22/10/2019 17:12:02 [DEBUG] Loaded placeholder: essentials
22/10/2019 17:12:02 [DEBUG] Loaded placeholder: compass
22/10/2019 17:12:02 [DEBUG] Loaded placeholder: bungeecord
22/10/2019 17:12:02 [MESSAGE] &f[&9AnimatedNames&f] &eUnable to load placeholders 'bungeeonlinetime'. Plugin BungeeOnlineTime not found!
22/10/2019 17:12:03 [MESSAGE] &f[&9AnimatedNames&f] &eUnable to load placeholders 'gangsplus1'. Plugin GangsPlus not found!
22/10/2019 17:12:03 [DEBUG] Loaded placeholder: firework
22/10/2019 17:12:03 [DEBUG] Loaded placeholder: geographical
22/10/2019 17:12:02 [MESSAGE] &f[&9AnimatedNames&f] &eUnable to load placeholders 'ezrankspro'. Plugin EZRanksPro not found!
22/10/2019 17:12:02 [MESSAGE] &f[&9AnimatedNames&f] &eUnable to load placeholders 'ezprestige'. Plugin EZPrestige not found!
22/10/2019 17:12:02 [DEBUG] Loaded placeholder: facebook
22/10/2019 17:12:02 [MESSAGE] &f[&9AnimatedNames&f] &eUnable to load placeholders 'ezrankslite2'. Plugin EZRanksLite not found!
22/10/2019 17:12:02 [MESSAGE] &f[&9AnimatedNames&f] &eUnable to load placeholders 'thrist'. Plugin Thrist not found!
22/10/2019 17:12:03 [MESSAGE] &f[&9AnimatedNames&f] &eUnable to load placeholders 'factions1_8'. Plugin Factions not found!
22/10/2019 17:12:03 [MESSAGE] &f[&9AnimatedNames&f] &eUnable to load placeholders 'factions2'. Plugin Factions not found!
22/10/2019 17:12:03 [MESSAGE] &f[&9AnimatedNames&f] &eUnable to load placeholders 'factions1_6'. Plugin Factions not found!
22/10/2019 17:12:03 [MESSAGE] &f[&9AnimatedNames&f] &eUnable to load placeholders 'galistener'. Plugin GAListener not found!
22/10/2019 17:12:03 [MESSAGE] &f[&9AnimatedNames&f] &eUnable to load placeholders 'teams'. Plugin Teams not found!
22/10/2019 17:12:03 [MESSAGE] &f[&9AnimatedNames&f] &eUnable to load placeholders 'griefprevention'. Plugin GriefPrevention not found!
22/10/2019 17:12:03 [MESSAGE] &f[&9AnimatedNames&f] &eUnable to load placeholders 'heroes'. Plugin Heroes not found!
22/10/2019 17:12:03 [DEBUG] Loaded placeholder: hotbar
22/10/2019 17:12:03 [MESSAGE] &f[&9AnimatedNames&f] &eUnable to load placeholders 'islandworld'. Plugin IslandWorld not found!
22/10/2019 17:12:02 [MESSAGE] &f[&9AnimatedNames&f] &eUnable to load placeholders 'ezblocks'. Plugin EZBlocks not found!
22/10/2019 17:12:03 [MESSAGE] &f[&9AnimatedNames&f] &eUnable to load placeholders 'jobsreborn'. Plugin Jobs not found!
22/10/2019 17:12:03 [MESSAGE] &f[&9AnimatedNames&f] &eUnable to load placeholders 'killermoney'. Plugin KillerMoney not found!
22/10/2019 17:12:03 [DEBUG] Loaded placeholder: marriage
22/10/2019 17:12:03 [MESSAGE] &f[&9AnimatedNames&f] &eUnable to load placeholders 'killrewards'. Plugin KillRewards not found!
22/10/2019 17:12:03 [MESSAGE] &f[&9AnimatedNames&f] &eUnable to load placeholders 'marriagemaster'. Plugin MarriageMaster not found!
22/10/2019 17:12:03 [MESSAGE] &f[&9AnimatedNames&f] &eUnable to load placeholders 'killstats'. Plugin KillStats not found!
22/10/2019 17:12:04 [MESSAGE] &f[&9AnimatedNames&f] &eUnable to load placeholders 'mcinfected'. Plugin McInfected not found!
22/10/2019 17:12:03 [MESSAGE] &f[&9AnimatedNames&f] &eUnable to load placeholders 'kingkits'. Plugin KingKits not found!
22/10/2019 17:12:04 [MESSAGE] &f[&9AnimatedNames&f] &eUnable to load placeholders 'mcmmo'. Plugin mcMMO not found!
22/10/2019 17:12:03 [MESSAGE] &f[&9AnimatedNames&f] &eUnable to load placeholders 'kitbattle'. Plugin KitBattle not found!
22/10/2019 17:12:04 [DEBUG] Loaded placeholder: memory
22/10/2019 17:12:03 [MESSAGE] &f[&9AnimatedNames&f] &eUnable to load placeholders 'subsidekoth'. Plugin LeaderHeads not found!
22/10/2019 17:12:04 [MESSAGE] &f[&9AnimatedNames&f] &eUnable to load placeholders 'minecrates'. Plugin MineCrates not found!
22/10/2019 17:12:03 [MESSAGE] &f[&9AnimatedNames&f] &eUnable to load placeholders 'leaderheads'. Plugin LeaderHeads not found!
22/10/2019 17:12:03 [MESSAGE] &f[&9AnimatedNames&f] &eUnable to load placeholders 'legendquest'. Plugin LegendQuest not found!
22/10/2019 17:12:03 [DEBUG] Loaded placeholder: libsdisguises
22/10/2019 17:12:03 [MESSAGE] &f[&9AnimatedNames&f] &eUnable to load placeholders 'lwc'. Plugin LWC not found!
22/10/2019 17:12:03 [MESSAGE] &f[&9AnimatedNames&f] &eUnable to load placeholders 'magic'. Plugin Magic not found!
22/10/2019 17:12:03 [MESSAGE] &f[&9AnimatedNames&f] &eUnable to load placeholders 'jobs'. Plugin Jobs not found!
22/10/2019 17:12:03 [DEBUG] Loaded placeholder: java
22/10/2019 17:12:04 [MESSAGE] &f[&9AnimatedNames&f] &eUnable to load placeholders 'mineversechat'. Plugin MineverseChat not found!
22/10/2019 17:12:04 [MESSAGE] &f[&9AnimatedNames&f] &eUnable to load placeholders 'mobarena'. Plugin MobArena not found!
22/10/2019 17:12:04 [MESSAGE] &f[&9AnimatedNames&f] &eUnable to load placeholders 'multiverse'. Plugin Multiverse-Core not found!
22/10/2019 17:12:04 [DEBUG] Loaded placeholder: permissions
22/10/2019 17:12:04 [MESSAGE] &f[&9AnimatedNames&f] &eUnable to load placeholders 'nicky'. Plugin Nicky not found!
22/10/2019 17:12:04 [MESSAGE] &f[&9AnimatedNames&f] &eUnable to load placeholders 'pl3xicons'. Plugin Pl3xIcons not found!
22/10/2019 17:12:04 [MESSAGE] &f[&9AnimatedNames&f] &eUnable to load placeholders 'ontime'. Plugin OnTime not found!
22/10/2019 17:12:04 [DEBUG] Loaded placeholder: player
22/10/2019 17:12:04 [MESSAGE] &f[&9AnimatedNames&f] &eUnable to load placeholders 'picknchewstatistics'. Plugin PickNChew not found!
22/10/2019 17:12:04 [MESSAGE] &f[&9AnimatedNames&f] &eUnable to load placeholders 'playtimerewardsrecoded'. Plugin PlayTimeRewardsRecoded not found!
22/10/2019 17:12:04 [DEBUG] Loaded placeholder: placeholderapi
22/10/2019 17:12:04 [MESSAGE] &f[&9AnimatedNames&f] &eUnable to load placeholders 'plotsquared'. Plugin PlotSquared not found!
22/10/2019 17:12:04 [MESSAGE] &f[&9AnimatedNames&f] &eUnable to load placeholders 'playerpoints'. Plugin PlayerPoints not found!
22/10/2019 17:12:04 [DEBUG] Loaded placeholder: previousnames
22/10/2019 17:12:04 [MESSAGE] &f[&9AnimatedNames&f] &eUnable to load placeholders 'plotme'. Plugin PlotMe not found!
22/10/2019 17:12:04 [MESSAGE] &f[&9AnimatedNames&f] &eUnable to load placeholders 'mineresetliteplus'. Plugin MineResetLitePlus not found!
22/10/2019 17:12:04 [MESSAGE] &f[&9AnimatedNames&f] &eUnable to load placeholders 'plotz'. Plugin Plotz not found!
22/10/2019 17:12:04 [MESSAGE] &f[&9AnimatedNames&f] &eUnable to load placeholders 'mineresetlite'. Plugin MineResetLite not found!
22/10/2019 17:12:04 [MESSAGE] &f[&9AnimatedNames&f] &eUnable to load placeholders 'prison3'. Plugin Prison3 not found!
22/10/2019 17:12:04 [MESSAGE] &f[&9AnimatedNames&f] &eUnable to load placeholders 'prisonmines'. Plugin PrisonMines not found!
22/10/2019 17:12:04 [MESSAGE] &f[&9AnimatedNames&f] &eUnable to load placeholders 'minefortress'. Plugin MineFortress not found!
22/10/2019 17:12:04 [MESSAGE] &f[&9AnimatedNames&f] &eUnable to load placeholders 'simpleclans'. Plugin SimpleClans not found!
22/10/2019 17:12:05 [DEBUG] Loaded placeholder: skript
22/10/2019 17:12:05 [MESSAGE] &f[&9AnimatedNames&f] &eUnable to load placeholders 'skywarsreloaded'. Plugin SkyWarsReloaded not found!
22/10/2019 17:12:05 [MESSAGE] &f[&9AnimatedNames&f] &eUnable to load placeholders 'sqlperms'. Plugin SQLPerms not found!
22/10/2019 17:12:05 [MESSAGE] &f[&9AnimatedNames&f] &eUnable to load placeholders 'stockmarket-yahoofinance'. Plugin StockMarket not found!
22/10/2019 17:12:05 [MESSAGE] &f[&9AnimatedNames&f] &eUnable to load placeholders 'superbvote'. Plugin SuperbVote not found!
22/10/2019 17:12:04 [DEBUG] Loaded placeholder: redisbungee
22/10/2019 17:12:04 [MESSAGE] &f[&9AnimatedNames&f] &eUnable to load placeholders 'rankupcrayons'. Plugin RankUp not found!
22/10/2019 17:12:04 [MESSAGE] &f[&9AnimatedNames&f] &eUnable to load placeholders 'sellall'. Plugin SellAll not found!
22/10/2019 17:12:04 [DEBUG] Loaded placeholder: serverpinger
22/10/2019 17:12:05 [MESSAGE] &f[&9AnimatedNames&f] &eUnable to load placeholders 'skillapi'. Plugin SkillAPI not found!
22/10/2019 17:12:05 [MESSAGE] &f[&9AnimatedNames&f] &eUnable to load placeholders 'skywars'. Plugin SkyWars not found!
22/10/2019 17:12:05 [DEBUG] Loaded placeholder: sound
22/10/2019 17:12:05 [DEBUG] Loaded placeholder: statistics
22/10/2019 17:12:05 [MESSAGE] &f[&9AnimatedNames&f] &eUnable to load placeholders 'stockmarket'. Plugin StockMarket not found!
22/10/2019 17:12:05 [MESSAGE] &f[&9AnimatedNames&f] &eUnable to load placeholders 'survivalgameswazup'. Plugin SurvivalGames not found!
22/10/2019 17:12:04 [DEBUG] Loaded placeholder: quests
22/10/2019 17:12:05 [DEBUG] Loaded placeholder: tickspersecond
22/10/2019 17:12:05 [MESSAGE] &f[&9AnimatedNames&f] &eUnable to load placeholders 'tokenenchant'. Plugin TokenEnchant not found!
22/10/2019 17:12:04 [MESSAGE] &f[&9AnimatedNames&f] &eUnable to load placeholders 'pvptimer'. Plugin PvPTimer not found!
22/10/2019 17:12:05 [INFO] Loading event hook: Vanilla Block break hook ...
22/10/2019 17:12:05 [INFO] Loading event hook: Vanilla Block place hook ...
22/10/2019 17:12:05 [INFO] Loading event hook: Vanilla player rejoin ...
22/10/2019 17:12:05 [INFO] Loading event hook: Vanilla player join ...
22/10/2019 17:12:05 [INFO] Loading event hook: Vanilla Death hook ...
22/10/2019 17:12:05 [INFO] Loading event hook: Vanilla Create portal hook ...
22/10/2019 17:12:05 [INFO] Loading event hook: Vanilla player first join ...
22/10/2019 17:12:05 [DEBUG] Loaded placeholder: twitter
22/10/2019 17:12:05 [MESSAGE] &f[&9AnimatedNames&f] &eUnable to load placeholders 'ultimatevotes'. Plugin UltimateVotes not found!
22/10/2019 17:12:05 [INFO] Loading event hook: Vanilla Combat hook ...
22/10/2019 17:12:05 [MESSAGE] &f[&9AnimatedNames&f] &eUnable to load placeholders 'uskyblock'. Plugin uSkyBlock not found!
22/10/2019 17:12:05 [DEBUG] Loaded placeholder: unicode
22/10/2019 17:12:05 [DEBUG] Loaded placeholder: vanillaevents
22/10/2019 17:12:05 [INFO] Loading event hook: Vanilla Combat hook ...
22/10/2019 17:12:05 [INFO] Loading event hook: Vanilla Block break hook ...
22/10/2019 17:12:05 [INFO] Loading event hook: Vanilla Block place hook ...
22/10/2019 17:12:05 [INFO] Loading event hook: Vanilla player rejoin ...
22/10/2019 17:12:05 [INFO] Loading event hook: Vanilla player join ...
22/10/2019 17:12:05 [INFO] Loading event hook: Vanilla Death hook ...
22/10/2019 17:12:05 [INFO] Loading event hook: Vanilla Create portal hook ...
22/10/2019 17:12:05 [INFO] Loading event hook: Vanilla player first join ...
22/10/2019 17:12:05 [MESSAGE] &f[&9AnimatedNames&f] &eUnable to load placeholders 'voteroulette'. Plugin VoteRoulette not found!
22/10/2019 17:12:05 [MESSAGE] &f[&9AnimatedNames&f] &eUnable to load placeholders 'wickedskywars'. Plugin WickedSkywars not found!
22/10/2019 17:12:05 [DEBUG] Loaded placeholder: world
22/10/2019 17:12:05 [MESSAGE] &f[&9AnimatedNames&f] &eUnable to load placeholders 'worldborder'. Plugin WorldBorder not found!
22/10/2019 17:12:05 [DEBUG] Loaded placeholder: worldguard
22/10/2019 17:12:06 [INFO] Creating new custom effect: warning
22/10/2019 17:12:06 [INFO] Adding team name group 'hypesquad' ...
22/10/2019 17:12:06 [INFO] Loading messages ...
22/10/2019 17:12:06 [INFO] Loading language file: lang_en
22/10/2019 17:12:06 [DEBUG] 	Adding sub command 'placeholders'
22/10/2019 17:12:06 [DEBUG] 	Adding sub command 'reload'
22/10/2019 17:12:06 [DEBUG] 	Adding sub command 'help'
22/10/2019 17:12:05 [INFO] Loading event hook: WorldGuard Region ...
22/10/2019 17:12:05 [INFO] Loading event hook: WorldGuard Region ...
22/10/2019 17:12:06 [MESSAGE] &f[&9AnimatedNames&f] &eUnable to load placeholders 'zarphyckskywars'. Plugin SkyWars not found!
22/10/2019 17:12:06 [INFO] Loaded 5395 of the 5395 placholders
22/10/2019 17:12:06 [INFO] Loading language file: lang_temp
22/10/2019 17:12:06 [INFO] Adding command 'animatednames'
22/10/2019 17:12:06 [MESSAGE] &a Префиксы &8| &aYour version is up to date!
22/10/2019 17:12:06 [INFO] 	Lines: 2
22/10/2019 17:12:06 [INFO] 	Arguments: 1
22/10/2019 17:12:06 [INFO] Adding team name group 'helper' ...
22/10/2019 17:12:06 [INFO] Adding team name group 'main' ...
22/10/2019 17:12:05 [MESSAGE] &f[&9AnimatedNames&f] &eUnable to load placeholders 'voteparty'. Plugin VoteParty not found!
22/10/2019 17:12:06 [DEBUG] 	Adding sub command 'groups'
22/10/2019 17:12:06 [DEBUG] 	Adding sub command 'debug'
22/10/2019 17:12:06 [DEBUG] 	Adding sub command 'parse'
22/10/2019 17:12:06 [DEBUG] 	Adding sub command 'permissions'
22/10/2019 17:12:06 [DEBUG] 	Adding sub command 'about'
22/10/2019 17:12:06 [INFO] Preparing team names for existing online players ...
22/10/2019 17:12:06 [INFO] Adding team name group 'Staff' ...
22/10/2019 17:12:05 [MESSAGE] &f[&9AnimatedNames&f] &eUnable to load placeholders 'towny'. Plugin Towny not found!
22/10/2019 17:12:05 [MESSAGE] &f[&9AnimatedNames&f] &eUnable to load placeholders 'townychat'. Plugin TownyChat not found!
