26/10/2018 10:27:34 [DEBUG] Loaded placeholder: MySQL
26/10/2018 10:27:34 [INFO] Fetching available placeholders from server ...
26/10/2018 10:27:34 [INFO] Loading placeholders and event triggers ...
26/10/2018 10:27:34 [INFO] Loading internal placeholders ...
26/10/2018 10:27:34 [DEBUG] Loaded placeholder: CustomPlaceholders
26/10/2018 10:27:34 [INFO] Loading language file: lang_en
26/10/2018 10:27:34 [INFO] Loading language file: lang_temp
26/10/2018 10:27:34 [MESSAGE] &f[&9AnimatedNames&f] &eUnable to load placeholders 'acidisland'. Plugin AcidIsland not found!
26/10/2018 10:27:34 [DEBUG] Loaded placeholder: armor
26/10/2018 10:27:34 [MESSAGE] &f[&9AnimatedNames&f] &eUnable to load placeholders 'battlelevels'. Plugin BattleLevels not found!
26/10/2018 10:27:34 [MESSAGE] &f[&9AnimatedNames&f] &eUnable to load placeholders 'biteskywarsreloaded'. Plugin BiteSkyWarsReloaded not found!
26/10/2018 10:27:34 [MESSAGE] &f[&9AnimatedNames&f] &eUnable to load placeholders 'bukkitgames'. Plugin BukkitGames not found!
26/10/2018 10:27:34 [MESSAGE] &f[&9AnimatedNames&f] &eUnable to load placeholders 'bukkitspeak'. Plugin BukkitSpeak not found!
26/10/2018 10:27:34 [DEBUG] Loaded placeholder: bungeecord
26/10/2018 10:27:34 [MESSAGE] &f[&9AnimatedNames&f] &eUnable to load placeholders 'bungeeonlinetime'. Plugin BungeeOnlineTime not found!
26/10/2018 10:27:34 [MESSAGE] &f[&9AnimatedNames&f] &eUnable to load placeholders 'chatreaction'. Plugin ChatReaction not found!
26/10/2018 10:27:34 [MESSAGE] &f[&9AnimatedNames&f] &eUnable to load placeholders 'askyblock'. Plugin ASkyBlock not found!
26/10/2018 10:27:34 [DEBUG] Loaded placeholder: color
26/10/2018 10:27:34 [MESSAGE] &f[&9AnimatedNames&f] &eUnable to load placeholders 'auctions'. Plugin Auctions not found!
26/10/2018 10:27:34 [DEBUG] Loaded placeholder: command
26/10/2018 10:27:34 [MESSAGE] &f[&9AnimatedNames&f] &eUnable to load placeholders 'autorank'. Plugin AutoRank not found!
26/10/2018 10:27:34 [MESSAGE] &f[&9AnimatedNames&f] &eUnable to load placeholders 'autosell'. Plugin AutoSell not found!
26/10/2018 10:27:34 [MESSAGE] &f[&9AnimatedNames&f] &eUnable to load placeholders 'bedwarsrel'. Plugin BedwarsRel not found!
26/10/2018 10:27:34 [DEBUG] Loaded placeholder: bukkit
26/10/2018 10:27:34 [DEBUG] Loaded placeholder: compass
26/10/2018 10:27:35 [MESSAGE] &f[&9AnimatedNames&f] &eUnable to load placeholders 'factions2'. Plugin Factions not found!
26/10/2018 10:27:34 [DEBUG] Loaded placeholder: entities
26/10/2018 10:27:34 [MESSAGE] &f[&9AnimatedNames&f] &eUnable to load placeholders 'enchantmenttokens'. Plugin EnchantmentTokens not found!
26/10/2018 10:27:34 [MESSAGE] &f[&9AnimatedNames&f] &eUnable to load placeholders 'donationsholograms'. Plugin DonationsHolograms not found!
26/10/2018 10:27:34 [MESSAGE] &f[&9AnimatedNames&f] &eUnable to load placeholders 'deluxetags'. Plugin DeluxeTags not found!
26/10/2018 10:27:34 [MESSAGE] &f[&9AnimatedNames&f] &eUnable to load placeholders 'ezblocks'. Plugin EZBlocks not found!
26/10/2018 10:27:34 [MESSAGE] &f[&9AnimatedNames&f] &eUnable to load placeholders 'enjin'. Plugin EnjinMinecraftPlugin not found!
26/10/2018 10:27:34 [MESSAGE] &f[&9AnimatedNames&f] &eUnable to load placeholders 'customlist'. Plugin ChatReaction not found!
26/10/2018 10:27:34 [DEBUG] Loaded placeholder: essentials
26/10/2018 10:27:34 [MESSAGE] &f[&9AnimatedNames&f] &eUnable to load placeholders 'diceeaster'. Plugin DiceEaster not found!
26/10/2018 10:27:34 [MESSAGE] &f[&9AnimatedNames&f] &eUnable to load placeholders 'ezprestige'. Plugin EZPrestige not found!
26/10/2018 10:27:34 [MESSAGE] &f[&9AnimatedNames&f] &eUnable to load placeholders 'ezrankslite2'. Plugin EZRanksLite not found!
26/10/2018 10:27:34 [MESSAGE] &f[&9AnimatedNames&f] &eUnable to load placeholders 'ezrankspro'. Plugin EZRanksPro not found!
26/10/2018 10:27:34 [MESSAGE] &f[&9AnimatedNames&f] &eUnable to load placeholders 'thrist'. Plugin Thrist not found!
26/10/2018 10:27:35 [DEBUG] Loaded placeholder: facebook
26/10/2018 10:27:35 [MESSAGE] &f[&9AnimatedNames&f] &eUnable to load placeholders 'factions1_8'. Plugin Factions not found!
26/10/2018 10:27:35 [MESSAGE] &f[&9AnimatedNames&f] &eUnable to load placeholders 'factions1_6'. Plugin Factions not found!
26/10/2018 10:27:34 [DEBUG] Loaded placeholder: playereffects
26/10/2018 10:27:34 [DEBUG] Loaded placeholder: economy
26/10/2018 10:27:34 [MESSAGE] &f[&9AnimatedNames&f] &eUnable to load placeholders 'disease'. Plugin Disease not found!
26/10/2018 10:27:35 [MESSAGE] &f[&9AnimatedNames&f] &eUnable to load placeholders 'galistener'. Plugin GAListener not found!
26/10/2018 10:27:35 [MESSAGE] &f[&9AnimatedNames&f] &eUnable to load placeholders 'gangsplus1'. Plugin GangsPlus not found!
26/10/2018 10:27:35 [MESSAGE] &f[&9AnimatedNames&f] &eUnable to load placeholders 'teams'. Plugin Teams not found!
26/10/2018 10:27:35 [DEBUG] Loaded placeholder: geographical
26/10/2018 10:27:35 [MESSAGE] &f[&9AnimatedNames&f] &eUnable to load placeholders 'griefprevention'. Plugin GriefPrevention not found!
26/10/2018 10:27:35 [MESSAGE] &f[&9AnimatedNames&f] &eUnable to load placeholders 'heroes'. Plugin Heroes not found!
26/10/2018 10:27:35 [DEBUG] Loaded placeholder: hotbar
26/10/2018 10:27:35 [MESSAGE] &f[&9AnimatedNames&f] &eUnable to load placeholders 'islandworld'. Plugin IslandWorld not found!
26/10/2018 10:27:35 [DEBUG] Loaded placeholder: java
26/10/2018 10:27:35 [MESSAGE] &f[&9AnimatedNames&f] &eUnable to load placeholders 'jobs'. Plugin Jobs not found!
26/10/2018 10:27:35 [MESSAGE] &f[&9AnimatedNames&f] &eUnable to load placeholders 'killermoney'. Plugin KillerMoney not found!
26/10/2018 10:27:35 [MESSAGE] &f[&9AnimatedNames&f] &eUnable to load placeholders 'killstats'. Plugin KillStats not found!
26/10/2018 10:27:35 [MESSAGE] &f[&9AnimatedNames&f] &eUnable to load placeholders 'kitbattle'. Plugin KitBattle not found!
26/10/2018 10:27:35 [DEBUG] Loaded placeholder: firework
26/10/2018 10:27:35 [DEBUG] Loaded placeholder: libsdisguises
26/10/2018 10:27:35 [MESSAGE] &f[&9AnimatedNames&f] &eUnable to load placeholders 'legendquest'. Plugin LegendQuest not found!
26/10/2018 10:27:35 [MESSAGE] &f[&9AnimatedNames&f] &eUnable to load placeholders 'leaderheads'. Plugin LeaderHeads not found!
26/10/2018 10:27:36 [MESSAGE] &f[&9AnimatedNames&f] &eUnable to load placeholders 'magic'. Plugin Magic not found!
26/10/2018 10:27:36 [MESSAGE] &f[&9AnimatedNames&f] &eUnable to load placeholders 'marriage'. Plugin Marriage not found!
26/10/2018 10:27:36 [MESSAGE] &f[&9AnimatedNames&f] &eUnable to load placeholders 'marriagemaster'. Plugin MarriageMaster not found!
26/10/2018 10:27:36 [MESSAGE] &f[&9AnimatedNames&f] &eUnable to load placeholders 'mcinfected'. Plugin McInfected not found!
26/10/2018 10:27:36 [MESSAGE] &f[&9AnimatedNames&f] &eUnable to load placeholders 'mcmmo'. Plugin mcMMO not found!
26/10/2018 10:27:36 [DEBUG] Loaded placeholder: memory
26/10/2018 10:27:36 [MESSAGE] &f[&9AnimatedNames&f] &eUnable to load placeholders 'minecrates'. Plugin MineCrates not found!
26/10/2018 10:27:36 [MESSAGE] &f[&9AnimatedNames&f] &eUnable to load placeholders 'minefortress'. Plugin MineFortress not found!
26/10/2018 10:27:36 [MESSAGE] &f[&9AnimatedNames&f] &eUnable to load placeholders 'mineresetlite'. Plugin MineResetLite not found!
26/10/2018 10:27:36 [MESSAGE] &f[&9AnimatedNames&f] &eUnable to load placeholders 'mineresetliteplus'. Plugin MineResetLitePlus not found!
26/10/2018 10:27:36 [MESSAGE] &f[&9AnimatedNames&f] &eUnable to load placeholders 'mineversechat'. Plugin MineverseChat not found!
26/10/2018 10:27:36 [MESSAGE] &f[&9AnimatedNames&f] &eUnable to load placeholders 'mobarena'. Plugin MobArena not found!
26/10/2018 10:27:36 [MESSAGE] &f[&9AnimatedNames&f] &eUnable to load placeholders 'multiverse'. Plugin Multiverse-Core not found!
26/10/2018 10:27:36 [MESSAGE] &f[&9AnimatedNames&f] &eUnable to load placeholders 'nicky'. Plugin Nicky not found!
26/10/2018 10:27:36 [MESSAGE] &f[&9AnimatedNames&f] &eUnable to load placeholders 'ontime'. Plugin OnTime not found!
26/10/2018 10:27:36 [DEBUG] Loaded placeholder: permissions
26/10/2018 10:27:36 [MESSAGE] &f[&9AnimatedNames&f] &eUnable to load placeholders 'picknchewstatistics'. Plugin PickNChew not found!
26/10/2018 10:27:35 [MESSAGE] &f[&9AnimatedNames&f] &eUnable to load placeholders 'lwc'. Plugin LWC not found!
26/10/2018 10:27:35 [MESSAGE] &f[&9AnimatedNames&f] &eUnable to load placeholders 'subsidekoth'. Plugin LeaderHeads not found!
26/10/2018 10:27:35 [MESSAGE] &f[&9AnimatedNames&f] &eUnable to load placeholders 'kingkits'. Plugin KingKits not found!
26/10/2018 10:27:36 [DEBUG] Loaded placeholder: placeholderapi
26/10/2018 10:27:36 [DEBUG] Loaded placeholder: player
26/10/2018 10:27:36 [MESSAGE] &f[&9AnimatedNames&f] &eUnable to load placeholders 'playerpoints'. Plugin PlayerPoints not found!
26/10/2018 10:27:36 [MESSAGE] &f[&9AnimatedNames&f] &eUnable to load placeholders 'playtimerewardsrecoded'. Plugin PlayTimeRewardsRecoded not found!
26/10/2018 10:27:36 [MESSAGE] &f[&9AnimatedNames&f] &eUnable to load placeholders 'plotme'. Plugin PlotMe not found!
26/10/2018 10:27:36 [MESSAGE] &f[&9AnimatedNames&f] &eUnable to load placeholders 'plotsquared'. Plugin PlotSquared not found!
26/10/2018 10:27:36 [MESSAGE] &f[&9AnimatedNames&f] &eUnable to load placeholders 'plotz'. Plugin Plotz not found!
26/10/2018 10:27:36 [DEBUG] Loaded placeholder: previousnames
26/10/2018 10:27:36 [MESSAGE] &f[&9AnimatedNames&f] &eUnable to load placeholders 'prison3'. Plugin Prison3 not found!
26/10/2018 10:27:36 [MESSAGE] &f[&9AnimatedNames&f] &eUnable to load placeholders 'prisonmines'. Plugin PrisonMines not found!
26/10/2018 10:27:36 [MESSAGE] &f[&9AnimatedNames&f] &eUnable to load placeholders 'pvptimer'. Plugin PvPTimer not found!
26/10/2018 10:27:36 [DEBUG] Loaded placeholder: quests
26/10/2018 10:27:36 [MESSAGE] &f[&9AnimatedNames&f] &eUnable to load placeholders 'rankupcrayons'. Plugin RankUp not found!
26/10/2018 10:27:36 [DEBUG] Loaded placeholder: redisbungee
26/10/2018 10:27:36 [MESSAGE] &f[&9AnimatedNames&f] &eUnable to load placeholders 'sellall'. Plugin SellAll not found!
26/10/2018 10:27:36 [DEBUG] Loaded placeholder: serverpinger
26/10/2018 10:27:36 [MESSAGE] &f[&9AnimatedNames&f] &eUnable to load placeholders 'simpleclans'. Plugin SimpleClans not found!
26/10/2018 10:27:36 [MESSAGE] &f[&9AnimatedNames&f] &eUnable to load placeholders 'skillapi'. Plugin SkillAPI not found!
26/10/2018 10:27:36 [MESSAGE] &f[&9AnimatedNames&f] &eUnable to load placeholders 'pl3xicons'. Plugin Pl3xIcons not found!
26/10/2018 10:27:35 [MESSAGE] &f[&9AnimatedNames&f] &eUnable to load placeholders 'killrewards'. Plugin KillRewards not found!
26/10/2018 10:27:36 [MESSAGE] &f[&9AnimatedNames&f] &eUnable to load placeholders 'skywars'. Plugin SkyWars not found!
26/10/2018 10:27:36 [MESSAGE] &f[&9AnimatedNames&f] &eUnable to load placeholders 'skywarsreloaded'. Plugin SkyWarsReloaded not found!
26/10/2018 10:27:36 [DEBUG] Loaded placeholder: sound
26/10/2018 10:27:36 [MESSAGE] &f[&9AnimatedNames&f] &eUnable to load placeholders 'sqlperms'. Plugin SQLPerms not found!
26/10/2018 10:27:37 [DEBUG] Loaded placeholder: statistics
26/10/2018 10:27:37 [MESSAGE] &f[&9AnimatedNames&f] &eUnable to load placeholders 'stockmarket-yahoofinance'. Plugin StockMarket not found!
26/10/2018 10:27:37 [MESSAGE] &f[&9AnimatedNames&f] &eUnable to load placeholders 'stockmarket'. Plugin StockMarket not found!
26/10/2018 10:27:37 [MESSAGE] &f[&9AnimatedNames&f] &eUnable to load placeholders 'superbvote'. Plugin SuperbVote not found!
26/10/2018 10:27:37 [MESSAGE] &f[&9AnimatedNames&f] &eUnable to load placeholders 'survivalgameswazup'. Plugin SurvivalGames not found!
26/10/2018 10:27:37 [DEBUG] Loaded placeholder: tickspersecond
26/10/2018 10:27:37 [MESSAGE] &f[&9AnimatedNames&f] &eUnable to load placeholders 'tokenenchant'. Plugin TokenEnchant not found!
26/10/2018 10:27:37 [MESSAGE] &f[&9AnimatedNames&f] &eUnable to load placeholders 'towny'. Plugin Towny not found!
26/10/2018 10:27:37 [MESSAGE] &f[&9AnimatedNames&f] &eUnable to load placeholders 'townychat'. Plugin TownyChat not found!
26/10/2018 10:27:37 [DEBUG] Loaded placeholder: twitter
26/10/2018 10:27:37 [MESSAGE] &f[&9AnimatedNames&f] &eUnable to load placeholders 'ultimatevotes'. Plugin UltimateVotes not found!
26/10/2018 10:27:37 [DEBUG] Loaded placeholder: unicode
26/10/2018 10:27:37 [MESSAGE] &f[&9AnimatedNames&f] &eUnable to load placeholders 'uskyblock'. Plugin uSkyBlock not found!
26/10/2018 10:27:37 [DEBUG] Loaded placeholder: vanillaevents
26/10/2018 10:27:37 [INFO] Loading event hook: Vanilla Combat hook ...
26/10/2018 10:27:37 [INFO] Loading event hook: Vanilla Block break hook ...
26/10/2018 10:27:37 [INFO] Loading event hook: Vanilla Block place hook ...
26/10/2018 10:27:37 [INFO] Loading event hook: Vanilla player rejoin ...
26/10/2018 10:27:36 [MESSAGE] &f[&9AnimatedNames&f] &eUnable to load placeholders 'skript'. Plugin Skript not found!
26/10/2018 10:27:35 [MESSAGE] &f[&9AnimatedNames&f] &eUnable to load placeholders 'jobsreborn'. Plugin Jobs not found!
26/10/2018 10:27:37 [INFO] Loading event hook: Vanilla Death hook ...
26/10/2018 10:27:37 [INFO] Loading event hook: Vanilla Create portal hook ...
26/10/2018 10:27:37 [INFO] Loading event hook: Vanilla player first join ...
26/10/2018 10:27:37 [INFO] Loading event hook: Vanilla Combat hook ...
26/10/2018 10:27:37 [INFO] Loading event hook: Vanilla Block break hook ...
26/10/2018 10:27:37 [INFO] Loading event hook: Vanilla Block place hook ...
26/10/2018 10:27:37 [INFO] Loading event hook: Vanilla player rejoin ...
26/10/2018 10:27:37 [INFO] Loading event hook: Vanilla player join ...
26/10/2018 10:27:37 [INFO] Loading event hook: Vanilla Death hook ...
26/10/2018 10:27:37 [INFO] Loading event hook: Vanilla Create portal hook ...
26/10/2018 10:27:37 [INFO] Loading event hook: Vanilla player first join ...
26/10/2018 10:27:37 [MESSAGE] &f[&9AnimatedNames&f] &eUnable to load placeholders 'voteparty'. Plugin VoteParty not found!
26/10/2018 10:27:37 [MESSAGE] &f[&9AnimatedNames&f] &eUnable to load placeholders 'voteroulette'. Plugin VoteRoulette not found!
26/10/2018 10:27:37 [MESSAGE] &f[&9AnimatedNames&f] &eUnable to load placeholders 'wickedskywars'. Plugin WickedSkywars not found!
26/10/2018 10:27:37 [DEBUG] Loaded placeholder: world
26/10/2018 10:27:37 [MESSAGE] &f[&9AnimatedNames&f] &eUnable to load placeholders 'worldborder'. Plugin WorldBorder not found!
26/10/2018 10:27:37 [DEBUG] Loaded placeholder: worldguard
26/10/2018 10:27:37 [INFO] Loading event hook: WorldGuard Region ...
26/10/2018 10:27:37 [INFO] Loading event hook: WorldGuard Region ...
26/10/2018 10:27:37 [MESSAGE] &f[&9AnimatedNames&f] &eUnable to load placeholders 'zarphyckskywars'. Plugin SkyWars not found!
26/10/2018 10:27:37 [INFO] Loaded 3899 of the 3899 placholders
26/10/2018 10:27:37 [INFO] Creating new custom effect: warning
26/10/2018 10:27:37 [INFO] 	Lines: 2
26/10/2018 10:27:37 [INFO] 	Arguments: 1
26/10/2018 10:27:37 [INFO] Loading event hook: Vanilla player join ...
26/10/2018 10:27:37 [INFO] Adding team name group 'helper' ...
26/10/2018 10:27:37 [DEBUG] 	Adding sub command 'help'
26/10/2018 10:27:37 [DEBUG] 	Adding sub command 'about'
26/10/2018 10:27:37 [DEBUG] 	Adding sub command 'permissions'
26/10/2018 10:27:37 [DEBUG] 	Adding sub command 'reload'
26/10/2018 10:27:37 [DEBUG] 	Adding sub command 'debug'
26/10/2018 10:27:37 [DEBUG] 	Adding sub command 'parse'
26/10/2018 10:27:37 [DEBUG] 	Adding sub command 'groups'
26/10/2018 10:27:37 [DEBUG] 	Adding sub command 'placeholders'
26/10/2018 10:27:37 [INFO] Adding command 'animatednames'
26/10/2018 10:27:37 [MESSAGE] &a Префиксы &7> &aYour version is up to date!
26/10/2018 10:27:37 [INFO] Loading language file: lang_temp
26/10/2018 10:27:37 [INFO] Loading language file: lang_en
26/10/2018 10:27:37 [INFO] Loading messages ...
26/10/2018 10:27:37 [INFO] Preparing team names for existing online players ...
26/10/2018 10:27:37 [INFO] Adding team name group 'main' ...
26/10/2018 10:27:37 [INFO] Adding team name group 'hypesquad' ...
