03/06/2020 11:57:27 [INFO] Loading internal placeholders ...
03/06/2020 11:57:27 [DEBUG] Loaded placeholder: MySQL
03/06/2020 11:57:27 [INFO] Fetching available placeholders from server ...
03/06/2020 11:57:28 [MESSAGE] &f[&9AnimatedNames&f] &eUnable to load placeholders 'auctions'. Plugin Auctions not found!
03/06/2020 11:57:27 [INFO] Loading language file: lang_en
03/06/2020 11:57:27 [MESSAGE] &f[&9AnimatedNames&f] &eUnable to load placeholders 'askyblock'. Plugin ASkyBlock not found!
03/06/2020 11:57:27 [INFO] Loading language file: lang_temp
03/06/2020 11:57:27 [DEBUG] Loaded placeholder: armor
03/06/2020 11:57:27 [DEBUG] Loaded placeholder: CustomPlaceholders
03/06/2020 11:57:27 [MESSAGE] &f[&9AnimatedNames&f] &eUnable to load placeholders 'acidisland'. Plugin AcidIsland not found!
03/06/2020 11:57:27 [INFO] Loading placeholders and event triggers ...
03/06/2020 11:57:28 [MESSAGE] &f[&9AnimatedNames&f] &eUnable to load placeholders 'biteskywarsreloaded'. Plugin BiteSkyWarsReloaded not found!
03/06/2020 11:57:28 [MESSAGE] &f[&9AnimatedNames&f] &eUnable to load placeholders 'bukkitgames'. Plugin BukkitGames not found!
03/06/2020 11:57:28 [MESSAGE] &f[&9AnimatedNames&f] &eUnable to load placeholders 'battlelevels'. Plugin BattleLevels not found!
03/06/2020 11:57:28 [DEBUG] Loaded placeholder: bukkit
03/06/2020 11:57:28 [MESSAGE] &f[&9AnimatedNames&f] &eUnable to load placeholders 'bukkitspeak'. Plugin BukkitSpeak not found!
03/06/2020 11:57:28 [MESSAGE] &f[&9AnimatedNames&f] &eUnable to load placeholders 'bungeeonlinetime'. Plugin BungeeOnlineTime not found!
03/06/2020 11:57:28 [DEBUG] Loaded placeholder: bungeecord
03/06/2020 11:57:28 [MESSAGE] &f[&9AnimatedNames&f] &eUnable to load placeholders 'chatreaction'. Plugin ChatReaction not found!
03/06/2020 11:57:28 [MESSAGE] &f[&9AnimatedNames&f] &eUnable to load placeholders 'autorank'. Plugin AutoRank not found!
03/06/2020 11:57:28 [MESSAGE] &f[&9AnimatedNames&f] &eUnable to load placeholders 'bedwarsrel'. Plugin BedwarsRel not found!
03/06/2020 11:57:28 [MESSAGE] &f[&9AnimatedNames&f] &eUnable to load placeholders 'autosell'. Plugin AutoSell not found!
03/06/2020 11:57:28 [MESSAGE] &f[&9AnimatedNames&f] &eUnable to load placeholders 'customlist'. Plugin ChatReaction not found!
03/06/2020 11:57:28 [MESSAGE] &f[&9AnimatedNames&f] &eUnable to load placeholders 'disease'. Plugin Disease not found!
03/06/2020 11:57:28 [DEBUG] Loaded placeholder: economy
03/06/2020 11:57:28 [DEBUG] Loaded placeholder: playereffects
03/06/2020 11:57:28 [DEBUG] Loaded placeholder: compass
03/06/2020 11:57:28 [DEBUG] Loaded placeholder: entities
03/06/2020 11:57:28 [MESSAGE] &f[&9AnimatedNames&f] &eUnable to load placeholders 'deluxetags'. Plugin DeluxeTags not found!
03/06/2020 11:57:28 [MESSAGE] &f[&9AnimatedNames&f] &eUnable to load placeholders 'ezblocks'. Plugin EZBlocks not found!
03/06/2020 11:57:28 [MESSAGE] &f[&9AnimatedNames&f] &eUnable to load placeholders 'diceeaster'. Plugin DiceEaster not found!
03/06/2020 11:57:28 [MESSAGE] &f[&9AnimatedNames&f] &eUnable to load placeholders 'ezprestige'. Plugin EZPrestige not found!
03/06/2020 11:57:28 [MESSAGE] &f[&9AnimatedNames&f] &eUnable to load placeholders 'donationsholograms'. Plugin DonationsHolograms not found!
03/06/2020 11:57:28 [MESSAGE] &f[&9AnimatedNames&f] &eUnable to load placeholders 'enchantmenttokens'. Plugin EnchantmentTokens not found!
03/06/2020 11:57:28 [MESSAGE] &f[&9AnimatedNames&f] &eUnable to load placeholders 'enjin'. Plugin EnjinMinecraftPlugin not found!
03/06/2020 11:57:28 [DEBUG] Loaded placeholder: color
03/06/2020 11:57:28 [DEBUG] Loaded placeholder: essentials
03/06/2020 11:57:28 [DEBUG] Loaded placeholder: command
03/06/2020 11:57:29 [DEBUG] Loaded placeholder: firework
03/06/2020 11:57:29 [MESSAGE] &f[&9AnimatedNames&f] &eUnable to load placeholders 'gangsplus1'. Plugin GangsPlus not found!
03/06/2020 11:57:29 [DEBUG] Loaded placeholder: geographical
03/06/2020 11:57:29 [MESSAGE] &f[&9AnimatedNames&f] &eUnable to load placeholders 'heroes'. Plugin Heroes not found!
03/06/2020 11:57:28 [MESSAGE] &f[&9AnimatedNames&f] &eUnable to load placeholders 'thrist'. Plugin Thrist not found!
03/06/2020 11:57:29 [DEBUG] Loaded placeholder: hotbar
03/06/2020 11:57:29 [MESSAGE] &f[&9AnimatedNames&f] &eUnable to load placeholders 'factions1_8'. Plugin Factions not found!
03/06/2020 11:57:30 [MESSAGE] &f[&9AnimatedNames&f] &eUnable to load placeholders 'islandworld'. Plugin IslandWorld not found!
03/06/2020 11:57:29 [MESSAGE] &f[&9AnimatedNames&f] &eUnable to load placeholders 'factions2'. Plugin Factions not found!
03/06/2020 11:57:30 [DEBUG] Loaded placeholder: java
03/06/2020 11:57:29 [MESSAGE] &f[&9AnimatedNames&f] &eUnable to load placeholders 'factions1_6'. Plugin Factions not found!
03/06/2020 11:57:29 [DEBUG] Loaded placeholder: facebook
03/06/2020 11:57:29 [MESSAGE] &f[&9AnimatedNames&f] &eUnable to load placeholders 'galistener'. Plugin GAListener not found!
03/06/2020 11:57:29 [MESSAGE] &f[&9AnimatedNames&f] &eUnable to load placeholders 'teams'. Plugin Teams not found!
03/06/2020 11:57:29 [MESSAGE] &f[&9AnimatedNames&f] &eUnable to load placeholders 'griefprevention'. Plugin GriefPrevention not found!
03/06/2020 11:57:28 [MESSAGE] &f[&9AnimatedNames&f] &eUnable to load placeholders 'ezrankspro'. Plugin EZRanksPro not found!
03/06/2020 11:57:28 [MESSAGE] &f[&9AnimatedNames&f] &eUnable to load placeholders 'ezrankslite2'. Plugin EZRanksLite not found!
03/06/2020 11:57:30 [MESSAGE] &f[&9AnimatedNames&f] &eUnable to load placeholders 'leaderheads'. Plugin LeaderHeads not found!
03/06/2020 11:57:30 [MESSAGE] &f[&9AnimatedNames&f] &eUnable to load placeholders 'mcinfected'. Plugin McInfected not found!
03/06/2020 11:57:30 [MESSAGE] &f[&9AnimatedNames&f] &eUnable to load placeholders 'marriagemaster'. Plugin MarriageMaster not found!
03/06/2020 11:57:30 [MESSAGE] &f[&9AnimatedNames&f] &eUnable to load placeholders 'killermoney'. Plugin KillerMoney not found!
03/06/2020 11:57:30 [DEBUG] Loaded placeholder: libsdisguises
03/06/2020 11:57:30 [MESSAGE] &f[&9AnimatedNames&f] &eUnable to load placeholders 'killrewards'. Plugin KillRewards not found!
03/06/2020 11:57:30 [MESSAGE] &f[&9AnimatedNames&f] &eUnable to load placeholders 'magic'. Plugin Magic not found!
03/06/2020 11:57:30 [MESSAGE] &f[&9AnimatedNames&f] &eUnable to load placeholders 'killstats'. Plugin KillStats not found!
03/06/2020 11:57:30 [MESSAGE] &f[&9AnimatedNames&f] &eUnable to load placeholders 'mcmmo'. Plugin mcMMO not found!
03/06/2020 11:57:30 [MESSAGE] &f[&9AnimatedNames&f] &eUnable to load placeholders 'kingkits'. Plugin KingKits not found!
03/06/2020 11:57:30 [DEBUG] Loaded placeholder: memory
03/06/2020 11:57:30 [MESSAGE] &f[&9AnimatedNames&f] &eUnable to load placeholders 'subsidekoth'. Plugin LeaderHeads not found!
03/06/2020 11:57:30 [MESSAGE] &f[&9AnimatedNames&f] &eUnable to load placeholders 'kitbattle'. Plugin KitBattle not found!
03/06/2020 11:57:30 [MESSAGE] &f[&9AnimatedNames&f] &eUnable to load placeholders 'legendquest'. Plugin LegendQuest not found!
03/06/2020 11:57:30 [MESSAGE] &f[&9AnimatedNames&f] &eUnable to load placeholders 'lwc'. Plugin LWC not found!
03/06/2020 11:57:30 [DEBUG] Loaded placeholder: marriage
03/06/2020 11:57:30 [MESSAGE] &f[&9AnimatedNames&f] &eUnable to load placeholders 'jobsreborn'. Plugin Jobs not found!
03/06/2020 11:57:30 [MESSAGE] &f[&9AnimatedNames&f] &eUnable to load placeholders 'jobs'. Plugin Jobs not found!
03/06/2020 11:57:30 [MESSAGE] &f[&9AnimatedNames&f] &eUnable to load placeholders 'multiverse'. Plugin Multiverse-Core not found!
03/06/2020 11:57:31 [MESSAGE] &f[&9AnimatedNames&f] &eUnable to load placeholders 'playerpoints'. Plugin PlayerPoints not found!
03/06/2020 11:57:31 [MESSAGE] &f[&9AnimatedNames&f] &eUnable to load placeholders 'ontime'. Plugin OnTime not found!
03/06/2020 11:57:31 [MESSAGE] &f[&9AnimatedNames&f] &eUnable to load placeholders 'picknchewstatistics'. Plugin PickNChew not found!
03/06/2020 11:57:30 [MESSAGE] &f[&9AnimatedNames&f] &eUnable to load placeholders 'mineresetliteplus'. Plugin MineResetLitePlus not found!
03/06/2020 11:57:31 [DEBUG] Loaded placeholder: placeholderapi
03/06/2020 11:57:31 [MESSAGE] &f[&9AnimatedNames&f] &eUnable to load placeholders 'playtimerewardsrecoded'. Plugin PlayTimeRewardsRecoded not found!
03/06/2020 11:57:30 [MESSAGE] &f[&9AnimatedNames&f] &eUnable to load placeholders 'mineversechat'. Plugin MineverseChat not found!
03/06/2020 11:57:31 [MESSAGE] &f[&9AnimatedNames&f] &eUnable to load placeholders 'plotsquared'. Plugin PlotSquared not found!
03/06/2020 11:57:30 [MESSAGE] &f[&9AnimatedNames&f] &eUnable to load placeholders 'mobarena'. Plugin MobArena not found!
03/06/2020 11:57:31 [MESSAGE] &f[&9AnimatedNames&f] &eUnable to load placeholders 'plotz'. Plugin Plotz not found!
03/06/2020 11:57:31 [MESSAGE] &f[&9AnimatedNames&f] &eUnable to load placeholders 'nicky'. Plugin Nicky not found!
03/06/2020 11:57:31 [DEBUG] Loaded placeholder: previousnames
03/06/2020 11:57:31 [DEBUG] Loaded placeholder: permissions
03/06/2020 11:57:31 [MESSAGE] &f[&9AnimatedNames&f] &eUnable to load placeholders 'pl3xicons'. Plugin Pl3xIcons not found!
03/06/2020 11:57:31 [DEBUG] Loaded placeholder: player
03/06/2020 11:57:31 [MESSAGE] &f[&9AnimatedNames&f] &eUnable to load placeholders 'plotme'. Plugin PlotMe not found!
03/06/2020 11:57:30 [DEBUG] Loaded placeholder: mineresetlite
03/06/2020 11:57:30 [MESSAGE] &f[&9AnimatedNames&f] &eUnable to load placeholders 'minefortress'. Plugin MineFortress not found!
03/06/2020 11:57:30 [MESSAGE] &f[&9AnimatedNames&f] &eUnable to load placeholders 'minecrates'. Plugin MineCrates not found!
03/06/2020 11:57:31 [MESSAGE] &f[&9AnimatedNames&f] &eUnable to load placeholders 'simpleclans'. Plugin SimpleClans not found!
03/06/2020 11:57:31 [MESSAGE] &f[&9AnimatedNames&f] &eUnable to load placeholders 'rankupcrayons'. Plugin RankUp not found!
03/06/2020 11:57:31 [DEBUG] Loaded placeholder: skript
03/06/2020 11:57:31 [MESSAGE] &f[&9AnimatedNames&f] &eUnable to load placeholders 'skywarsreloaded'. Plugin SkyWarsReloaded not found!
03/06/2020 11:57:31 [MESSAGE] &f[&9AnimatedNames&f] &eUnable to load placeholders 'sqlperms'. Plugin SQLPerms not found!
03/06/2020 11:57:31 [DEBUG] Loaded placeholder: statistics
03/06/2020 11:57:31 [MESSAGE] &f[&9AnimatedNames&f] &eUnable to load placeholders 'stockmarket-yahoofinance'. Plugin StockMarket not found!
03/06/2020 11:57:31 [DEBUG] Loaded placeholder: redisbungee
03/06/2020 11:57:31 [MESSAGE] &f[&9AnimatedNames&f] &eUnable to load placeholders 'stockmarket'. Plugin StockMarket not found!
03/06/2020 11:57:31 [MESSAGE] &f[&9AnimatedNames&f] &eUnable to load placeholders 'sellall'. Plugin SellAll not found!
03/06/2020 11:57:31 [DEBUG] Loaded placeholder: serverpinger
03/06/2020 11:57:31 [MESSAGE] &f[&9AnimatedNames&f] &eUnable to load placeholders 'skillapi'. Plugin SkillAPI not found!
03/06/2020 11:57:31 [MESSAGE] &f[&9AnimatedNames&f] &eUnable to load placeholders 'skywars'. Plugin SkyWars not found!
03/06/2020 11:57:31 [DEBUG] Loaded placeholder: sound
03/06/2020 11:57:31 [DEBUG] Loaded placeholder: quests
03/06/2020 11:57:31 [MESSAGE] &f[&9AnimatedNames&f] &eUnable to load placeholders 'pvptimer'. Plugin PvPTimer not found!
03/06/2020 11:57:31 [MESSAGE] &f[&9AnimatedNames&f] &eUnable to load placeholders 'prisonmines'. Plugin PrisonMines not found!
03/06/2020 11:57:31 [MESSAGE] &f[&9AnimatedNames&f] &eUnable to load placeholders 'prison3'. Plugin Prison3 not found!
03/06/2020 11:57:32 [DEBUG] Loaded placeholder: vanillaevents
03/06/2020 11:57:32 [INFO] Loading event hook: Vanilla Block break hook ...
03/06/2020 11:57:32 [INFO] Loading event hook: Vanilla player rejoin ...
03/06/2020 11:57:31 [MESSAGE] &f[&9AnimatedNames&f] &eUnable to load placeholders 'townychat'. Plugin TownyChat not found!
03/06/2020 11:57:32 [INFO] Loading event hook: Vanilla player join ...
03/06/2020 11:57:32 [DEBUG] Loaded placeholder: twitter
03/06/2020 11:57:32 [INFO] Loading event hook: Vanilla Death hook ...
03/06/2020 11:57:32 [MESSAGE] &f[&9AnimatedNames&f] &eUnable to load placeholders 'ultimatevotes'. Plugin UltimateVotes not found!
03/06/2020 11:57:32 [INFO] Loading event hook: Vanilla Create portal hook ...
03/06/2020 11:57:32 [DEBUG] Loaded placeholder: unicode
03/06/2020 11:57:32 [INFO] Loading event hook: Vanilla Combat hook ...
03/06/2020 11:57:32 [MESSAGE] &f[&9AnimatedNames&f] &eUnable to load placeholders 'uskyblock'. Plugin uSkyBlock not found!
03/06/2020 11:57:32 [INFO] Loading event hook: Vanilla Block break hook ...
03/06/2020 11:57:32 [INFO] Loading event hook: Vanilla Combat hook ...
03/06/2020 11:57:32 [INFO] Loading event hook: Vanilla Block place hook ...
03/06/2020 11:57:32 [INFO] Loading event hook: Vanilla player first join ...
03/06/2020 11:57:31 [MESSAGE] &f[&9AnimatedNames&f] &eUnable to load placeholders 'towny'. Plugin Towny not found!
03/06/2020 11:57:31 [MESSAGE] &f[&9AnimatedNames&f] &eUnable to load placeholders 'tokenenchant'. Plugin TokenEnchant not found!
03/06/2020 11:57:31 [DEBUG] Loaded placeholder: tickspersecond
03/06/2020 11:57:31 [MESSAGE] &f[&9AnimatedNames&f] &eUnable to load placeholders 'survivalgameswazup'. Plugin SurvivalGames not found!
03/06/2020 11:57:31 [MESSAGE] &f[&9AnimatedNames&f] &eUnable to load placeholders 'superbvote'. Plugin SuperbVote not found!
03/06/2020 11:57:32 [DEBUG] Loaded placeholder: world
03/06/2020 11:57:32 [DEBUG] Loaded placeholder: worldguard
03/06/2020 11:57:32 [INFO] Loading event hook: WorldGuard Region ...
03/06/2020 11:57:32 [INFO] Loading event hook: Vanilla player first join ...
03/06/2020 11:57:32 [INFO] Loaded 4727 of the 4727 placholders
03/06/2020 11:57:32 [MESSAGE] &f[&9AnimatedNames&f] &eUnable to load placeholders 'voteparty'. Plugin VoteParty not found!
03/06/2020 11:57:32 [INFO] 	Lines: 2
03/06/2020 11:57:32 [INFO] Adding team name group 'main' ...
03/06/2020 11:57:32 [MESSAGE] &f[&9AnimatedNames&f] &eUnable to load placeholders 'voteroulette'. Plugin VoteRoulette not found!
03/06/2020 11:57:32 [INFO] Adding team name group 'hypesquad' ...
03/06/2020 11:57:32 [MESSAGE] &f[&9AnimatedNames&f] &eUnable to load placeholders 'wickedskywars'. Plugin WickedSkywars not found!
03/06/2020 11:57:32 [INFO] Adding team name group 'patron' ...
03/06/2020 11:57:32 [DEBUG] Loaded placeholder: worldborder
03/06/2020 11:57:32 [INFO] Loading event hook: WorldGuard Region ...
03/06/2020 11:57:32 [MESSAGE] &f[&9AnimatedNames&f] &eUnable to load placeholders 'zarphyckskywars'. Plugin SkyWars not found!
03/06/2020 11:57:32 [INFO] Creating new custom effect: warning
03/06/2020 11:57:32 [INFO] 	Arguments: 1
03/06/2020 11:57:32 [INFO] Loading event hook: Vanilla Create portal hook ...
03/06/2020 11:57:32 [INFO] Loading event hook: Vanilla Death hook ...
03/06/2020 11:57:32 [INFO] Loading event hook: Vanilla player join ...
03/06/2020 11:57:32 [INFO] Loading event hook: Vanilla player rejoin ...
03/06/2020 11:57:32 [INFO] Loading event hook: Vanilla Block place hook ...
03/06/2020 11:57:32 [DEBUG] 	Adding sub command 'groups'
03/06/2020 11:57:32 [DEBUG] 	Adding sub command 'debug'
03/06/2020 11:57:32 [DEBUG] 	Adding sub command 'permissions'
03/06/2020 11:57:32 [DEBUG] 	Adding sub command 'help'
03/06/2020 11:57:32 [INFO] Loading language file: lang_en
03/06/2020 11:57:32 [INFO] Loading language file: lang_temp
03/06/2020 11:57:32 [MESSAGE] &6 Префиксы &8| &aYour version is up to date!
03/06/2020 11:57:32 [INFO] Adding command 'animatednames'
03/06/2020 11:57:32 [DEBUG] 	Adding sub command 'placeholders'
03/06/2020 11:57:32 [DEBUG] 	Adding sub command 'parse'
03/06/2020 11:57:32 [DEBUG] 	Adding sub command 'reload'
03/06/2020 11:57:32 [DEBUG] 	Adding sub command 'about'
03/06/2020 11:57:32 [INFO] Loading messages ...
03/06/2020 11:57:32 [INFO] Preparing team names for existing online players ...
03/06/2020 11:57:32 [INFO] Adding team name group 'staff' ...
03/06/2020 11:57:32 [INFO] Adding team name group 'helper' ...
