29/02/2020 11:27:03 [INFO] Loading language file: lang_en
29/02/2020 11:27:03 [INFO] Fetching available placeholders from server ...
29/02/2020 11:27:03 [DEBUG] Loaded placeholder: MySQL
29/02/2020 11:27:03 [MESSAGE] &f[&9AnimatedNames&f] &eUnable to load placeholders 'autorank'. Plugin AutoRank not found!
29/02/2020 11:27:03 [MESSAGE] &f[&9AnimatedNames&f] &eUnable to load placeholders 'auctions'. Plugin Auctions not found!
29/02/2020 11:27:03 [MESSAGE] &f[&9AnimatedNames&f] &eUnable to load placeholders 'askyblock'. Plugin ASkyBlock not found!
29/02/2020 11:27:03 [DEBUG] Loaded placeholder: armor
29/02/2020 11:27:03 [DEBUG] Loaded placeholder: CustomPlaceholders
29/02/2020 11:27:03 [INFO] Loading internal placeholders ...
29/02/2020 11:27:03 [INFO] Loading placeholders and event triggers ...
29/02/2020 11:27:03 [INFO] Loading language file: lang_temp
29/02/2020 11:27:03 [MESSAGE] &f[&9AnimatedNames&f] &eUnable to load placeholders 'acidisland'. Plugin AcidIsland not found!
29/02/2020 11:27:03 [MESSAGE] &f[&9AnimatedNames&f] &eUnable to load placeholders 'battlelevels'. Plugin BattleLevels not found!
29/02/2020 11:27:03 [MESSAGE] &f[&9AnimatedNames&f] &eUnable to load placeholders 'deluxetags'. Plugin DeluxeTags not found!
29/02/2020 11:27:03 [DEBUG] Loaded placeholder: bukkit
29/02/2020 11:27:03 [MESSAGE] &f[&9AnimatedNames&f] &eUnable to load placeholders 'bukkitgames'. Plugin BukkitGames not found!
29/02/2020 11:27:03 [MESSAGE] &f[&9AnimatedNames&f] &eUnable to load placeholders 'bukkitspeak'. Plugin BukkitSpeak not found!
29/02/2020 11:27:03 [DEBUG] Loaded placeholder: bungeecord
29/02/2020 11:27:03 [DEBUG] Loaded placeholder: command
29/02/2020 11:27:03 [DEBUG] Loaded placeholder: compass
29/02/2020 11:27:03 [MESSAGE] &f[&9AnimatedNames&f] &eUnable to load placeholders 'customlist'. Plugin ChatReaction not found!
29/02/2020 11:27:03 [MESSAGE] &f[&9AnimatedNames&f] &eUnable to load placeholders 'diceeaster'. Plugin DiceEaster not found!
29/02/2020 11:27:03 [MESSAGE] &f[&9AnimatedNames&f] &eUnable to load placeholders 'disease'. Plugin Disease not found!
29/02/2020 11:27:03 [MESSAGE] &f[&9AnimatedNames&f] &eUnable to load placeholders 'bungeeonlinetime'. Plugin BungeeOnlineTime not found!
29/02/2020 11:27:03 [MESSAGE] &f[&9AnimatedNames&f] &eUnable to load placeholders 'chatreaction'. Plugin ChatReaction not found!
29/02/2020 11:27:03 [DEBUG] Loaded placeholder: color
29/02/2020 11:27:03 [MESSAGE] &f[&9AnimatedNames&f] &eUnable to load placeholders 'biteskywarsreloaded'. Plugin BiteSkyWarsReloaded not found!
29/02/2020 11:27:03 [MESSAGE] &f[&9AnimatedNames&f] &eUnable to load placeholders 'bedwarsrel'. Plugin BedwarsRel not found!
29/02/2020 11:27:03 [MESSAGE] &f[&9AnimatedNames&f] &eUnable to load placeholders 'autosell'. Plugin AutoSell not found!
29/02/2020 11:27:04 [MESSAGE] &f[&9AnimatedNames&f] &eUnable to load placeholders 'ezblocks'. Plugin EZBlocks not found!
29/02/2020 11:27:04 [MESSAGE] &f[&9AnimatedNames&f] &eUnable to load placeholders 'ezprestige'. Plugin EZPrestige not found!
29/02/2020 11:27:04 [MESSAGE] &f[&9AnimatedNames&f] &eUnable to load placeholders 'thrist'. Plugin Thrist not found!
29/02/2020 11:27:05 [MESSAGE] &f[&9AnimatedNames&f] &eUnable to load placeholders 'galistener'. Plugin GAListener not found!
29/02/2020 11:27:04 [MESSAGE] &f[&9AnimatedNames&f] &eUnable to load placeholders 'ezrankspro'. Plugin EZRanksPro not found!
29/02/2020 11:27:05 [MESSAGE] &f[&9AnimatedNames&f] &eUnable to load placeholders 'gangsplus1'. Plugin GangsPlus not found!
29/02/2020 11:27:05 [DEBUG] Loaded placeholder: firework
29/02/2020 11:27:04 [MESSAGE] &f[&9AnimatedNames&f] &eUnable to load placeholders 'ezrankslite2'. Plugin EZRanksLite not found!
29/02/2020 11:27:04 [DEBUG] Loaded placeholder: facebook
29/02/2020 11:27:04 [MESSAGE] &f[&9AnimatedNames&f] &eUnable to load placeholders 'factions1_8'. Plugin Factions not found!
29/02/2020 11:27:04 [MESSAGE] &f[&9AnimatedNames&f] &eUnable to load placeholders 'factions2'. Plugin Factions not found!
29/02/2020 11:27:05 [MESSAGE] &f[&9AnimatedNames&f] &eUnable to load placeholders 'factions1_6'. Plugin Factions not found!
29/02/2020 11:27:05 [MESSAGE] &f[&9AnimatedNames&f] &eUnable to load placeholders 'teams'. Plugin Teams not found!
29/02/2020 11:27:04 [DEBUG] Loaded placeholder: essentials
29/02/2020 11:27:04 [DEBUG] Loaded placeholder: entities
29/02/2020 11:27:04 [MESSAGE] &f[&9AnimatedNames&f] &eUnable to load placeholders 'enjin'. Plugin EnjinMinecraftPlugin not found!
29/02/2020 11:27:04 [MESSAGE] &f[&9AnimatedNames&f] &eUnable to load placeholders 'enchantmenttokens'. Plugin EnchantmentTokens not found!
29/02/2020 11:27:04 [DEBUG] Loaded placeholder: playereffects
29/02/2020 11:27:04 [DEBUG] Loaded placeholder: economy
29/02/2020 11:27:04 [MESSAGE] &f[&9AnimatedNames&f] &eUnable to load placeholders 'donationsholograms'. Plugin DonationsHolograms not found!
29/02/2020 11:27:05 [MESSAGE] &f[&9AnimatedNames&f] &eUnable to load placeholders 'killstats'. Plugin KillStats not found!
29/02/2020 11:27:05 [MESSAGE] &f[&9AnimatedNames&f] &eUnable to load placeholders 'kingkits'. Plugin KingKits not found!
29/02/2020 11:27:05 [MESSAGE] &f[&9AnimatedNames&f] &eUnable to load placeholders 'kitbattle'. Plugin KitBattle not found!
29/02/2020 11:27:05 [MESSAGE] &f[&9AnimatedNames&f] &eUnable to load placeholders 'subsidekoth'. Plugin LeaderHeads not found!
29/02/2020 11:27:05 [MESSAGE] &f[&9AnimatedNames&f] &eUnable to load placeholders 'leaderheads'. Plugin LeaderHeads not found!
29/02/2020 11:27:05 [MESSAGE] &f[&9AnimatedNames&f] &eUnable to load placeholders 'legendquest'. Plugin LegendQuest not found!
29/02/2020 11:27:05 [DEBUG] Loaded placeholder: libsdisguises
29/02/2020 11:27:05 [MESSAGE] &f[&9AnimatedNames&f] &eUnable to load placeholders 'lwc'. Plugin LWC not found!
29/02/2020 11:27:05 [MESSAGE] &f[&9AnimatedNames&f] &eUnable to load placeholders 'magic'. Plugin Magic not found!
29/02/2020 11:27:05 [DEBUG] Loaded placeholder: marriage
29/02/2020 11:27:05 [MESSAGE] &f[&9AnimatedNames&f] &eUnable to load placeholders 'marriagemaster'. Plugin MarriageMaster not found!
29/02/2020 11:27:05 [MESSAGE] &f[&9AnimatedNames&f] &eUnable to load placeholders 'killrewards'. Plugin KillRewards not found!
29/02/2020 11:27:05 [MESSAGE] &f[&9AnimatedNames&f] &eUnable to load placeholders 'killermoney'. Plugin KillerMoney not found!
29/02/2020 11:27:05 [MESSAGE] &f[&9AnimatedNames&f] &eUnable to load placeholders 'jobsreborn'. Plugin Jobs not found!
29/02/2020 11:27:05 [MESSAGE] &f[&9AnimatedNames&f] &eUnable to load placeholders 'jobs'. Plugin Jobs not found!
29/02/2020 11:27:05 [DEBUG] Loaded placeholder: java
29/02/2020 11:27:05 [MESSAGE] &f[&9AnimatedNames&f] &eUnable to load placeholders 'islandworld'. Plugin IslandWorld not found!
29/02/2020 11:27:05 [DEBUG] Loaded placeholder: hotbar
29/02/2020 11:27:05 [MESSAGE] &f[&9AnimatedNames&f] &eUnable to load placeholders 'heroes'. Plugin Heroes not found!
29/02/2020 11:27:05 [MESSAGE] &f[&9AnimatedNames&f] &eUnable to load placeholders 'griefprevention'. Plugin GriefPrevention not found!
29/02/2020 11:27:05 [DEBUG] Loaded placeholder: geographical
29/02/2020 11:27:06 [MESSAGE] &f[&9AnimatedNames&f] &eUnable to load placeholders 'multiverse'. Plugin Multiverse-Core not found!
29/02/2020 11:27:06 [MESSAGE] &f[&9AnimatedNames&f] &eUnable to load placeholders 'nicky'. Plugin Nicky not found!
29/02/2020 11:27:06 [MESSAGE] &f[&9AnimatedNames&f] &eUnable to load placeholders 'ontime'. Plugin OnTime not found!
29/02/2020 11:27:06 [DEBUG] Loaded placeholder: permissions
29/02/2020 11:27:06 [MESSAGE] &f[&9AnimatedNames&f] &eUnable to load placeholders 'picknchewstatistics'. Plugin PickNChew not found!
29/02/2020 11:27:06 [MESSAGE] &f[&9AnimatedNames&f] &eUnable to load placeholders 'pl3xicons'. Plugin Pl3xIcons not found!
29/02/2020 11:27:06 [DEBUG] Loaded placeholder: placeholderapi
29/02/2020 11:27:06 [DEBUG] Loaded placeholder: player
29/02/2020 11:27:06 [MESSAGE] &f[&9AnimatedNames&f] &eUnable to load placeholders 'playerpoints'. Plugin PlayerPoints not found!
29/02/2020 11:27:06 [MESSAGE] &f[&9AnimatedNames&f] &eUnable to load placeholders 'playtimerewardsrecoded'. Plugin PlayTimeRewardsRecoded not found!
29/02/2020 11:27:06 [MESSAGE] &f[&9AnimatedNames&f] &eUnable to load placeholders 'plotme'. Plugin PlotMe not found!
29/02/2020 11:27:06 [MESSAGE] &f[&9AnimatedNames&f] &eUnable to load placeholders 'plotsquared'. Plugin PlotSquared not found!
29/02/2020 11:27:06 [MESSAGE] &f[&9AnimatedNames&f] &eUnable to load placeholders 'plotz'. Plugin Plotz not found!
29/02/2020 11:27:06 [MESSAGE] &f[&9AnimatedNames&f] &eUnable to load placeholders 'mobarena'. Plugin MobArena not found!
29/02/2020 11:27:06 [MESSAGE] &f[&9AnimatedNames&f] &eUnable to load placeholders 'mineversechat'. Plugin MineverseChat not found!
29/02/2020 11:27:06 [MESSAGE] &f[&9AnimatedNames&f] &eUnable to load placeholders 'mineresetliteplus'. Plugin MineResetLitePlus not found!
29/02/2020 11:27:06 [DEBUG] Loaded placeholder: mineresetlite
29/02/2020 11:27:06 [MESSAGE] &f[&9AnimatedNames&f] &eUnable to load placeholders 'minefortress'. Plugin MineFortress not found!
29/02/2020 11:27:06 [MESSAGE] &f[&9AnimatedNames&f] &eUnable to load placeholders 'minecrates'. Plugin MineCrates not found!
29/02/2020 11:27:05 [DEBUG] Loaded placeholder: memory
29/02/2020 11:27:05 [MESSAGE] &f[&9AnimatedNames&f] &eUnable to load placeholders 'mcmmo'. Plugin mcMMO not found!
29/02/2020 11:27:05 [MESSAGE] &f[&9AnimatedNames&f] &eUnable to load placeholders 'mcinfected'. Plugin McInfected not found!
29/02/2020 11:27:06 [DEBUG] Loaded placeholder: serverpinger
29/02/2020 11:27:06 [MESSAGE] &f[&9AnimatedNames&f] &eUnable to load placeholders 'simpleclans'. Plugin SimpleClans not found!
29/02/2020 11:27:06 [MESSAGE] &f[&9AnimatedNames&f] &eUnable to load placeholders 'skillapi'. Plugin SkillAPI not found!
29/02/2020 11:27:06 [DEBUG] Loaded placeholder: skript
29/02/2020 11:27:06 [MESSAGE] &f[&9AnimatedNames&f] &eUnable to load placeholders 'skywars'. Plugin SkyWars not found!
29/02/2020 11:27:06 [MESSAGE] &f[&9AnimatedNames&f] &eUnable to load placeholders 'skywarsreloaded'. Plugin SkyWarsReloaded not found!
29/02/2020 11:27:06 [DEBUG] Loaded placeholder: sound
29/02/2020 11:27:06 [MESSAGE] &f[&9AnimatedNames&f] &eUnable to load placeholders 'sqlperms'. Plugin SQLPerms not found!
29/02/2020 11:27:06 [DEBUG] Loaded placeholder: statistics
29/02/2020 11:27:06 [MESSAGE] &f[&9AnimatedNames&f] &eUnable to load placeholders 'stockmarket-yahoofinance'. Plugin StockMarket not found!
29/02/2020 11:27:06 [MESSAGE] &f[&9AnimatedNames&f] &eUnable to load placeholders 'stockmarket'. Plugin StockMarket not found!
29/02/2020 11:27:06 [MESSAGE] &f[&9AnimatedNames&f] &eUnable to load placeholders 'superbvote'. Plugin SuperbVote not found!
29/02/2020 11:27:06 [MESSAGE] &f[&9AnimatedNames&f] &eUnable to load placeholders 'survivalgameswazup'. Plugin SurvivalGames not found!
29/02/2020 11:27:06 [MESSAGE] &f[&9AnimatedNames&f] &eUnable to load placeholders 'sellall'. Plugin SellAll not found!
29/02/2020 11:27:06 [DEBUG] Loaded placeholder: redisbungee
29/02/2020 11:27:06 [MESSAGE] &f[&9AnimatedNames&f] &eUnable to load placeholders 'rankupcrayons'. Plugin RankUp not found!
29/02/2020 11:27:06 [DEBUG] Loaded placeholder: quests
29/02/2020 11:27:06 [MESSAGE] &f[&9AnimatedNames&f] &eUnable to load placeholders 'pvptimer'. Plugin PvPTimer not found!
29/02/2020 11:27:06 [MESSAGE] &f[&9AnimatedNames&f] &eUnable to load placeholders 'prisonmines'. Plugin PrisonMines not found!
29/02/2020 11:27:06 [DEBUG] Loaded placeholder: previousnames
29/02/2020 11:27:06 [MESSAGE] &f[&9AnimatedNames&f] &eUnable to load placeholders 'prison3'. Plugin Prison3 not found!
29/02/2020 11:27:07 [DEBUG] Loaded placeholder: vanillaevents
29/02/2020 11:27:07 [INFO] Loading event hook: Vanilla Create portal hook ...
29/02/2020 11:27:07 [INFO] Loading event hook: Vanilla player rejoin ...
29/02/2020 11:27:07 [INFO] Loading event hook: Vanilla Death hook ...
29/02/2020 11:27:07 [INFO] Loading event hook: Vanilla Create portal hook ...
29/02/2020 11:27:07 [INFO] Loading event hook: Vanilla player first join ...
29/02/2020 11:27:07 [INFO] Loading event hook: Vanilla Combat hook ...
29/02/2020 11:27:07 [INFO] Loading event hook: Vanilla Block break hook ...
29/02/2020 11:27:07 [INFO] Loading event hook: Vanilla Block place hook ...
29/02/2020 11:27:07 [INFO] Loading event hook: Vanilla player rejoin ...
29/02/2020 11:27:07 [INFO] Loading event hook: Vanilla player join ...
29/02/2020 11:27:07 [INFO] Loading event hook: Vanilla player first join ...
29/02/2020 11:27:07 [MESSAGE] &f[&9AnimatedNames&f] &eUnable to load placeholders 'voteparty'. Plugin VoteParty not found!
29/02/2020 11:27:07 [INFO] Loading event hook: Vanilla player join ...
29/02/2020 11:27:07 [INFO] Loading event hook: Vanilla Death hook ...
29/02/2020 11:27:07 [INFO] Loading event hook: Vanilla Block place hook ...
29/02/2020 11:27:07 [INFO] Loading event hook: Vanilla Block break hook ...
29/02/2020 11:27:07 [INFO] Loading event hook: Vanilla Combat hook ...
29/02/2020 11:27:07 [MESSAGE] &f[&9AnimatedNames&f] &eUnable to load placeholders 'uskyblock'. Plugin uSkyBlock not found!
29/02/2020 11:27:07 [DEBUG] Loaded placeholder: unicode
29/02/2020 11:27:07 [MESSAGE] &f[&9AnimatedNames&f] &eUnable to load placeholders 'ultimatevotes'. Plugin UltimateVotes not found!
29/02/2020 11:27:07 [DEBUG] Loaded placeholder: twitter
29/02/2020 11:27:06 [MESSAGE] &f[&9AnimatedNames&f] &eUnable to load placeholders 'townychat'. Plugin TownyChat not found!
29/02/2020 11:27:06 [DEBUG] Loaded placeholder: tickspersecond
29/02/2020 11:27:06 [MESSAGE] &f[&9AnimatedNames&f] &eUnable to load placeholders 'tokenenchant'. Plugin TokenEnchant not found!
29/02/2020 11:27:06 [MESSAGE] &f[&9AnimatedNames&f] &eUnable to load placeholders 'towny'. Plugin Towny not found!
29/02/2020 11:27:07 [DEBUG] 	Adding sub command 'groups'
29/02/2020 11:27:07 [INFO] Adding team name group 'main' ...
29/02/2020 11:27:07 [INFO] Adding team name group 'hypesquad' ...
29/02/2020 11:27:07 [INFO] Adding team name group 'helper' ...
29/02/2020 11:27:07 [INFO] Adding team name group 'staff' ...
29/02/2020 11:27:07 [INFO] Preparing team names for existing online players ...
29/02/2020 11:27:07 [INFO] Loading messages ...
29/02/2020 11:27:07 [INFO] Loading language file: lang_en
29/02/2020 11:27:07 [INFO] Loading language file: lang_temp
29/02/2020 11:27:07 [MESSAGE] &a Префиксы &8| &aYour version is up to date!
29/02/2020 11:27:07 [INFO] Adding command 'animatednames'
29/02/2020 11:27:07 [DEBUG] 	Adding sub command 'placeholders'
29/02/2020 11:27:07 [INFO] 	Arguments: 1
29/02/2020 11:27:07 [INFO] 	Lines: 2
29/02/2020 11:27:07 [INFO] Creating new custom effect: warning
29/02/2020 11:27:07 [INFO] Loaded 4483 of the 4483 placholders
29/02/2020 11:27:07 [DEBUG] 	Adding sub command 'parse'
29/02/2020 11:27:07 [DEBUG] 	Adding sub command 'help'
29/02/2020 11:27:07 [DEBUG] 	Adding sub command 'about'
29/02/2020 11:27:07 [DEBUG] 	Adding sub command 'permissions'
29/02/2020 11:27:07 [DEBUG] 	Adding sub command 'reload'
29/02/2020 11:27:07 [DEBUG] 	Adding sub command 'debug'
29/02/2020 11:27:07 [MESSAGE] &f[&9AnimatedNames&f] &eUnable to load placeholders 'zarphyckskywars'. Plugin SkyWars not found!
29/02/2020 11:27:07 [MESSAGE] &f[&9AnimatedNames&f] &eUnable to load placeholders 'wickedskywars'. Plugin WickedSkywars not found!
29/02/2020 11:27:07 [MESSAGE] &f[&9AnimatedNames&f] &eUnable to load placeholders 'voteroulette'. Plugin VoteRoulette not found!
29/02/2020 11:27:07 [DEBUG] Loaded placeholder: worldguard
29/02/2020 11:27:07 [INFO] Loading event hook: WorldGuard Region ...
29/02/2020 11:27:07 [INFO] Loading event hook: WorldGuard Region ...
29/02/2020 11:27:07 [DEBUG] Loaded placeholder: world
29/02/2020 11:27:07 [MESSAGE] &f[&9AnimatedNames&f] &eUnable to load placeholders 'worldborder'. Plugin WorldBorder not found!
