16/02/2020 13:23:13 [INFO] Loading internal placeholders ...
16/02/2020 13:23:13 [DEBUG] Loaded placeholder: MySQL
16/02/2020 13:23:13 [DEBUG] Loaded placeholder: CustomPlaceholders
16/02/2020 13:23:13 [INFO] Fetching available placeholders from server ...
16/02/2020 13:23:13 [INFO] Loading language file: lang_en
16/02/2020 13:23:13 [INFO] Loading language file: lang_temp
16/02/2020 13:23:13 [MESSAGE] &f[&9AnimatedNames&f] &eUnable to load placeholders 'acidisland'. Plugin AcidIsland not found!
16/02/2020 13:23:13 [INFO] Loading placeholders and event triggers ...
16/02/2020 13:23:13 [DEBUG] Loaded placeholder: bukkit
16/02/2020 13:23:13 [MESSAGE] &f[&9AnimatedNames&f] &eUnable to load placeholders 'customlist'. Plugin ChatReaction not found!
16/02/2020 13:23:13 [MESSAGE] &f[&9AnimatedNames&f] &eUnable to load placeholders 'bukkitgames'. Plugin BukkitGames not found!
16/02/2020 13:23:13 [DEBUG] Loaded placeholder: compass
16/02/2020 13:23:13 [MESSAGE] &f[&9AnimatedNames&f] &eUnable to load placeholders 'bukkitspeak'. Plugin BukkitSpeak not found!
16/02/2020 13:23:13 [DEBUG] Loaded placeholder: command
16/02/2020 13:23:13 [MESSAGE] &f[&9AnimatedNames&f] &eUnable to load placeholders 'deluxetags'. Plugin DeluxeTags not found!
16/02/2020 13:23:13 [DEBUG] Loaded placeholder: color
16/02/2020 13:23:13 [DEBUG] Loaded placeholder: bungeecord
16/02/2020 13:23:13 [MESSAGE] &f[&9AnimatedNames&f] &eUnable to load placeholders 'bungeeonlinetime'. Plugin BungeeOnlineTime not found!
16/02/2020 13:23:13 [MESSAGE] &f[&9AnimatedNames&f] &eUnable to load placeholders 'chatreaction'. Plugin ChatReaction not found!
16/02/2020 13:23:13 [MESSAGE] &f[&9AnimatedNames&f] &eUnable to load placeholders 'biteskywarsreloaded'. Plugin BiteSkyWarsReloaded not found!
16/02/2020 13:23:13 [MESSAGE] &f[&9AnimatedNames&f] &eUnable to load placeholders 'bedwarsrel'. Plugin BedwarsRel not found!
16/02/2020 13:23:13 [MESSAGE] &f[&9AnimatedNames&f] &eUnable to load placeholders 'battlelevels'. Plugin BattleLevels not found!
16/02/2020 13:23:13 [MESSAGE] &f[&9AnimatedNames&f] &eUnable to load placeholders 'autosell'. Plugin AutoSell not found!
16/02/2020 13:23:13 [MESSAGE] &f[&9AnimatedNames&f] &eUnable to load placeholders 'autorank'. Plugin AutoRank not found!
16/02/2020 13:23:13 [MESSAGE] &f[&9AnimatedNames&f] &eUnable to load placeholders 'askyblock'. Plugin ASkyBlock not found!
16/02/2020 13:23:13 [MESSAGE] &f[&9AnimatedNames&f] &eUnable to load placeholders 'auctions'. Plugin Auctions not found!
16/02/2020 13:23:13 [DEBUG] Loaded placeholder: armor
16/02/2020 13:23:13 [MESSAGE] &f[&9AnimatedNames&f] &eUnable to load placeholders 'donationsholograms'. Plugin DonationsHolograms not found!
16/02/2020 13:23:14 [MESSAGE] &f[&9AnimatedNames&f] &eUnable to load placeholders 'gangsplus1'. Plugin GangsPlus not found!
16/02/2020 13:23:13 [DEBUG] Loaded placeholder: economy
16/02/2020 13:23:13 [DEBUG] Loaded placeholder: playereffects
16/02/2020 13:23:13 [MESSAGE] &f[&9AnimatedNames&f] &eUnable to load placeholders 'enchantmenttokens'. Plugin EnchantmentTokens not found!
16/02/2020 13:23:13 [MESSAGE] &f[&9AnimatedNames&f] &eUnable to load placeholders 'ezrankslite2'. Plugin EZRanksLite not found!
16/02/2020 13:23:13 [MESSAGE] &f[&9AnimatedNames&f] &eUnable to load placeholders 'enjin'. Plugin EnjinMinecraftPlugin not found!
16/02/2020 13:23:14 [MESSAGE] &f[&9AnimatedNames&f] &eUnable to load placeholders 'factions1_8'. Plugin Factions not found!
16/02/2020 13:23:13 [DEBUG] Loaded placeholder: essentials
16/02/2020 13:23:14 [MESSAGE] &f[&9AnimatedNames&f] &eUnable to load placeholders 'factions2'. Plugin Factions not found!
16/02/2020 13:23:13 [DEBUG] Loaded placeholder: entities
16/02/2020 13:23:14 [MESSAGE] &f[&9AnimatedNames&f] &eUnable to load placeholders 'factions1_6'. Plugin Factions not found!
16/02/2020 13:23:13 [MESSAGE] &f[&9AnimatedNames&f] &eUnable to load placeholders 'ezblocks'. Plugin EZBlocks not found!
16/02/2020 13:23:14 [MESSAGE] &f[&9AnimatedNames&f] &eUnable to load placeholders 'galistener'. Plugin GAListener not found!
16/02/2020 13:23:13 [MESSAGE] &f[&9AnimatedNames&f] &eUnable to load placeholders 'ezprestige'. Plugin EZPrestige not found!
16/02/2020 13:23:14 [DEBUG] Loaded placeholder: geographical
16/02/2020 13:23:13 [MESSAGE] &f[&9AnimatedNames&f] &eUnable to load placeholders 'ezrankspro'. Plugin EZRanksPro not found!
16/02/2020 13:23:13 [MESSAGE] &f[&9AnimatedNames&f] &eUnable to load placeholders 'disease'. Plugin Disease not found!
16/02/2020 13:23:13 [MESSAGE] &f[&9AnimatedNames&f] &eUnable to load placeholders 'thrist'. Plugin Thrist not found!
16/02/2020 13:23:14 [DEBUG] Loaded placeholder: facebook
16/02/2020 13:23:14 [DEBUG] Loaded placeholder: firework
16/02/2020 13:23:13 [MESSAGE] &f[&9AnimatedNames&f] &eUnable to load placeholders 'diceeaster'. Plugin DiceEaster not found!
16/02/2020 13:23:14 [MESSAGE] &f[&9AnimatedNames&f] &eUnable to load placeholders 'teams'. Plugin Teams not found!
16/02/2020 13:23:14 [MESSAGE] &f[&9AnimatedNames&f] &eUnable to load placeholders 'griefprevention'. Plugin GriefPrevention not found!
16/02/2020 13:23:14 [MESSAGE] &f[&9AnimatedNames&f] &eUnable to load placeholders 'jobsreborn'. Plugin Jobs not found!
16/02/2020 13:23:14 [MESSAGE] &f[&9AnimatedNames&f] &eUnable to load placeholders 'kingkits'. Plugin KingKits not found!
16/02/2020 13:23:15 [DEBUG] Loaded placeholder: libsdisguises
16/02/2020 13:23:15 [MESSAGE] &f[&9AnimatedNames&f] &eUnable to load placeholders 'marriagemaster'. Plugin MarriageMaster not found!
16/02/2020 13:23:15 [MESSAGE] &f[&9AnimatedNames&f] &eUnable to load placeholders 'minefortress'. Plugin MineFortress not found!
16/02/2020 13:23:15 [MESSAGE] &f[&9AnimatedNames&f] &eUnable to load placeholders 'multiverse'. Plugin Multiverse-Core not found!
16/02/2020 13:23:14 [MESSAGE] &f[&9AnimatedNames&f] &eUnable to load placeholders 'heroes'. Plugin Heroes not found!
16/02/2020 13:23:14 [MESSAGE] &f[&9AnimatedNames&f] &eUnable to load placeholders 'killrewards'. Plugin KillRewards not found!
16/02/2020 13:23:14 [MESSAGE] &f[&9AnimatedNames&f] &eUnable to load placeholders 'subsidekoth'. Plugin LeaderHeads not found!
16/02/2020 13:23:15 [MESSAGE] &f[&9AnimatedNames&f] &eUnable to load placeholders 'minecrates'. Plugin MineCrates not found!
16/02/2020 13:23:15 [MESSAGE] &f[&9AnimatedNames&f] &eUnable to load placeholders 'legendquest'. Plugin LegendQuest not found!
16/02/2020 13:23:15 [DEBUG] Loaded placeholder: marriage
16/02/2020 13:23:15 [MESSAGE] &f[&9AnimatedNames&f] &eUnable to load placeholders 'magic'. Plugin Magic not found!
16/02/2020 13:23:14 [MESSAGE] &f[&9AnimatedNames&f] &eUnable to load placeholders 'islandworld'. Plugin IslandWorld not found!
16/02/2020 13:23:15 [MESSAGE] &f[&9AnimatedNames&f] &eUnable to load placeholders 'mcinfected'. Plugin McInfected not found!
16/02/2020 13:23:14 [MESSAGE] &f[&9AnimatedNames&f] &eUnable to load placeholders 'kitbattle'. Plugin KitBattle not found!
16/02/2020 13:23:15 [DEBUG] Loaded placeholder: memory
16/02/2020 13:23:15 [MESSAGE] &f[&9AnimatedNames&f] &eUnable to load placeholders 'lwc'. Plugin LWC not found!
16/02/2020 13:23:15 [DEBUG] Loaded placeholder: mineresetlite
16/02/2020 13:23:14 [MESSAGE] &f[&9AnimatedNames&f] &eUnable to load placeholders 'leaderheads'. Plugin LeaderHeads not found!
16/02/2020 13:23:14 [MESSAGE] &f[&9AnimatedNames&f] &eUnable to load placeholders 'killstats'. Plugin KillStats not found!
16/02/2020 13:23:15 [MESSAGE] &f[&9AnimatedNames&f] &eUnable to load placeholders 'mineresetliteplus'. Plugin MineResetLitePlus not found!
16/02/2020 13:23:14 [DEBUG] Loaded placeholder: java
16/02/2020 13:23:14 [MESSAGE] &f[&9AnimatedNames&f] &eUnable to load placeholders 'killermoney'. Plugin KillerMoney not found!
16/02/2020 13:23:15 [MESSAGE] &f[&9AnimatedNames&f] &eUnable to load placeholders 'mobarena'. Plugin MobArena not found!
16/02/2020 13:23:15 [MESSAGE] &f[&9AnimatedNames&f] &eUnable to load placeholders 'mineversechat'. Plugin MineverseChat not found!
16/02/2020 13:23:14 [DEBUG] Loaded placeholder: hotbar
16/02/2020 13:23:15 [MESSAGE] &f[&9AnimatedNames&f] &eUnable to load placeholders 'mcmmo'. Plugin mcMMO not found!
16/02/2020 13:23:14 [MESSAGE] &f[&9AnimatedNames&f] &eUnable to load placeholders 'jobs'. Plugin Jobs not found!
16/02/2020 13:23:15 [MESSAGE] &f[&9AnimatedNames&f] &eUnable to load placeholders 'nicky'. Plugin Nicky not found!
16/02/2020 13:23:15 [DEBUG] Loaded placeholder: permissions
16/02/2020 13:23:16 [DEBUG] Loaded placeholder: serverpinger
16/02/2020 13:23:15 [MESSAGE] &f[&9AnimatedNames&f] &eUnable to load placeholders 'picknchewstatistics'. Plugin PickNChew not found!
16/02/2020 13:23:15 [MESSAGE] &f[&9AnimatedNames&f] &eUnable to load placeholders 'pl3xicons'. Plugin Pl3xIcons not found!
16/02/2020 13:23:15 [MESSAGE] &f[&9AnimatedNames&f] &eUnable to load placeholders 'prison3'. Plugin Prison3 not found!
16/02/2020 13:23:15 [DEBUG] Loaded placeholder: player
16/02/2020 13:23:15 [MESSAGE] &f[&9AnimatedNames&f] &eUnable to load placeholders 'playerpoints'. Plugin PlayerPoints not found!
16/02/2020 13:23:15 [MESSAGE] &f[&9AnimatedNames&f] &eUnable to load placeholders 'pvptimer'. Plugin PvPTimer not found!
16/02/2020 13:23:15 [MESSAGE] &f[&9AnimatedNames&f] &eUnable to load placeholders 'playtimerewardsrecoded'. Plugin PlayTimeRewardsRecoded not found!
16/02/2020 13:23:15 [MESSAGE] &f[&9AnimatedNames&f] &eUnable to load placeholders 'rankupcrayons'. Plugin RankUp not found!
16/02/2020 13:23:15 [MESSAGE] &f[&9AnimatedNames&f] &eUnable to load placeholders 'plotsquared'. Plugin PlotSquared not found!
16/02/2020 13:23:15 [DEBUG] Loaded placeholder: redisbungee
16/02/2020 13:23:15 [DEBUG] Loaded placeholder: previousnames
16/02/2020 13:23:15 [MESSAGE] &f[&9AnimatedNames&f] &eUnable to load placeholders 'prisonmines'. Plugin PrisonMines not found!
16/02/2020 13:23:15 [DEBUG] Loaded placeholder: quests
16/02/2020 13:23:16 [MESSAGE] &f[&9AnimatedNames&f] &eUnable to load placeholders 'skillapi'. Plugin SkillAPI not found!
16/02/2020 13:23:15 [MESSAGE] &f[&9AnimatedNames&f] &eUnable to load placeholders 'plotz'. Plugin Plotz not found!
16/02/2020 13:23:15 [MESSAGE] &f[&9AnimatedNames&f] &eUnable to load placeholders 'plotme'. Plugin PlotMe not found!
16/02/2020 13:23:15 [DEBUG] Loaded placeholder: placeholderapi
16/02/2020 13:23:16 [MESSAGE] &f[&9AnimatedNames&f] &eUnable to load placeholders 'sellall'. Plugin SellAll not found!
16/02/2020 13:23:16 [MESSAGE] &f[&9AnimatedNames&f] &eUnable to load placeholders 'simpleclans'. Plugin SimpleClans not found!
16/02/2020 13:23:16 [DEBUG] Loaded placeholder: skript
16/02/2020 13:23:15 [MESSAGE] &f[&9AnimatedNames&f] &eUnable to load placeholders 'ontime'. Plugin OnTime not found!
16/02/2020 13:23:16 [MESSAGE] &f[&9AnimatedNames&f] &eUnable to load placeholders 'skywars'. Plugin SkyWars not found!
16/02/2020 13:23:16 [MESSAGE] &f[&9AnimatedNames&f] &eUnable to load placeholders 'skywarsreloaded'. Plugin SkyWarsReloaded not found!
16/02/2020 13:23:16 [MESSAGE] &f[&9AnimatedNames&f] &eUnable to load placeholders 'stockmarket-yahoofinance'. Plugin StockMarket not found!
16/02/2020 13:23:16 [DEBUG] Loaded placeholder: twitter
16/02/2020 13:23:16 [MESSAGE] &f[&9AnimatedNames&f] &eUnable to load placeholders 'ultimatevotes'. Plugin UltimateVotes not found!
16/02/2020 13:23:16 [INFO] Loading event hook: Vanilla Combat hook ...
16/02/2020 13:23:16 [INFO] Loading event hook: Vanilla Create portal hook ...
16/02/2020 13:23:16 [INFO] Loading event hook: Vanilla player rejoin ...
16/02/2020 13:23:16 [INFO] Loading event hook: Vanilla player first join ...
16/02/2020 13:23:16 [DEBUG] Loaded placeholder: unicode
16/02/2020 13:23:16 [INFO] Loading event hook: Vanilla player join ...
16/02/2020 13:23:16 [MESSAGE] &f[&9AnimatedNames&f] &eUnable to load placeholders 'uskyblock'. Plugin uSkyBlock not found!
16/02/2020 13:23:16 [MESSAGE] &f[&9AnimatedNames&f] &eUnable to load placeholders 'stockmarket'. Plugin StockMarket not found!
16/02/2020 13:23:16 [INFO] Loading event hook: Vanilla player rejoin ...
16/02/2020 13:23:16 [INFO] Loading event hook: Vanilla Death hook ...
16/02/2020 13:23:16 [INFO] Loading event hook: Vanilla Death hook ...
16/02/2020 13:23:16 [MESSAGE] &f[&9AnimatedNames&f] &eUnable to load placeholders 'superbvote'. Plugin SuperbVote not found!
16/02/2020 13:23:16 [INFO] Loading event hook: Vanilla Combat hook ...
16/02/2020 13:23:16 [DEBUG] Loaded placeholder: vanillaevents
16/02/2020 13:23:16 [INFO] Loading event hook: Vanilla Block place hook ...
16/02/2020 13:23:16 [INFO] Loading event hook: Vanilla Block place hook ...
16/02/2020 13:23:16 [MESSAGE] &f[&9AnimatedNames&f] &eUnable to load placeholders 'townychat'. Plugin TownyChat not found!
16/02/2020 13:23:16 [INFO] Loading event hook: Vanilla player join ...
16/02/2020 13:23:16 [MESSAGE] &f[&9AnimatedNames&f] &eUnable to load placeholders 'towny'. Plugin Towny not found!
16/02/2020 13:23:16 [INFO] Loading event hook: Vanilla player first join ...
16/02/2020 13:23:16 [DEBUG] Loaded placeholder: tickspersecond
16/02/2020 13:23:16 [INFO] Loading event hook: Vanilla Block break hook ...
16/02/2020 13:23:16 [DEBUG] Loaded placeholder: statistics
16/02/2020 13:23:16 [MESSAGE] &f[&9AnimatedNames&f] &eUnable to load placeholders 'sqlperms'. Plugin SQLPerms not found!
16/02/2020 13:23:16 [MESSAGE] &f[&9AnimatedNames&f] &eUnable to load placeholders 'survivalgameswazup'. Plugin SurvivalGames not found!
16/02/2020 13:23:16 [INFO] Loading event hook: Vanilla Block break hook ...
16/02/2020 13:23:16 [INFO] Loading event hook: Vanilla Create portal hook ...
16/02/2020 13:23:16 [DEBUG] Loaded placeholder: sound
16/02/2020 13:23:16 [MESSAGE] &f[&9AnimatedNames&f] &eUnable to load placeholders 'tokenenchant'. Plugin TokenEnchant not found!
16/02/2020 13:23:16 [MESSAGE] &f[&9AnimatedNames&f] &eUnable to load placeholders 'voteparty'. Plugin VoteParty not found!
16/02/2020 13:23:17 [INFO] Loading event hook: WorldGuard Region ...
16/02/2020 13:23:17 [INFO] 	Arguments: 1
16/02/2020 13:23:17 [INFO] Loading language file: lang_en
16/02/2020 13:23:17 [INFO] Adding team name group 'Staff' ...
16/02/2020 13:23:17 [DEBUG] 	Adding sub command 'groups'
16/02/2020 13:23:17 [INFO] Loading messages ...
16/02/2020 13:23:17 [INFO] Adding team name group 'main' ...
16/02/2020 13:23:17 [INFO] Loading language file: lang_temp
16/02/2020 13:23:17 [MESSAGE] &a Префиксы &8| &aYour version is up to date!
16/02/2020 13:23:17 [INFO] Adding command 'animatednames'
16/02/2020 13:23:17 [INFO] Creating new custom effect: warning
16/02/2020 13:23:17 [DEBUG] 	Adding sub command 'placeholders'
16/02/2020 13:23:17 [MESSAGE] &f[&9AnimatedNames&f] &eUnable to load placeholders 'zarphyckskywars'. Plugin SkyWars not found!
16/02/2020 13:23:17 [DEBUG] 	Adding sub command 'parse'
16/02/2020 13:23:17 [INFO] Adding team name group 'helper' ...
16/02/2020 13:23:17 [DEBUG] 	Adding sub command 'reload'
16/02/2020 13:23:17 [DEBUG] 	Adding sub command 'debug'
16/02/2020 13:23:17 [INFO] Adding team name group 'hypesquad' ...
16/02/2020 13:23:17 [DEBUG] Loaded placeholder: worldguard
16/02/2020 13:23:17 [INFO] 	Lines: 2
16/02/2020 13:23:17 [INFO] Loading event hook: WorldGuard Region ...
16/02/2020 13:23:17 [INFO] Loaded 5875 of the 5875 placholders
16/02/2020 13:23:16 [MESSAGE] &f[&9AnimatedNames&f] &eUnable to load placeholders 'worldborder'. Plugin WorldBorder not found!
16/02/2020 13:23:16 [DEBUG] Loaded placeholder: world
16/02/2020 13:23:17 [INFO] Preparing team names for existing online players ...
16/02/2020 13:23:16 [MESSAGE] &f[&9AnimatedNames&f] &eUnable to load placeholders 'wickedskywars'. Plugin WickedSkywars not found!
16/02/2020 13:23:17 [DEBUG] 	Adding sub command 'permissions'
16/02/2020 13:23:16 [MESSAGE] &f[&9AnimatedNames&f] &eUnable to load placeholders 'voteroulette'. Plugin VoteRoulette not found!
16/02/2020 13:23:17 [DEBUG] 	Adding sub command 'help'
16/02/2020 13:23:17 [DEBUG] 	Adding sub command 'about'
16/02/2020 15:24:18 [INFO] Loading configuration ...
16/02/2020 15:24:18 [INFO] Loading placeholders and event triggers ...
16/02/2020 15:24:18 [INFO] Loading internal placeholders ...
16/02/2020 15:24:18 [DEBUG] Loaded placeholder: CustomPlaceholders
16/02/2020 15:24:18 [DEBUG] Loaded placeholder: MySQL
16/02/2020 15:24:18 [INFO] Fetching available placeholders from server ...
16/02/2020 15:24:18 [MESSAGE] &a Префиксы &8| &eUnable to load placeholders 'acidisland'. Plugin AcidIsland not found!
16/02/2020 15:24:18 [DEBUG] Loaded placeholder: armor
16/02/2020 15:24:18 [MESSAGE] &a Префиксы &8| &eUnable to load placeholders 'askyblock'. Plugin ASkyBlock not found!
16/02/2020 15:24:18 [MESSAGE] &a Префиксы &8| &eUnable to load placeholders 'auctions'. Plugin Auctions not found!
16/02/2020 15:24:18 [MESSAGE] &a Префиксы &8| &eUnable to load placeholders 'autorank'. Plugin AutoRank not found!
16/02/2020 15:24:18 [MESSAGE] &a Префиксы &8| &eUnable to load placeholders 'autosell'. Plugin AutoSell not found!
16/02/2020 15:24:18 [MESSAGE] &a Префиксы &8| &eUnable to load placeholders 'battlelevels'. Plugin BattleLevels not found!
16/02/2020 15:24:18 [MESSAGE] &a Префиксы &8| &eUnable to load placeholders 'bedwarsrel'. Plugin BedwarsRel not found!
16/02/2020 15:24:18 [MESSAGE] &a Префиксы &8| &eUnable to load placeholders 'biteskywarsreloaded'. Plugin BiteSkyWarsReloaded not found!
16/02/2020 15:24:18 [DEBUG] Loaded placeholder: bukkit
16/02/2020 15:24:18 [MESSAGE] &a Префиксы &8| &eUnable to load placeholders 'bukkitgames'. Plugin BukkitGames not found!
16/02/2020 15:24:18 [MESSAGE] &a Префиксы &8| &eUnable to load placeholders 'bukkitspeak'. Plugin BukkitSpeak not found!
16/02/2020 15:24:18 [DEBUG] Loaded placeholder: bungeecord
16/02/2020 15:24:18 [MESSAGE] &a Префиксы &8| &eUnable to load placeholders 'bungeeonlinetime'. Plugin BungeeOnlineTime not found!
16/02/2020 15:24:18 [MESSAGE] &a Префиксы &8| &eUnable to load placeholders 'chatreaction'. Plugin ChatReaction not found!
16/02/2020 15:24:18 [DEBUG] Loaded placeholder: color
16/02/2020 15:24:18 [DEBUG] Loaded placeholder: command
16/02/2020 15:24:18 [DEBUG] Loaded placeholder: compass
16/02/2020 15:24:18 [MESSAGE] &a Префиксы &8| &eUnable to load placeholders 'customlist'. Plugin ChatReaction not found!
16/02/2020 15:24:18 [MESSAGE] &a Префиксы &8| &eUnable to load placeholders 'deluxetags'. Plugin DeluxeTags not found!
16/02/2020 15:24:18 [MESSAGE] &a Префиксы &8| &eUnable to load placeholders 'diceeaster'. Plugin DiceEaster not found!
16/02/2020 15:24:18 [MESSAGE] &a Префиксы &8| &eUnable to load placeholders 'disease'. Plugin Disease not found!
16/02/2020 15:24:18 [MESSAGE] &a Префиксы &8| &eUnable to load placeholders 'donationsholograms'. Plugin DonationsHolograms not found!
16/02/2020 15:24:18 [DEBUG] Loaded placeholder: economy
16/02/2020 15:24:18 [DEBUG] Loaded placeholder: playereffects
16/02/2020 15:24:18 [MESSAGE] &a Префиксы &8| &eUnable to load placeholders 'enchantmenttokens'. Plugin EnchantmentTokens not found!
16/02/2020 15:24:18 [MESSAGE] &a Префиксы &8| &eUnable to load placeholders 'enjin'. Plugin EnjinMinecraftPlugin not found!
16/02/2020 15:24:18 [DEBUG] Loaded placeholder: entities
16/02/2020 15:24:18 [DEBUG] Loaded placeholder: essentials
16/02/2020 15:24:18 [MESSAGE] &a Префиксы &8| &eUnable to load placeholders 'ezblocks'. Plugin EZBlocks not found!
16/02/2020 15:24:18 [MESSAGE] &a Префиксы &8| &eUnable to load placeholders 'ezprestige'. Plugin EZPrestige not found!
16/02/2020 15:24:18 [MESSAGE] &a Префиксы &8| &eUnable to load placeholders 'ezrankslite2'. Plugin EZRanksLite not found!
16/02/2020 15:24:18 [MESSAGE] &a Префиксы &8| &eUnable to load placeholders 'ezrankspro'. Plugin EZRanksPro not found!
16/02/2020 15:24:18 [MESSAGE] &a Префиксы &8| &eUnable to load placeholders 'thrist'. Plugin Thrist not found!
16/02/2020 15:24:19 [DEBUG] Loaded placeholder: facebook
16/02/2020 15:24:19 [MESSAGE] &a Префиксы &8| &eUnable to load placeholders 'factions1_8'. Plugin Factions not found!
16/02/2020 15:24:19 [MESSAGE] &a Префиксы &8| &eUnable to load placeholders 'factions2'. Plugin Factions not found!
16/02/2020 15:24:19 [MESSAGE] &a Префиксы &8| &eUnable to load placeholders 'factions1_6'. Plugin Factions not found!
16/02/2020 15:24:19 [DEBUG] Loaded placeholder: firework
16/02/2020 15:24:19 [MESSAGE] &a Префиксы &8| &eUnable to load placeholders 'galistener'. Plugin GAListener not found!
16/02/2020 15:24:19 [MESSAGE] &a Префиксы &8| &eUnable to load placeholders 'gangsplus1'. Plugin GangsPlus not found!
16/02/2020 15:24:19 [MESSAGE] &a Префиксы &8| &eUnable to load placeholders 'teams'. Plugin Teams not found!
16/02/2020 15:24:19 [DEBUG] Loaded placeholder: geographical
16/02/2020 15:24:19 [MESSAGE] &a Префиксы &8| &eUnable to load placeholders 'griefprevention'. Plugin GriefPrevention not found!
16/02/2020 15:24:20 [MESSAGE] &a Префиксы &8| &eUnable to load placeholders 'heroes'. Plugin Heroes not found!
16/02/2020 15:24:20 [DEBUG] Loaded placeholder: hotbar
16/02/2020 15:24:20 [MESSAGE] &a Префиксы &8| &eUnable to load placeholders 'islandworld'. Plugin IslandWorld not found!
16/02/2020 15:24:20 [DEBUG] Loaded placeholder: java
16/02/2020 15:24:20 [MESSAGE] &a Префиксы &8| &eUnable to load placeholders 'jobs'. Plugin Jobs not found!
16/02/2020 15:24:20 [MESSAGE] &a Префиксы &8| &eUnable to load placeholders 'jobsreborn'. Plugin Jobs not found!
16/02/2020 15:24:20 [MESSAGE] &a Префиксы &8| &eUnable to load placeholders 'killermoney'. Plugin KillerMoney not found!
16/02/2020 15:24:20 [MESSAGE] &a Префиксы &8| &eUnable to load placeholders 'killrewards'. Plugin KillRewards not found!
16/02/2020 15:24:20 [MESSAGE] &a Префиксы &8| &eUnable to load placeholders 'killstats'. Plugin KillStats not found!
16/02/2020 15:24:20 [MESSAGE] &a Префиксы &8| &eUnable to load placeholders 'kingkits'. Plugin KingKits not found!
16/02/2020 15:24:20 [MESSAGE] &a Префиксы &8| &eUnable to load placeholders 'kitbattle'. Plugin KitBattle not found!
16/02/2020 15:24:20 [MESSAGE] &a Префиксы &8| &eUnable to load placeholders 'subsidekoth'. Plugin LeaderHeads not found!
16/02/2020 15:24:20 [MESSAGE] &a Префиксы &8| &eUnable to load placeholders 'leaderheads'. Plugin LeaderHeads not found!
16/02/2020 15:24:20 [MESSAGE] &a Префиксы &8| &eUnable to load placeholders 'legendquest'. Plugin LegendQuest not found!
16/02/2020 15:24:20 [DEBUG] Loaded placeholder: libsdisguises
16/02/2020 15:24:20 [MESSAGE] &a Префиксы &8| &eUnable to load placeholders 'lwc'. Plugin LWC not found!
16/02/2020 15:24:20 [MESSAGE] &a Префиксы &8| &eUnable to load placeholders 'magic'. Plugin Magic not found!
16/02/2020 15:24:20 [DEBUG] Loaded placeholder: marriage
16/02/2020 15:24:20 [MESSAGE] &a Префиксы &8| &eUnable to load placeholders 'marriagemaster'. Plugin MarriageMaster not found!
16/02/2020 15:24:20 [MESSAGE] &a Префиксы &8| &eUnable to load placeholders 'mcinfected'. Plugin McInfected not found!
16/02/2020 15:24:20 [MESSAGE] &a Префиксы &8| &eUnable to load placeholders 'mcmmo'. Plugin mcMMO not found!
16/02/2020 15:24:20 [DEBUG] Loaded placeholder: memory
16/02/2020 15:24:20 [MESSAGE] &a Префиксы &8| &eUnable to load placeholders 'minecrates'. Plugin MineCrates not found!
16/02/2020 15:24:20 [MESSAGE] &a Префиксы &8| &eUnable to load placeholders 'minefortress'. Plugin MineFortress not found!
16/02/2020 15:24:20 [DEBUG] Loaded placeholder: mineresetlite
16/02/2020 15:24:20 [MESSAGE] &a Префиксы &8| &eUnable to load placeholders 'mineresetliteplus'. Plugin MineResetLitePlus not found!
16/02/2020 15:24:20 [MESSAGE] &a Префиксы &8| &eUnable to load placeholders 'mineversechat'. Plugin MineverseChat not found!
16/02/2020 15:24:21 [MESSAGE] &a Префиксы &8| &eUnable to load placeholders 'mobarena'. Plugin MobArena not found!
16/02/2020 15:24:21 [MESSAGE] &a Префиксы &8| &eUnable to load placeholders 'multiverse'. Plugin Multiverse-Core not found!
16/02/2020 15:24:21 [MESSAGE] &a Префиксы &8| &eUnable to load placeholders 'nicky'. Plugin Nicky not found!
16/02/2020 15:24:21 [MESSAGE] &a Префиксы &8| &eUnable to load placeholders 'ontime'. Plugin OnTime not found!
16/02/2020 15:24:21 [DEBUG] Loaded placeholder: permissions
16/02/2020 15:24:21 [MESSAGE] &a Префиксы &8| &eUnable to load placeholders 'picknchewstatistics'. Plugin PickNChew not found!
16/02/2020 15:24:21 [MESSAGE] &a Префиксы &8| &eUnable to load placeholders 'pl3xicons'. Plugin Pl3xIcons not found!
16/02/2020 15:24:21 [DEBUG] Loaded placeholder: placeholderapi
16/02/2020 15:24:21 [DEBUG] Loaded placeholder: player
16/02/2020 15:24:21 [MESSAGE] &a Префиксы &8| &eUnable to load placeholders 'playerpoints'. Plugin PlayerPoints not found!
16/02/2020 15:24:21 [MESSAGE] &a Префиксы &8| &eUnable to load placeholders 'playtimerewardsrecoded'. Plugin PlayTimeRewardsRecoded not found!
16/02/2020 15:24:21 [MESSAGE] &a Префиксы &8| &eUnable to load placeholders 'plotme'. Plugin PlotMe not found!
16/02/2020 15:24:21 [MESSAGE] &a Префиксы &8| &eUnable to load placeholders 'plotsquared'. Plugin PlotSquared not found!
16/02/2020 15:24:21 [MESSAGE] &a Префиксы &8| &eUnable to load placeholders 'plotz'. Plugin Plotz not found!
16/02/2020 15:24:21 [DEBUG] Loaded placeholder: previousnames
16/02/2020 15:24:21 [MESSAGE] &a Префиксы &8| &eUnable to load placeholders 'prison3'. Plugin Prison3 not found!
16/02/2020 15:24:21 [MESSAGE] &a Префиксы &8| &eUnable to load placeholders 'prisonmines'. Plugin PrisonMines not found!
16/02/2020 15:24:21 [MESSAGE] &a Префиксы &8| &eUnable to load placeholders 'pvptimer'. Plugin PvPTimer not found!
16/02/2020 15:24:21 [DEBUG] Loaded placeholder: quests
16/02/2020 15:24:21 [MESSAGE] &a Префиксы &8| &eUnable to load placeholders 'rankupcrayons'. Plugin RankUp not found!
16/02/2020 15:24:21 [DEBUG] Loaded placeholder: redisbungee
16/02/2020 15:24:21 [MESSAGE] &a Префиксы &8| &eUnable to load placeholders 'sellall'. Plugin SellAll not found!
16/02/2020 15:24:21 [DEBUG] Loaded placeholder: serverpinger
16/02/2020 15:24:21 [MESSAGE] &a Префиксы &8| &eUnable to load placeholders 'simpleclans'. Plugin SimpleClans not found!
16/02/2020 15:24:21 [MESSAGE] &a Префиксы &8| &eUnable to load placeholders 'skillapi'. Plugin SkillAPI not found!
16/02/2020 15:24:21 [DEBUG] Loaded placeholder: skript
16/02/2020 15:24:21 [MESSAGE] &a Префиксы &8| &eUnable to load placeholders 'skywars'. Plugin SkyWars not found!
16/02/2020 15:24:21 [MESSAGE] &a Префиксы &8| &eUnable to load placeholders 'skywarsreloaded'. Plugin SkyWarsReloaded not found!
16/02/2020 15:24:21 [DEBUG] Loaded placeholder: sound
16/02/2020 15:24:21 [MESSAGE] &a Префиксы &8| &eUnable to load placeholders 'sqlperms'. Plugin SQLPerms not found!
16/02/2020 15:24:21 [DEBUG] Loaded placeholder: statistics
16/02/2020 15:24:21 [MESSAGE] &a Префиксы &8| &eUnable to load placeholders 'stockmarket-yahoofinance'. Plugin StockMarket not found!
16/02/2020 15:24:21 [MESSAGE] &a Префиксы &8| &eUnable to load placeholders 'stockmarket'. Plugin StockMarket not found!
16/02/2020 15:24:21 [MESSAGE] &a Префиксы &8| &eUnable to load placeholders 'superbvote'. Plugin SuperbVote not found!
16/02/2020 15:24:21 [MESSAGE] &a Префиксы &8| &eUnable to load placeholders 'survivalgameswazup'. Plugin SurvivalGames not found!
16/02/2020 15:24:21 [DEBUG] Loaded placeholder: tickspersecond
16/02/2020 15:24:21 [MESSAGE] &a Префиксы &8| &eUnable to load placeholders 'tokenenchant'. Plugin TokenEnchant not found!
16/02/2020 15:24:22 [MESSAGE] &a Префиксы &8| &eUnable to load placeholders 'towny'. Plugin Towny not found!
16/02/2020 15:24:22 [MESSAGE] &a Префиксы &8| &eUnable to load placeholders 'townychat'. Plugin TownyChat not found!
16/02/2020 15:24:22 [DEBUG] Loaded placeholder: twitter
16/02/2020 15:24:22 [MESSAGE] &a Префиксы &8| &eUnable to load placeholders 'ultimatevotes'. Plugin UltimateVotes not found!
16/02/2020 15:24:22 [DEBUG] Loaded placeholder: unicode
16/02/2020 15:24:22 [MESSAGE] &a Префиксы &8| &eUnable to load placeholders 'uskyblock'. Plugin uSkyBlock not found!
16/02/2020 15:24:22 [DEBUG] Loaded placeholder: vanillaevents
16/02/2020 15:24:22 [INFO] Loading event hook: Vanilla Combat hook ...
16/02/2020 15:24:22 [INFO] Loading event hook: Vanilla Block break hook ...
16/02/2020 15:24:22 [INFO] Loading event hook: Vanilla Block place hook ...
16/02/2020 15:24:22 [INFO] Loading event hook: Vanilla player rejoin ...
16/02/2020 15:24:22 [INFO] Loading event hook: Vanilla player join ...
16/02/2020 15:24:22 [INFO] Loading event hook: Vanilla Death hook ...
16/02/2020 15:24:22 [INFO] Loading event hook: Vanilla Create portal hook ...
16/02/2020 15:24:22 [INFO] Loading event hook: Vanilla player first join ...
16/02/2020 15:24:22 [INFO] Loading event hook: Vanilla Combat hook ...
16/02/2020 15:24:22 [INFO] Loading event hook: Vanilla Block break hook ...
16/02/2020 15:24:22 [INFO] Loading event hook: Vanilla Block place hook ...
16/02/2020 15:24:22 [INFO] Loading event hook: Vanilla player rejoin ...
16/02/2020 15:24:22 [INFO] Loading event hook: Vanilla player join ...
16/02/2020 15:24:22 [INFO] Loading event hook: Vanilla Death hook ...
16/02/2020 15:24:22 [INFO] Loading event hook: Vanilla Create portal hook ...
16/02/2020 15:24:22 [INFO] Loading event hook: Vanilla player first join ...
16/02/2020 15:24:22 [MESSAGE] &a Префиксы &8| &eUnable to load placeholders 'voteparty'. Plugin VoteParty not found!
16/02/2020 15:24:22 [MESSAGE] &a Префиксы &8| &eUnable to load placeholders 'voteroulette'. Plugin VoteRoulette not found!
16/02/2020 15:24:22 [MESSAGE] &a Префиксы &8| &eUnable to load placeholders 'wickedskywars'. Plugin WickedSkywars not found!
16/02/2020 15:24:22 [DEBUG] Loaded placeholder: world
16/02/2020 15:24:22 [MESSAGE] &a Префиксы &8| &eUnable to load placeholders 'worldborder'. Plugin WorldBorder not found!
16/02/2020 15:24:22 [DEBUG] Loaded placeholder: worldguard
16/02/2020 15:24:22 [INFO] Loading event hook: WorldGuard Region ...
16/02/2020 15:24:22 [INFO] Loading event hook: WorldGuard Region ...
16/02/2020 15:24:22 [MESSAGE] &a Префиксы &8| &eUnable to load placeholders 'zarphyckskywars'. Plugin SkyWars not found!
16/02/2020 15:24:22 [INFO] Loaded 6025 of the 6025 placholders
16/02/2020 15:24:22 [INFO] Creating new custom effect: warning
16/02/2020 15:24:22 [INFO] 	Lines: 2
16/02/2020 15:24:22 [INFO] 	Arguments: 1
16/02/2020 15:24:22 [INFO] Adding team name group 'helper' ...
16/02/2020 15:24:22 [INFO] Adding team name group 'hypesquad' ...
16/02/2020 15:24:22 [INFO] Adding team name group 'main' ...
16/02/2020 15:24:23 [INFO] Adding team name group 'Staff' ...
16/02/2020 15:24:23 [INFO] Preparing team names for existing online players ...
16/02/2020 15:27:37 [INFO] Loading placeholders and event triggers ...
16/02/2020 15:27:37 [INFO] Loading configuration ...
16/02/2020 15:27:37 [INFO] Loading internal placeholders ...
16/02/2020 15:27:37 [DEBUG] Loaded placeholder: CustomPlaceholders
16/02/2020 15:27:37 [DEBUG] Loaded placeholder: MySQL
16/02/2020 15:27:37 [INFO] Fetching available placeholders from server ...
16/02/2020 15:27:37 [MESSAGE] &a Префиксы &8| &eUnable to load placeholders 'acidisland'. Plugin AcidIsland not found!
16/02/2020 15:27:37 [DEBUG] Loaded placeholder: armor
16/02/2020 15:27:37 [MESSAGE] &a Префиксы &8| &eUnable to load placeholders 'askyblock'. Plugin ASkyBlock not found!
16/02/2020 15:27:37 [MESSAGE] &a Префиксы &8| &eUnable to load placeholders 'auctions'. Plugin Auctions not found!
16/02/2020 15:27:37 [MESSAGE] &a Префиксы &8| &eUnable to load placeholders 'autorank'. Plugin AutoRank not found!
16/02/2020 15:27:37 [MESSAGE] &a Префиксы &8| &eUnable to load placeholders 'autosell'. Plugin AutoSell not found!
16/02/2020 15:27:37 [MESSAGE] &a Префиксы &8| &eUnable to load placeholders 'battlelevels'. Plugin BattleLevels not found!
16/02/2020 15:27:37 [MESSAGE] &a Префиксы &8| &eUnable to load placeholders 'bedwarsrel'. Plugin BedwarsRel not found!
16/02/2020 15:27:37 [MESSAGE] &a Префиксы &8| &eUnable to load placeholders 'biteskywarsreloaded'. Plugin BiteSkyWarsReloaded not found!
16/02/2020 15:27:37 [DEBUG] Loaded placeholder: bukkit
16/02/2020 15:27:37 [MESSAGE] &a Префиксы &8| &eUnable to load placeholders 'bukkitgames'. Plugin BukkitGames not found!
16/02/2020 15:27:38 [MESSAGE] &a Префиксы &8| &eUnable to load placeholders 'bukkitspeak'. Plugin BukkitSpeak not found!
16/02/2020 15:27:38 [DEBUG] Loaded placeholder: bungeecord
16/02/2020 15:27:38 [MESSAGE] &a Префиксы &8| &eUnable to load placeholders 'bungeeonlinetime'. Plugin BungeeOnlineTime not found!
16/02/2020 15:27:38 [MESSAGE] &a Префиксы &8| &eUnable to load placeholders 'chatreaction'. Plugin ChatReaction not found!
16/02/2020 15:27:38 [DEBUG] Loaded placeholder: color
16/02/2020 15:27:38 [DEBUG] Loaded placeholder: command
16/02/2020 15:27:38 [DEBUG] Loaded placeholder: compass
16/02/2020 15:27:38 [MESSAGE] &a Префиксы &8| &eUnable to load placeholders 'customlist'. Plugin ChatReaction not found!
16/02/2020 15:27:38 [MESSAGE] &a Префиксы &8| &eUnable to load placeholders 'deluxetags'. Plugin DeluxeTags not found!
16/02/2020 15:27:38 [MESSAGE] &a Префиксы &8| &eUnable to load placeholders 'diceeaster'. Plugin DiceEaster not found!
16/02/2020 15:27:38 [MESSAGE] &a Префиксы &8| &eUnable to load placeholders 'disease'. Plugin Disease not found!
16/02/2020 15:27:38 [MESSAGE] &a Префиксы &8| &eUnable to load placeholders 'donationsholograms'. Plugin DonationsHolograms not found!
16/02/2020 15:27:38 [DEBUG] Loaded placeholder: economy
16/02/2020 15:27:38 [DEBUG] Loaded placeholder: playereffects
16/02/2020 15:27:38 [MESSAGE] &a Префиксы &8| &eUnable to load placeholders 'enchantmenttokens'. Plugin EnchantmentTokens not found!
16/02/2020 15:27:38 [MESSAGE] &a Префиксы &8| &eUnable to load placeholders 'enjin'. Plugin EnjinMinecraftPlugin not found!
16/02/2020 15:27:38 [DEBUG] Loaded placeholder: entities
16/02/2020 15:27:38 [DEBUG] Loaded placeholder: essentials
16/02/2020 15:27:38 [MESSAGE] &a Префиксы &8| &eUnable to load placeholders 'ezblocks'. Plugin EZBlocks not found!
16/02/2020 15:27:38 [MESSAGE] &a Префиксы &8| &eUnable to load placeholders 'ezprestige'. Plugin EZPrestige not found!
16/02/2020 15:27:38 [MESSAGE] &a Префиксы &8| &eUnable to load placeholders 'ezrankslite2'. Plugin EZRanksLite not found!
16/02/2020 15:27:38 [MESSAGE] &a Префиксы &8| &eUnable to load placeholders 'ezrankspro'. Plugin EZRanksPro not found!
16/02/2020 15:27:38 [MESSAGE] &a Префиксы &8| &eUnable to load placeholders 'thrist'. Plugin Thrist not found!
16/02/2020 15:27:38 [DEBUG] Loaded placeholder: facebook
16/02/2020 15:27:39 [MESSAGE] &a Префиксы &8| &eUnable to load placeholders 'factions1_8'. Plugin Factions not found!
16/02/2020 15:27:39 [MESSAGE] &a Префиксы &8| &eUnable to load placeholders 'factions2'. Plugin Factions not found!
16/02/2020 15:27:39 [MESSAGE] &a Префиксы &8| &eUnable to load placeholders 'factions1_6'. Plugin Factions not found!
16/02/2020 15:27:39 [DEBUG] Loaded placeholder: firework
16/02/2020 15:27:39 [MESSAGE] &a Префиксы &8| &eUnable to load placeholders 'galistener'. Plugin GAListener not found!
16/02/2020 15:27:39 [MESSAGE] &a Префиксы &8| &eUnable to load placeholders 'gangsplus1'. Plugin GangsPlus not found!
16/02/2020 15:27:39 [MESSAGE] &a Префиксы &8| &eUnable to load placeholders 'teams'. Plugin Teams not found!
16/02/2020 15:27:39 [DEBUG] Loaded placeholder: geographical
16/02/2020 15:27:39 [MESSAGE] &a Префиксы &8| &eUnable to load placeholders 'griefprevention'. Plugin GriefPrevention not found!
16/02/2020 15:27:39 [MESSAGE] &a Префиксы &8| &eUnable to load placeholders 'heroes'. Plugin Heroes not found!
16/02/2020 15:27:39 [DEBUG] Loaded placeholder: hotbar
16/02/2020 15:27:39 [MESSAGE] &a Префиксы &8| &eUnable to load placeholders 'islandworld'. Plugin IslandWorld not found!
16/02/2020 15:27:39 [DEBUG] Loaded placeholder: java
16/02/2020 15:27:39 [MESSAGE] &a Префиксы &8| &eUnable to load placeholders 'jobs'. Plugin Jobs not found!
16/02/2020 15:27:39 [MESSAGE] &a Префиксы &8| &eUnable to load placeholders 'jobsreborn'. Plugin Jobs not found!
16/02/2020 15:27:39 [MESSAGE] &a Префиксы &8| &eUnable to load placeholders 'killermoney'. Plugin KillerMoney not found!
16/02/2020 15:27:39 [MESSAGE] &a Префиксы &8| &eUnable to load placeholders 'killrewards'. Plugin KillRewards not found!
16/02/2020 15:27:39 [MESSAGE] &a Префиксы &8| &eUnable to load placeholders 'killstats'. Plugin KillStats not found!
16/02/2020 15:27:39 [MESSAGE] &a Префиксы &8| &eUnable to load placeholders 'kingkits'. Plugin KingKits not found!
16/02/2020 15:27:39 [MESSAGE] &a Префиксы &8| &eUnable to load placeholders 'kitbattle'. Plugin KitBattle not found!
16/02/2020 15:27:39 [MESSAGE] &a Префиксы &8| &eUnable to load placeholders 'subsidekoth'. Plugin LeaderHeads not found!
16/02/2020 15:27:39 [MESSAGE] &a Префиксы &8| &eUnable to load placeholders 'leaderheads'. Plugin LeaderHeads not found!
16/02/2020 15:27:39 [MESSAGE] &a Префиксы &8| &eUnable to load placeholders 'legendquest'. Plugin LegendQuest not found!
16/02/2020 15:27:39 [DEBUG] Loaded placeholder: libsdisguises
16/02/2020 15:27:39 [MESSAGE] &a Префиксы &8| &eUnable to load placeholders 'lwc'. Plugin LWC not found!
16/02/2020 15:27:39 [MESSAGE] &a Префиксы &8| &eUnable to load placeholders 'magic'. Plugin Magic not found!
16/02/2020 15:27:39 [DEBUG] Loaded placeholder: marriage
16/02/2020 15:27:39 [MESSAGE] &a Префиксы &8| &eUnable to load placeholders 'marriagemaster'. Plugin MarriageMaster not found!
16/02/2020 15:27:40 [MESSAGE] &a Префиксы &8| &eUnable to load placeholders 'mcinfected'. Plugin McInfected not found!
16/02/2020 15:27:40 [MESSAGE] &a Префиксы &8| &eUnable to load placeholders 'mcmmo'. Plugin mcMMO not found!
16/02/2020 15:27:40 [DEBUG] Loaded placeholder: memory
16/02/2020 15:27:40 [MESSAGE] &a Префиксы &8| &eUnable to load placeholders 'minecrates'. Plugin MineCrates not found!
16/02/2020 15:27:40 [MESSAGE] &a Префиксы &8| &eUnable to load placeholders 'minefortress'. Plugin MineFortress not found!
16/02/2020 15:27:40 [DEBUG] Loaded placeholder: mineresetlite
16/02/2020 15:27:40 [MESSAGE] &a Префиксы &8| &eUnable to load placeholders 'mineresetliteplus'. Plugin MineResetLitePlus not found!
16/02/2020 15:27:40 [MESSAGE] &a Префиксы &8| &eUnable to load placeholders 'mineversechat'. Plugin MineverseChat not found!
16/02/2020 15:27:40 [MESSAGE] &a Префиксы &8| &eUnable to load placeholders 'mobarena'. Plugin MobArena not found!
16/02/2020 15:27:40 [MESSAGE] &a Префиксы &8| &eUnable to load placeholders 'multiverse'. Plugin Multiverse-Core not found!
16/02/2020 15:27:40 [MESSAGE] &a Префиксы &8| &eUnable to load placeholders 'nicky'. Plugin Nicky not found!
16/02/2020 15:27:40 [MESSAGE] &a Префиксы &8| &eUnable to load placeholders 'ontime'. Plugin OnTime not found!
16/02/2020 15:27:40 [DEBUG] Loaded placeholder: permissions
16/02/2020 15:27:40 [MESSAGE] &a Префиксы &8| &eUnable to load placeholders 'picknchewstatistics'. Plugin PickNChew not found!
16/02/2020 15:27:40 [MESSAGE] &a Префиксы &8| &eUnable to load placeholders 'pl3xicons'. Plugin Pl3xIcons not found!
16/02/2020 15:27:40 [DEBUG] Loaded placeholder: placeholderapi
16/02/2020 15:27:40 [DEBUG] Loaded placeholder: player
16/02/2020 15:27:40 [MESSAGE] &a Префиксы &8| &eUnable to load placeholders 'playerpoints'. Plugin PlayerPoints not found!
16/02/2020 15:27:40 [MESSAGE] &a Префиксы &8| &eUnable to load placeholders 'playtimerewardsrecoded'. Plugin PlayTimeRewardsRecoded not found!
16/02/2020 15:27:40 [MESSAGE] &a Префиксы &8| &eUnable to load placeholders 'plotme'. Plugin PlotMe not found!
16/02/2020 15:27:40 [MESSAGE] &a Префиксы &8| &eUnable to load placeholders 'plotsquared'. Plugin PlotSquared not found!
16/02/2020 15:27:40 [MESSAGE] &a Префиксы &8| &eUnable to load placeholders 'plotz'. Plugin Plotz not found!
16/02/2020 15:27:40 [DEBUG] Loaded placeholder: previousnames
16/02/2020 15:27:40 [MESSAGE] &a Префиксы &8| &eUnable to load placeholders 'prison3'. Plugin Prison3 not found!
16/02/2020 15:27:40 [MESSAGE] &a Префиксы &8| &eUnable to load placeholders 'prisonmines'. Plugin PrisonMines not found!
16/02/2020 15:27:40 [MESSAGE] &a Префиксы &8| &eUnable to load placeholders 'pvptimer'. Plugin PvPTimer not found!
16/02/2020 15:27:40 [DEBUG] Loaded placeholder: quests
16/02/2020 15:27:40 [MESSAGE] &a Префиксы &8| &eUnable to load placeholders 'rankupcrayons'. Plugin RankUp not found!
16/02/2020 15:27:40 [DEBUG] Loaded placeholder: redisbungee
16/02/2020 15:27:40 [MESSAGE] &a Префиксы &8| &eUnable to load placeholders 'sellall'. Plugin SellAll not found!
16/02/2020 15:27:40 [DEBUG] Loaded placeholder: serverpinger
16/02/2020 15:27:40 [MESSAGE] &a Префиксы &8| &eUnable to load placeholders 'simpleclans'. Plugin SimpleClans not found!
16/02/2020 15:27:41 [MESSAGE] &a Префиксы &8| &eUnable to load placeholders 'skillapi'. Plugin SkillAPI not found!
16/02/2020 15:27:41 [DEBUG] Loaded placeholder: skript
16/02/2020 15:27:41 [MESSAGE] &a Префиксы &8| &eUnable to load placeholders 'skywars'. Plugin SkyWars not found!
16/02/2020 15:27:41 [MESSAGE] &a Префиксы &8| &eUnable to load placeholders 'skywarsreloaded'. Plugin SkyWarsReloaded not found!
16/02/2020 15:27:41 [DEBUG] Loaded placeholder: sound
16/02/2020 15:27:41 [MESSAGE] &a Префиксы &8| &eUnable to load placeholders 'sqlperms'. Plugin SQLPerms not found!
16/02/2020 15:27:41 [DEBUG] Loaded placeholder: statistics
16/02/2020 15:27:41 [MESSAGE] &a Префиксы &8| &eUnable to load placeholders 'stockmarket-yahoofinance'. Plugin StockMarket not found!
16/02/2020 15:27:41 [MESSAGE] &a Префиксы &8| &eUnable to load placeholders 'stockmarket'. Plugin StockMarket not found!
16/02/2020 15:27:41 [MESSAGE] &a Префиксы &8| &eUnable to load placeholders 'superbvote'. Plugin SuperbVote not found!
16/02/2020 15:27:41 [MESSAGE] &a Префиксы &8| &eUnable to load placeholders 'survivalgameswazup'. Plugin SurvivalGames not found!
16/02/2020 15:27:41 [DEBUG] Loaded placeholder: tickspersecond
16/02/2020 15:27:41 [MESSAGE] &a Префиксы &8| &eUnable to load placeholders 'tokenenchant'. Plugin TokenEnchant not found!
16/02/2020 15:27:41 [MESSAGE] &a Префиксы &8| &eUnable to load placeholders 'towny'. Plugin Towny not found!
16/02/2020 15:27:41 [MESSAGE] &a Префиксы &8| &eUnable to load placeholders 'townychat'. Plugin TownyChat not found!
16/02/2020 15:27:41 [DEBUG] Loaded placeholder: twitter
16/02/2020 15:27:41 [MESSAGE] &a Префиксы &8| &eUnable to load placeholders 'ultimatevotes'. Plugin UltimateVotes not found!
16/02/2020 15:27:41 [DEBUG] Loaded placeholder: unicode
16/02/2020 15:27:41 [MESSAGE] &a Префиксы &8| &eUnable to load placeholders 'uskyblock'. Plugin uSkyBlock not found!
16/02/2020 15:27:41 [DEBUG] Loaded placeholder: vanillaevents
16/02/2020 15:27:41 [INFO] Loading event hook: Vanilla Combat hook ...
16/02/2020 15:27:41 [INFO] Loading event hook: Vanilla Block break hook ...
16/02/2020 15:27:41 [INFO] Loading event hook: Vanilla Block place hook ...
16/02/2020 15:27:41 [INFO] Loading event hook: Vanilla player rejoin ...
16/02/2020 15:27:41 [INFO] Loading event hook: Vanilla player join ...
16/02/2020 15:27:41 [INFO] Loading event hook: Vanilla Death hook ...
16/02/2020 15:27:41 [INFO] Loading event hook: Vanilla Create portal hook ...
16/02/2020 15:27:41 [INFO] Loading event hook: Vanilla player first join ...
16/02/2020 15:27:41 [INFO] Loading event hook: Vanilla Combat hook ...
16/02/2020 15:27:41 [INFO] Loading event hook: Vanilla Block break hook ...
16/02/2020 15:27:41 [INFO] Loading event hook: Vanilla Block place hook ...
16/02/2020 15:27:41 [INFO] Loading event hook: Vanilla player rejoin ...
16/02/2020 15:27:41 [INFO] Loading event hook: Vanilla player join ...
16/02/2020 15:27:41 [INFO] Loading event hook: Vanilla Death hook ...
16/02/2020 15:27:41 [INFO] Loading event hook: Vanilla Create portal hook ...
16/02/2020 15:27:41 [INFO] Loading event hook: Vanilla player first join ...
16/02/2020 15:27:41 [MESSAGE] &a Префиксы &8| &eUnable to load placeholders 'voteparty'. Plugin VoteParty not found!
16/02/2020 15:27:41 [MESSAGE] &a Префиксы &8| &eUnable to load placeholders 'voteroulette'. Plugin VoteRoulette not found!
16/02/2020 15:27:41 [MESSAGE] &a Префиксы &8| &eUnable to load placeholders 'wickedskywars'. Plugin WickedSkywars not found!
16/02/2020 15:27:41 [DEBUG] Loaded placeholder: world
16/02/2020 15:27:41 [MESSAGE] &a Префиксы &8| &eUnable to load placeholders 'worldborder'. Plugin WorldBorder not found!
16/02/2020 15:27:41 [DEBUG] Loaded placeholder: worldguard
16/02/2020 15:27:41 [INFO] Loading event hook: WorldGuard Region ...
16/02/2020 15:27:41 [INFO] Loading event hook: WorldGuard Region ...
16/02/2020 15:27:42 [MESSAGE] &a Префиксы &8| &eUnable to load placeholders 'zarphyckskywars'. Plugin SkyWars not found!
16/02/2020 15:27:42 [INFO] Loaded 6025 of the 6025 placholders
16/02/2020 15:27:42 [INFO] Creating new custom effect: warning
16/02/2020 15:27:42 [INFO] 	Lines: 2
16/02/2020 15:27:42 [INFO] 	Arguments: 1
16/02/2020 15:27:42 [INFO] Adding team name group 'helper' ...
16/02/2020 15:27:42 [INFO] Adding team name group 'hypesquad' ...
16/02/2020 15:27:42 [INFO] Adding team name group 'main' ...
16/02/2020 15:27:42 [INFO] Adding team name group 'Staff' ...
16/02/2020 15:27:42 [INFO] Preparing team names for existing online players ...
16/02/2020 15:29:36 [INFO] Loading configuration ...
16/02/2020 15:29:36 [INFO] Loading placeholders and event triggers ...
16/02/2020 15:29:36 [INFO] Loading internal placeholders ...
16/02/2020 15:29:36 [DEBUG] Loaded placeholder: CustomPlaceholders
16/02/2020 15:29:36 [DEBUG] Loaded placeholder: MySQL
16/02/2020 15:29:36 [INFO] Fetching available placeholders from server ...
16/02/2020 15:29:36 [MESSAGE] &a Префиксы &8| &eUnable to load placeholders 'acidisland'. Plugin AcidIsland not found!
16/02/2020 15:29:36 [DEBUG] Loaded placeholder: armor
16/02/2020 15:29:36 [MESSAGE] &a Префиксы &8| &eUnable to load placeholders 'askyblock'. Plugin ASkyBlock not found!
16/02/2020 15:29:36 [MESSAGE] &a Префиксы &8| &eUnable to load placeholders 'auctions'. Plugin Auctions not found!
16/02/2020 15:29:36 [MESSAGE] &a Префиксы &8| &eUnable to load placeholders 'autorank'. Plugin AutoRank not found!
16/02/2020 15:29:36 [MESSAGE] &a Префиксы &8| &eUnable to load placeholders 'autosell'. Plugin AutoSell not found!
16/02/2020 15:29:36 [MESSAGE] &a Префиксы &8| &eUnable to load placeholders 'battlelevels'. Plugin BattleLevels not found!
16/02/2020 15:29:36 [MESSAGE] &a Префиксы &8| &eUnable to load placeholders 'bedwarsrel'. Plugin BedwarsRel not found!
16/02/2020 15:29:36 [MESSAGE] &a Префиксы &8| &eUnable to load placeholders 'biteskywarsreloaded'. Plugin BiteSkyWarsReloaded not found!
16/02/2020 15:29:36 [DEBUG] Loaded placeholder: bukkit
16/02/2020 15:29:36 [MESSAGE] &a Префиксы &8| &eUnable to load placeholders 'bukkitgames'. Plugin BukkitGames not found!
16/02/2020 15:29:36 [MESSAGE] &a Префиксы &8| &eUnable to load placeholders 'bukkitspeak'. Plugin BukkitSpeak not found!
16/02/2020 15:29:36 [DEBUG] Loaded placeholder: bungeecord
16/02/2020 15:29:36 [MESSAGE] &a Префиксы &8| &eUnable to load placeholders 'bungeeonlinetime'. Plugin BungeeOnlineTime not found!
16/02/2020 15:29:36 [MESSAGE] &a Префиксы &8| &eUnable to load placeholders 'chatreaction'. Plugin ChatReaction not found!
16/02/2020 15:29:36 [DEBUG] Loaded placeholder: color
16/02/2020 15:29:36 [DEBUG] Loaded placeholder: command
16/02/2020 15:29:36 [DEBUG] Loaded placeholder: compass
16/02/2020 15:29:36 [MESSAGE] &a Префиксы &8| &eUnable to load placeholders 'customlist'. Plugin ChatReaction not found!
16/02/2020 15:29:36 [MESSAGE] &a Префиксы &8| &eUnable to load placeholders 'deluxetags'. Plugin DeluxeTags not found!
16/02/2020 15:29:36 [MESSAGE] &a Префиксы &8| &eUnable to load placeholders 'diceeaster'. Plugin DiceEaster not found!
16/02/2020 15:29:36 [MESSAGE] &a Префиксы &8| &eUnable to load placeholders 'disease'. Plugin Disease not found!
16/02/2020 15:29:36 [MESSAGE] &a Префиксы &8| &eUnable to load placeholders 'donationsholograms'. Plugin DonationsHolograms not found!
16/02/2020 15:29:36 [DEBUG] Loaded placeholder: economy
16/02/2020 15:29:36 [DEBUG] Loaded placeholder: playereffects
16/02/2020 15:29:36 [MESSAGE] &a Префиксы &8| &eUnable to load placeholders 'enchantmenttokens'. Plugin EnchantmentTokens not found!
16/02/2020 15:29:36 [MESSAGE] &a Префиксы &8| &eUnable to load placeholders 'enjin'. Plugin EnjinMinecraftPlugin not found!
16/02/2020 15:29:36 [DEBUG] Loaded placeholder: entities
16/02/2020 15:29:36 [DEBUG] Loaded placeholder: essentials
16/02/2020 15:29:36 [MESSAGE] &a Префиксы &8| &eUnable to load placeholders 'ezblocks'. Plugin EZBlocks not found!
16/02/2020 15:29:36 [MESSAGE] &a Префиксы &8| &eUnable to load placeholders 'ezprestige'. Plugin EZPrestige not found!
16/02/2020 15:29:36 [MESSAGE] &a Префиксы &8| &eUnable to load placeholders 'ezrankslite2'. Plugin EZRanksLite not found!
16/02/2020 15:29:36 [MESSAGE] &a Префиксы &8| &eUnable to load placeholders 'ezrankspro'. Plugin EZRanksPro not found!
16/02/2020 15:29:36 [MESSAGE] &a Префиксы &8| &eUnable to load placeholders 'thrist'. Plugin Thrist not found!
16/02/2020 15:29:37 [DEBUG] Loaded placeholder: facebook
16/02/2020 15:29:37 [MESSAGE] &a Префиксы &8| &eUnable to load placeholders 'factions1_8'. Plugin Factions not found!
16/02/2020 15:29:37 [MESSAGE] &a Префиксы &8| &eUnable to load placeholders 'factions2'. Plugin Factions not found!
16/02/2020 15:29:37 [MESSAGE] &a Префиксы &8| &eUnable to load placeholders 'factions1_6'. Plugin Factions not found!
16/02/2020 15:29:37 [DEBUG] Loaded placeholder: firework
16/02/2020 15:29:37 [MESSAGE] &a Префиксы &8| &eUnable to load placeholders 'galistener'. Plugin GAListener not found!
16/02/2020 15:29:37 [MESSAGE] &a Префиксы &8| &eUnable to load placeholders 'gangsplus1'. Plugin GangsPlus not found!
16/02/2020 15:29:37 [MESSAGE] &a Префиксы &8| &eUnable to load placeholders 'teams'. Plugin Teams not found!
16/02/2020 15:29:38 [DEBUG] Loaded placeholder: geographical
16/02/2020 15:29:38 [MESSAGE] &a Префиксы &8| &eUnable to load placeholders 'griefprevention'. Plugin GriefPrevention not found!
16/02/2020 15:29:38 [MESSAGE] &a Префиксы &8| &eUnable to load placeholders 'heroes'. Plugin Heroes not found!
16/02/2020 15:29:38 [DEBUG] Loaded placeholder: hotbar
16/02/2020 15:29:38 [MESSAGE] &a Префиксы &8| &eUnable to load placeholders 'islandworld'. Plugin IslandWorld not found!
16/02/2020 15:29:38 [DEBUG] Loaded placeholder: java
16/02/2020 15:29:38 [MESSAGE] &a Префиксы &8| &eUnable to load placeholders 'jobs'. Plugin Jobs not found!
16/02/2020 15:29:38 [MESSAGE] &a Префиксы &8| &eUnable to load placeholders 'jobsreborn'. Plugin Jobs not found!
16/02/2020 15:29:38 [MESSAGE] &a Префиксы &8| &eUnable to load placeholders 'killermoney'. Plugin KillerMoney not found!
16/02/2020 15:29:38 [MESSAGE] &a Префиксы &8| &eUnable to load placeholders 'killrewards'. Plugin KillRewards not found!
16/02/2020 15:29:38 [MESSAGE] &a Префиксы &8| &eUnable to load placeholders 'killstats'. Plugin KillStats not found!
16/02/2020 15:29:38 [MESSAGE] &a Префиксы &8| &eUnable to load placeholders 'kingkits'. Plugin KingKits not found!
16/02/2020 15:29:38 [MESSAGE] &a Префиксы &8| &eUnable to load placeholders 'kitbattle'. Plugin KitBattle not found!
16/02/2020 15:29:38 [MESSAGE] &a Префиксы &8| &eUnable to load placeholders 'subsidekoth'. Plugin LeaderHeads not found!
16/02/2020 15:29:38 [MESSAGE] &a Префиксы &8| &eUnable to load placeholders 'leaderheads'. Plugin LeaderHeads not found!
16/02/2020 15:29:38 [MESSAGE] &a Префиксы &8| &eUnable to load placeholders 'legendquest'. Plugin LegendQuest not found!
16/02/2020 15:29:38 [DEBUG] Loaded placeholder: libsdisguises
16/02/2020 15:29:38 [MESSAGE] &a Префиксы &8| &eUnable to load placeholders 'lwc'. Plugin LWC not found!
16/02/2020 15:29:38 [MESSAGE] &a Префиксы &8| &eUnable to load placeholders 'magic'. Plugin Magic not found!
16/02/2020 15:29:38 [DEBUG] Loaded placeholder: marriage
16/02/2020 15:29:38 [MESSAGE] &a Префиксы &8| &eUnable to load placeholders 'marriagemaster'. Plugin MarriageMaster not found!
16/02/2020 15:29:38 [MESSAGE] &a Префиксы &8| &eUnable to load placeholders 'mcinfected'. Plugin McInfected not found!
16/02/2020 15:29:39 [MESSAGE] &a Префиксы &8| &eUnable to load placeholders 'mcmmo'. Plugin mcMMO not found!
16/02/2020 15:29:39 [DEBUG] Loaded placeholder: memory
16/02/2020 15:29:39 [MESSAGE] &a Префиксы &8| &eUnable to load placeholders 'minecrates'. Plugin MineCrates not found!
16/02/2020 15:29:39 [MESSAGE] &a Префиксы &8| &eUnable to load placeholders 'minefortress'. Plugin MineFortress not found!
16/02/2020 15:29:39 [DEBUG] Loaded placeholder: mineresetlite
16/02/2020 15:29:39 [MESSAGE] &a Префиксы &8| &eUnable to load placeholders 'mineresetliteplus'. Plugin MineResetLitePlus not found!
16/02/2020 15:29:39 [MESSAGE] &a Префиксы &8| &eUnable to load placeholders 'mineversechat'. Plugin MineverseChat not found!
16/02/2020 15:29:39 [MESSAGE] &a Префиксы &8| &eUnable to load placeholders 'mobarena'. Plugin MobArena not found!
16/02/2020 15:29:39 [MESSAGE] &a Префиксы &8| &eUnable to load placeholders 'multiverse'. Plugin Multiverse-Core not found!
16/02/2020 15:29:39 [MESSAGE] &a Префиксы &8| &eUnable to load placeholders 'nicky'. Plugin Nicky not found!
16/02/2020 15:29:39 [MESSAGE] &a Префиксы &8| &eUnable to load placeholders 'ontime'. Plugin OnTime not found!
16/02/2020 15:29:39 [DEBUG] Loaded placeholder: permissions
16/02/2020 15:29:39 [MESSAGE] &a Префиксы &8| &eUnable to load placeholders 'picknchewstatistics'. Plugin PickNChew not found!
16/02/2020 15:29:39 [MESSAGE] &a Префиксы &8| &eUnable to load placeholders 'pl3xicons'. Plugin Pl3xIcons not found!
16/02/2020 15:29:39 [DEBUG] Loaded placeholder: placeholderapi
16/02/2020 15:29:39 [DEBUG] Loaded placeholder: player
16/02/2020 15:29:39 [MESSAGE] &a Префиксы &8| &eUnable to load placeholders 'playerpoints'. Plugin PlayerPoints not found!
16/02/2020 15:29:39 [MESSAGE] &a Префиксы &8| &eUnable to load placeholders 'playtimerewardsrecoded'. Plugin PlayTimeRewardsRecoded not found!
16/02/2020 15:29:39 [MESSAGE] &a Префиксы &8| &eUnable to load placeholders 'plotme'. Plugin PlotMe not found!
16/02/2020 15:29:39 [MESSAGE] &a Префиксы &8| &eUnable to load placeholders 'plotsquared'. Plugin PlotSquared not found!
16/02/2020 15:29:39 [MESSAGE] &a Префиксы &8| &eUnable to load placeholders 'plotz'. Plugin Plotz not found!
16/02/2020 15:29:39 [DEBUG] Loaded placeholder: previousnames
16/02/2020 15:29:39 [MESSAGE] &a Префиксы &8| &eUnable to load placeholders 'prison3'. Plugin Prison3 not found!
16/02/2020 15:29:39 [MESSAGE] &a Префиксы &8| &eUnable to load placeholders 'prisonmines'. Plugin PrisonMines not found!
16/02/2020 15:29:39 [MESSAGE] &a Префиксы &8| &eUnable to load placeholders 'pvptimer'. Plugin PvPTimer not found!
16/02/2020 15:29:39 [DEBUG] Loaded placeholder: quests
16/02/2020 15:29:39 [MESSAGE] &a Префиксы &8| &eUnable to load placeholders 'rankupcrayons'. Plugin RankUp not found!
16/02/2020 15:29:39 [DEBUG] Loaded placeholder: redisbungee
16/02/2020 15:29:39 [MESSAGE] &a Префиксы &8| &eUnable to load placeholders 'sellall'. Plugin SellAll not found!
16/02/2020 15:29:39 [DEBUG] Loaded placeholder: serverpinger
16/02/2020 15:29:39 [MESSAGE] &a Префиксы &8| &eUnable to load placeholders 'simpleclans'. Plugin SimpleClans not found!
16/02/2020 15:29:39 [MESSAGE] &a Префиксы &8| &eUnable to load placeholders 'skillapi'. Plugin SkillAPI not found!
16/02/2020 15:29:39 [DEBUG] Loaded placeholder: skript
16/02/2020 15:29:39 [MESSAGE] &a Префиксы &8| &eUnable to load placeholders 'skywars'. Plugin SkyWars not found!
16/02/2020 15:29:39 [MESSAGE] &a Префиксы &8| &eUnable to load placeholders 'skywarsreloaded'. Plugin SkyWarsReloaded not found!
16/02/2020 15:29:39 [DEBUG] Loaded placeholder: sound
16/02/2020 15:29:39 [MESSAGE] &a Префиксы &8| &eUnable to load placeholders 'sqlperms'. Plugin SQLPerms not found!
16/02/2020 15:29:40 [DEBUG] Loaded placeholder: statistics
16/02/2020 15:29:40 [MESSAGE] &a Префиксы &8| &eUnable to load placeholders 'stockmarket-yahoofinance'. Plugin StockMarket not found!
16/02/2020 15:29:40 [MESSAGE] &a Префиксы &8| &eUnable to load placeholders 'stockmarket'. Plugin StockMarket not found!
16/02/2020 15:29:40 [MESSAGE] &a Префиксы &8| &eUnable to load placeholders 'superbvote'. Plugin SuperbVote not found!
16/02/2020 15:29:40 [MESSAGE] &a Префиксы &8| &eUnable to load placeholders 'survivalgameswazup'. Plugin SurvivalGames not found!
16/02/2020 15:29:40 [DEBUG] Loaded placeholder: tickspersecond
16/02/2020 15:29:40 [MESSAGE] &a Префиксы &8| &eUnable to load placeholders 'tokenenchant'. Plugin TokenEnchant not found!
16/02/2020 15:29:40 [MESSAGE] &a Префиксы &8| &eUnable to load placeholders 'towny'. Plugin Towny not found!
16/02/2020 15:29:40 [MESSAGE] &a Префиксы &8| &eUnable to load placeholders 'townychat'. Plugin TownyChat not found!
16/02/2020 15:29:40 [DEBUG] Loaded placeholder: twitter
16/02/2020 15:29:40 [MESSAGE] &a Префиксы &8| &eUnable to load placeholders 'ultimatevotes'. Plugin UltimateVotes not found!
16/02/2020 15:29:40 [DEBUG] Loaded placeholder: unicode
16/02/2020 15:29:40 [MESSAGE] &a Префиксы &8| &eUnable to load placeholders 'uskyblock'. Plugin uSkyBlock not found!
16/02/2020 15:29:40 [DEBUG] Loaded placeholder: vanillaevents
16/02/2020 15:29:40 [INFO] Loading event hook: Vanilla Combat hook ...
16/02/2020 15:29:40 [INFO] Loading event hook: Vanilla Block break hook ...
16/02/2020 15:29:40 [INFO] Loading event hook: Vanilla Block place hook ...
16/02/2020 15:29:40 [INFO] Loading event hook: Vanilla player rejoin ...
16/02/2020 15:29:40 [INFO] Loading event hook: Vanilla player join ...
16/02/2020 15:29:40 [INFO] Loading event hook: Vanilla Death hook ...
16/02/2020 15:29:40 [INFO] Loading event hook: Vanilla Create portal hook ...
16/02/2020 15:29:40 [INFO] Loading event hook: Vanilla player first join ...
16/02/2020 15:29:40 [INFO] Loading event hook: Vanilla Combat hook ...
16/02/2020 15:29:40 [INFO] Loading event hook: Vanilla Block break hook ...
16/02/2020 15:29:40 [INFO] Loading event hook: Vanilla Block place hook ...
16/02/2020 15:29:40 [INFO] Loading event hook: Vanilla player rejoin ...
16/02/2020 15:29:40 [INFO] Loading event hook: Vanilla player join ...
16/02/2020 15:29:40 [INFO] Loading event hook: Vanilla Death hook ...
16/02/2020 15:29:40 [INFO] Loading event hook: Vanilla Create portal hook ...
16/02/2020 15:29:40 [INFO] Loading event hook: Vanilla player first join ...
16/02/2020 15:29:40 [MESSAGE] &a Префиксы &8| &eUnable to load placeholders 'voteparty'. Plugin VoteParty not found!
16/02/2020 15:29:40 [MESSAGE] &a Префиксы &8| &eUnable to load placeholders 'voteroulette'. Plugin VoteRoulette not found!
16/02/2020 15:29:40 [MESSAGE] &a Префиксы &8| &eUnable to load placeholders 'wickedskywars'. Plugin WickedSkywars not found!
16/02/2020 15:29:40 [DEBUG] Loaded placeholder: world
16/02/2020 15:29:40 [MESSAGE] &a Префиксы &8| &eUnable to load placeholders 'worldborder'. Plugin WorldBorder not found!
16/02/2020 15:29:40 [DEBUG] Loaded placeholder: worldguard
16/02/2020 15:29:40 [INFO] Loading event hook: WorldGuard Region ...
16/02/2020 15:29:40 [INFO] Loading event hook: WorldGuard Region ...
16/02/2020 15:29:40 [MESSAGE] &a Префиксы &8| &eUnable to load placeholders 'zarphyckskywars'. Plugin SkyWars not found!
16/02/2020 15:29:40 [INFO] Loaded 6025 of the 6025 placholders
16/02/2020 15:29:40 [INFO] Creating new custom effect: warning
16/02/2020 15:29:40 [INFO] 	Lines: 2
16/02/2020 15:29:40 [INFO] 	Arguments: 1
16/02/2020 15:29:40 [INFO] Adding team name group 'helper' ...
16/02/2020 15:29:41 [INFO] Adding team name group 'hypesquad' ...
16/02/2020 15:29:41 [INFO] Adding team name group 'main' ...
16/02/2020 15:29:41 [INFO] Adding team name group 'staff' ...
16/02/2020 15:29:41 [INFO] Preparing team names for existing online players ...
16/02/2020 15:32:43 [INFO] Loading configuration ...
16/02/2020 15:32:43 [INFO] Loading placeholders and event triggers ...
16/02/2020 15:32:43 [INFO] Loading internal placeholders ...
16/02/2020 15:32:43 [DEBUG] Loaded placeholder: CustomPlaceholders
16/02/2020 15:32:43 [DEBUG] Loaded placeholder: MySQL
16/02/2020 15:32:43 [INFO] Fetching available placeholders from server ...
16/02/2020 15:32:44 [MESSAGE] &a Префиксы &8| &eUnable to load placeholders 'acidisland'. Plugin AcidIsland not found!
16/02/2020 15:32:44 [DEBUG] Loaded placeholder: armor
16/02/2020 15:32:44 [MESSAGE] &a Префиксы &8| &eUnable to load placeholders 'askyblock'. Plugin ASkyBlock not found!
16/02/2020 15:32:44 [MESSAGE] &a Префиксы &8| &eUnable to load placeholders 'auctions'. Plugin Auctions not found!
16/02/2020 15:32:44 [MESSAGE] &a Префиксы &8| &eUnable to load placeholders 'autorank'. Plugin AutoRank not found!
16/02/2020 15:32:44 [MESSAGE] &a Префиксы &8| &eUnable to load placeholders 'autosell'. Plugin AutoSell not found!
16/02/2020 15:32:44 [MESSAGE] &a Префиксы &8| &eUnable to load placeholders 'battlelevels'. Plugin BattleLevels not found!
16/02/2020 15:32:44 [MESSAGE] &a Префиксы &8| &eUnable to load placeholders 'bedwarsrel'. Plugin BedwarsRel not found!
16/02/2020 15:32:44 [MESSAGE] &a Префиксы &8| &eUnable to load placeholders 'biteskywarsreloaded'. Plugin BiteSkyWarsReloaded not found!
16/02/2020 15:32:44 [DEBUG] Loaded placeholder: bukkit
16/02/2020 15:32:44 [MESSAGE] &a Префиксы &8| &eUnable to load placeholders 'bukkitgames'. Plugin BukkitGames not found!
16/02/2020 15:32:44 [MESSAGE] &a Префиксы &8| &eUnable to load placeholders 'bukkitspeak'. Plugin BukkitSpeak not found!
16/02/2020 15:32:44 [DEBUG] Loaded placeholder: bungeecord
16/02/2020 15:32:44 [MESSAGE] &a Префиксы &8| &eUnable to load placeholders 'bungeeonlinetime'. Plugin BungeeOnlineTime not found!
16/02/2020 15:32:44 [MESSAGE] &a Префиксы &8| &eUnable to load placeholders 'chatreaction'. Plugin ChatReaction not found!
16/02/2020 15:32:44 [DEBUG] Loaded placeholder: color
16/02/2020 15:32:44 [DEBUG] Loaded placeholder: command
16/02/2020 15:32:44 [DEBUG] Loaded placeholder: compass
16/02/2020 15:32:44 [MESSAGE] &a Префиксы &8| &eUnable to load placeholders 'customlist'. Plugin ChatReaction not found!
16/02/2020 15:32:44 [MESSAGE] &a Префиксы &8| &eUnable to load placeholders 'deluxetags'. Plugin DeluxeTags not found!
16/02/2020 15:32:44 [MESSAGE] &a Префиксы &8| &eUnable to load placeholders 'diceeaster'. Plugin DiceEaster not found!
16/02/2020 15:32:44 [MESSAGE] &a Префиксы &8| &eUnable to load placeholders 'disease'. Plugin Disease not found!
16/02/2020 15:32:44 [MESSAGE] &a Префиксы &8| &eUnable to load placeholders 'donationsholograms'. Plugin DonationsHolograms not found!
16/02/2020 15:32:44 [DEBUG] Loaded placeholder: economy
16/02/2020 15:32:44 [DEBUG] Loaded placeholder: playereffects
16/02/2020 15:32:44 [MESSAGE] &a Префиксы &8| &eUnable to load placeholders 'enchantmenttokens'. Plugin EnchantmentTokens not found!
16/02/2020 15:32:44 [MESSAGE] &a Префиксы &8| &eUnable to load placeholders 'enjin'. Plugin EnjinMinecraftPlugin not found!
16/02/2020 15:32:44 [DEBUG] Loaded placeholder: entities
16/02/2020 15:32:44 [DEBUG] Loaded placeholder: essentials
16/02/2020 15:32:44 [MESSAGE] &a Префиксы &8| &eUnable to load placeholders 'ezblocks'. Plugin EZBlocks not found!
16/02/2020 15:32:44 [MESSAGE] &a Префиксы &8| &eUnable to load placeholders 'ezprestige'. Plugin EZPrestige not found!
16/02/2020 15:32:44 [MESSAGE] &a Префиксы &8| &eUnable to load placeholders 'ezrankslite2'. Plugin EZRanksLite not found!
16/02/2020 15:32:44 [MESSAGE] &a Префиксы &8| &eUnable to load placeholders 'ezrankspro'. Plugin EZRanksPro not found!
16/02/2020 15:32:44 [MESSAGE] &a Префиксы &8| &eUnable to load placeholders 'thrist'. Plugin Thrist not found!
16/02/2020 15:32:45 [DEBUG] Loaded placeholder: facebook
16/02/2020 15:32:45 [MESSAGE] &a Префиксы &8| &eUnable to load placeholders 'factions1_8'. Plugin Factions not found!
16/02/2020 15:32:45 [MESSAGE] &a Префиксы &8| &eUnable to load placeholders 'factions2'. Plugin Factions not found!
16/02/2020 15:32:45 [MESSAGE] &a Префиксы &8| &eUnable to load placeholders 'factions1_6'. Plugin Factions not found!
16/02/2020 15:32:45 [DEBUG] Loaded placeholder: firework
16/02/2020 15:32:45 [MESSAGE] &a Префиксы &8| &eUnable to load placeholders 'galistener'. Plugin GAListener not found!
16/02/2020 15:32:45 [MESSAGE] &a Префиксы &8| &eUnable to load placeholders 'gangsplus1'. Plugin GangsPlus not found!
16/02/2020 15:32:45 [MESSAGE] &a Префиксы &8| &eUnable to load placeholders 'teams'. Plugin Teams not found!
16/02/2020 15:32:45 [DEBUG] Loaded placeholder: geographical
16/02/2020 15:32:45 [MESSAGE] &a Префиксы &8| &eUnable to load placeholders 'griefprevention'. Plugin GriefPrevention not found!
16/02/2020 15:32:45 [MESSAGE] &a Префиксы &8| &eUnable to load placeholders 'heroes'. Plugin Heroes not found!
16/02/2020 15:32:45 [DEBUG] Loaded placeholder: hotbar
16/02/2020 15:32:45 [MESSAGE] &a Префиксы &8| &eUnable to load placeholders 'islandworld'. Plugin IslandWorld not found!
16/02/2020 15:32:45 [DEBUG] Loaded placeholder: java
16/02/2020 15:32:45 [MESSAGE] &a Префиксы &8| &eUnable to load placeholders 'jobs'. Plugin Jobs not found!
16/02/2020 15:32:45 [MESSAGE] &a Префиксы &8| &eUnable to load placeholders 'jobsreborn'. Plugin Jobs not found!
16/02/2020 15:32:45 [MESSAGE] &a Префиксы &8| &eUnable to load placeholders 'killermoney'. Plugin KillerMoney not found!
16/02/2020 15:32:45 [MESSAGE] &a Префиксы &8| &eUnable to load placeholders 'killrewards'. Plugin KillRewards not found!
16/02/2020 15:32:45 [MESSAGE] &a Префиксы &8| &eUnable to load placeholders 'killstats'. Plugin KillStats not found!
16/02/2020 15:32:45 [MESSAGE] &a Префиксы &8| &eUnable to load placeholders 'kingkits'. Plugin KingKits not found!
16/02/2020 15:32:45 [MESSAGE] &a Префиксы &8| &eUnable to load placeholders 'kitbattle'. Plugin KitBattle not found!
16/02/2020 15:32:45 [MESSAGE] &a Префиксы &8| &eUnable to load placeholders 'subsidekoth'. Plugin LeaderHeads not found!
16/02/2020 15:32:45 [MESSAGE] &a Префиксы &8| &eUnable to load placeholders 'leaderheads'. Plugin LeaderHeads not found!
16/02/2020 15:32:45 [MESSAGE] &a Префиксы &8| &eUnable to load placeholders 'legendquest'. Plugin LegendQuest not found!
16/02/2020 15:32:45 [DEBUG] Loaded placeholder: libsdisguises
16/02/2020 15:32:45 [MESSAGE] &a Префиксы &8| &eUnable to load placeholders 'lwc'. Plugin LWC not found!
16/02/2020 15:32:46 [MESSAGE] &a Префиксы &8| &eUnable to load placeholders 'magic'. Plugin Magic not found!
16/02/2020 15:32:46 [DEBUG] Loaded placeholder: marriage
16/02/2020 15:32:46 [MESSAGE] &a Префиксы &8| &eUnable to load placeholders 'marriagemaster'. Plugin MarriageMaster not found!
16/02/2020 15:32:46 [MESSAGE] &a Префиксы &8| &eUnable to load placeholders 'mcinfected'. Plugin McInfected not found!
16/02/2020 15:32:46 [MESSAGE] &a Префиксы &8| &eUnable to load placeholders 'mcmmo'. Plugin mcMMO not found!
16/02/2020 15:32:46 [DEBUG] Loaded placeholder: memory
16/02/2020 15:32:46 [MESSAGE] &a Префиксы &8| &eUnable to load placeholders 'minecrates'. Plugin MineCrates not found!
16/02/2020 15:32:46 [MESSAGE] &a Префиксы &8| &eUnable to load placeholders 'minefortress'. Plugin MineFortress not found!
16/02/2020 15:32:46 [DEBUG] Loaded placeholder: mineresetlite
16/02/2020 15:32:46 [MESSAGE] &a Префиксы &8| &eUnable to load placeholders 'mineresetliteplus'. Plugin MineResetLitePlus not found!
16/02/2020 15:32:46 [MESSAGE] &a Префиксы &8| &eUnable to load placeholders 'mineversechat'. Plugin MineverseChat not found!
16/02/2020 15:32:46 [MESSAGE] &a Префиксы &8| &eUnable to load placeholders 'mobarena'. Plugin MobArena not found!
16/02/2020 15:32:46 [MESSAGE] &a Префиксы &8| &eUnable to load placeholders 'multiverse'. Plugin Multiverse-Core not found!
16/02/2020 15:32:46 [MESSAGE] &a Префиксы &8| &eUnable to load placeholders 'nicky'. Plugin Nicky not found!
16/02/2020 15:32:46 [MESSAGE] &a Префиксы &8| &eUnable to load placeholders 'ontime'. Plugin OnTime not found!
16/02/2020 15:32:46 [DEBUG] Loaded placeholder: permissions
16/02/2020 15:32:46 [MESSAGE] &a Префиксы &8| &eUnable to load placeholders 'picknchewstatistics'. Plugin PickNChew not found!
16/02/2020 15:32:46 [MESSAGE] &a Префиксы &8| &eUnable to load placeholders 'pl3xicons'. Plugin Pl3xIcons not found!
16/02/2020 15:32:46 [DEBUG] Loaded placeholder: placeholderapi
16/02/2020 15:32:46 [DEBUG] Loaded placeholder: player
16/02/2020 15:32:46 [MESSAGE] &a Префиксы &8| &eUnable to load placeholders 'playerpoints'. Plugin PlayerPoints not found!
16/02/2020 15:32:46 [MESSAGE] &a Префиксы &8| &eUnable to load placeholders 'playtimerewardsrecoded'. Plugin PlayTimeRewardsRecoded not found!
16/02/2020 15:32:46 [MESSAGE] &a Префиксы &8| &eUnable to load placeholders 'plotme'. Plugin PlotMe not found!
16/02/2020 15:32:46 [MESSAGE] &a Префиксы &8| &eUnable to load placeholders 'plotsquared'. Plugin PlotSquared not found!
16/02/2020 15:32:46 [MESSAGE] &a Префиксы &8| &eUnable to load placeholders 'plotz'. Plugin Plotz not found!
16/02/2020 15:32:46 [DEBUG] Loaded placeholder: previousnames
16/02/2020 15:32:46 [MESSAGE] &a Префиксы &8| &eUnable to load placeholders 'prison3'. Plugin Prison3 not found!
16/02/2020 15:32:46 [MESSAGE] &a Префиксы &8| &eUnable to load placeholders 'prisonmines'. Plugin PrisonMines not found!
16/02/2020 15:32:46 [MESSAGE] &a Префиксы &8| &eUnable to load placeholders 'pvptimer'. Plugin PvPTimer not found!
16/02/2020 15:32:46 [DEBUG] Loaded placeholder: quests
16/02/2020 15:32:46 [MESSAGE] &a Префиксы &8| &eUnable to load placeholders 'rankupcrayons'. Plugin RankUp not found!
16/02/2020 15:32:46 [DEBUG] Loaded placeholder: redisbungee
16/02/2020 15:32:46 [MESSAGE] &a Префиксы &8| &eUnable to load placeholders 'sellall'. Plugin SellAll not found!
16/02/2020 15:32:46 [DEBUG] Loaded placeholder: serverpinger
16/02/2020 15:32:47 [MESSAGE] &a Префиксы &8| &eUnable to load placeholders 'simpleclans'. Plugin SimpleClans not found!
16/02/2020 15:32:47 [MESSAGE] &a Префиксы &8| &eUnable to load placeholders 'skillapi'. Plugin SkillAPI not found!
16/02/2020 15:32:47 [DEBUG] Loaded placeholder: skript
16/02/2020 15:32:47 [MESSAGE] &a Префиксы &8| &eUnable to load placeholders 'skywars'. Plugin SkyWars not found!
16/02/2020 15:32:47 [MESSAGE] &a Префиксы &8| &eUnable to load placeholders 'skywarsreloaded'. Plugin SkyWarsReloaded not found!
16/02/2020 15:32:47 [DEBUG] Loaded placeholder: sound
16/02/2020 15:32:47 [MESSAGE] &a Префиксы &8| &eUnable to load placeholders 'sqlperms'. Plugin SQLPerms not found!
16/02/2020 15:32:47 [DEBUG] Loaded placeholder: statistics
16/02/2020 15:32:47 [MESSAGE] &a Префиксы &8| &eUnable to load placeholders 'stockmarket'. Plugin StockMarket not found!
16/02/2020 15:32:47 [MESSAGE] &a Префиксы &8| &eUnable to load placeholders 'stockmarket-yahoofinance'. Plugin StockMarket not found!
16/02/2020 15:32:47 [MESSAGE] &a Префиксы &8| &eUnable to load placeholders 'superbvote'. Plugin SuperbVote not found!
16/02/2020 15:32:47 [MESSAGE] &a Префиксы &8| &eUnable to load placeholders 'survivalgameswazup'. Plugin SurvivalGames not found!
16/02/2020 15:32:47 [DEBUG] Loaded placeholder: tickspersecond
16/02/2020 15:32:47 [MESSAGE] &a Префиксы &8| &eUnable to load placeholders 'tokenenchant'. Plugin TokenEnchant not found!
16/02/2020 15:32:47 [MESSAGE] &a Префиксы &8| &eUnable to load placeholders 'towny'. Plugin Towny not found!
16/02/2020 15:32:47 [MESSAGE] &a Префиксы &8| &eUnable to load placeholders 'townychat'. Plugin TownyChat not found!
16/02/2020 15:32:47 [DEBUG] Loaded placeholder: twitter
16/02/2020 15:32:47 [MESSAGE] &a Префиксы &8| &eUnable to load placeholders 'ultimatevotes'. Plugin UltimateVotes not found!
16/02/2020 15:32:47 [DEBUG] Loaded placeholder: unicode
16/02/2020 15:32:47 [MESSAGE] &a Префиксы &8| &eUnable to load placeholders 'uskyblock'. Plugin uSkyBlock not found!
16/02/2020 15:32:47 [DEBUG] Loaded placeholder: vanillaevents
16/02/2020 15:32:47 [INFO] Loading event hook: Vanilla Combat hook ...
16/02/2020 15:32:47 [INFO] Loading event hook: Vanilla Block break hook ...
16/02/2020 15:32:47 [INFO] Loading event hook: Vanilla Block place hook ...
16/02/2020 15:32:47 [INFO] Loading event hook: Vanilla player rejoin ...
16/02/2020 15:32:47 [INFO] Loading event hook: Vanilla player join ...
16/02/2020 15:32:47 [INFO] Loading event hook: Vanilla Death hook ...
16/02/2020 15:32:47 [INFO] Loading event hook: Vanilla Create portal hook ...
16/02/2020 15:32:47 [INFO] Loading event hook: Vanilla player first join ...
16/02/2020 15:32:47 [INFO] Loading event hook: Vanilla Combat hook ...
16/02/2020 15:32:47 [INFO] Loading event hook: Vanilla Block break hook ...
16/02/2020 15:32:47 [INFO] Loading event hook: Vanilla Block place hook ...
16/02/2020 15:32:47 [INFO] Loading event hook: Vanilla player rejoin ...
16/02/2020 15:32:47 [INFO] Loading event hook: Vanilla player join ...
16/02/2020 15:32:47 [INFO] Loading event hook: Vanilla Death hook ...
16/02/2020 15:32:47 [INFO] Loading event hook: Vanilla Create portal hook ...
16/02/2020 15:32:47 [INFO] Loading event hook: Vanilla player first join ...
16/02/2020 15:32:47 [MESSAGE] &a Префиксы &8| &eUnable to load placeholders 'voteparty'. Plugin VoteParty not found!
16/02/2020 15:32:47 [MESSAGE] &a Префиксы &8| &eUnable to load placeholders 'voteroulette'. Plugin VoteRoulette not found!
16/02/2020 15:32:47 [MESSAGE] &a Префиксы &8| &eUnable to load placeholders 'wickedskywars'. Plugin WickedSkywars not found!
16/02/2020 15:32:47 [DEBUG] Loaded placeholder: world
16/02/2020 15:32:47 [MESSAGE] &a Префиксы &8| &eUnable to load placeholders 'worldborder'. Plugin WorldBorder not found!
16/02/2020 15:32:48 [DEBUG] Loaded placeholder: worldguard
16/02/2020 15:32:48 [INFO] Loading event hook: WorldGuard Region ...
16/02/2020 15:32:48 [INFO] Loading event hook: WorldGuard Region ...
16/02/2020 15:32:48 [MESSAGE] &a Префиксы &8| &eUnable to load placeholders 'zarphyckskywars'. Plugin SkyWars not found!
16/02/2020 15:32:48 [INFO] Loaded 6025 of the 6025 placholders
16/02/2020 15:32:48 [INFO] Creating new custom effect: warning
16/02/2020 15:32:48 [INFO] 	Lines: 2
16/02/2020 15:32:48 [INFO] 	Arguments: 1
16/02/2020 15:32:48 [INFO] Adding team name group 'helper' ...
16/02/2020 15:32:48 [INFO] Adding team name group 'hypesquad' ...
16/02/2020 15:32:48 [INFO] Adding team name group 'main' ...
16/02/2020 15:32:48 [INFO] Adding team name group 'staff' ...
16/02/2020 15:32:48 [INFO] Preparing team names for existing online players ...
16/02/2020 15:32:48 [MESSAGE] &a Префиксы &8| &2Конфигурация перезагржена!
16/02/2020 15:35:43 [INFO] Loading configuration ...
16/02/2020 15:35:43 [INFO] Loading placeholders and event triggers ...
16/02/2020 15:35:43 [INFO] Loading internal placeholders ...
16/02/2020 15:35:43 [DEBUG] Loaded placeholder: CustomPlaceholders
16/02/2020 15:35:43 [DEBUG] Loaded placeholder: MySQL
16/02/2020 15:35:43 [INFO] Fetching available placeholders from server ...
16/02/2020 15:35:43 [MESSAGE] &a Префиксы &8| &eUnable to load placeholders 'acidisland'. Plugin AcidIsland not found!
16/02/2020 15:35:43 [DEBUG] Loaded placeholder: armor
16/02/2020 15:35:43 [MESSAGE] &a Префиксы &8| &eUnable to load placeholders 'askyblock'. Plugin ASkyBlock not found!
16/02/2020 15:35:43 [MESSAGE] &a Префиксы &8| &eUnable to load placeholders 'auctions'. Plugin Auctions not found!
16/02/2020 15:35:43 [MESSAGE] &a Префиксы &8| &eUnable to load placeholders 'autorank'. Plugin AutoRank not found!
16/02/2020 15:35:43 [MESSAGE] &a Префиксы &8| &eUnable to load placeholders 'autosell'. Plugin AutoSell not found!
16/02/2020 15:35:43 [MESSAGE] &a Префиксы &8| &eUnable to load placeholders 'battlelevels'. Plugin BattleLevels not found!
16/02/2020 15:35:44 [MESSAGE] &a Префиксы &8| &eUnable to load placeholders 'bedwarsrel'. Plugin BedwarsRel not found!
16/02/2020 15:35:44 [MESSAGE] &a Префиксы &8| &eUnable to load placeholders 'biteskywarsreloaded'. Plugin BiteSkyWarsReloaded not found!
16/02/2020 15:35:44 [DEBUG] Loaded placeholder: bukkit
16/02/2020 15:35:44 [MESSAGE] &a Префиксы &8| &eUnable to load placeholders 'bukkitgames'. Plugin BukkitGames not found!
16/02/2020 15:35:44 [MESSAGE] &a Префиксы &8| &eUnable to load placeholders 'bukkitspeak'. Plugin BukkitSpeak not found!
16/02/2020 15:35:44 [DEBUG] Loaded placeholder: bungeecord
16/02/2020 15:35:44 [MESSAGE] &a Префиксы &8| &eUnable to load placeholders 'bungeeonlinetime'. Plugin BungeeOnlineTime not found!
16/02/2020 15:35:44 [MESSAGE] &a Префиксы &8| &eUnable to load placeholders 'chatreaction'. Plugin ChatReaction not found!
16/02/2020 15:35:44 [DEBUG] Loaded placeholder: color
16/02/2020 15:35:44 [DEBUG] Loaded placeholder: command
16/02/2020 15:35:44 [DEBUG] Loaded placeholder: compass
16/02/2020 15:35:44 [MESSAGE] &a Префиксы &8| &eUnable to load placeholders 'customlist'. Plugin ChatReaction not found!
16/02/2020 15:35:44 [MESSAGE] &a Префиксы &8| &eUnable to load placeholders 'deluxetags'. Plugin DeluxeTags not found!
16/02/2020 15:35:44 [MESSAGE] &a Префиксы &8| &eUnable to load placeholders 'diceeaster'. Plugin DiceEaster not found!
16/02/2020 15:35:44 [MESSAGE] &a Префиксы &8| &eUnable to load placeholders 'disease'. Plugin Disease not found!
16/02/2020 15:35:44 [MESSAGE] &a Префиксы &8| &eUnable to load placeholders 'donationsholograms'. Plugin DonationsHolograms not found!
16/02/2020 15:35:44 [DEBUG] Loaded placeholder: economy
16/02/2020 15:35:44 [DEBUG] Loaded placeholder: playereffects
16/02/2020 15:35:44 [MESSAGE] &a Префиксы &8| &eUnable to load placeholders 'enchantmenttokens'. Plugin EnchantmentTokens not found!
16/02/2020 15:35:44 [MESSAGE] &a Префиксы &8| &eUnable to load placeholders 'enjin'. Plugin EnjinMinecraftPlugin not found!
16/02/2020 15:35:44 [DEBUG] Loaded placeholder: entities
16/02/2020 15:35:44 [DEBUG] Loaded placeholder: essentials
16/02/2020 15:35:44 [MESSAGE] &a Префиксы &8| &eUnable to load placeholders 'ezblocks'. Plugin EZBlocks not found!
16/02/2020 15:35:44 [MESSAGE] &a Префиксы &8| &eUnable to load placeholders 'ezprestige'. Plugin EZPrestige not found!
16/02/2020 15:35:44 [MESSAGE] &a Префиксы &8| &eUnable to load placeholders 'ezrankslite2'. Plugin EZRanksLite not found!
16/02/2020 15:35:44 [MESSAGE] &a Префиксы &8| &eUnable to load placeholders 'ezrankspro'. Plugin EZRanksPro not found!
16/02/2020 15:35:44 [MESSAGE] &a Префиксы &8| &eUnable to load placeholders 'thrist'. Plugin Thrist not found!
16/02/2020 15:35:45 [DEBUG] Loaded placeholder: facebook
16/02/2020 15:35:45 [MESSAGE] &a Префиксы &8| &eUnable to load placeholders 'factions1_8'. Plugin Factions not found!
16/02/2020 15:35:45 [MESSAGE] &a Префиксы &8| &eUnable to load placeholders 'factions2'. Plugin Factions not found!
16/02/2020 15:35:45 [MESSAGE] &a Префиксы &8| &eUnable to load placeholders 'factions1_6'. Plugin Factions not found!
16/02/2020 15:35:45 [DEBUG] Loaded placeholder: firework
16/02/2020 15:35:45 [MESSAGE] &a Префиксы &8| &eUnable to load placeholders 'galistener'. Plugin GAListener not found!
16/02/2020 15:35:45 [MESSAGE] &a Префиксы &8| &eUnable to load placeholders 'gangsplus1'. Plugin GangsPlus not found!
16/02/2020 15:35:45 [MESSAGE] &a Префиксы &8| &eUnable to load placeholders 'teams'. Plugin Teams not found!
16/02/2020 15:35:45 [DEBUG] Loaded placeholder: geographical
16/02/2020 15:35:45 [MESSAGE] &a Префиксы &8| &eUnable to load placeholders 'griefprevention'. Plugin GriefPrevention not found!
16/02/2020 15:35:45 [MESSAGE] &a Префиксы &8| &eUnable to load placeholders 'heroes'. Plugin Heroes not found!
16/02/2020 15:35:45 [DEBUG] Loaded placeholder: hotbar
16/02/2020 15:35:45 [MESSAGE] &a Префиксы &8| &eUnable to load placeholders 'islandworld'. Plugin IslandWorld not found!
16/02/2020 15:35:45 [DEBUG] Loaded placeholder: java
16/02/2020 15:35:45 [MESSAGE] &a Префиксы &8| &eUnable to load placeholders 'jobs'. Plugin Jobs not found!
16/02/2020 15:35:45 [MESSAGE] &a Префиксы &8| &eUnable to load placeholders 'jobsreborn'. Plugin Jobs not found!
16/02/2020 15:35:45 [MESSAGE] &a Префиксы &8| &eUnable to load placeholders 'killermoney'. Plugin KillerMoney not found!
16/02/2020 15:35:45 [MESSAGE] &a Префиксы &8| &eUnable to load placeholders 'killrewards'. Plugin KillRewards not found!
16/02/2020 15:35:45 [MESSAGE] &a Префиксы &8| &eUnable to load placeholders 'killstats'. Plugin KillStats not found!
16/02/2020 15:35:45 [MESSAGE] &a Префиксы &8| &eUnable to load placeholders 'kingkits'. Plugin KingKits not found!
16/02/2020 15:35:45 [MESSAGE] &a Префиксы &8| &eUnable to load placeholders 'kitbattle'. Plugin KitBattle not found!
16/02/2020 15:35:45 [MESSAGE] &a Префиксы &8| &eUnable to load placeholders 'subsidekoth'. Plugin LeaderHeads not found!
16/02/2020 15:35:45 [MESSAGE] &a Префиксы &8| &eUnable to load placeholders 'leaderheads'. Plugin LeaderHeads not found!
16/02/2020 15:35:45 [MESSAGE] &a Префиксы &8| &eUnable to load placeholders 'legendquest'. Plugin LegendQuest not found!
16/02/2020 15:35:45 [DEBUG] Loaded placeholder: libsdisguises
16/02/2020 15:35:45 [MESSAGE] &a Префиксы &8| &eUnable to load placeholders 'lwc'. Plugin LWC not found!
16/02/2020 15:35:46 [MESSAGE] &a Префиксы &8| &eUnable to load placeholders 'magic'. Plugin Magic not found!
16/02/2020 15:35:46 [DEBUG] Loaded placeholder: marriage
16/02/2020 15:35:46 [MESSAGE] &a Префиксы &8| &eUnable to load placeholders 'marriagemaster'. Plugin MarriageMaster not found!
16/02/2020 15:35:46 [MESSAGE] &a Префиксы &8| &eUnable to load placeholders 'mcinfected'. Plugin McInfected not found!
16/02/2020 15:35:46 [MESSAGE] &a Префиксы &8| &eUnable to load placeholders 'mcmmo'. Plugin mcMMO not found!
16/02/2020 15:35:46 [DEBUG] Loaded placeholder: memory
16/02/2020 15:35:46 [MESSAGE] &a Префиксы &8| &eUnable to load placeholders 'minecrates'. Plugin MineCrates not found!
16/02/2020 15:35:46 [MESSAGE] &a Префиксы &8| &eUnable to load placeholders 'minefortress'. Plugin MineFortress not found!
16/02/2020 15:35:46 [DEBUG] Loaded placeholder: mineresetlite
16/02/2020 15:35:46 [MESSAGE] &a Префиксы &8| &eUnable to load placeholders 'mineresetliteplus'. Plugin MineResetLitePlus not found!
16/02/2020 15:35:46 [MESSAGE] &a Префиксы &8| &eUnable to load placeholders 'mineversechat'. Plugin MineverseChat not found!
16/02/2020 15:35:46 [MESSAGE] &a Префиксы &8| &eUnable to load placeholders 'mobarena'. Plugin MobArena not found!
16/02/2020 15:35:46 [MESSAGE] &a Префиксы &8| &eUnable to load placeholders 'multiverse'. Plugin Multiverse-Core not found!
16/02/2020 15:35:46 [MESSAGE] &a Префиксы &8| &eUnable to load placeholders 'nicky'. Plugin Nicky not found!
16/02/2020 15:35:46 [MESSAGE] &a Префиксы &8| &eUnable to load placeholders 'ontime'. Plugin OnTime not found!
16/02/2020 15:35:46 [DEBUG] Loaded placeholder: permissions
16/02/2020 15:35:46 [MESSAGE] &a Префиксы &8| &eUnable to load placeholders 'picknchewstatistics'. Plugin PickNChew not found!
16/02/2020 15:35:46 [MESSAGE] &a Префиксы &8| &eUnable to load placeholders 'pl3xicons'. Plugin Pl3xIcons not found!
16/02/2020 15:35:46 [DEBUG] Loaded placeholder: placeholderapi
16/02/2020 15:35:46 [DEBUG] Loaded placeholder: player
16/02/2020 15:35:46 [MESSAGE] &a Префиксы &8| &eUnable to load placeholders 'playerpoints'. Plugin PlayerPoints not found!
16/02/2020 15:35:46 [MESSAGE] &a Префиксы &8| &eUnable to load placeholders 'playtimerewardsrecoded'. Plugin PlayTimeRewardsRecoded not found!
16/02/2020 15:35:46 [MESSAGE] &a Префиксы &8| &eUnable to load placeholders 'plotme'. Plugin PlotMe not found!
16/02/2020 15:35:46 [MESSAGE] &a Префиксы &8| &eUnable to load placeholders 'plotsquared'. Plugin PlotSquared not found!
16/02/2020 15:35:46 [MESSAGE] &a Префиксы &8| &eUnable to load placeholders 'plotz'. Plugin Plotz not found!
16/02/2020 15:35:46 [DEBUG] Loaded placeholder: previousnames
16/02/2020 15:35:46 [MESSAGE] &a Префиксы &8| &eUnable to load placeholders 'prison3'. Plugin Prison3 not found!
16/02/2020 15:35:46 [MESSAGE] &a Префиксы &8| &eUnable to load placeholders 'prisonmines'. Plugin PrisonMines not found!
16/02/2020 15:35:46 [MESSAGE] &a Префиксы &8| &eUnable to load placeholders 'pvptimer'. Plugin PvPTimer not found!
16/02/2020 15:35:46 [DEBUG] Loaded placeholder: quests
16/02/2020 15:35:46 [MESSAGE] &a Префиксы &8| &eUnable to load placeholders 'rankupcrayons'. Plugin RankUp not found!
16/02/2020 15:35:46 [DEBUG] Loaded placeholder: redisbungee
16/02/2020 15:35:46 [MESSAGE] &a Префиксы &8| &eUnable to load placeholders 'sellall'. Plugin SellAll not found!
16/02/2020 15:35:46 [DEBUG] Loaded placeholder: serverpinger
16/02/2020 15:35:47 [MESSAGE] &a Префиксы &8| &eUnable to load placeholders 'simpleclans'. Plugin SimpleClans not found!
16/02/2020 15:35:47 [MESSAGE] &a Префиксы &8| &eUnable to load placeholders 'skillapi'. Plugin SkillAPI not found!
16/02/2020 15:35:47 [DEBUG] Loaded placeholder: skript
16/02/2020 15:35:47 [MESSAGE] &a Префиксы &8| &eUnable to load placeholders 'skywars'. Plugin SkyWars not found!
16/02/2020 15:35:47 [MESSAGE] &a Префиксы &8| &eUnable to load placeholders 'skywarsreloaded'. Plugin SkyWarsReloaded not found!
16/02/2020 15:35:47 [DEBUG] Loaded placeholder: sound
16/02/2020 15:35:47 [MESSAGE] &a Префиксы &8| &eUnable to load placeholders 'sqlperms'. Plugin SQLPerms not found!
16/02/2020 15:35:47 [DEBUG] Loaded placeholder: statistics
16/02/2020 15:35:47 [MESSAGE] &a Префиксы &8| &eUnable to load placeholders 'stockmarket-yahoofinance'. Plugin StockMarket not found!
16/02/2020 15:35:47 [MESSAGE] &a Префиксы &8| &eUnable to load placeholders 'stockmarket'. Plugin StockMarket not found!
16/02/2020 15:35:47 [MESSAGE] &a Префиксы &8| &eUnable to load placeholders 'superbvote'. Plugin SuperbVote not found!
16/02/2020 15:35:47 [MESSAGE] &a Префиксы &8| &eUnable to load placeholders 'survivalgameswazup'. Plugin SurvivalGames not found!
16/02/2020 15:35:47 [DEBUG] Loaded placeholder: tickspersecond
16/02/2020 15:35:47 [MESSAGE] &a Префиксы &8| &eUnable to load placeholders 'tokenenchant'. Plugin TokenEnchant not found!
16/02/2020 15:35:47 [MESSAGE] &a Префиксы &8| &eUnable to load placeholders 'towny'. Plugin Towny not found!
16/02/2020 15:35:47 [MESSAGE] &a Префиксы &8| &eUnable to load placeholders 'townychat'. Plugin TownyChat not found!
16/02/2020 15:35:49 [MESSAGE] &a Префиксы &8| &eUnable to load placeholders 'ultimatevotes'. Plugin UltimateVotes not found!
16/02/2020 15:35:49 [DEBUG] Loaded placeholder: twitter
16/02/2020 15:35:49 [MESSAGE] &a Префиксы &8| &eUnable to load placeholders 'uskyblock'. Plugin uSkyBlock not found!
16/02/2020 15:35:49 [DEBUG] Loaded placeholder: vanillaevents
16/02/2020 15:35:49 [INFO] Loading event hook: Vanilla Combat hook ...
16/02/2020 15:35:49 [INFO] Loading event hook: Vanilla Block break hook ...
16/02/2020 15:35:49 [DEBUG] Loaded placeholder: unicode
16/02/2020 15:35:49 [INFO] Loading event hook: Vanilla player rejoin ...
16/02/2020 15:35:49 [INFO] Loading event hook: Vanilla Block place hook ...
16/02/2020 15:35:49 [INFO] Loading event hook: Vanilla player join ...
16/02/2020 15:35:49 [INFO] Loading event hook: Vanilla Death hook ...
16/02/2020 15:35:49 [INFO] Loading event hook: Vanilla Create portal hook ...
16/02/2020 15:35:49 [INFO] Loading event hook: Vanilla player first join ...
16/02/2020 15:35:49 [INFO] Loading event hook: Vanilla Combat hook ...
16/02/2020 15:35:49 [INFO] Loading event hook: Vanilla Block break hook ...
16/02/2020 15:35:49 [INFO] Loading event hook: Vanilla Block place hook ...
16/02/2020 15:35:49 [INFO] Loading event hook: Vanilla player rejoin ...
16/02/2020 15:35:49 [INFO] Loading event hook: Vanilla player join ...
16/02/2020 15:35:49 [INFO] Loading event hook: Vanilla Death hook ...
16/02/2020 15:35:49 [INFO] Loading event hook: Vanilla Create portal hook ...
16/02/2020 15:35:49 [INFO] Loading event hook: Vanilla player first join ...
16/02/2020 15:35:49 [MESSAGE] &a Префиксы &8| &eUnable to load placeholders 'voteparty'. Plugin VoteParty not found!
16/02/2020 15:35:49 [MESSAGE] &a Префиксы &8| &eUnable to load placeholders 'voteroulette'. Plugin VoteRoulette not found!
16/02/2020 15:35:49 [MESSAGE] &a Префиксы &8| &eUnable to load placeholders 'wickedskywars'. Plugin WickedSkywars not found!
16/02/2020 15:35:49 [DEBUG] Loaded placeholder: world
16/02/2020 15:35:49 [MESSAGE] &a Префиксы &8| &eUnable to load placeholders 'worldborder'. Plugin WorldBorder not found!
16/02/2020 15:35:49 [DEBUG] Loaded placeholder: worldguard
16/02/2020 15:35:49 [INFO] Loading event hook: WorldGuard Region ...
16/02/2020 15:35:49 [INFO] Loading event hook: WorldGuard Region ...
16/02/2020 15:35:49 [MESSAGE] &a Префиксы &8| &eUnable to load placeholders 'zarphyckskywars'. Plugin SkyWars not found!
16/02/2020 15:35:49 [INFO] Loaded 6025 of the 6025 placholders
16/02/2020 15:35:49 [INFO] Creating new custom effect: warning
16/02/2020 15:35:49 [INFO] 	Lines: 2
16/02/2020 15:35:49 [INFO] 	Arguments: 1
16/02/2020 15:35:49 [INFO] Adding team name group 'main' ...
16/02/2020 15:35:49 [INFO] Adding team name group 'hypesquad' ...
16/02/2020 15:35:49 [INFO] Adding team name group 'helper' ...
16/02/2020 15:35:50 [INFO] Adding team name group 'staff' ...
16/02/2020 15:35:50 [INFO] Preparing team names for existing online players ...
16/02/2020 15:35:50 [MESSAGE] &a Префиксы &8| &2Конфигурация перезагржена!
