27/09/2018 16:02:23 [INFO] Loading placeholders and event triggers ...
27/09/2018 16:02:23 [DEBUG] Loaded placeholder: CustomPlaceholders
27/09/2018 16:02:23 [INFO] Loading internal placeholders ...
27/09/2018 16:02:23 [INFO] Fetching available placeholders from server ...
27/09/2018 16:02:23 [INFO] Loading language file: lang_en
27/09/2018 16:02:23 [DEBUG] Loaded placeholder: MySQL
27/09/2018 16:02:23 [DEBUG] Loaded placeholder: armor
27/09/2018 16:02:23 [MESSAGE] &f[&9AnimatedNames&f] &eUnable to load placeholders 'askyblock'. Plugin ASkyBlock not found!
27/09/2018 16:02:23 [MESSAGE] &f[&9AnimatedNames&f] &eUnable to load placeholders 'acidisland'. Plugin AcidIsland not found!
27/09/2018 16:02:23 [INFO] Loading language file: lang_temp
27/09/2018 16:02:23 [MESSAGE] &f[&9AnimatedNames&f] &eUnable to load placeholders 'autorank'. Plugin AutoRank not found!
27/09/2018 16:02:23 [MESSAGE] &f[&9AnimatedNames&f] &eUnable to load placeholders 'autosell'. Plugin AutoSell not found!
27/09/2018 16:02:23 [MESSAGE] &f[&9AnimatedNames&f] &eUnable to load placeholders 'battlelevels'. Plugin BattleLevels not found!
27/09/2018 16:02:23 [MESSAGE] &f[&9AnimatedNames&f] &eUnable to load placeholders 'bedwarsrel'. Plugin BedwarsRel not found!
27/09/2018 16:02:23 [MESSAGE] &f[&9AnimatedNames&f] &eUnable to load placeholders 'auctions'. Plugin Auctions not found!
27/09/2018 16:02:23 [DEBUG] Loaded placeholder: bukkit
27/09/2018 16:02:23 [MESSAGE] &f[&9AnimatedNames&f] &eUnable to load placeholders 'bukkitgames'. Plugin BukkitGames not found!
27/09/2018 16:02:23 [MESSAGE] &f[&9AnimatedNames&f] &eUnable to load placeholders 'bukkitspeak'. Plugin BukkitSpeak not found!
27/09/2018 16:02:23 [MESSAGE] &f[&9AnimatedNames&f] &eUnable to load placeholders 'biteskywarsreloaded'. Plugin BiteSkyWarsReloaded not found!
27/09/2018 16:02:23 [DEBUG] Loaded placeholder: bungeecord
27/09/2018 16:02:23 [MESSAGE] &f[&9AnimatedNames&f] &eUnable to load placeholders 'bungeeonlinetime'. Plugin BungeeOnlineTime not found!
27/09/2018 16:02:23 [MESSAGE] &f[&9AnimatedNames&f] &eUnable to load placeholders 'chatreaction'. Plugin ChatReaction not found!
27/09/2018 16:02:23 [DEBUG] Loaded placeholder: color
27/09/2018 16:02:23 [DEBUG] Loaded placeholder: compass
27/09/2018 16:02:23 [MESSAGE] &f[&9AnimatedNames&f] &eUnable to load placeholders 'customlist'. Plugin ChatReaction not found!
27/09/2018 16:02:23 [MESSAGE] &f[&9AnimatedNames&f] &eUnable to load placeholders 'deluxetags'. Plugin DeluxeTags not found!
27/09/2018 16:02:23 [MESSAGE] &f[&9AnimatedNames&f] &eUnable to load placeholders 'diceeaster'. Plugin DiceEaster not found!
27/09/2018 16:02:23 [DEBUG] Loaded placeholder: command
27/09/2018 16:02:23 [MESSAGE] &f[&9AnimatedNames&f] &eUnable to load placeholders 'donationsholograms'. Plugin DonationsHolograms not found!
27/09/2018 16:02:23 [DEBUG] Loaded placeholder: economy
27/09/2018 16:02:23 [DEBUG] Loaded placeholder: playereffects
27/09/2018 16:02:23 [MESSAGE] &f[&9AnimatedNames&f] &eUnable to load placeholders 'enchantmenttokens'. Plugin EnchantmentTokens not found!
27/09/2018 16:02:23 [MESSAGE] &f[&9AnimatedNames&f] &eUnable to load placeholders 'enjin'. Plugin EnjinMinecraftPlugin not found!
27/09/2018 16:02:23 [MESSAGE] &f[&9AnimatedNames&f] &eUnable to load placeholders 'disease'. Plugin Disease not found!
27/09/2018 16:02:23 [DEBUG] Loaded placeholder: essentials
27/09/2018 16:02:23 [MESSAGE] &f[&9AnimatedNames&f] &eUnable to load placeholders 'ezblocks'. Plugin EZBlocks not found!
27/09/2018 16:02:23 [MESSAGE] &f[&9AnimatedNames&f] &eUnable to load placeholders 'ezprestige'. Plugin EZPrestige not found!
27/09/2018 16:02:23 [MESSAGE] &f[&9AnimatedNames&f] &eUnable to load placeholders 'ezrankslite2'. Plugin EZRanksLite not found!
27/09/2018 16:02:23 [MESSAGE] &f[&9AnimatedNames&f] &eUnable to load placeholders 'ezrankspro'. Plugin EZRanksPro not found!
27/09/2018 16:02:23 [MESSAGE] &f[&9AnimatedNames&f] &eUnable to load placeholders 'thrist'. Plugin Thrist not found!
27/09/2018 16:02:23 [DEBUG] Loaded placeholder: entities
27/09/2018 16:02:24 [MESSAGE] &f[&9AnimatedNames&f] &eUnable to load placeholders 'factions1_8'. Plugin Factions not found!
27/09/2018 16:02:24 [MESSAGE] &f[&9AnimatedNames&f] &eUnable to load placeholders 'factions2'. Plugin Factions not found!
27/09/2018 16:02:24 [MESSAGE] &f[&9AnimatedNames&f] &eUnable to load placeholders 'factions1_6'. Plugin Factions not found!
27/09/2018 16:02:24 [DEBUG] Loaded placeholder: firework
27/09/2018 16:02:24 [MESSAGE] &f[&9AnimatedNames&f] &eUnable to load placeholders 'galistener'. Plugin GAListener not found!
27/09/2018 16:02:24 [MESSAGE] &f[&9AnimatedNames&f] &eUnable to load placeholders 'gangsplus1'. Plugin GangsPlus not found!
27/09/2018 16:02:24 [MESSAGE] &f[&9AnimatedNames&f] &eUnable to load placeholders 'teams'. Plugin Teams not found!
27/09/2018 16:02:24 [DEBUG] Loaded placeholder: facebook
27/09/2018 16:02:24 [MESSAGE] &f[&9AnimatedNames&f] &eUnable to load placeholders 'griefprevention'. Plugin GriefPrevention not found!
27/09/2018 16:02:24 [MESSAGE] &f[&9AnimatedNames&f] &eUnable to load placeholders 'heroes'. Plugin Heroes not found!
27/09/2018 16:02:24 [DEBUG] Loaded placeholder: hotbar
27/09/2018 16:02:24 [MESSAGE] &f[&9AnimatedNames&f] &eUnable to load placeholders 'islandworld'. Plugin IslandWorld not found!
27/09/2018 16:02:24 [DEBUG] Loaded placeholder: java
27/09/2018 16:02:24 [MESSAGE] &f[&9AnimatedNames&f] &eUnable to load placeholders 'jobs'. Plugin Jobs not found!
27/09/2018 16:02:24 [MESSAGE] &f[&9AnimatedNames&f] &eUnable to load placeholders 'jobsreborn'. Plugin Jobs not found!
27/09/2018 16:02:24 [MESSAGE] &f[&9AnimatedNames&f] &eUnable to load placeholders 'killermoney'. Plugin KillerMoney not found!
27/09/2018 16:02:24 [DEBUG] Loaded placeholder: geographical
27/09/2018 16:02:24 [MESSAGE] &f[&9AnimatedNames&f] &eUnable to load placeholders 'killstats'. Plugin KillStats not found!
27/09/2018 16:02:24 [MESSAGE] &f[&9AnimatedNames&f] &eUnable to load placeholders 'kingkits'. Plugin KingKits not found!
27/09/2018 16:02:24 [MESSAGE] &f[&9AnimatedNames&f] &eUnable to load placeholders 'kitbattle'. Plugin KitBattle not found!
27/09/2018 16:02:24 [MESSAGE] &f[&9AnimatedNames&f] &eUnable to load placeholders 'subsidekoth'. Plugin LeaderHeads not found!
27/09/2018 16:02:24 [MESSAGE] &f[&9AnimatedNames&f] &eUnable to load placeholders 'leaderheads'. Plugin LeaderHeads not found!
27/09/2018 16:02:25 [MESSAGE] &f[&9AnimatedNames&f] &eUnable to load placeholders 'legendquest'. Plugin LegendQuest not found!
27/09/2018 16:02:25 [DEBUG] Loaded placeholder: libsdisguises
27/09/2018 16:02:25 [MESSAGE] &f[&9AnimatedNames&f] &eUnable to load placeholders 'lwc'. Plugin LWC not found!
27/09/2018 16:02:25 [MESSAGE] &f[&9AnimatedNames&f] &eUnable to load placeholders 'magic'. Plugin Magic not found!
27/09/2018 16:02:24 [MESSAGE] &f[&9AnimatedNames&f] &eUnable to load placeholders 'killrewards'. Plugin KillRewards not found!
27/09/2018 16:02:25 [MESSAGE] &f[&9AnimatedNames&f] &eUnable to load placeholders 'marriagemaster'. Plugin MarriageMaster not found!
27/09/2018 16:02:25 [MESSAGE] &f[&9AnimatedNames&f] &eUnable to load placeholders 'mcinfected'. Plugin McInfected not found!
27/09/2018 16:02:25 [MESSAGE] &f[&9AnimatedNames&f] &eUnable to load placeholders 'mcmmo'. Plugin mcMMO not found!
27/09/2018 16:02:25 [DEBUG] Loaded placeholder: memory
27/09/2018 16:02:25 [MESSAGE] &f[&9AnimatedNames&f] &eUnable to load placeholders 'minecrates'. Plugin MineCrates not found!
27/09/2018 16:02:25 [MESSAGE] &f[&9AnimatedNames&f] &eUnable to load placeholders 'minefortress'. Plugin MineFortress not found!
27/09/2018 16:02:25 [MESSAGE] &f[&9AnimatedNames&f] &eUnable to load placeholders 'mineresetlite'. Plugin MineResetLite not found!
27/09/2018 16:02:25 [MESSAGE] &f[&9AnimatedNames&f] &eUnable to load placeholders 'mineresetliteplus'. Plugin MineResetLitePlus not found!
27/09/2018 16:02:25 [MESSAGE] &f[&9AnimatedNames&f] &eUnable to load placeholders 'mineversechat'. Plugin MineverseChat not found!
27/09/2018 16:02:25 [MESSAGE] &f[&9AnimatedNames&f] &eUnable to load placeholders 'mobarena'. Plugin MobArena not found!
27/09/2018 16:02:25 [MESSAGE] &f[&9AnimatedNames&f] &eUnable to load placeholders 'marriage'. Plugin Marriage not found!
27/09/2018 16:02:25 [MESSAGE] &f[&9AnimatedNames&f] &eUnable to load placeholders 'nicky'. Plugin Nicky not found!
27/09/2018 16:02:25 [MESSAGE] &f[&9AnimatedNames&f] &eUnable to load placeholders 'ontime'. Plugin OnTime not found!
27/09/2018 16:02:25 [DEBUG] Loaded placeholder: permissions
27/09/2018 16:02:25 [MESSAGE] &f[&9AnimatedNames&f] &eUnable to load placeholders 'picknchewstatistics'. Plugin PickNChew not found!
27/09/2018 16:02:25 [MESSAGE] &f[&9AnimatedNames&f] &eUnable to load placeholders 'pl3xicons'. Plugin Pl3xIcons not found!
27/09/2018 16:02:25 [DEBUG] Loaded placeholder: placeholderapi
27/09/2018 16:02:25 [DEBUG] Loaded placeholder: player
27/09/2018 16:02:25 [MESSAGE] &f[&9AnimatedNames&f] &eUnable to load placeholders 'playerpoints'. Plugin PlayerPoints not found!
27/09/2018 16:02:25 [MESSAGE] &f[&9AnimatedNames&f] &eUnable to load placeholders 'playtimerewardsrecoded'. Plugin PlayTimeRewardsRecoded not found!
27/09/2018 16:02:25 [MESSAGE] &f[&9AnimatedNames&f] &eUnable to load placeholders 'plotme'. Plugin PlotMe not found!
27/09/2018 16:02:25 [MESSAGE] &f[&9AnimatedNames&f] &eUnable to load placeholders 'plotsquared'. Plugin PlotSquared not found!
27/09/2018 16:02:25 [MESSAGE] &f[&9AnimatedNames&f] &eUnable to load placeholders 'multiverse'. Plugin Multiverse-Core not found!
27/09/2018 16:02:25 [DEBUG] Loaded placeholder: previousnames
27/09/2018 16:02:25 [MESSAGE] &f[&9AnimatedNames&f] &eUnable to load placeholders 'prison3'. Plugin Prison3 not found!
27/09/2018 16:02:25 [MESSAGE] &f[&9AnimatedNames&f] &eUnable to load placeholders 'prisonmines'. Plugin PrisonMines not found!
27/09/2018 16:02:25 [MESSAGE] &f[&9AnimatedNames&f] &eUnable to load placeholders 'pvptimer'. Plugin PvPTimer not found!
27/09/2018 16:02:25 [DEBUG] Loaded placeholder: quests
27/09/2018 16:02:25 [MESSAGE] &f[&9AnimatedNames&f] &eUnable to load placeholders 'rankupcrayons'. Plugin RankUp not found!
27/09/2018 16:02:25 [DEBUG] Loaded placeholder: redisbungee
27/09/2018 16:02:25 [MESSAGE] &f[&9AnimatedNames&f] &eUnable to load placeholders 'sellall'. Plugin SellAll not found!
27/09/2018 16:02:25 [DEBUG] Loaded placeholder: serverpinger
27/09/2018 16:02:25 [MESSAGE] &f[&9AnimatedNames&f] &eUnable to load placeholders 'simpleclans'. Plugin SimpleClans not found!
27/09/2018 16:02:25 [MESSAGE] &f[&9AnimatedNames&f] &eUnable to load placeholders 'plotz'. Plugin Plotz not found!
27/09/2018 16:02:25 [MESSAGE] &f[&9AnimatedNames&f] &eUnable to load placeholders 'skript'. Plugin Skript not found!
27/09/2018 16:02:25 [MESSAGE] &f[&9AnimatedNames&f] &eUnable to load placeholders 'skywars'. Plugin SkyWars not found!
27/09/2018 16:02:25 [MESSAGE] &f[&9AnimatedNames&f] &eUnable to load placeholders 'skywarsreloaded'. Plugin SkyWarsReloaded not found!
27/09/2018 16:02:25 [DEBUG] Loaded placeholder: sound
27/09/2018 16:02:25 [MESSAGE] &f[&9AnimatedNames&f] &eUnable to load placeholders 'sqlperms'. Plugin SQLPerms not found!
27/09/2018 16:02:25 [DEBUG] Loaded placeholder: statistics
27/09/2018 16:02:25 [MESSAGE] &f[&9AnimatedNames&f] &eUnable to load placeholders 'stockmarket-yahoofinance'. Plugin StockMarket not found!
27/09/2018 16:02:26 [MESSAGE] &f[&9AnimatedNames&f] &eUnable to load placeholders 'stockmarket'. Plugin StockMarket not found!
27/09/2018 16:02:26 [MESSAGE] &f[&9AnimatedNames&f] &eUnable to load placeholders 'superbvote'. Plugin SuperbVote not found!
27/09/2018 16:02:26 [MESSAGE] &f[&9AnimatedNames&f] &eUnable to load placeholders 'survivalgameswazup'. Plugin SurvivalGames not found!
27/09/2018 16:02:25 [MESSAGE] &f[&9AnimatedNames&f] &eUnable to load placeholders 'skillapi'. Plugin SkillAPI not found!
27/09/2018 16:02:26 [DEBUG] Loaded placeholder: tickspersecond
27/09/2018 16:02:26 [MESSAGE] &f[&9AnimatedNames&f] &eUnable to load placeholders 'towny'. Plugin Towny not found!
27/09/2018 16:02:26 [MESSAGE] &f[&9AnimatedNames&f] &eUnable to load placeholders 'townychat'. Plugin TownyChat not found!
27/09/2018 16:02:26 [DEBUG] Loaded placeholder: twitter
27/09/2018 16:02:26 [MESSAGE] &f[&9AnimatedNames&f] &eUnable to load placeholders 'ultimatevotes'. Plugin UltimateVotes not found!
27/09/2018 16:02:26 [DEBUG] Loaded placeholder: unicode
27/09/2018 16:02:26 [MESSAGE] &f[&9AnimatedNames&f] &eUnable to load placeholders 'uskyblock'. Plugin uSkyBlock not found!
27/09/2018 16:02:26 [DEBUG] Loaded placeholder: vanillaevents
27/09/2018 16:02:26 [INFO] Loading event hook: Vanilla Combat hook ...
27/09/2018 16:02:26 [INFO] Loading event hook: Vanilla Block break hook ...
27/09/2018 16:02:26 [INFO] Loading event hook: Vanilla Block place hook ...
27/09/2018 16:02:26 [INFO] Loading event hook: Vanilla player rejoin ...
27/09/2018 16:02:26 [INFO] Loading event hook: Vanilla player join ...
27/09/2018 16:02:26 [MESSAGE] &f[&9AnimatedNames&f] &eUnable to load placeholders 'tokenenchant'. Plugin TokenEnchant not found!
27/09/2018 16:02:26 [INFO] Loading event hook: Vanilla player first join ...
27/09/2018 16:02:26 [INFO] Loading event hook: Vanilla Combat hook ...
27/09/2018 16:02:26 [INFO] Loading event hook: Vanilla Block break hook ...
27/09/2018 16:02:26 [INFO] Loading event hook: Vanilla Block place hook ...
27/09/2018 16:02:26 [INFO] Loading event hook: Vanilla player rejoin ...
27/09/2018 16:02:26 [INFO] Loading event hook: Vanilla player join ...
27/09/2018 16:02:26 [INFO] Loading event hook: Vanilla Death hook ...
27/09/2018 16:02:26 [INFO] Loading event hook: Vanilla Create portal hook ...
27/09/2018 16:02:26 [INFO] Loading event hook: Vanilla player first join ...
27/09/2018 16:02:26 [MESSAGE] &f[&9AnimatedNames&f] &eUnable to load placeholders 'voteparty'. Plugin VoteParty not found!
27/09/2018 16:02:26 [MESSAGE] &f[&9AnimatedNames&f] &eUnable to load placeholders 'voteroulette'. Plugin VoteRoulette not found!
27/09/2018 16:02:26 [MESSAGE] &f[&9AnimatedNames&f] &eUnable to load placeholders 'wickedskywars'. Plugin WickedSkywars not found!
27/09/2018 16:02:26 [INFO] Loading event hook: Vanilla Death hook ...
27/09/2018 16:02:26 [INFO] Loading event hook: Vanilla Create portal hook ...
27/09/2018 16:02:26 [MESSAGE] &f[&9AnimatedNames&f] &eUnable to load placeholders 'worldborder'. Plugin WorldBorder not found!
27/09/2018 16:02:26 [DEBUG] Loaded placeholder: world
27/09/2018 16:02:26 [INFO] Loading language file: lang_temp
27/09/2018 16:02:26 [MESSAGE] &a Префиксы &7> &aYour version is up to date!
27/09/2018 16:02:26 [INFO] Loading language file: lang_en
27/09/2018 16:02:26 [DEBUG] 	Adding sub command 'placeholders'
27/09/2018 16:02:26 [DEBUG] 	Adding sub command 'groups'
27/09/2018 16:02:26 [INFO] Adding command 'animatednames'
27/09/2018 16:02:26 [DEBUG] 	Adding sub command 'debug'
27/09/2018 16:02:26 [DEBUG] 	Adding sub command 'reload'
27/09/2018 16:02:26 [DEBUG] 	Adding sub command 'permissions'
27/09/2018 16:02:26 [DEBUG] 	Adding sub command 'about'
27/09/2018 16:02:26 [DEBUG] 	Adding sub command 'parse'
27/09/2018 16:02:26 [DEBUG] 	Adding sub command 'help'
27/09/2018 16:02:26 [MESSAGE] &f[&9AnimatedNames&f] &eUnable to load placeholders 'worldguard'. Plugin WorldGuard not found!
27/09/2018 16:02:26 [MESSAGE] &f[&9AnimatedNames&f] &eUnable to load placeholders 'zarphyckskywars'. Plugin SkyWars not found!
27/09/2018 16:02:26 [INFO] Creating new custom effect: warning
27/09/2018 16:02:26 [INFO] Adding team name group 'default' ...
27/09/2018 16:02:26 [INFO] Loaded 2940 of the 2940 placholders
27/09/2018 16:02:26 [INFO] 	Lines: 2
27/09/2018 16:02:26 [INFO] 	Arguments: 1
27/09/2018 16:02:26 [INFO] Loading messages ...
27/09/2018 16:02:26 [INFO] Preparing team names for existing online players ...
27/09/2018 16:02:26 [INFO] Adding team name group 'example-admin' ...
27/09/2018 16:05:06 [INFO] Loading configuration ...
27/09/2018 16:05:06 [WARNING] Backup config saved to: config_27_09_2018-16_05_06.yml
27/09/2018 16:05:06 [WARNING] Updating configuration file!
27/09/2018 16:05:06 [INFO] Copying 'plugins/AnimatedNames/config.yml' from the resources!
27/09/2018 16:05:06 [INFO] Loading placeholders and event triggers ...
27/09/2018 16:05:06 [INFO] Loading internal placeholders ...
27/09/2018 16:05:06 [INFO] Fetching available placeholders from server ...
27/09/2018 16:05:06 [DEBUG] Loaded placeholder: CustomPlaceholders
27/09/2018 16:05:06 [MESSAGE] &a Префиксы &7> &eUnable to load placeholders 'acidisland'. Plugin AcidIsland not found!
27/09/2018 16:05:06 [DEBUG] Loaded placeholder: MySQL
27/09/2018 16:05:06 [DEBUG] Loaded placeholder: armor
27/09/2018 16:05:06 [MESSAGE] &a Префиксы &7> &eUnable to load placeholders 'askyblock'. Plugin ASkyBlock not found!
27/09/2018 16:05:06 [MESSAGE] &a Префиксы &7> &eUnable to load placeholders 'auctions'. Plugin Auctions not found!
27/09/2018 16:05:06 [MESSAGE] &a Префиксы &7> &eUnable to load placeholders 'autorank'. Plugin AutoRank not found!
27/09/2018 16:05:06 [DEBUG] Loaded placeholder: bukkit
27/09/2018 16:05:06 [MESSAGE] &a Префиксы &7> &eUnable to load placeholders 'autosell'. Plugin AutoSell not found!
27/09/2018 16:05:06 [MESSAGE] &a Префиксы &7> &eUnable to load placeholders 'bukkitgames'. Plugin BukkitGames not found!
27/09/2018 16:05:06 [MESSAGE] &a Префиксы &7> &eUnable to load placeholders 'battlelevels'. Plugin BattleLevels not found!
27/09/2018 16:05:06 [MESSAGE] &a Префиксы &7> &eUnable to load placeholders 'bedwarsrel'. Plugin BedwarsRel not found!
27/09/2018 16:05:06 [MESSAGE] &a Префиксы &7> &eUnable to load placeholders 'bungeeonlinetime'. Plugin BungeeOnlineTime not found!
27/09/2018 16:05:06 [MESSAGE] &a Префиксы &7> &eUnable to load placeholders 'chatreaction'. Plugin ChatReaction not found!
27/09/2018 16:05:06 [DEBUG] Loaded placeholder: command
27/09/2018 16:05:06 [DEBUG] Loaded placeholder: bungeecord
27/09/2018 16:05:06 [DEBUG] Loaded placeholder: color
27/09/2018 16:05:06 [MESSAGE] &a Префиксы &7> &eUnable to load placeholders 'biteskywarsreloaded'. Plugin BiteSkyWarsReloaded not found!
27/09/2018 16:05:07 [MESSAGE] &a Префиксы &7> &eUnable to load placeholders 'deluxetags'. Plugin DeluxeTags not found!
27/09/2018 16:05:07 [MESSAGE] &a Префиксы &7> &eUnable to load placeholders 'diceeaster'. Plugin DiceEaster not found!
27/09/2018 16:05:07 [MESSAGE] &a Префиксы &7> &eUnable to load placeholders 'disease'. Plugin Disease not found!
27/09/2018 16:05:07 [MESSAGE] &a Префиксы &7> &eUnable to load placeholders 'donationsholograms'. Plugin DonationsHolograms not found!
27/09/2018 16:05:07 [DEBUG] Loaded placeholder: economy
27/09/2018 16:05:07 [DEBUG] Loaded placeholder: playereffects
27/09/2018 16:05:07 [DEBUG] Loaded placeholder: entities
27/09/2018 16:05:07 [MESSAGE] &a Префиксы &7> &eUnable to load placeholders 'ezblocks'. Plugin EZBlocks not found!
27/09/2018 16:05:07 [MESSAGE] &a Префиксы &7> &eUnable to load placeholders 'ezrankslite2'. Plugin EZRanksLite not found!
27/09/2018 16:05:07 [MESSAGE] &a Префиксы &7> &eUnable to load placeholders 'enchantmenttokens'. Plugin EnchantmentTokens not found!
27/09/2018 16:05:07 [DEBUG] Loaded placeholder: essentials
27/09/2018 16:05:07 [MESSAGE] &a Префиксы &7> &eUnable to load placeholders 'customlist'. Plugin ChatReaction not found!
27/09/2018 16:05:07 [MESSAGE] &a Префиксы &7> &eUnable to load placeholders 'enjin'. Plugin EnjinMinecraftPlugin not found!
27/09/2018 16:05:06 [MESSAGE] &a Префиксы &7> &eUnable to load placeholders 'bukkitspeak'. Plugin BukkitSpeak not found!
27/09/2018 16:05:07 [MESSAGE] &a Префиксы &7> &eUnable to load placeholders 'thrist'. Plugin Thrist not found!
27/09/2018 16:05:07 [MESSAGE] &a Префиксы &7> &eUnable to load placeholders 'ezprestige'. Plugin EZPrestige not found!
27/09/2018 16:05:07 [MESSAGE] &a Префиксы &7> &eUnable to load placeholders 'factions2'. Plugin Factions not found!
27/09/2018 16:05:07 [MESSAGE] &a Префиксы &7> &eUnable to load placeholders 'factions1_6'. Plugin Factions not found!
27/09/2018 16:05:07 [DEBUG] Loaded placeholder: firework
27/09/2018 16:05:07 [MESSAGE] &a Префиксы &7> &eUnable to load placeholders 'galistener'. Plugin GAListener not found!
27/09/2018 16:05:07 [MESSAGE] &a Префиксы &7> &eUnable to load placeholders 'gangsplus1'. Plugin GangsPlus not found!
27/09/2018 16:05:07 [DEBUG] Loaded placeholder: facebook
27/09/2018 16:05:07 [MESSAGE] &a Префиксы &7> &eUnable to load placeholders 'teams'. Plugin Teams not found!
27/09/2018 16:05:06 [DEBUG] Loaded placeholder: compass
27/09/2018 16:05:08 [DEBUG] Loaded placeholder: geographical
27/09/2018 16:05:08 [MESSAGE] &a Префиксы &7> &eUnable to load placeholders 'griefprevention'. Plugin GriefPrevention not found!
27/09/2018 16:05:08 [MESSAGE] &a Префиксы &7> &eUnable to load placeholders 'heroes'. Plugin Heroes not found!
27/09/2018 16:05:07 [MESSAGE] &a Префиксы &7> &eUnable to load placeholders 'factions1_8'. Plugin Factions not found!
27/09/2018 16:05:07 [MESSAGE] &a Префиксы &7> &eUnable to load placeholders 'ezrankspro'. Plugin EZRanksPro not found!
27/09/2018 16:05:08 [MESSAGE] &a Префиксы &7> &eUnable to load placeholders 'jobs'. Plugin Jobs not found!
27/09/2018 16:05:08 [MESSAGE] &a Префиксы &7> &eUnable to load placeholders 'jobsreborn'. Plugin Jobs not found!
27/09/2018 16:05:08 [MESSAGE] &a Префиксы &7> &eUnable to load placeholders 'killermoney'. Plugin KillerMoney not found!
27/09/2018 16:05:08 [MESSAGE] &a Префиксы &7> &eUnable to load placeholders 'killstats'. Plugin KillStats not found!
27/09/2018 16:05:08 [MESSAGE] &a Префиксы &7> &eUnable to load placeholders 'kitbattle'. Plugin KitBattle not found!
27/09/2018 16:05:08 [MESSAGE] &a Префиксы &7> &eUnable to load placeholders 'subsidekoth'. Plugin LeaderHeads not found!
27/09/2018 16:05:08 [MESSAGE] &a Префиксы &7> &eUnable to load placeholders 'leaderheads'. Plugin LeaderHeads not found!
27/09/2018 16:05:08 [MESSAGE] &a Префиксы &7> &eUnable to load placeholders 'legendquest'. Plugin LegendQuest not found!
27/09/2018 16:05:08 [DEBUG] Loaded placeholder: libsdisguises
27/09/2018 16:05:08 [MESSAGE] &a Префиксы &7> &eUnable to load placeholders 'magic'. Plugin Magic not found!
27/09/2018 16:05:08 [DEBUG] Loaded placeholder: hotbar
27/09/2018 16:05:08 [MESSAGE] &a Префиксы &7> &eUnable to load placeholders 'islandworld'. Plugin IslandWorld not found!
27/09/2018 16:05:08 [DEBUG] Loaded placeholder: java
27/09/2018 16:05:08 [MESSAGE] &a Префиксы &7> &eUnable to load placeholders 'killrewards'. Plugin KillRewards not found!
27/09/2018 16:05:08 [MESSAGE] &a Префиксы &7> &eUnable to load placeholders 'kingkits'. Plugin KingKits not found!
27/09/2018 16:05:08 [MESSAGE] &a Префиксы &7> &eUnable to load placeholders 'lwc'. Plugin LWC not found!
27/09/2018 16:05:08 [MESSAGE] &a Префиксы &7> &eUnable to load placeholders 'marriage'. Plugin Marriage not found!
27/09/2018 16:05:08 [MESSAGE] &a Префиксы &7> &eUnable to load placeholders 'marriagemaster'. Plugin MarriageMaster not found!
27/09/2018 16:05:08 [MESSAGE] &a Префиксы &7> &eUnable to load placeholders 'mineresetlite'. Plugin MineResetLite not found!
27/09/2018 16:05:08 [MESSAGE] &a Префиксы &7> &eUnable to load placeholders 'mineversechat'. Plugin MineverseChat not found!
27/09/2018 16:05:08 [MESSAGE] &a Префиксы &7> &eUnable to load placeholders 'multiverse'. Plugin Multiverse-Core not found!
27/09/2018 16:05:08 [MESSAGE] &a Префиксы &7> &eUnable to load placeholders 'nicky'. Plugin Nicky not found!
27/09/2018 16:05:08 [MESSAGE] &a Префиксы &7> &eUnable to load placeholders 'ontime'. Plugin OnTime not found!
27/09/2018 16:05:09 [DEBUG] Loaded placeholder: permissions
27/09/2018 16:05:09 [MESSAGE] &a Префиксы &7> &eUnable to load placeholders 'picknchewstatistics'. Plugin PickNChew not found!
27/09/2018 16:05:09 [MESSAGE] &a Префиксы &7> &eUnable to load placeholders 'pl3xicons'. Plugin Pl3xIcons not found!
27/09/2018 16:05:09 [DEBUG] Loaded placeholder: placeholderapi
27/09/2018 16:05:09 [DEBUG] Loaded placeholder: player
27/09/2018 16:05:09 [MESSAGE] &a Префиксы &7> &eUnable to load placeholders 'playerpoints'. Plugin PlayerPoints not found!
27/09/2018 16:05:09 [MESSAGE] &a Префиксы &7> &eUnable to load placeholders 'playtimerewardsrecoded'. Plugin PlayTimeRewardsRecoded not found!
27/09/2018 16:05:08 [MESSAGE] &a Префиксы &7> &eUnable to load placeholders 'mcinfected'. Plugin McInfected not found!
27/09/2018 16:05:08 [MESSAGE] &a Префиксы &7> &eUnable to load placeholders 'mobarena'. Plugin MobArena not found!
27/09/2018 16:05:08 [MESSAGE] &a Префиксы &7> &eUnable to load placeholders 'mineresetliteplus'. Plugin MineResetLitePlus not found!
27/09/2018 16:05:09 [MESSAGE] &a Префиксы &7> &eUnable to load placeholders 'plotsquared'. Plugin PlotSquared not found!
27/09/2018 16:05:09 [MESSAGE] &a Префиксы &7> &eUnable to load placeholders 'plotz'. Plugin Plotz not found!
27/09/2018 16:05:09 [DEBUG] Loaded placeholder: previousnames
27/09/2018 16:05:09 [MESSAGE] &a Префиксы &7> &eUnable to load placeholders 'prison3'. Plugin Prison3 not found!
27/09/2018 16:05:09 [MESSAGE] &a Префиксы &7> &eUnable to load placeholders 'prisonmines'. Plugin PrisonMines not found!
27/09/2018 16:05:09 [MESSAGE] &a Префиксы &7> &eUnable to load placeholders 'pvptimer'. Plugin PvPTimer not found!
27/09/2018 16:05:09 [DEBUG] Loaded placeholder: quests
27/09/2018 16:05:09 [MESSAGE] &a Префиксы &7> &eUnable to load placeholders 'rankupcrayons'. Plugin RankUp not found!
27/09/2018 16:05:09 [DEBUG] Loaded placeholder: redisbungee
27/09/2018 16:05:09 [MESSAGE] &a Префиксы &7> &eUnable to load placeholders 'sellall'. Plugin SellAll not found!
27/09/2018 16:05:09 [DEBUG] Loaded placeholder: serverpinger
27/09/2018 16:05:09 [MESSAGE] &a Префиксы &7> &eUnable to load placeholders 'simpleclans'. Plugin SimpleClans not found!
27/09/2018 16:05:09 [MESSAGE] &a Префиксы &7> &eUnable to load placeholders 'skillapi'. Plugin SkillAPI not found!
27/09/2018 16:05:09 [MESSAGE] &a Префиксы &7> &eUnable to load placeholders 'plotme'. Plugin PlotMe not found!
27/09/2018 16:05:09 [MESSAGE] &a Префиксы &7> &eUnable to load placeholders 'skywars'. Plugin SkyWars not found!
27/09/2018 16:05:09 [MESSAGE] &a Префиксы &7> &eUnable to load placeholders 'skywarsreloaded'. Plugin SkyWarsReloaded not found!
27/09/2018 16:05:09 [DEBUG] Loaded placeholder: sound
27/09/2018 16:05:09 [MESSAGE] &a Префиксы &7> &eUnable to load placeholders 'sqlperms'. Plugin SQLPerms not found!
27/09/2018 16:05:09 [DEBUG] Loaded placeholder: statistics
27/09/2018 16:05:09 [MESSAGE] &a Префиксы &7> &eUnable to load placeholders 'stockmarket-yahoofinance'. Plugin StockMarket not found!
27/09/2018 16:05:09 [MESSAGE] &a Префиксы &7> &eUnable to load placeholders 'stockmarket'. Plugin StockMarket not found!
27/09/2018 16:05:09 [MESSAGE] &a Префиксы &7> &eUnable to load placeholders 'superbvote'. Plugin SuperbVote not found!
27/09/2018 16:05:09 [MESSAGE] &a Префиксы &7> &eUnable to load placeholders 'survivalgameswazup'. Plugin SurvivalGames not found!
27/09/2018 16:05:09 [DEBUG] Loaded placeholder: tickspersecond
27/09/2018 16:05:09 [MESSAGE] &a Префиксы &7> &eUnable to load placeholders 'tokenenchant'. Plugin TokenEnchant not found!
27/09/2018 16:05:09 [MESSAGE] &a Префиксы &7> &eUnable to load placeholders 'towny'. Plugin Towny not found!
27/09/2018 16:05:09 [MESSAGE] &a Префиксы &7> &eUnable to load placeholders 'townychat'. Plugin TownyChat not found!
27/09/2018 16:05:09 [DEBUG] Loaded placeholder: twitter
27/09/2018 16:05:09 [MESSAGE] &a Префиксы &7> &eUnable to load placeholders 'skript'. Plugin Skript not found!
27/09/2018 16:05:08 [MESSAGE] &a Префиксы &7> &eUnable to load placeholders 'mcmmo'. Plugin mcMMO not found!
27/09/2018 16:05:08 [DEBUG] Loaded placeholder: memory
27/09/2018 16:05:08 [MESSAGE] &a Префиксы &7> &eUnable to load placeholders 'minecrates'. Plugin MineCrates not found!
27/09/2018 16:05:08 [MESSAGE] &a Префиксы &7> &eUnable to load placeholders 'minefortress'. Plugin MineFortress not found!
27/09/2018 16:05:09 [DEBUG] Loaded placeholder: vanillaevents
27/09/2018 16:05:09 [MESSAGE] &a Префиксы &7> &eUnable to load placeholders 'uskyblock'. Plugin uSkyBlock not found!
27/09/2018 16:05:09 [DEBUG] Loaded placeholder: unicode
27/09/2018 16:05:09 [INFO] Loading event hook: Vanilla Combat hook ...
27/09/2018 16:05:09 [INFO] Loading event hook: Vanilla Block break hook ...
27/09/2018 16:05:09 [INFO] Loading event hook: Vanilla Block place hook ...
27/09/2018 16:05:09 [INFO] Loading event hook: Vanilla player rejoin ...
27/09/2018 16:05:09 [INFO] Loading event hook: Vanilla player join ...
27/09/2018 16:05:09 [INFO] Loading event hook: Vanilla Death hook ...
27/09/2018 16:05:09 [INFO] Loading event hook: Vanilla Create portal hook ...
27/09/2018 16:05:09 [INFO] Loading event hook: Vanilla player first join ...
27/09/2018 16:05:09 [INFO] Loading event hook: Vanilla Combat hook ...
27/09/2018 16:05:09 [INFO] Loading event hook: Vanilla Block break hook ...
27/09/2018 16:05:09 [INFO] Loading event hook: Vanilla Block place hook ...
27/09/2018 16:05:09 [INFO] Loading event hook: Vanilla player rejoin ...
27/09/2018 16:05:09 [INFO] Loading event hook: Vanilla player join ...
27/09/2018 16:05:09 [INFO] Loading event hook: Vanilla Death hook ...
27/09/2018 16:05:09 [INFO] Loading event hook: Vanilla Create portal hook ...
27/09/2018 16:05:09 [INFO] Loading event hook: Vanilla player first join ...
27/09/2018 16:05:09 [MESSAGE] &a Префиксы &7> &eUnable to load placeholders 'ultimatevotes'. Plugin UltimateVotes not found!
27/09/2018 16:05:10 [MESSAGE] &a Префиксы &7> &eUnable to load placeholders 'wickedskywars'. Plugin WickedSkywars not found!
27/09/2018 16:05:10 [DEBUG] Loaded placeholder: world
27/09/2018 16:05:10 [MESSAGE] &a Префиксы &7> &eUnable to load placeholders 'worldborder'. Plugin WorldBorder not found!
27/09/2018 16:05:10 [MESSAGE] &a Префиксы &7> &eUnable to load placeholders 'worldguard'. Plugin WorldGuard not found!
27/09/2018 16:05:10 [MESSAGE] &a Префиксы &7> &eUnable to load placeholders 'zarphyckskywars'. Plugin SkyWars not found!
27/09/2018 16:05:10 [INFO] Loaded 2940 of the 2940 placholders
27/09/2018 16:05:10 [INFO] Creating new custom effect: warning
27/09/2018 16:05:10 [INFO] 	Lines: 2
27/09/2018 16:05:10 [INFO] 	Arguments: 1
27/09/2018 16:05:10 [INFO] Adding team name group 'default' ...
27/09/2018 16:05:10 [INFO] Adding team name group 'example-admin' ...
27/09/2018 16:05:10 [INFO] Preparing team names for existing online players ...
27/09/2018 16:05:09 [MESSAGE] &a Префиксы &7> &eUnable to load placeholders 'voteroulette'. Plugin VoteRoulette not found!
27/09/2018 16:05:09 [MESSAGE] &a Префиксы &7> &eUnable to load placeholders 'voteparty'. Plugin VoteParty not found!
27/09/2018 16:05:10 [MESSAGE] &a Префиксы &7> &2Конфигурация перезагржена!
27/09/2018 16:06:44 [DEBUG] Loaded placeholder: CustomPlaceholders
27/09/2018 16:06:44 [DEBUG] Loaded placeholder: MySQL
27/09/2018 16:06:44 [INFO] Fetching available placeholders from server ...
27/09/2018 16:06:45 [MESSAGE] &a Префиксы &7> &eUnable to load placeholders 'acidisland'. Plugin AcidIsland not found!
27/09/2018 16:06:45 [DEBUG] Loaded placeholder: armor
27/09/2018 16:06:44 [INFO] Loading internal placeholders ...
27/09/2018 16:06:45 [MESSAGE] &a Префиксы &7> &eUnable to load placeholders 'auctions'. Plugin Auctions not found!
27/09/2018 16:06:45 [MESSAGE] &a Префиксы &7> &eUnable to load placeholders 'autorank'. Plugin AutoRank not found!
27/09/2018 16:06:45 [MESSAGE] &a Префиксы &7> &eUnable to load placeholders 'autosell'. Plugin AutoSell not found!
27/09/2018 16:06:45 [MESSAGE] &a Префиксы &7> &eUnable to load placeholders 'battlelevels'. Plugin BattleLevels not found!
27/09/2018 16:06:45 [MESSAGE] &a Префиксы &7> &eUnable to load placeholders 'bedwarsrel'. Plugin BedwarsRel not found!
27/09/2018 16:06:45 [MESSAGE] &a Префиксы &7> &eUnable to load placeholders 'biteskywarsreloaded'. Plugin BiteSkyWarsReloaded not found!
27/09/2018 16:06:45 [MESSAGE] &a Префиксы &7> &eUnable to load placeholders 'askyblock'. Plugin ASkyBlock not found!
27/09/2018 16:06:44 [INFO] Loading placeholders and event triggers ...
27/09/2018 16:06:45 [MESSAGE] &a Префиксы &7> &eUnable to load placeholders 'bukkitgames'. Plugin BukkitGames not found!
27/09/2018 16:06:45 [MESSAGE] &a Префиксы &7> &eUnable to load placeholders 'bukkitspeak'. Plugin BukkitSpeak not found!
27/09/2018 16:06:45 [DEBUG] Loaded placeholder: bungeecord
27/09/2018 16:06:45 [MESSAGE] &a Префиксы &7> &eUnable to load placeholders 'bungeeonlinetime'. Plugin BungeeOnlineTime not found!
27/09/2018 16:06:45 [MESSAGE] &a Префиксы &7> &eUnable to load placeholders 'chatreaction'. Plugin ChatReaction not found!
27/09/2018 16:06:45 [DEBUG] Loaded placeholder: bukkit
27/09/2018 16:06:45 [DEBUG] Loaded placeholder: command
27/09/2018 16:06:45 [DEBUG] Loaded placeholder: compass
27/09/2018 16:06:45 [MESSAGE] &a Префиксы &7> &eUnable to load placeholders 'customlist'. Plugin ChatReaction not found!
27/09/2018 16:06:45 [MESSAGE] &a Префиксы &7> &eUnable to load placeholders 'deluxetags'. Plugin DeluxeTags not found!
27/09/2018 16:06:45 [MESSAGE] &a Префиксы &7> &eUnable to load placeholders 'diceeaster'. Plugin DiceEaster not found!
27/09/2018 16:06:45 [MESSAGE] &a Префиксы &7> &eUnable to load placeholders 'disease'. Plugin Disease not found!
27/09/2018 16:06:45 [DEBUG] Loaded placeholder: color
27/09/2018 16:06:44 [INFO] Loading configuration ...
27/09/2018 16:06:45 [DEBUG] Loaded placeholder: economy
27/09/2018 16:06:45 [DEBUG] Loaded placeholder: playereffects
27/09/2018 16:06:45 [MESSAGE] &a Префиксы &7> &eUnable to load placeholders 'enchantmenttokens'. Plugin EnchantmentTokens not found!
27/09/2018 16:06:45 [MESSAGE] &a Префиксы &7> &eUnable to load placeholders 'enjin'. Plugin EnjinMinecraftPlugin not found!
27/09/2018 16:06:45 [DEBUG] Loaded placeholder: entities
27/09/2018 16:06:45 [DEBUG] Loaded placeholder: essentials
27/09/2018 16:06:45 [MESSAGE] &a Префиксы &7> &eUnable to load placeholders 'ezblocks'. Plugin EZBlocks not found!
27/09/2018 16:06:45 [MESSAGE] &a Префиксы &7> &eUnable to load placeholders 'ezprestige'. Plugin EZPrestige not found!
27/09/2018 16:06:45 [MESSAGE] &a Префиксы &7> &eUnable to load placeholders 'donationsholograms'. Plugin DonationsHolograms not found!
27/09/2018 16:06:45 [MESSAGE] &a Префиксы &7> &eUnable to load placeholders 'ezrankspro'. Plugin EZRanksPro not found!
27/09/2018 16:06:45 [MESSAGE] &a Префиксы &7> &eUnable to load placeholders 'thrist'. Plugin Thrist not found!
27/09/2018 16:06:46 [DEBUG] Loaded placeholder: facebook
27/09/2018 16:06:46 [MESSAGE] &a Префиксы &7> &eUnable to load placeholders 'factions1_8'. Plugin Factions not found!
27/09/2018 16:06:46 [MESSAGE] &a Префиксы &7> &eUnable to load placeholders 'factions2'. Plugin Factions not found!
27/09/2018 16:06:46 [MESSAGE] &a Префиксы &7> &eUnable to load placeholders 'factions1_6'. Plugin Factions not found!
27/09/2018 16:06:46 [DEBUG] Loaded placeholder: firework
27/09/2018 16:06:46 [MESSAGE] &a Префиксы &7> &eUnable to load placeholders 'galistener'. Plugin GAListener not found!
27/09/2018 16:06:46 [MESSAGE] &a Префиксы &7> &eUnable to load placeholders 'gangsplus1'. Plugin GangsPlus not found!
27/09/2018 16:06:45 [MESSAGE] &a Префиксы &7> &eUnable to load placeholders 'ezrankslite2'. Plugin EZRanksLite not found!
27/09/2018 16:06:46 [DEBUG] Loaded placeholder: geographical
27/09/2018 16:06:46 [MESSAGE] &a Префиксы &7> &eUnable to load placeholders 'griefprevention'. Plugin GriefPrevention not found!
27/09/2018 16:06:46 [MESSAGE] &a Префиксы &7> &eUnable to load placeholders 'heroes'. Plugin Heroes not found!
27/09/2018 16:06:46 [DEBUG] Loaded placeholder: hotbar
27/09/2018 16:06:46 [MESSAGE] &a Префиксы &7> &eUnable to load placeholders 'islandworld'. Plugin IslandWorld not found!
27/09/2018 16:06:46 [DEBUG] Loaded placeholder: java
27/09/2018 16:06:46 [MESSAGE] &a Префиксы &7> &eUnable to load placeholders 'jobs'. Plugin Jobs not found!
27/09/2018 16:06:46 [MESSAGE] &a Префиксы &7> &eUnable to load placeholders 'jobsreborn'. Plugin Jobs not found!
27/09/2018 16:06:46 [MESSAGE] &a Префиксы &7> &eUnable to load placeholders 'killermoney'. Plugin KillerMoney not found!
27/09/2018 16:06:46 [MESSAGE] &a Префиксы &7> &eUnable to load placeholders 'killrewards'. Plugin KillRewards not found!
27/09/2018 16:06:46 [MESSAGE] &a Префиксы &7> &eUnable to load placeholders 'teams'. Plugin Teams not found!
27/09/2018 16:06:46 [MESSAGE] &a Префиксы &7> &eUnable to load placeholders 'kingkits'. Plugin KingKits not found!
27/09/2018 16:06:46 [MESSAGE] &a Префиксы &7> &eUnable to load placeholders 'kitbattle'. Plugin KitBattle not found!
27/09/2018 16:06:46 [MESSAGE] &a Префиксы &7> &eUnable to load placeholders 'subsidekoth'. Plugin LeaderHeads not found!
27/09/2018 16:06:46 [MESSAGE] &a Префиксы &7> &eUnable to load placeholders 'leaderheads'. Plugin LeaderHeads not found!
27/09/2018 16:06:46 [MESSAGE] &a Префиксы &7> &eUnable to load placeholders 'legendquest'. Plugin LegendQuest not found!
27/09/2018 16:06:46 [DEBUG] Loaded placeholder: libsdisguises
27/09/2018 16:06:46 [MESSAGE] &a Префиксы &7> &eUnable to load placeholders 'lwc'. Plugin LWC not found!
27/09/2018 16:06:47 [MESSAGE] &a Префиксы &7> &eUnable to load placeholders 'magic'. Plugin Magic not found!
27/09/2018 16:06:47 [MESSAGE] &a Префиксы &7> &eUnable to load placeholders 'marriage'. Plugin Marriage not found!
27/09/2018 16:06:47 [MESSAGE] &a Префиксы &7> &eUnable to load placeholders 'marriagemaster'. Plugin MarriageMaster not found!
27/09/2018 16:06:47 [MESSAGE] &a Префиксы &7> &eUnable to load placeholders 'mcinfected'. Plugin McInfected not found!
27/09/2018 16:06:46 [MESSAGE] &a Префиксы &7> &eUnable to load placeholders 'killstats'. Plugin KillStats not found!
27/09/2018 16:06:47 [DEBUG] Loaded placeholder: memory
27/09/2018 16:06:47 [MESSAGE] &a Префиксы &7> &eUnable to load placeholders 'minecrates'. Plugin MineCrates not found!
27/09/2018 16:06:47 [MESSAGE] &a Префиксы &7> &eUnable to load placeholders 'minefortress'. Plugin MineFortress not found!
27/09/2018 16:06:47 [MESSAGE] &a Префиксы &7> &eUnable to load placeholders 'mineresetlite'. Plugin MineResetLite not found!
27/09/2018 16:06:47 [MESSAGE] &a Префиксы &7> &eUnable to load placeholders 'mineresetliteplus'. Plugin MineResetLitePlus not found!
27/09/2018 16:06:47 [MESSAGE] &a Префиксы &7> &eUnable to load placeholders 'mineversechat'. Plugin MineverseChat not found!
27/09/2018 16:06:47 [MESSAGE] &a Префиксы &7> &eUnable to load placeholders 'mobarena'. Plugin MobArena not found!
27/09/2018 16:06:47 [MESSAGE] &a Префиксы &7> &eUnable to load placeholders 'multiverse'. Plugin Multiverse-Core not found!
27/09/2018 16:06:47 [MESSAGE] &a Префиксы &7> &eUnable to load placeholders 'nicky'. Plugin Nicky not found!
27/09/2018 16:06:47 [MESSAGE] &a Префиксы &7> &eUnable to load placeholders 'ontime'. Plugin OnTime not found!
27/09/2018 16:06:47 [DEBUG] Loaded placeholder: permissions
27/09/2018 16:06:47 [MESSAGE] &a Префиксы &7> &eUnable to load placeholders 'picknchewstatistics'. Plugin PickNChew not found!
27/09/2018 16:06:47 [MESSAGE] &a Префиксы &7> &eUnable to load placeholders 'mcmmo'. Plugin mcMMO not found!
27/09/2018 16:06:47 [DEBUG] Loaded placeholder: placeholderapi
27/09/2018 16:06:47 [DEBUG] Loaded placeholder: player
27/09/2018 16:06:47 [MESSAGE] &a Префиксы &7> &eUnable to load placeholders 'playerpoints'. Plugin PlayerPoints not found!
27/09/2018 16:06:47 [MESSAGE] &a Префиксы &7> &eUnable to load placeholders 'playtimerewardsrecoded'. Plugin PlayTimeRewardsRecoded not found!
27/09/2018 16:06:47 [MESSAGE] &a Префиксы &7> &eUnable to load placeholders 'plotme'. Plugin PlotMe not found!
27/09/2018 16:06:47 [MESSAGE] &a Префиксы &7> &eUnable to load placeholders 'plotsquared'. Plugin PlotSquared not found!
27/09/2018 16:06:47 [MESSAGE] &a Префиксы &7> &eUnable to load placeholders 'plotz'. Plugin Plotz not found!
27/09/2018 16:06:47 [DEBUG] Loaded placeholder: previousnames
27/09/2018 16:06:47 [MESSAGE] &a Префиксы &7> &eUnable to load placeholders 'prison3'. Plugin Prison3 not found!
27/09/2018 16:06:47 [MESSAGE] &a Префиксы &7> &eUnable to load placeholders 'prisonmines'. Plugin PrisonMines not found!
27/09/2018 16:06:47 [MESSAGE] &a Префиксы &7> &eUnable to load placeholders 'pvptimer'. Plugin PvPTimer not found!
27/09/2018 16:06:47 [DEBUG] Loaded placeholder: quests
27/09/2018 16:06:47 [MESSAGE] &a Префиксы &7> &eUnable to load placeholders 'rankupcrayons'. Plugin RankUp not found!
27/09/2018 16:06:47 [MESSAGE] &a Префиксы &7> &eUnable to load placeholders 'pl3xicons'. Plugin Pl3xIcons not found!
27/09/2018 16:06:47 [DEBUG] Loaded placeholder: redisbungee
27/09/2018 16:06:47 [MESSAGE] &a Префиксы &7> &eUnable to load placeholders 'sellall'. Plugin SellAll not found!
27/09/2018 16:06:47 [DEBUG] Loaded placeholder: serverpinger
27/09/2018 16:06:47 [MESSAGE] &a Префиксы &7> &eUnable to load placeholders 'simpleclans'. Plugin SimpleClans not found!
27/09/2018 16:06:47 [MESSAGE] &a Префиксы &7> &eUnable to load placeholders 'skillapi'. Plugin SkillAPI not found!
27/09/2018 16:06:47 [MESSAGE] &a Префиксы &7> &eUnable to load placeholders 'skript'. Plugin Skript not found!
27/09/2018 16:06:47 [MESSAGE] &a Префиксы &7> &eUnable to load placeholders 'skywars'. Plugin SkyWars not found!
27/09/2018 16:06:47 [MESSAGE] &a Префиксы &7> &eUnable to load placeholders 'skywarsreloaded'. Plugin SkyWarsReloaded not found!
27/09/2018 16:06:47 [DEBUG] Loaded placeholder: sound
27/09/2018 16:06:47 [MESSAGE] &a Префиксы &7> &eUnable to load placeholders 'sqlperms'. Plugin SQLPerms not found!
27/09/2018 16:06:47 [DEBUG] Loaded placeholder: statistics
27/09/2018 16:06:47 [MESSAGE] &a Префиксы &7> &eUnable to load placeholders 'stockmarket-yahoofinance'. Plugin StockMarket not found!
27/09/2018 16:06:47 [MESSAGE] &a Префиксы &7> &eUnable to load placeholders 'stockmarket'. Plugin StockMarket not found!
27/09/2018 16:06:47 [MESSAGE] &a Префиксы &7> &eUnable to load placeholders 'survivalgameswazup'. Plugin SurvivalGames not found!
27/09/2018 16:06:47 [DEBUG] Loaded placeholder: tickspersecond
27/09/2018 16:06:47 [MESSAGE] &a Префиксы &7> &eUnable to load placeholders 'tokenenchant'. Plugin TokenEnchant not found!
27/09/2018 16:06:47 [MESSAGE] &a Префиксы &7> &eUnable to load placeholders 'towny'. Plugin Towny not found!
27/09/2018 16:06:47 [MESSAGE] &a Префиксы &7> &eUnable to load placeholders 'townychat'. Plugin TownyChat not found!
27/09/2018 16:06:48 [DEBUG] Loaded placeholder: twitter
27/09/2018 16:06:48 [MESSAGE] &a Префиксы &7> &eUnable to load placeholders 'ultimatevotes'. Plugin UltimateVotes not found!
27/09/2018 16:06:48 [DEBUG] Loaded placeholder: unicode
27/09/2018 16:06:48 [MESSAGE] &a Префиксы &7> &eUnable to load placeholders 'uskyblock'. Plugin uSkyBlock not found!
27/09/2018 16:06:48 [DEBUG] Loaded placeholder: vanillaevents
27/09/2018 16:06:48 [INFO] Loading event hook: Vanilla Combat hook ...
27/09/2018 16:06:48 [INFO] Loading event hook: Vanilla Block break hook ...
27/09/2018 16:06:48 [INFO] Loading event hook: Vanilla Block place hook ...
27/09/2018 16:06:47 [MESSAGE] &a Префиксы &7> &eUnable to load placeholders 'superbvote'. Plugin SuperbVote not found!
27/09/2018 16:06:48 [INFO] Loading event hook: Vanilla player join ...
27/09/2018 16:06:48 [INFO] Loading event hook: Vanilla Death hook ...
27/09/2018 16:06:48 [INFO] Loading event hook: Vanilla Create portal hook ...
27/09/2018 16:06:48 [INFO] Loading event hook: Vanilla player first join ...
27/09/2018 16:06:48 [INFO] Loading event hook: Vanilla Combat hook ...
27/09/2018 16:06:48 [INFO] Loading event hook: Vanilla Block break hook ...
27/09/2018 16:06:48 [INFO] Loading event hook: Vanilla Block place hook ...
27/09/2018 16:06:48 [INFO] Loading event hook: Vanilla player rejoin ...
27/09/2018 16:06:48 [INFO] Loading event hook: Vanilla player join ...
27/09/2018 16:06:48 [INFO] Loading event hook: Vanilla Death hook ...
27/09/2018 16:06:48 [INFO] Loading event hook: Vanilla Create portal hook ...
27/09/2018 16:06:48 [INFO] Loading event hook: Vanilla player first join ...
27/09/2018 16:06:48 [MESSAGE] &a Префиксы &7> &eUnable to load placeholders 'voteparty'. Plugin VoteParty not found!
27/09/2018 16:06:48 [MESSAGE] &a Префиксы &7> &eUnable to load placeholders 'voteroulette'. Plugin VoteRoulette not found!
27/09/2018 16:06:48 [INFO] Loading event hook: Vanilla player rejoin ...
27/09/2018 16:06:48 [MESSAGE] &a Префиксы &7> &eUnable to load placeholders 'worldborder'. Plugin WorldBorder not found!
27/09/2018 16:06:48 [MESSAGE] &a Префиксы &7> &eUnable to load placeholders 'worldguard'. Plugin WorldGuard not found!
27/09/2018 16:06:48 [MESSAGE] &a Префиксы &7> &eUnable to load placeholders 'zarphyckskywars'. Plugin SkyWars not found!
27/09/2018 16:06:48 [INFO] Loaded 2940 of the 2940 placholders
27/09/2018 16:06:48 [INFO] Creating new custom effect: warning
27/09/2018 16:06:48 [INFO] 	Lines: 2
27/09/2018 16:06:48 [INFO] 	Arguments: 1
27/09/2018 16:06:48 [INFO] Adding team name group 'helper' ...
27/09/2018 16:06:48 [INFO] Adding team name group 'hypesquad' ...
27/09/2018 16:06:48 [INFO] Preparing team names for existing online players ...
27/09/2018 16:06:48 [MESSAGE] &a Префиксы &7> &2Конфигурация перезагржена!
27/09/2018 16:06:48 [DEBUG] Loaded placeholder: world
27/09/2018 16:06:48 [MESSAGE] &a Префиксы &7> &eUnable to load placeholders 'wickedskywars'. Plugin WickedSkywars not found!
27/09/2018 16:06:48 [INFO] Loading configuration ...
27/09/2018 16:06:48 [INFO] Fetching available placeholders from server ...
27/09/2018 16:06:48 [DEBUG] Loaded placeholder: armor
27/09/2018 16:06:48 [MESSAGE] &a Префиксы &7> &eUnable to load placeholders 'acidisland'. Plugin AcidIsland not found!
27/09/2018 16:06:48 [INFO] Loading placeholders and event triggers ...
27/09/2018 16:06:48 [MESSAGE] &a Префиксы &7> &eUnable to load placeholders 'askyblock'. Plugin ASkyBlock not found!
27/09/2018 16:06:48 [INFO] Loading internal placeholders ...
27/09/2018 16:06:48 [MESSAGE] &a Префиксы &7> &eUnable to load placeholders 'auctions'. Plugin Auctions not found!
27/09/2018 16:06:48 [DEBUG] Loaded placeholder: CustomPlaceholders
27/09/2018 16:06:48 [MESSAGE] &a Префиксы &7> &eUnable to load placeholders 'autorank'. Plugin AutoRank not found!
27/09/2018 16:06:48 [DEBUG] Loaded placeholder: MySQL
27/09/2018 16:06:49 [MESSAGE] &a Префиксы &7> &eUnable to load placeholders 'bedwarsrel'. Plugin BedwarsRel not found!
27/09/2018 16:06:48 [MESSAGE] &a Префиксы &7> &eUnable to load placeholders 'autosell'. Plugin AutoSell not found!
27/09/2018 16:06:49 [MESSAGE] &a Префиксы &7> &eUnable to load placeholders 'bukkitgames'. Plugin BukkitGames not found!
27/09/2018 16:06:49 [MESSAGE] &a Префиксы &7> &eUnable to load placeholders 'battlelevels'. Plugin BattleLevels not found!
27/09/2018 16:06:49 [MESSAGE] &a Префиксы &7> &eUnable to load placeholders 'biteskywarsreloaded'. Plugin BiteSkyWarsReloaded not found!
27/09/2018 16:06:49 [DEBUG] Loaded placeholder: bukkit
27/09/2018 16:06:49 [MESSAGE] &a Префиксы &7> &eUnable to load placeholders 'bukkitspeak'. Plugin BukkitSpeak not found!
27/09/2018 16:06:49 [DEBUG] Loaded placeholder: bungeecord
27/09/2018 16:06:49 [MESSAGE] &a Префиксы &7> &eUnable to load placeholders 'ezrankspro'. Plugin EZRanksPro not found!
27/09/2018 16:06:49 [MESSAGE] &a Префиксы &7> &eUnable to load placeholders 'bungeeonlinetime'. Plugin BungeeOnlineTime not found!
27/09/2018 16:06:49 [DEBUG] Loaded placeholder: color
27/09/2018 16:06:49 [MESSAGE] &a Префиксы &7> &eUnable to load placeholders 'ezrankslite2'. Plugin EZRanksLite not found!
27/09/2018 16:06:49 [MESSAGE] &a Префиксы &7> &eUnable to load placeholders 'disease'. Plugin Disease not found!
27/09/2018 16:06:49 [DEBUG] Loaded placeholder: essentials
27/09/2018 16:06:49 [DEBUG] Loaded placeholder: economy
27/09/2018 16:06:49 [MESSAGE] &a Префиксы &7> &eUnable to load placeholders 'enjin'. Plugin EnjinMinecraftPlugin not found!
27/09/2018 16:06:49 [DEBUG] Loaded placeholder: entities
27/09/2018 16:06:49 [MESSAGE] &a Префиксы &7> &eUnable to load placeholders 'ezblocks'. Plugin EZBlocks not found!
27/09/2018 16:06:49 [DEBUG] Loaded placeholder: playereffects
27/09/2018 16:06:49 [MESSAGE] &a Префиксы &7> &eUnable to load placeholders 'enchantmenttokens'. Plugin EnchantmentTokens not found!
27/09/2018 16:06:49 [MESSAGE] &a Префиксы &7> &eUnable to load placeholders 'donationsholograms'. Plugin DonationsHolograms not found!
27/09/2018 16:06:49 [MESSAGE] &a Префиксы &7> &eUnable to load placeholders 'ezprestige'. Plugin EZPrestige not found!
27/09/2018 16:06:49 [MESSAGE] &a Префиксы &7> &eUnable to load placeholders 'diceeaster'. Plugin DiceEaster not found!
27/09/2018 16:06:49 [MESSAGE] &a Префиксы &7> &eUnable to load placeholders 'deluxetags'. Plugin DeluxeTags not found!
27/09/2018 16:06:49 [MESSAGE] &a Префиксы &7> &eUnable to load placeholders 'customlist'. Plugin ChatReaction not found!
27/09/2018 16:06:49 [DEBUG] Loaded placeholder: compass
27/09/2018 16:06:49 [DEBUG] Loaded placeholder: command
27/09/2018 16:06:49 [MESSAGE] &a Префиксы &7> &eUnable to load placeholders 'chatreaction'. Plugin ChatReaction not found!
27/09/2018 16:06:49 [MESSAGE] &a Префиксы &7> &eUnable to load placeholders 'thrist'. Plugin Thrist not found!
27/09/2018 16:06:50 [DEBUG] Loaded placeholder: firework
27/09/2018 16:06:50 [MESSAGE] &a Префиксы &7> &eUnable to load placeholders 'killrewards'. Plugin KillRewards not found!
27/09/2018 16:06:50 [MESSAGE] &a Префиксы &7> &eUnable to load placeholders 'gangsplus1'. Plugin GangsPlus not found!
27/09/2018 16:06:50 [MESSAGE] &a Префиксы &7> &eUnable to load placeholders 'jobsreborn'. Plugin Jobs not found!
27/09/2018 16:06:50 [DEBUG] Loaded placeholder: geographical
27/09/2018 16:06:49 [DEBUG] Loaded placeholder: facebook
27/09/2018 16:06:50 [DEBUG] Loaded placeholder: hotbar
27/09/2018 16:06:50 [DEBUG] Loaded placeholder: java
27/09/2018 16:06:50 [MESSAGE] &a Префиксы &7> &eUnable to load placeholders 'jobs'. Plugin Jobs not found!
27/09/2018 16:06:50 [MESSAGE] &a Префиксы &7> &eUnable to load placeholders 'killermoney'. Plugin KillerMoney not found!
27/09/2018 16:06:50 [MESSAGE] &a Префиксы &7> &eUnable to load placeholders 'factions1_6'. Plugin Factions not found!
27/09/2018 16:06:50 [MESSAGE] &a Префиксы &7> &eUnable to load placeholders 'subsidekoth'. Plugin LeaderHeads not found!
27/09/2018 16:06:50 [MESSAGE] &a Префиксы &7> &eUnable to load placeholders 'heroes'. Plugin Heroes not found!
27/09/2018 16:06:50 [MESSAGE] &a Префиксы &7> &eUnable to load placeholders 'killstats'. Plugin KillStats not found!
27/09/2018 16:06:50 [MESSAGE] &a Префиксы &7> &eUnable to load placeholders 'galistener'. Plugin GAListener not found!
27/09/2018 16:06:50 [MESSAGE] &a Префиксы &7> &eUnable to load placeholders 'teams'. Plugin Teams not found!
27/09/2018 16:06:50 [MESSAGE] &a Префиксы &7> &eUnable to load placeholders 'islandworld'. Plugin IslandWorld not found!
27/09/2018 16:06:50 [MESSAGE] &a Префиксы &7> &eUnable to load placeholders 'griefprevention'. Plugin GriefPrevention not found!
27/09/2018 16:06:50 [MESSAGE] &a Префиксы &7> &eUnable to load placeholders 'kingkits'. Plugin KingKits not found!
27/09/2018 16:06:49 [MESSAGE] &a Префиксы &7> &eUnable to load placeholders 'factions2'. Plugin Factions not found!
27/09/2018 16:06:50 [MESSAGE] &a Префиксы &7> &eUnable to load placeholders 'kitbattle'. Plugin KitBattle not found!
27/09/2018 16:06:49 [MESSAGE] &a Префиксы &7> &eUnable to load placeholders 'factions1_8'. Plugin Factions not found!
27/09/2018 16:06:50 [MESSAGE] &a Префиксы &7> &eUnable to load placeholders 'leaderheads'. Plugin LeaderHeads not found!
27/09/2018 16:06:50 [DEBUG] Loaded placeholder: libsdisguises
27/09/2018 16:06:50 [MESSAGE] &a Префиксы &7> &eUnable to load placeholders 'lwc'. Plugin LWC not found!
27/09/2018 16:06:50 [MESSAGE] &a Префиксы &7> &eUnable to load placeholders 'magic'. Plugin Magic not found!
27/09/2018 16:06:50 [MESSAGE] &a Префиксы &7> &eUnable to load placeholders 'marriage'. Plugin Marriage not found!
27/09/2018 16:06:50 [MESSAGE] &a Префиксы &7> &eUnable to load placeholders 'marriagemaster'. Plugin MarriageMaster not found!
27/09/2018 16:06:50 [MESSAGE] &a Префиксы &7> &eUnable to load placeholders 'mcinfected'. Plugin McInfected not found!
27/09/2018 16:06:50 [MESSAGE] &a Префиксы &7> &eUnable to load placeholders 'mcmmo'. Plugin mcMMO not found!
27/09/2018 16:06:50 [DEBUG] Loaded placeholder: memory
27/09/2018 16:06:50 [MESSAGE] &a Префиксы &7> &eUnable to load placeholders 'minecrates'. Plugin MineCrates not found!
27/09/2018 16:06:50 [MESSAGE] &a Префиксы &7> &eUnable to load placeholders 'minefortress'. Plugin MineFortress not found!
27/09/2018 16:06:50 [MESSAGE] &a Префиксы &7> &eUnable to load placeholders 'mineresetlite'. Plugin MineResetLite not found!
27/09/2018 16:06:50 [MESSAGE] &a Префиксы &7> &eUnable to load placeholders 'mobarena'. Plugin MobArena not found!
27/09/2018 16:06:50 [MESSAGE] &a Префиксы &7> &eUnable to load placeholders 'mineversechat'. Plugin MineverseChat not found!
27/09/2018 16:06:51 [MESSAGE] &a Префиксы &7> &eUnable to load placeholders 'playerpoints'. Plugin PlayerPoints not found!
27/09/2018 16:06:50 [MESSAGE] &a Префиксы &7> &eUnable to load placeholders 'nicky'. Plugin Nicky not found!
27/09/2018 16:06:50 [MESSAGE] &a Префиксы &7> &eUnable to load placeholders 'picknchewstatistics'. Plugin PickNChew not found!
27/09/2018 16:06:50 [DEBUG] Loaded placeholder: permissions
27/09/2018 16:06:50 [DEBUG] Loaded placeholder: placeholderapi
27/09/2018 16:06:50 [MESSAGE] &a Префиксы &7> &eUnable to load placeholders 'pl3xicons'. Plugin Pl3xIcons not found!
27/09/2018 16:06:50 [MESSAGE] &a Префиксы &7> &eUnable to load placeholders 'multiverse'. Plugin Multiverse-Core not found!
27/09/2018 16:06:51 [DEBUG] Loaded placeholder: player
27/09/2018 16:06:50 [MESSAGE] &a Префиксы &7> &eUnable to load placeholders 'ontime'. Plugin OnTime not found!
27/09/2018 16:06:50 [MESSAGE] &a Префиксы &7> &eUnable to load placeholders 'mineresetliteplus'. Plugin MineResetLitePlus not found!
27/09/2018 16:06:51 [MESSAGE] &a Префиксы &7> &eUnable to load placeholders 'playtimerewardsrecoded'. Plugin PlayTimeRewardsRecoded not found!
27/09/2018 16:06:50 [MESSAGE] &a Префиксы &7> &eUnable to load placeholders 'legendquest'. Plugin LegendQuest not found!
27/09/2018 16:06:51 [MESSAGE] &a Префиксы &7> &eUnable to load placeholders 'plotz'. Plugin Plotz not found!
27/09/2018 16:06:51 [MESSAGE] &a Префиксы &7> &eUnable to load placeholders 'skywars'. Plugin SkyWars not found!
27/09/2018 16:06:51 [MESSAGE] &a Префиксы &7> &eUnable to load placeholders 'survivalgameswazup'. Plugin SurvivalGames not found!
27/09/2018 16:06:51 [DEBUG] Loaded placeholder: previousnames
27/09/2018 16:06:51 [MESSAGE] &a Префиксы &7> &eUnable to load placeholders 'pvptimer'. Plugin PvPTimer not found!
27/09/2018 16:06:51 [MESSAGE] &a Префиксы &7> &eUnable to load placeholders 'rankupcrayons'. Plugin RankUp not found!
27/09/2018 16:06:51 [MESSAGE] &a Префиксы &7> &eUnable to load placeholders 'prison3'. Plugin Prison3 not found!
27/09/2018 16:06:51 [DEBUG] Loaded placeholder: redisbungee
27/09/2018 16:06:51 [MESSAGE] &a Префиксы &7> &eUnable to load placeholders 'prisonmines'. Plugin PrisonMines not found!
27/09/2018 16:06:51 [DEBUG] Loaded placeholder: quests
27/09/2018 16:06:51 [MESSAGE] &a Префиксы &7> &eUnable to load placeholders 'simpleclans'. Plugin SimpleClans not found!
27/09/2018 16:06:51 [MESSAGE] &a Префиксы &7> &eUnable to load placeholders 'sellall'. Plugin SellAll not found!
27/09/2018 16:06:51 [MESSAGE] &a Префиксы &7> &eUnable to load placeholders 'plotme'. Plugin PlotMe not found!
27/09/2018 16:06:51 [DEBUG] Loaded placeholder: serverpinger
27/09/2018 16:06:51 [MESSAGE] &a Префиксы &7> &eUnable to load placeholders 'skillapi'. Plugin SkillAPI not found!
27/09/2018 16:06:51 [MESSAGE] &a Префиксы &7> &eUnable to load placeholders 'skript'. Plugin Skript not found!
27/09/2018 16:06:51 [MESSAGE] &a Префиксы &7> &eUnable to load placeholders 'skywarsreloaded'. Plugin SkyWarsReloaded not found!
27/09/2018 16:06:51 [DEBUG] Loaded placeholder: sound
27/09/2018 16:06:51 [MESSAGE] &a Префиксы &7> &eUnable to load placeholders 'sqlperms'. Plugin SQLPerms not found!
27/09/2018 16:06:51 [DEBUG] Loaded placeholder: statistics
27/09/2018 16:06:51 [MESSAGE] &a Префиксы &7> &eUnable to load placeholders 'stockmarket-yahoofinance'. Plugin StockMarket not found!
27/09/2018 16:06:51 [MESSAGE] &a Префиксы &7> &eUnable to load placeholders 'stockmarket'. Plugin StockMarket not found!
27/09/2018 16:06:51 [MESSAGE] &a Префиксы &7> &eUnable to load placeholders 'tokenenchant'. Plugin TokenEnchant not found!
27/09/2018 16:06:51 [MESSAGE] &a Префиксы &7> &eUnable to load placeholders 'superbvote'. Plugin SuperbVote not found!
27/09/2018 16:06:51 [DEBUG] Loaded placeholder: tickspersecond
27/09/2018 16:06:51 [MESSAGE] &a Префиксы &7> &eUnable to load placeholders 'plotsquared'. Plugin PlotSquared not found!
27/09/2018 16:06:51 [MESSAGE] &a Префиксы &7> &eUnable to load placeholders 'townychat'. Plugin TownyChat not found!
27/09/2018 16:06:51 [INFO] Loading event hook: Vanilla Create portal hook ...
27/09/2018 16:06:51 [MESSAGE] &a Префиксы &7> &eUnable to load placeholders 'wickedskywars'. Plugin WickedSkywars not found!
27/09/2018 16:06:51 [MESSAGE] &a Префиксы &7> &eUnable to load placeholders 'ultimatevotes'. Plugin UltimateVotes not found!
27/09/2018 16:06:51 [MESSAGE] &a Префиксы &7> &eUnable to load placeholders 'uskyblock'. Plugin uSkyBlock not found!
27/09/2018 16:06:51 [INFO] Loading event hook: Vanilla player rejoin ...
27/09/2018 16:06:51 [DEBUG] Loaded placeholder: vanillaevents
27/09/2018 16:06:51 [INFO] Loading event hook: Vanilla Combat hook ...
27/09/2018 16:06:51 [INFO] Loading event hook: Vanilla player join ...
27/09/2018 16:06:51 [INFO] Loading event hook: Vanilla Block break hook ...
27/09/2018 16:06:51 [INFO] Loading event hook: Vanilla Combat hook ...
27/09/2018 16:06:51 [INFO] Loading event hook: Vanilla Block place hook ...
27/09/2018 16:06:51 [INFO] Loading event hook: Vanilla Block break hook ...
27/09/2018 16:06:51 [INFO] Loading event hook: Vanilla player first join ...
27/09/2018 16:06:51 [INFO] Loading event hook: Vanilla Block place hook ...
27/09/2018 16:06:51 [INFO] Loading event hook: Vanilla Death hook ...
27/09/2018 16:06:51 [INFO] Loading event hook: Vanilla Death hook ...
27/09/2018 16:06:51 [INFO] Loading event hook: Vanilla player join ...
27/09/2018 16:06:51 [INFO] Loading event hook: Vanilla Create portal hook ...
27/09/2018 16:06:51 [INFO] Loading event hook: Vanilla player rejoin ...
27/09/2018 16:06:51 [INFO] Loading event hook: Vanilla player first join ...
27/09/2018 16:06:51 [DEBUG] Loaded placeholder: world
27/09/2018 16:06:51 [DEBUG] Loaded placeholder: twitter
27/09/2018 16:06:51 [MESSAGE] &a Префиксы &7> &eUnable to load placeholders 'voteroulette'. Plugin VoteRoulette not found!
27/09/2018 16:06:51 [DEBUG] Loaded placeholder: unicode
27/09/2018 16:06:51 [MESSAGE] &a Префиксы &7> &eUnable to load placeholders 'voteparty'. Plugin VoteParty not found!
27/09/2018 16:06:51 [MESSAGE] &a Префиксы &7> &eUnable to load placeholders 'worldguard'. Plugin WorldGuard not found!
27/09/2018 16:06:51 [INFO] Adding team name group 'helper' ...
27/09/2018 16:06:51 [MESSAGE] &a Префиксы &7> &2Конфигурация перезагржена!
27/09/2018 16:06:51 [INFO] 	Lines: 2
27/09/2018 16:06:51 [INFO] Loaded 2940 of the 2940 placholders
27/09/2018 16:06:51 [MESSAGE] &a Префиксы &7> &eUnable to load placeholders 'worldborder'. Plugin WorldBorder not found!
27/09/2018 16:06:51 [INFO] Adding team name group 'hypesquad' ...
27/09/2018 16:06:51 [INFO] Preparing team names for existing online players ...
27/09/2018 16:06:51 [INFO] 	Arguments: 1
27/09/2018 16:06:51 [INFO] Creating new custom effect: warning
27/09/2018 16:06:51 [MESSAGE] &a Префиксы &7> &eUnable to load placeholders 'zarphyckskywars'. Plugin SkyWars not found!
27/09/2018 16:06:51 [MESSAGE] &a Префиксы &7> &eUnable to load placeholders 'towny'. Plugin Towny not found!
