02/03/2019 08:55:31 [MESSAGE] &f[&9AnimatedNames&f] &eUnable to load placeholders 'autosell'. Plugin AutoSell not found!
02/03/2019 08:55:30 [DEBUG] Loaded placeholder: CustomPlaceholders
02/03/2019 08:55:30 [INFO] Loading internal placeholders ...
02/03/2019 08:55:30 [INFO] Fetching available placeholders from server ...
02/03/2019 08:55:30 [DEBUG] Loaded placeholder: MySQL
02/03/2019 08:55:30 [INFO] Loading language file: lang_temp
02/03/2019 08:55:30 [INFO] Loading language file: lang_en
02/03/2019 08:55:30 [DEBUG] Loaded placeholder: armor
02/03/2019 08:55:30 [MESSAGE] &f[&9AnimatedNames&f] &eUnable to load placeholders 'acidisland'. Plugin AcidIsland not found!
02/03/2019 08:55:30 [MESSAGE] &f[&9AnimatedNames&f] &eUnable to load placeholders 'auctions'. Plugin Auctions not found!
02/03/2019 08:55:30 [MESSAGE] &f[&9AnimatedNames&f] &eUnable to load placeholders 'askyblock'. Plugin ASkyBlock not found!
02/03/2019 08:55:31 [MESSAGE] &f[&9AnimatedNames&f] &eUnable to load placeholders 'battlelevels'. Plugin BattleLevels not found!
02/03/2019 08:55:30 [MESSAGE] &f[&9AnimatedNames&f] &eUnable to load placeholders 'autorank'. Plugin AutoRank not found!
02/03/2019 08:55:31 [MESSAGE] &f[&9AnimatedNames&f] &eUnable to load placeholders 'bedwarsrel'. Plugin BedwarsRel not found!
02/03/2019 08:55:31 [MESSAGE] &f[&9AnimatedNames&f] &eUnable to load placeholders 'biteskywarsreloaded'. Plugin BiteSkyWarsReloaded not found!
02/03/2019 08:55:31 [DEBUG] Loaded placeholder: bukkit
02/03/2019 08:55:30 [INFO] Loading placeholders and event triggers ...
02/03/2019 08:55:31 [MESSAGE] &f[&9AnimatedNames&f] &eUnable to load placeholders 'bukkitgames'. Plugin BukkitGames not found!
02/03/2019 08:55:31 [MESSAGE] &f[&9AnimatedNames&f] &eUnable to load placeholders 'bukkitspeak'. Plugin BukkitSpeak not found!
02/03/2019 08:55:31 [MESSAGE] &f[&9AnimatedNames&f] &eUnable to load placeholders 'bungeeonlinetime'. Plugin BungeeOnlineTime not found!
02/03/2019 08:55:31 [DEBUG] Loaded placeholder: bungeecord
02/03/2019 08:55:31 [DEBUG] Loaded placeholder: color
02/03/2019 08:55:31 [MESSAGE] &f[&9AnimatedNames&f] &eUnable to load placeholders 'chatreaction'. Plugin ChatReaction not found!
02/03/2019 08:55:31 [DEBUG] Loaded placeholder: economy
02/03/2019 08:55:31 [DEBUG] Loaded placeholder: command
02/03/2019 08:55:31 [MESSAGE] &f[&9AnimatedNames&f] &eUnable to load placeholders 'disease'. Plugin Disease not found!
02/03/2019 08:55:31 [MESSAGE] &f[&9AnimatedNames&f] &eUnable to load placeholders 'customlist'. Plugin ChatReaction not found!
02/03/2019 08:55:31 [DEBUG] Loaded placeholder: entities
02/03/2019 08:55:31 [MESSAGE] &f[&9AnimatedNames&f] &eUnable to load placeholders 'diceeaster'. Plugin DiceEaster not found!
02/03/2019 08:55:31 [DEBUG] Loaded placeholder: compass
02/03/2019 08:55:31 [MESSAGE] &f[&9AnimatedNames&f] &eUnable to load placeholders 'donationsholograms'. Plugin DonationsHolograms not found!
02/03/2019 08:55:31 [MESSAGE] &f[&9AnimatedNames&f] &eUnable to load placeholders 'deluxetags'. Plugin DeluxeTags not found!
02/03/2019 08:55:31 [DEBUG] Loaded placeholder: playereffects
02/03/2019 08:55:31 [MESSAGE] &f[&9AnimatedNames&f] &eUnable to load placeholders 'enchantmenttokens'. Plugin EnchantmentTokens not found!
02/03/2019 08:55:31 [MESSAGE] &f[&9AnimatedNames&f] &eUnable to load placeholders 'enjin'. Plugin EnjinMinecraftPlugin not found!
02/03/2019 08:55:31 [DEBUG] Loaded placeholder: essentials
02/03/2019 08:55:31 [MESSAGE] &f[&9AnimatedNames&f] &eUnable to load placeholders 'ezprestige'. Plugin EZPrestige not found!
02/03/2019 08:55:31 [MESSAGE] &f[&9AnimatedNames&f] &eUnable to load placeholders 'ezblocks'. Plugin EZBlocks not found!
02/03/2019 08:55:31 [MESSAGE] &f[&9AnimatedNames&f] &eUnable to load placeholders 'ezrankslite2'. Plugin EZRanksLite not found!
02/03/2019 08:55:32 [DEBUG] Loaded placeholder: facebook
02/03/2019 08:55:32 [MESSAGE] &f[&9AnimatedNames&f] &eUnable to load placeholders 'killstats'. Plugin KillStats not found!
02/03/2019 08:55:32 [MESSAGE] &f[&9AnimatedNames&f] &eUnable to load placeholders 'factions1_8'. Plugin Factions not found!
02/03/2019 08:55:32 [MESSAGE] &f[&9AnimatedNames&f] &eUnable to load placeholders 'killermoney'. Plugin KillerMoney not found!
02/03/2019 08:55:32 [MESSAGE] &f[&9AnimatedNames&f] &eUnable to load placeholders 'factions1_6'. Plugin Factions not found!
02/03/2019 08:55:32 [MESSAGE] &f[&9AnimatedNames&f] &eUnable to load placeholders 'islandworld'. Plugin IslandWorld not found!
02/03/2019 08:55:32 [DEBUG] Loaded placeholder: firework
02/03/2019 08:55:32 [MESSAGE] &f[&9AnimatedNames&f] &eUnable to load placeholders 'jobs'. Plugin Jobs not found!
02/03/2019 08:55:32 [MESSAGE] &f[&9AnimatedNames&f] &eUnable to load placeholders 'galistener'. Plugin GAListener not found!
02/03/2019 08:55:32 [MESSAGE] &f[&9AnimatedNames&f] &eUnable to load placeholders 'heroes'. Plugin Heroes not found!
02/03/2019 08:55:32 [MESSAGE] &f[&9AnimatedNames&f] &eUnable to load placeholders 'teams'. Plugin Teams not found!
02/03/2019 08:55:32 [MESSAGE] &f[&9AnimatedNames&f] &eUnable to load placeholders 'gangsplus1'. Plugin GangsPlus not found!
02/03/2019 08:55:32 [DEBUG] Loaded placeholder: geographical
02/03/2019 08:55:32 [MESSAGE] &f[&9AnimatedNames&f] &eUnable to load placeholders 'kitbattle'. Plugin KitBattle not found!
02/03/2019 08:55:32 [MESSAGE] &f[&9AnimatedNames&f] &eUnable to load placeholders 'factions2'. Plugin Factions not found!
02/03/2019 08:55:31 [MESSAGE] &f[&9AnimatedNames&f] &eUnable to load placeholders 'ezrankspro'. Plugin EZRanksPro not found!
02/03/2019 08:55:32 [MESSAGE] &f[&9AnimatedNames&f] &eUnable to load placeholders 'griefprevention'. Plugin GriefPrevention not found!
02/03/2019 08:55:33 [MESSAGE] &f[&9AnimatedNames&f] &eUnable to load placeholders 'ontime'. Plugin OnTime not found!
02/03/2019 08:55:32 [DEBUG] Loaded placeholder: hotbar
02/03/2019 08:55:32 [DEBUG] Loaded placeholder: libsdisguises
02/03/2019 08:55:32 [MESSAGE] &f[&9AnimatedNames&f] &eUnable to load placeholders 'lwc'. Plugin LWC not found!
02/03/2019 08:55:33 [MESSAGE] &f[&9AnimatedNames&f] &eUnable to load placeholders 'magic'. Plugin Magic not found!
02/03/2019 08:55:33 [DEBUG] Loaded placeholder: marriage
02/03/2019 08:55:33 [MESSAGE] &f[&9AnimatedNames&f] &eUnable to load placeholders 'marriagemaster'. Plugin MarriageMaster not found!
02/03/2019 08:55:33 [MESSAGE] &f[&9AnimatedNames&f] &eUnable to load placeholders 'mcmmo'. Plugin mcMMO not found!
02/03/2019 08:55:33 [MESSAGE] &f[&9AnimatedNames&f] &eUnable to load placeholders 'minecrates'. Plugin MineCrates not found!
02/03/2019 08:55:33 [MESSAGE] &f[&9AnimatedNames&f] &eUnable to load placeholders 'mineresetlite'. Plugin MineResetLite not found!
02/03/2019 08:55:33 [MESSAGE] &f[&9AnimatedNames&f] &eUnable to load placeholders 'mineversechat'. Plugin MineverseChat not found!
02/03/2019 08:55:33 [MESSAGE] &f[&9AnimatedNames&f] &eUnable to load placeholders 'multiverse'. Plugin Multiverse-Core not found!
02/03/2019 08:55:32 [DEBUG] Loaded placeholder: java
02/03/2019 08:55:32 [MESSAGE] &f[&9AnimatedNames&f] &eUnable to load placeholders 'jobsreborn'. Plugin Jobs not found!
02/03/2019 08:55:32 [MESSAGE] &f[&9AnimatedNames&f] &eUnable to load placeholders 'killrewards'. Plugin KillRewards not found!
02/03/2019 08:55:32 [MESSAGE] &f[&9AnimatedNames&f] &eUnable to load placeholders 'kingkits'. Plugin KingKits not found!
02/03/2019 08:55:32 [MESSAGE] &f[&9AnimatedNames&f] &eUnable to load placeholders 'subsidekoth'. Plugin LeaderHeads not found!
02/03/2019 08:55:32 [MESSAGE] &f[&9AnimatedNames&f] &eUnable to load placeholders 'leaderheads'. Plugin LeaderHeads not found!
02/03/2019 08:55:32 [MESSAGE] &f[&9AnimatedNames&f] &eUnable to load placeholders 'legendquest'. Plugin LegendQuest not found!
02/03/2019 08:55:33 [MESSAGE] &f[&9AnimatedNames&f] &eUnable to load placeholders 'pl3xicons'. Plugin Pl3xIcons not found!
02/03/2019 08:55:33 [MESSAGE] &f[&9AnimatedNames&f] &eUnable to load placeholders 'plotz'. Plugin Plotz not found!
02/03/2019 08:55:33 [DEBUG] Loaded placeholder: previousnames
02/03/2019 08:55:33 [MESSAGE] &f[&9AnimatedNames&f] &eUnable to load placeholders 'prison3'. Plugin Prison3 not found!
02/03/2019 08:55:33 [MESSAGE] &f[&9AnimatedNames&f] &eUnable to load placeholders 'prisonmines'. Plugin PrisonMines not found!
02/03/2019 08:55:33 [MESSAGE] &f[&9AnimatedNames&f] &eUnable to load placeholders 'pvptimer'. Plugin PvPTimer not found!
02/03/2019 08:55:33 [DEBUG] Loaded placeholder: quests
02/03/2019 08:55:33 [MESSAGE] &f[&9AnimatedNames&f] &eUnable to load placeholders 'rankupcrayons'. Plugin RankUp not found!
02/03/2019 08:55:33 [DEBUG] Loaded placeholder: redisbungee
02/03/2019 08:55:33 [MESSAGE] &f[&9AnimatedNames&f] &eUnable to load placeholders 'sellall'. Plugin SellAll not found!
02/03/2019 08:55:33 [DEBUG] Loaded placeholder: player
02/03/2019 08:55:33 [DEBUG] Loaded placeholder: memory
02/03/2019 08:55:33 [MESSAGE] &f[&9AnimatedNames&f] &eUnable to load placeholders 'playerpoints'. Plugin PlayerPoints not found!
02/03/2019 08:55:33 [MESSAGE] &f[&9AnimatedNames&f] &eUnable to load placeholders 'minefortress'. Plugin MineFortress not found!
02/03/2019 08:55:33 [MESSAGE] &f[&9AnimatedNames&f] &eUnable to load placeholders 'mcinfected'. Plugin McInfected not found!
02/03/2019 08:55:33 [DEBUG] Loaded placeholder: placeholderapi
02/03/2019 08:55:33 [MESSAGE] &f[&9AnimatedNames&f] &eUnable to load placeholders 'mineresetliteplus'. Plugin MineResetLitePlus not found!
02/03/2019 08:55:33 [MESSAGE] &f[&9AnimatedNames&f] &eUnable to load placeholders 'nicky'. Plugin Nicky not found!
02/03/2019 08:55:33 [MESSAGE] &f[&9AnimatedNames&f] &eUnable to load placeholders 'playtimerewardsrecoded'. Plugin PlayTimeRewardsRecoded not found!
02/03/2019 08:55:33 [MESSAGE] &f[&9AnimatedNames&f] &eUnable to load placeholders 'mobarena'. Plugin MobArena not found!
02/03/2019 08:55:33 [MESSAGE] &f[&9AnimatedNames&f] &eUnable to load placeholders 'plotme'. Plugin PlotMe not found!
02/03/2019 08:55:33 [MESSAGE] &f[&9AnimatedNames&f] &eUnable to load placeholders 'plotsquared'. Plugin PlotSquared not found!
02/03/2019 08:55:33 [DEBUG] Loaded placeholder: serverpinger
02/03/2019 08:55:33 [MESSAGE] &f[&9AnimatedNames&f] &eUnable to load placeholders 'picknchewstatistics'. Plugin PickNChew not found!
02/03/2019 08:55:34 [MESSAGE] &f[&9AnimatedNames&f] &eUnable to load placeholders 'stockmarket'. Plugin StockMarket not found!
02/03/2019 08:55:34 [INFO] Loading event hook: Vanilla player rejoin ...
02/03/2019 08:55:34 [MESSAGE] &f[&9AnimatedNames&f] &eUnable to load placeholders 'superbvote'. Plugin SuperbVote not found!
02/03/2019 08:55:34 [MESSAGE] &f[&9AnimatedNames&f] &eUnable to load placeholders 'survivalgameswazup'. Plugin SurvivalGames not found!
02/03/2019 08:55:34 [MESSAGE] &f[&9AnimatedNames&f] &eUnable to load placeholders 'skillapi'. Plugin SkillAPI not found!
02/03/2019 08:55:34 [MESSAGE] &f[&9AnimatedNames&f] &eUnable to load placeholders 'tokenenchant'. Plugin TokenEnchant not found!
02/03/2019 08:55:34 [DEBUG] Loaded placeholder: tickspersecond
02/03/2019 08:55:34 [DEBUG] Loaded placeholder: twitter
02/03/2019 08:55:34 [MESSAGE] &f[&9AnimatedNames&f] &eUnable to load placeholders 'stockmarket-yahoofinance'. Plugin StockMarket not found!
02/03/2019 08:55:34 [MESSAGE] &f[&9AnimatedNames&f] &eUnable to load placeholders 'ultimatevotes'. Plugin UltimateVotes not found!
02/03/2019 08:55:34 [DEBUG] Loaded placeholder: statistics
02/03/2019 08:55:34 [DEBUG] Loaded placeholder: unicode
02/03/2019 08:55:34 [MESSAGE] &f[&9AnimatedNames&f] &eUnable to load placeholders 'sqlperms'. Plugin SQLPerms not found!
02/03/2019 08:55:34 [MESSAGE] &f[&9AnimatedNames&f] &eUnable to load placeholders 'uskyblock'. Plugin uSkyBlock not found!
02/03/2019 08:55:34 [DEBUG] Loaded placeholder: sound
02/03/2019 08:55:34 [DEBUG] Loaded placeholder: vanillaevents
02/03/2019 08:55:34 [MESSAGE] &f[&9AnimatedNames&f] &eUnable to load placeholders 'towny'. Plugin Towny not found!
02/03/2019 08:55:34 [INFO] Loading event hook: Vanilla Combat hook ...
02/03/2019 08:55:34 [MESSAGE] &f[&9AnimatedNames&f] &eUnable to load placeholders 'skywarsreloaded'. Plugin SkyWarsReloaded not found!
02/03/2019 08:55:34 [INFO] Loading event hook: Vanilla Block break hook ...
02/03/2019 08:55:34 [MESSAGE] &f[&9AnimatedNames&f] &eUnable to load placeholders 'skywars'. Plugin SkyWars not found!
02/03/2019 08:55:34 [INFO] Loading event hook: Vanilla Block place hook ...
02/03/2019 08:55:34 [DEBUG] Loaded placeholder: skript
02/03/2019 08:55:34 [INFO] Loading event hook: Vanilla player join ...
02/03/2019 08:55:34 [MESSAGE] &f[&9AnimatedNames&f] &eUnable to load placeholders 'townychat'. Plugin TownyChat not found!
02/03/2019 08:55:34 [INFO] Loading event hook: Vanilla Death hook ...
02/03/2019 08:55:31 [MESSAGE] &f[&9AnimatedNames&f] &eUnable to load placeholders 'thrist'. Plugin Thrist not found!
02/03/2019 08:55:34 [INFO] Loading event hook: Vanilla Create portal hook ...
02/03/2019 08:55:33 [DEBUG] Loaded placeholder: permissions
02/03/2019 08:55:34 [MESSAGE] &f[&9AnimatedNames&f] &eUnable to load placeholders 'simpleclans'. Plugin SimpleClans not found!
02/03/2019 08:55:34 [INFO] Loading event hook: Vanilla player first join ...
02/03/2019 08:55:34 [INFO] Loading event hook: Vanilla Block break hook ...
02/03/2019 08:55:34 [INFO] Loading event hook: Vanilla player rejoin ...
02/03/2019 08:55:34 [INFO] Loading event hook: Vanilla Create portal hook ...
02/03/2019 08:55:34 [INFO] Loading event hook: Vanilla Death hook ...
02/03/2019 08:55:34 [INFO] Loading event hook: Vanilla player join ...
02/03/2019 08:55:34 [INFO] Loading event hook: Vanilla player first join ...
02/03/2019 08:55:34 [INFO] Creating new custom effect: warning
02/03/2019 08:55:34 [MESSAGE] &f[&9AnimatedNames&f] &eUnable to load placeholders 'voteroulette'. Plugin VoteRoulette not found!
02/03/2019 08:55:34 [MESSAGE] &f[&9AnimatedNames&f] &eUnable to load placeholders 'zarphyckskywars'. Plugin SkyWars not found!
02/03/2019 08:55:34 [DEBUG] Loaded placeholder: world
02/03/2019 08:55:34 [MESSAGE] &f[&9AnimatedNames&f] &eUnable to load placeholders 'worldborder'. Plugin WorldBorder not found!
02/03/2019 08:55:34 [DEBUG] Loaded placeholder: worldguard
02/03/2019 08:55:34 [MESSAGE] &f[&9AnimatedNames&f] &eUnable to load placeholders 'voteparty'. Plugin VoteParty not found!
02/03/2019 08:55:34 [INFO] Loading event hook: WorldGuard Region ...
02/03/2019 08:55:34 [INFO] 	Arguments: 1
02/03/2019 08:55:34 [INFO] Loaded 4467 of the 4467 placholders
02/03/2019 08:55:34 [INFO] Adding team name group 'hypesquad' ...
02/03/2019 08:55:34 [INFO] 	Lines: 2
02/03/2019 08:55:34 [INFO] Loading event hook: Vanilla Block place hook ...
02/03/2019 08:55:34 [INFO] Adding team name group 'helper' ...
02/03/2019 08:55:34 [MESSAGE] &f[&9AnimatedNames&f] &eUnable to load placeholders 'wickedskywars'. Plugin WickedSkywars not found!
02/03/2019 08:55:34 [INFO] Adding team name group 'main' ...
02/03/2019 08:55:34 [INFO] Loading event hook: WorldGuard Region ...
02/03/2019 08:55:34 [INFO] Adding team name group 'Staff' ...
02/03/2019 08:55:34 [INFO] Loading event hook: Vanilla Combat hook ...
02/03/2019 08:55:34 [INFO] Preparing team names for existing online players ...
02/03/2019 08:55:34 [INFO] Loading messages ...
02/03/2019 08:55:34 [MESSAGE] &a Префиксы &8| &aYour version is up to date!
02/03/2019 08:55:35 [DEBUG] 	Adding sub command 'parse'
02/03/2019 08:55:35 [DEBUG] 	Adding sub command 'help'
02/03/2019 08:55:34 [INFO] Loading language file: lang_en
02/03/2019 08:55:35 [DEBUG] 	Adding sub command 'about'
02/03/2019 08:55:34 [INFO] Adding command 'animatednames'
02/03/2019 08:55:35 [DEBUG] 	Adding sub command 'reload'
02/03/2019 08:55:35 [DEBUG] 	Adding sub command 'placeholders'
02/03/2019 08:55:35 [DEBUG] 	Adding sub command 'groups'
02/03/2019 08:55:35 [DEBUG] 	Adding sub command 'debug'
02/03/2019 08:55:35 [DEBUG] 	Adding sub command 'permissions'
02/03/2019 08:55:34 [INFO] Loading language file: lang_temp
