22/02/2019 18:26:49 [MESSAGE] &f[&9AnimatedNames&f] &eUnable to load placeholders 'acidisland'. Plugin AcidIsland not found!
22/02/2019 18:26:49 [INFO] Loading language file: lang_temp
22/02/2019 18:26:50 [MESSAGE] &f[&9AnimatedNames&f] &eUnable to load placeholders 'bedwarsrel'. Plugin BedwarsRel not found!
22/02/2019 18:26:49 [MESSAGE] &f[&9AnimatedNames&f] &eUnable to load placeholders 'askyblock'. Plugin ASkyBlock not found!
22/02/2019 18:26:49 [MESSAGE] &f[&9AnimatedNames&f] &eUnable to load placeholders 'auctions'. Plugin Auctions not found!
22/02/2019 18:26:49 [MESSAGE] &f[&9AnimatedNames&f] &eUnable to load placeholders 'autosell'. Plugin AutoSell not found!
22/02/2019 18:26:50 [MESSAGE] &f[&9AnimatedNames&f] &eUnable to load placeholders 'battlelevels'. Plugin BattleLevels not found!
22/02/2019 18:26:50 [MESSAGE] &f[&9AnimatedNames&f] &eUnable to load placeholders 'biteskywarsreloaded'. Plugin BiteSkyWarsReloaded not found!
22/02/2019 18:26:50 [DEBUG] Loaded placeholder: bukkit
22/02/2019 18:26:50 [MESSAGE] &f[&9AnimatedNames&f] &eUnable to load placeholders 'bukkitgames'. Plugin BukkitGames not found!
22/02/2019 18:26:50 [MESSAGE] &f[&9AnimatedNames&f] &eUnable to load placeholders 'bukkitspeak'. Plugin BukkitSpeak not found!
22/02/2019 18:26:50 [MESSAGE] &f[&9AnimatedNames&f] &eUnable to load placeholders 'bungeeonlinetime'. Plugin BungeeOnlineTime not found!
22/02/2019 18:26:49 [INFO] Loading language file: lang_en
22/02/2019 18:26:50 [DEBUG] Loaded placeholder: bungeecord
22/02/2019 18:26:50 [MESSAGE] &f[&9AnimatedNames&f] &eUnable to load placeholders 'chatreaction'. Plugin ChatReaction not found!
22/02/2019 18:26:49 [INFO] Fetching available placeholders from server ...
22/02/2019 18:26:49 [DEBUG] Loaded placeholder: MySQL
22/02/2019 18:26:49 [DEBUG] Loaded placeholder: armor
22/02/2019 18:26:49 [DEBUG] Loaded placeholder: CustomPlaceholders
22/02/2019 18:26:49 [INFO] Loading internal placeholders ...
22/02/2019 18:26:49 [MESSAGE] &f[&9AnimatedNames&f] &eUnable to load placeholders 'autorank'. Plugin AutoRank not found!
22/02/2019 18:26:49 [INFO] Loading placeholders and event triggers ...
22/02/2019 18:26:50 [DEBUG] Loaded placeholder: command
22/02/2019 18:26:50 [MESSAGE] &f[&9AnimatedNames&f] &eUnable to load placeholders 'customlist'. Plugin ChatReaction not found!
22/02/2019 18:26:50 [MESSAGE] &f[&9AnimatedNames&f] &eUnable to load placeholders 'diceeaster'. Plugin DiceEaster not found!
22/02/2019 18:26:50 [DEBUG] Loaded placeholder: economy
22/02/2019 18:26:50 [MESSAGE] &f[&9AnimatedNames&f] &eUnable to load placeholders 'enjin'. Plugin EnjinMinecraftPlugin not found!
22/02/2019 18:26:50 [DEBUG] Loaded placeholder: essentials
22/02/2019 18:26:50 [MESSAGE] &f[&9AnimatedNames&f] &eUnable to load placeholders 'ezblocks'. Plugin EZBlocks not found!
22/02/2019 18:26:50 [MESSAGE] &f[&9AnimatedNames&f] &eUnable to load placeholders 'ezprestige'. Plugin EZPrestige not found!
22/02/2019 18:26:50 [MESSAGE] &f[&9AnimatedNames&f] &eUnable to load placeholders 'ezrankspro'. Plugin EZRanksPro not found!
22/02/2019 18:26:50 [MESSAGE] &f[&9AnimatedNames&f] &eUnable to load placeholders 'thrist'. Plugin Thrist not found!
22/02/2019 18:26:51 [DEBUG] Loaded placeholder: facebook
22/02/2019 18:26:51 [MESSAGE] &f[&9AnimatedNames&f] &eUnable to load placeholders 'factions1_8'. Plugin Factions not found!
22/02/2019 18:26:51 [MESSAGE] &f[&9AnimatedNames&f] &eUnable to load placeholders 'factions2'. Plugin Factions not found!
22/02/2019 18:26:50 [DEBUG] Loaded placeholder: playereffects
22/02/2019 18:26:50 [DEBUG] Loaded placeholder: color
22/02/2019 18:26:51 [MESSAGE] &f[&9AnimatedNames&f] &eUnable to load placeholders 'factions1_6'. Plugin Factions not found!
22/02/2019 18:26:50 [DEBUG] Loaded placeholder: entities
22/02/2019 18:26:51 [DEBUG] Loaded placeholder: firework
22/02/2019 18:26:50 [MESSAGE] &f[&9AnimatedNames&f] &eUnable to load placeholders 'ezrankslite2'. Plugin EZRanksLite not found!
22/02/2019 18:26:51 [MESSAGE] &f[&9AnimatedNames&f] &eUnable to load placeholders 'gangsplus1'. Plugin GangsPlus not found!
22/02/2019 18:26:51 [MESSAGE] &f[&9AnimatedNames&f] &eUnable to load placeholders 'teams'. Plugin Teams not found!
22/02/2019 18:26:51 [DEBUG] Loaded placeholder: geographical
22/02/2019 18:26:51 [MESSAGE] &f[&9AnimatedNames&f] &eUnable to load placeholders 'griefprevention'. Plugin GriefPrevention not found!
22/02/2019 18:26:51 [MESSAGE] &f[&9AnimatedNames&f] &eUnable to load placeholders 'heroes'. Plugin Heroes not found!
22/02/2019 18:26:51 [DEBUG] Loaded placeholder: hotbar
22/02/2019 18:26:51 [MESSAGE] &f[&9AnimatedNames&f] &eUnable to load placeholders 'islandworld'. Plugin IslandWorld not found!
22/02/2019 18:26:51 [DEBUG] Loaded placeholder: java
22/02/2019 18:26:51 [MESSAGE] &f[&9AnimatedNames&f] &eUnable to load placeholders 'jobs'. Plugin Jobs not found!
22/02/2019 18:26:51 [MESSAGE] &f[&9AnimatedNames&f] &eUnable to load placeholders 'jobsreborn'. Plugin Jobs not found!
22/02/2019 18:26:51 [MESSAGE] &f[&9AnimatedNames&f] &eUnable to load placeholders 'killermoney'. Plugin KillerMoney not found!
22/02/2019 18:26:51 [MESSAGE] &f[&9AnimatedNames&f] &eUnable to load placeholders 'killrewards'. Plugin KillRewards not found!
22/02/2019 18:26:51 [MESSAGE] &f[&9AnimatedNames&f] &eUnable to load placeholders 'killstats'. Plugin KillStats not found!
22/02/2019 18:26:51 [MESSAGE] &f[&9AnimatedNames&f] &eUnable to load placeholders 'kingkits'. Plugin KingKits not found!
22/02/2019 18:26:51 [MESSAGE] &f[&9AnimatedNames&f] &eUnable to load placeholders 'kitbattle'. Plugin KitBattle not found!
22/02/2019 18:26:51 [MESSAGE] &f[&9AnimatedNames&f] &eUnable to load placeholders 'subsidekoth'. Plugin LeaderHeads not found!
22/02/2019 18:26:51 [MESSAGE] &f[&9AnimatedNames&f] &eUnable to load placeholders 'galistener'. Plugin GAListener not found!
22/02/2019 18:26:50 [MESSAGE] &f[&9AnimatedNames&f] &eUnable to load placeholders 'enchantmenttokens'. Plugin EnchantmentTokens not found!
22/02/2019 18:26:50 [MESSAGE] &f[&9AnimatedNames&f] &eUnable to load placeholders 'donationsholograms'. Plugin DonationsHolograms not found!
22/02/2019 18:26:50 [MESSAGE] &f[&9AnimatedNames&f] &eUnable to load placeholders 'deluxetags'. Plugin DeluxeTags not found!
22/02/2019 18:26:50 [MESSAGE] &f[&9AnimatedNames&f] &eUnable to load placeholders 'disease'. Plugin Disease not found!
22/02/2019 18:26:50 [DEBUG] Loaded placeholder: compass
22/02/2019 18:26:52 [MESSAGE] &f[&9AnimatedNames&f] &eUnable to load placeholders 'pl3xicons'. Plugin Pl3xIcons not found!
22/02/2019 18:26:52 [MESSAGE] &f[&9AnimatedNames&f] &eUnable to load placeholders 'picknchewstatistics'. Plugin PickNChew not found!
22/02/2019 18:26:52 [DEBUG] Loaded placeholder: permissions
22/02/2019 18:26:52 [MESSAGE] &f[&9AnimatedNames&f] &eUnable to load placeholders 'ontime'. Plugin OnTime not found!
22/02/2019 18:26:52 [MESSAGE] &f[&9AnimatedNames&f] &eUnable to load placeholders 'nicky'. Plugin Nicky not found!
22/02/2019 18:26:52 [MESSAGE] &f[&9AnimatedNames&f] &eUnable to load placeholders 'multiverse'. Plugin Multiverse-Core not found!
22/02/2019 18:26:52 [MESSAGE] &f[&9AnimatedNames&f] &eUnable to load placeholders 'mobarena'. Plugin MobArena not found!
22/02/2019 18:26:52 [MESSAGE] &f[&9AnimatedNames&f] &eUnable to load placeholders 'mineversechat'. Plugin MineverseChat not found!
22/02/2019 18:26:52 [MESSAGE] &f[&9AnimatedNames&f] &eUnable to load placeholders 'mineresetliteplus'. Plugin MineResetLitePlus not found!
22/02/2019 18:26:52 [MESSAGE] &f[&9AnimatedNames&f] &eUnable to load placeholders 'mineresetlite'. Plugin MineResetLite not found!
22/02/2019 18:26:52 [MESSAGE] &f[&9AnimatedNames&f] &eUnable to load placeholders 'minefortress'. Plugin MineFortress not found!
22/02/2019 18:26:51 [MESSAGE] &f[&9AnimatedNames&f] &eUnable to load placeholders 'lwc'. Plugin LWC not found!
22/02/2019 18:26:52 [MESSAGE] &f[&9AnimatedNames&f] &eUnable to load placeholders 'minecrates'. Plugin MineCrates not found!
22/02/2019 18:26:52 [MESSAGE] &f[&9AnimatedNames&f] &eUnable to load placeholders 'magic'. Plugin Magic not found!
22/02/2019 18:26:52 [DEBUG] Loaded placeholder: memory
22/02/2019 18:26:52 [DEBUG] Loaded placeholder: marriage
22/02/2019 18:26:52 [MESSAGE] &f[&9AnimatedNames&f] &eUnable to load placeholders 'mcmmo'. Plugin mcMMO not found!
22/02/2019 18:26:51 [MESSAGE] &f[&9AnimatedNames&f] &eUnable to load placeholders 'leaderheads'. Plugin LeaderHeads not found!
22/02/2019 18:26:51 [MESSAGE] &f[&9AnimatedNames&f] &eUnable to load placeholders 'legendquest'. Plugin LegendQuest not found!
22/02/2019 18:26:52 [MESSAGE] &f[&9AnimatedNames&f] &eUnable to load placeholders 'mcinfected'. Plugin McInfected not found!
22/02/2019 18:26:52 [MESSAGE] &f[&9AnimatedNames&f] &eUnable to load placeholders 'playerpoints'. Plugin PlayerPoints not found!
22/02/2019 18:26:52 [DEBUG] Loaded placeholder: redisbungee
22/02/2019 18:26:52 [MESSAGE] &f[&9AnimatedNames&f] &eUnable to load placeholders 'skywarsreloaded'. Plugin SkyWarsReloaded not found!
22/02/2019 18:26:52 [MESSAGE] &f[&9AnimatedNames&f] &eUnable to load placeholders 'marriagemaster'. Plugin MarriageMaster not found!
22/02/2019 18:26:52 [DEBUG] Loaded placeholder: sound
22/02/2019 18:26:52 [DEBUG] Loaded placeholder: previousnames
22/02/2019 18:26:53 [MESSAGE] &f[&9AnimatedNames&f] &eUnable to load placeholders 'sqlperms'. Plugin SQLPerms not found!
22/02/2019 18:26:52 [MESSAGE] &f[&9AnimatedNames&f] &eUnable to load placeholders 'plotsquared'. Plugin PlotSquared not found!
22/02/2019 18:26:53 [DEBUG] Loaded placeholder: statistics
22/02/2019 18:26:52 [MESSAGE] &f[&9AnimatedNames&f] &eUnable to load placeholders 'prisonmines'. Plugin PrisonMines not found!
22/02/2019 18:26:52 [DEBUG] Loaded placeholder: quests
22/02/2019 18:26:52 [MESSAGE] &f[&9AnimatedNames&f] &eUnable to load placeholders 'plotme'. Plugin PlotMe not found!
22/02/2019 18:26:52 [MESSAGE] &f[&9AnimatedNames&f] &eUnable to load placeholders 'rankupcrayons'. Plugin RankUp not found!
22/02/2019 18:26:52 [DEBUG] Loaded placeholder: player
22/02/2019 18:26:51 [DEBUG] Loaded placeholder: libsdisguises
22/02/2019 18:26:53 [MESSAGE] &f[&9AnimatedNames&f] &eUnable to load placeholders 'townychat'. Plugin TownyChat not found!
22/02/2019 18:26:53 [INFO] Loading event hook: Vanilla Block place hook ...
22/02/2019 18:26:53 [INFO] Loading event hook: Vanilla player rejoin ...
22/02/2019 18:26:53 [INFO] Loading event hook: Vanilla Death hook ...
22/02/2019 18:26:53 [INFO] Loading event hook: Vanilla player join ...
22/02/2019 18:26:53 [INFO] Loading event hook: Vanilla player first join ...
22/02/2019 18:26:53 [INFO] Loading event hook: Vanilla Combat hook ...
22/02/2019 18:26:53 [INFO] Loading event hook: Vanilla Block place hook ...
22/02/2019 18:26:53 [INFO] Loading event hook: Vanilla Block break hook ...
22/02/2019 18:26:53 [INFO] Loading event hook: Vanilla player join ...
22/02/2019 18:26:53 [INFO] Loading event hook: Vanilla Death hook ...
22/02/2019 18:26:53 [INFO] Loading event hook: Vanilla player rejoin ...
22/02/2019 18:26:53 [INFO] Loading event hook: Vanilla player first join ...
22/02/2019 18:26:53 [MESSAGE] &f[&9AnimatedNames&f] &eUnable to load placeholders 'voteroulette'. Plugin VoteRoulette not found!
22/02/2019 18:26:53 [MESSAGE] &f[&9AnimatedNames&f] &eUnable to load placeholders 'wickedskywars'. Plugin WickedSkywars not found!
22/02/2019 18:26:53 [INFO] Loading event hook: Vanilla Create portal hook ...
22/02/2019 18:26:53 [INFO] Loading event hook: Vanilla Create portal hook ...
22/02/2019 18:26:53 [MESSAGE] &f[&9AnimatedNames&f] &eUnable to load placeholders 'worldborder'. Plugin WorldBorder not found!
22/02/2019 18:26:53 [INFO] Loading event hook: WorldGuard Region ...
22/02/2019 18:26:53 [MESSAGE] &f[&9AnimatedNames&f] &eUnable to load placeholders 'zarphyckskywars'. Plugin SkyWars not found!
22/02/2019 18:26:53 [INFO] Loading event hook: WorldGuard Region ...
22/02/2019 18:26:53 [DEBUG] Loaded placeholder: world
22/02/2019 18:26:53 [INFO] Loaded 4351 of the 4351 placholders
22/02/2019 18:26:53 [INFO] Creating new custom effect: warning
22/02/2019 18:26:53 [DEBUG] Loaded placeholder: worldguard
22/02/2019 18:26:53 [MESSAGE] &f[&9AnimatedNames&f] &eUnable to load placeholders 'voteparty'. Plugin VoteParty not found!
22/02/2019 18:26:53 [INFO] 	Arguments: 1
22/02/2019 18:26:53 [INFO] Adding team name group 'main' ...
22/02/2019 18:26:53 [INFO] Adding team name group 'hypesquad' ...
22/02/2019 18:26:53 [INFO] Adding team name group 'helper' ...
22/02/2019 18:26:53 [INFO] Preparing team names for existing online players ...
22/02/2019 18:26:53 [INFO] Loading messages ...
22/02/2019 18:26:53 [INFO] 	Lines: 2
22/02/2019 18:26:53 [INFO] Loading language file: lang_temp
22/02/2019 18:26:53 [MESSAGE] &a Префиксы &8| &aYour version is up to date!
22/02/2019 18:26:53 [INFO] Adding command 'animatednames'
22/02/2019 18:26:53 [DEBUG] 	Adding sub command 'parse'
22/02/2019 18:26:53 [DEBUG] 	Adding sub command 'groups'
22/02/2019 18:26:53 [DEBUG] 	Adding sub command 'debug'
22/02/2019 18:26:53 [DEBUG] 	Adding sub command 'placeholders'
22/02/2019 18:26:53 [DEBUG] 	Adding sub command 'reload'
22/02/2019 18:26:53 [MESSAGE] &f[&9AnimatedNames&f] &eUnable to load placeholders 'survivalgameswazup'. Plugin SurvivalGames not found!
22/02/2019 18:26:53 [MESSAGE] &f[&9AnimatedNames&f] &eUnable to load placeholders 'tokenenchant'. Plugin TokenEnchant not found!
22/02/2019 18:26:53 [DEBUG] 	Adding sub command 'about'
22/02/2019 18:26:53 [DEBUG] 	Adding sub command 'help'
22/02/2019 18:26:53 [DEBUG] 	Adding sub command 'permissions'
22/02/2019 18:26:52 [DEBUG] Loaded placeholder: placeholderapi
22/02/2019 18:26:52 [MESSAGE] &f[&9AnimatedNames&f] &eUnable to load placeholders 'playtimerewardsrecoded'. Plugin PlayTimeRewardsRecoded not found!
22/02/2019 18:26:52 [MESSAGE] &f[&9AnimatedNames&f] &eUnable to load placeholders 'plotz'. Plugin Plotz not found!
22/02/2019 18:26:52 [MESSAGE] &f[&9AnimatedNames&f] &eUnable to load placeholders 'pvptimer'. Plugin PvPTimer not found!
22/02/2019 18:26:52 [MESSAGE] &f[&9AnimatedNames&f] &eUnable to load placeholders 'prison3'. Plugin Prison3 not found!
22/02/2019 18:26:52 [MESSAGE] &f[&9AnimatedNames&f] &eUnable to load placeholders 'sellall'. Plugin SellAll not found!
22/02/2019 18:26:53 [INFO] Loading event hook: Vanilla Block break hook ...
22/02/2019 18:26:52 [MESSAGE] &f[&9AnimatedNames&f] &eUnable to load placeholders 'simpleclans'. Plugin SimpleClans not found!
22/02/2019 18:26:52 [DEBUG] Loaded placeholder: serverpinger
22/02/2019 18:26:52 [DEBUG] Loaded placeholder: skript
22/02/2019 18:26:52 [MESSAGE] &f[&9AnimatedNames&f] &eUnable to load placeholders 'skillapi'. Plugin SkillAPI not found!
22/02/2019 18:26:52 [MESSAGE] &f[&9AnimatedNames&f] &eUnable to load placeholders 'skywars'. Plugin SkyWars not found!
22/02/2019 18:26:53 [MESSAGE] &f[&9AnimatedNames&f] &eUnable to load placeholders 'stockmarket-yahoofinance'. Plugin StockMarket not found!
22/02/2019 18:26:53 [MESSAGE] &f[&9AnimatedNames&f] &eUnable to load placeholders 'stockmarket'. Plugin StockMarket not found!
22/02/2019 18:26:53 [INFO] Loading event hook: Vanilla Combat hook ...
22/02/2019 18:26:53 [DEBUG] Loaded placeholder: vanillaevents
22/02/2019 18:26:53 [MESSAGE] &f[&9AnimatedNames&f] &eUnable to load placeholders 'uskyblock'. Plugin uSkyBlock not found!
22/02/2019 18:26:53 [MESSAGE] &f[&9AnimatedNames&f] &eUnable to load placeholders 'ultimatevotes'. Plugin UltimateVotes not found!
22/02/2019 18:26:53 [INFO] Loading language file: lang_en
22/02/2019 18:26:53 [DEBUG] Loaded placeholder: unicode
22/02/2019 18:26:53 [MESSAGE] &f[&9AnimatedNames&f] &eUnable to load placeholders 'towny'. Plugin Towny not found!
22/02/2019 18:26:53 [DEBUG] Loaded placeholder: twitter
22/02/2019 18:26:53 [DEBUG] Loaded placeholder: tickspersecond
22/02/2019 18:26:53 [MESSAGE] &f[&9AnimatedNames&f] &eUnable to load placeholders 'superbvote'. Plugin SuperbVote not found!
23/02/2019 11:03:08 [INFO] Loading placeholders and event triggers ...
23/02/2019 11:03:08 [DEBUG] Loaded placeholder: CustomPlaceholders
23/02/2019 11:03:08 [DEBUG] Loaded placeholder: armor
23/02/2019 11:03:08 [MESSAGE] &a Префиксы &8| &eUnable to load placeholders 'acidisland'. Plugin AcidIsland not found!
23/02/2019 11:03:08 [MESSAGE] &a Префиксы &8| &eUnable to load placeholders 'askyblock'. Plugin ASkyBlock not found!
23/02/2019 11:03:08 [MESSAGE] &a Префиксы &8| &eUnable to load placeholders 'autorank'. Plugin AutoRank not found!
23/02/2019 11:03:08 [MESSAGE] &a Префиксы &8| &eUnable to load placeholders 'auctions'. Plugin Auctions not found!
23/02/2019 11:03:08 [MESSAGE] &a Префиксы &8| &eUnable to load placeholders 'autosell'. Plugin AutoSell not found!
23/02/2019 11:03:08 [MESSAGE] &a Префиксы &8| &eUnable to load placeholders 'bedwarsrel'. Plugin BedwarsRel not found!
23/02/2019 11:03:08 [MESSAGE] &a Префиксы &8| &eUnable to load placeholders 'battlelevels'. Plugin BattleLevels not found!
23/02/2019 11:03:08 [MESSAGE] &a Префиксы &8| &eUnable to load placeholders 'biteskywarsreloaded'. Plugin BiteSkyWarsReloaded not found!
23/02/2019 11:03:08 [MESSAGE] &a Префиксы &8| &eUnable to load placeholders 'bukkitspeak'. Plugin BukkitSpeak not found!
23/02/2019 11:03:08 [DEBUG] Loaded placeholder: bukkit
23/02/2019 11:03:08 [MESSAGE] &a Префиксы &8| &eUnable to load placeholders 'bukkitgames'. Plugin BukkitGames not found!
23/02/2019 11:03:08 [DEBUG] Loaded placeholder: MySQL
23/02/2019 11:03:08 [INFO] Loading internal placeholders ...
23/02/2019 11:03:08 [INFO] Fetching available placeholders from server ...
23/02/2019 11:03:08 [INFO] Loading configuration ...
23/02/2019 11:03:08 [DEBUG] Loaded placeholder: color
23/02/2019 11:03:08 [MESSAGE] &a Префиксы &8| &eUnable to load placeholders 'enchantmenttokens'. Plugin EnchantmentTokens not found!
23/02/2019 11:03:08 [MESSAGE] &a Префиксы &8| &eUnable to load placeholders 'diceeaster'. Plugin DiceEaster not found!
23/02/2019 11:03:08 [MESSAGE] &a Префиксы &8| &eUnable to load placeholders 'bungeeonlinetime'. Plugin BungeeOnlineTime not found!
23/02/2019 11:03:08 [MESSAGE] &a Префиксы &8| &eUnable to load placeholders 'chatreaction'. Plugin ChatReaction not found!
23/02/2019 11:03:08 [DEBUG] Loaded placeholder: command
23/02/2019 11:03:08 [MESSAGE] &a Префиксы &8| &eUnable to load placeholders 'donationsholograms'. Plugin DonationsHolograms not found!
23/02/2019 11:03:08 [MESSAGE] &a Префиксы &8| &eUnable to load placeholders 'customlist'. Plugin ChatReaction not found!
23/02/2019 11:03:08 [DEBUG] Loaded placeholder: entities
23/02/2019 11:03:08 [MESSAGE] &a Префиксы &8| &eUnable to load placeholders 'deluxetags'. Plugin DeluxeTags not found!
23/02/2019 11:03:08 [DEBUG] Loaded placeholder: bungeecord
23/02/2019 11:03:08 [MESSAGE] &a Префиксы &8| &eUnable to load placeholders 'disease'. Plugin Disease not found!
23/02/2019 11:03:08 [MESSAGE] &a Префиксы &8| &eUnable to load placeholders 'ezblocks'. Plugin EZBlocks not found!
23/02/2019 11:03:08 [DEBUG] Loaded placeholder: economy
23/02/2019 11:03:08 [MESSAGE] &a Префиксы &8| &eUnable to load placeholders 'ezrankslite2'. Plugin EZRanksLite not found!
23/02/2019 11:03:08 [DEBUG] Loaded placeholder: playereffects
23/02/2019 11:03:08 [DEBUG] Loaded placeholder: compass
23/02/2019 11:03:08 [MESSAGE] &a Префиксы &8| &eUnable to load placeholders 'enjin'. Plugin EnjinMinecraftPlugin not found!
23/02/2019 11:03:08 [DEBUG] Loaded placeholder: essentials
23/02/2019 11:03:08 [MESSAGE] &a Префиксы &8| &eUnable to load placeholders 'ezprestige'. Plugin EZPrestige not found!
23/02/2019 11:03:09 [DEBUG] Loaded placeholder: facebook
23/02/2019 11:03:09 [MESSAGE] &a Префиксы &8| &eUnable to load placeholders 'ezrankspro'. Plugin EZRanksPro not found!
23/02/2019 11:03:10 [MESSAGE] &a Префиксы &8| &eUnable to load placeholders 'factions1_8'. Plugin Factions not found!
23/02/2019 11:03:10 [MESSAGE] &a Префиксы &8| &eUnable to load placeholders 'factions1_6'. Plugin Factions not found!
23/02/2019 11:03:10 [MESSAGE] &a Префиксы &8| &eUnable to load placeholders 'factions2'. Plugin Factions not found!
23/02/2019 11:03:10 [MESSAGE] &a Префиксы &8| &eUnable to load placeholders 'galistener'. Plugin GAListener not found!
23/02/2019 11:03:10 [DEBUG] Loaded placeholder: firework
23/02/2019 11:03:10 [MESSAGE] &a Префиксы &8| &eUnable to load placeholders 'teams'. Plugin Teams not found!
23/02/2019 11:03:10 [MESSAGE] &a Префиксы &8| &eUnable to load placeholders 'gangsplus1'. Plugin GangsPlus not found!
23/02/2019 11:03:10 [MESSAGE] &a Префиксы &8| &eUnable to load placeholders 'griefprevention'. Plugin GriefPrevention not found!
23/02/2019 11:03:10 [DEBUG] Loaded placeholder: geographical
23/02/2019 11:03:10 [DEBUG] Loaded placeholder: hotbar
23/02/2019 11:03:10 [MESSAGE] &a Префиксы &8| &eUnable to load placeholders 'heroes'. Plugin Heroes not found!
23/02/2019 11:03:10 [DEBUG] Loaded placeholder: java
23/02/2019 11:03:10 [MESSAGE] &a Префиксы &8| &eUnable to load placeholders 'islandworld'. Plugin IslandWorld not found!
23/02/2019 11:03:10 [MESSAGE] &a Префиксы &8| &eUnable to load placeholders 'jobsreborn'. Plugin Jobs not found!
23/02/2019 11:03:10 [MESSAGE] &a Префиксы &8| &eUnable to load placeholders 'jobs'. Plugin Jobs not found!
23/02/2019 11:03:10 [MESSAGE] &a Префиксы &8| &eUnable to load placeholders 'killrewards'. Plugin KillRewards not found!
23/02/2019 11:03:10 [MESSAGE] &a Префиксы &8| &eUnable to load placeholders 'killermoney'. Plugin KillerMoney not found!
23/02/2019 11:03:10 [MESSAGE] &a Префиксы &8| &eUnable to load placeholders 'killstats'. Plugin KillStats not found!
23/02/2019 11:03:09 [MESSAGE] &a Префиксы &8| &eUnable to load placeholders 'thrist'. Plugin Thrist not found!
23/02/2019 11:03:10 [MESSAGE] &a Префиксы &8| &eUnable to load placeholders 'kingkits'. Plugin KingKits not found!
23/02/2019 11:03:10 [MESSAGE] &a Префиксы &8| &eUnable to load placeholders 'subsidekoth'. Plugin LeaderHeads not found!
23/02/2019 11:03:10 [MESSAGE] &a Префиксы &8| &eUnable to load placeholders 'lwc'. Plugin LWC not found!
23/02/2019 11:03:10 [MESSAGE] &a Префиксы &8| &eUnable to load placeholders 'legendquest'. Plugin LegendQuest not found!
23/02/2019 11:03:10 [DEBUG] Loaded placeholder: libsdisguises
23/02/2019 11:03:10 [MESSAGE] &a Префиксы &8| &eUnable to load placeholders 'leaderheads'. Plugin LeaderHeads not found!
23/02/2019 11:03:10 [MESSAGE] &a Префиксы &8| &eUnable to load placeholders 'kitbattle'. Plugin KitBattle not found!
23/02/2019 11:03:10 [MESSAGE] &a Префиксы &8| &eUnable to load placeholders 'marriagemaster'. Plugin MarriageMaster not found!
23/02/2019 11:03:11 [MESSAGE] &a Префиксы &8| &eUnable to load placeholders 'mcmmo'. Plugin mcMMO not found!
23/02/2019 11:03:11 [MESSAGE] &a Префиксы &8| &eUnable to load placeholders 'minecrates'. Plugin MineCrates not found!
23/02/2019 11:03:11 [MESSAGE] &a Префиксы &8| &eUnable to load placeholders 'minefortress'. Plugin MineFortress not found!
23/02/2019 11:03:11 [MESSAGE] &a Префиксы &8| &eUnable to load placeholders 'mineresetlite'. Plugin MineResetLite not found!
23/02/2019 11:03:11 [MESSAGE] &a Префиксы &8| &eUnable to load placeholders 'mineversechat'. Plugin MineverseChat not found!
23/02/2019 11:03:11 [MESSAGE] &a Префиксы &8| &eUnable to load placeholders 'multiverse'. Plugin Multiverse-Core not found!
23/02/2019 11:03:11 [MESSAGE] &a Префиксы &8| &eUnable to load placeholders 'ontime'. Plugin OnTime not found!
23/02/2019 11:03:11 [DEBUG] Loaded placeholder: permissions
23/02/2019 11:03:11 [MESSAGE] &a Префиксы &8| &eUnable to load placeholders 'picknchewstatistics'. Plugin PickNChew not found!
23/02/2019 11:03:11 [DEBUG] Loaded placeholder: placeholderapi
23/02/2019 11:03:11 [MESSAGE] &a Префиксы &8| &eUnable to load placeholders 'playerpoints'. Plugin PlayerPoints not found!
23/02/2019 11:03:11 [MESSAGE] &a Префиксы &8| &eUnable to load placeholders 'plotme'. Plugin PlotMe not found!
23/02/2019 11:03:11 [DEBUG] Loaded placeholder: player
23/02/2019 11:03:10 [DEBUG] Loaded placeholder: marriage
23/02/2019 11:03:11 [MESSAGE] &a Префиксы &8| &eUnable to load placeholders 'pl3xicons'. Plugin Pl3xIcons not found!
23/02/2019 11:03:10 [MESSAGE] &a Префиксы &8| &eUnable to load placeholders 'mcinfected'. Plugin McInfected not found!
23/02/2019 11:03:11 [MESSAGE] &a Префиксы &8| &eUnable to load placeholders 'nicky'. Plugin Nicky not found!
23/02/2019 11:03:11 [DEBUG] Loaded placeholder: memory
23/02/2019 11:03:11 [MESSAGE] &a Префиксы &8| &eUnable to load placeholders 'playtimerewardsrecoded'. Plugin PlayTimeRewardsRecoded not found!
23/02/2019 11:03:11 [MESSAGE] &a Префиксы &8| &eUnable to load placeholders 'mineresetliteplus'. Plugin MineResetLitePlus not found!
23/02/2019 11:03:11 [MESSAGE] &a Префиксы &8| &eUnable to load placeholders 'mobarena'. Plugin MobArena not found!
23/02/2019 11:03:11 [DEBUG] Loaded placeholder: statistics
23/02/2019 11:03:11 [DEBUG] Loaded placeholder: previousnames
23/02/2019 11:03:11 [MESSAGE] &a Префиксы &8| &eUnable to load placeholders 'prisonmines'. Plugin PrisonMines not found!
23/02/2019 11:03:11 [DEBUG] Loaded placeholder: quests
23/02/2019 11:03:11 [DEBUG] Loaded placeholder: redisbungee
23/02/2019 11:03:11 [MESSAGE] &a Префиксы &8| &eUnable to load placeholders 'sellall'. Plugin SellAll not found!
23/02/2019 11:03:11 [DEBUG] Loaded placeholder: serverpinger
23/02/2019 11:03:11 [MESSAGE] &a Префиксы &8| &eUnable to load placeholders 'simpleclans'. Plugin SimpleClans not found!
23/02/2019 11:03:11 [MESSAGE] &a Префиксы &8| &eUnable to load placeholders 'skillapi'. Plugin SkillAPI not found!
23/02/2019 11:03:11 [DEBUG] Loaded placeholder: skript
23/02/2019 11:03:11 [MESSAGE] &a Префиксы &8| &eUnable to load placeholders 'skywars'. Plugin SkyWars not found!
23/02/2019 11:03:11 [MESSAGE] &a Префиксы &8| &eUnable to load placeholders 'skywarsreloaded'. Plugin SkyWarsReloaded not found!
23/02/2019 11:03:11 [DEBUG] Loaded placeholder: sound
23/02/2019 11:03:11 [MESSAGE] &a Префиксы &8| &eUnable to load placeholders 'sqlperms'. Plugin SQLPerms not found!
23/02/2019 11:03:11 [MESSAGE] &a Префиксы &8| &eUnable to load placeholders 'stockmarket-yahoofinance'. Plugin StockMarket not found!
23/02/2019 11:03:12 [MESSAGE] &a Префиксы &8| &eUnable to load placeholders 'stockmarket'. Plugin StockMarket not found!
23/02/2019 11:03:11 [MESSAGE] &a Префиксы &8| &eUnable to load placeholders 'plotsquared'. Plugin PlotSquared not found!
23/02/2019 11:03:11 [MESSAGE] &a Префиксы &8| &eUnable to load placeholders 'prison3'. Plugin Prison3 not found!
23/02/2019 11:03:11 [MESSAGE] &a Префиксы &8| &eUnable to load placeholders 'pvptimer'. Plugin PvPTimer not found!
23/02/2019 11:03:11 [MESSAGE] &a Префиксы &8| &eUnable to load placeholders 'rankupcrayons'. Plugin RankUp not found!
23/02/2019 11:03:12 [MESSAGE] &a Префиксы &8| &eUnable to load placeholders 'survivalgameswazup'. Plugin SurvivalGames not found!
23/02/2019 11:03:12 [DEBUG] Loaded placeholder: tickspersecond
23/02/2019 11:03:12 [MESSAGE] &a Префиксы &8| &eUnable to load placeholders 'tokenenchant'. Plugin TokenEnchant not found!
23/02/2019 11:03:12 [MESSAGE] &a Префиксы &8| &eUnable to load placeholders 'towny'. Plugin Towny not found!
23/02/2019 11:03:12 [MESSAGE] &a Префиксы &8| &eUnable to load placeholders 'townychat'. Plugin TownyChat not found!
23/02/2019 11:03:12 [DEBUG] Loaded placeholder: twitter
23/02/2019 11:03:12 [MESSAGE] &a Префиксы &8| &eUnable to load placeholders 'ultimatevotes'. Plugin UltimateVotes not found!
23/02/2019 11:03:12 [DEBUG] Loaded placeholder: unicode
23/02/2019 11:03:12 [MESSAGE] &a Префиксы &8| &eUnable to load placeholders 'uskyblock'. Plugin uSkyBlock not found!
23/02/2019 11:03:12 [DEBUG] Loaded placeholder: vanillaevents
23/02/2019 11:03:12 [INFO] Loading event hook: Vanilla Combat hook ...
23/02/2019 11:03:12 [INFO] Loading event hook: Vanilla Block break hook ...
23/02/2019 11:03:12 [INFO] Loading event hook: Vanilla Block place hook ...
23/02/2019 11:03:12 [INFO] Loading event hook: Vanilla player rejoin ...
23/02/2019 11:03:12 [INFO] Loading event hook: Vanilla player join ...
23/02/2019 11:03:12 [INFO] Loading event hook: Vanilla Death hook ...
23/02/2019 11:03:12 [INFO] Loading event hook: Vanilla Create portal hook ...
23/02/2019 11:03:12 [INFO] Loading event hook: Vanilla player first join ...
23/02/2019 11:03:12 [INFO] Loading event hook: Vanilla Combat hook ...
23/02/2019 11:03:12 [INFO] Loading event hook: Vanilla Block break hook ...
23/02/2019 11:03:12 [MESSAGE] &a Префиксы &8| &eUnable to load placeholders 'superbvote'. Plugin SuperbVote not found!
23/02/2019 11:03:12 [INFO] Loading event hook: Vanilla Block place hook ...
23/02/2019 11:03:12 [INFO] Loading event hook: Vanilla player join ...
23/02/2019 11:03:12 [INFO] Loading event hook: Vanilla Death hook ...
23/02/2019 11:03:12 [INFO] Loading event hook: Vanilla Create portal hook ...
23/02/2019 11:03:12 [INFO] Loading event hook: Vanilla player first join ...
23/02/2019 11:03:12 [MESSAGE] &a Префиксы &8| &eUnable to load placeholders 'voteparty'. Plugin VoteParty not found!
23/02/2019 11:03:12 [MESSAGE] &a Префиксы &8| &eUnable to load placeholders 'voteroulette'. Plugin VoteRoulette not found!
23/02/2019 11:03:12 [MESSAGE] &a Префиксы &8| &eUnable to load placeholders 'wickedskywars'. Plugin WickedSkywars not found!
23/02/2019 11:03:12 [DEBUG] Loaded placeholder: world
23/02/2019 11:03:12 [MESSAGE] &a Префиксы &8| &eUnable to load placeholders 'worldborder'. Plugin WorldBorder not found!
23/02/2019 11:03:12 [DEBUG] Loaded placeholder: worldguard
23/02/2019 11:03:12 [INFO] Loading event hook: WorldGuard Region ...
23/02/2019 11:03:12 [INFO] Loading event hook: WorldGuard Region ...
23/02/2019 11:03:12 [MESSAGE] &a Префиксы &8| &eUnable to load placeholders 'zarphyckskywars'. Plugin SkyWars not found!
23/02/2019 11:03:12 [INFO] Loaded 4408 of the 4408 placholders
23/02/2019 11:03:12 [INFO] Creating new custom effect: warning
23/02/2019 11:03:12 [INFO] 	Lines: 2
23/02/2019 11:03:12 [INFO] 	Arguments: 1
23/02/2019 11:03:12 [INFO] Adding team name group 'helper' ...
23/02/2019 11:03:12 [INFO] Adding team name group 'hypesquad' ...
23/02/2019 11:03:12 [INFO] Adding team name group 'main' ...
23/02/2019 11:03:12 [INFO] Adding team name group 'Staff' ...
23/02/2019 11:03:12 [INFO] Preparing team names for existing online players ...
23/02/2019 11:03:12 [INFO] Loading event hook: Vanilla player rejoin ...
23/02/2019 11:03:11 [MESSAGE] &a Префиксы &8| &eUnable to load placeholders 'plotz'. Plugin Plotz not found!
23/02/2019 11:03:10 [MESSAGE] &a Префиксы &8| &eUnable to load placeholders 'magic'. Plugin Magic not found!
23/02/2019 11:03:12 [MESSAGE] &a Префиксы &8| &2Конфигурация перезагржена!
25/02/2019 00:28:00 [INFO] Loading placeholders and event triggers ...
25/02/2019 00:28:00 [MESSAGE] &a Префиксы &8| &eUnable to load placeholders 'askyblock'. Plugin ASkyBlock not found!
25/02/2019 00:28:00 [MESSAGE] &a Префиксы &8| &eUnable to load placeholders 'autosell'. Plugin AutoSell not found!
25/02/2019 00:28:00 [MESSAGE] &a Префиксы &8| &eUnable to load placeholders 'battlelevels'. Plugin BattleLevels not found!
25/02/2019 00:28:01 [MESSAGE] &a Префиксы &8| &eUnable to load placeholders 'bukkitgames'. Plugin BukkitGames not found!
25/02/2019 00:28:01 [MESSAGE] &a Префиксы &8| &eUnable to load placeholders 'bukkitspeak'. Plugin BukkitSpeak not found!
25/02/2019 00:28:01 [MESSAGE] &a Префиксы &8| &eUnable to load placeholders 'bungeeonlinetime'. Plugin BungeeOnlineTime not found!
25/02/2019 00:28:01 [MESSAGE] &a Префиксы &8| &eUnable to load placeholders 'chatreaction'. Plugin ChatReaction not found!
25/02/2019 00:28:01 [DEBUG] Loaded placeholder: command
25/02/2019 00:28:01 [DEBUG] Loaded placeholder: compass
25/02/2019 00:28:01 [MESSAGE] &a Префиксы &8| &eUnable to load placeholders 'customlist'. Plugin ChatReaction not found!
25/02/2019 00:28:00 [INFO] Loading configuration ...
25/02/2019 00:28:01 [MESSAGE] &a Префиксы &8| &eUnable to load placeholders 'deluxetags'. Plugin DeluxeTags not found!
25/02/2019 00:28:01 [MESSAGE] &a Префиксы &8| &eUnable to load placeholders 'disease'. Plugin Disease not found!
25/02/2019 00:28:01 [MESSAGE] &a Префиксы &8| &eUnable to load placeholders 'diceeaster'. Plugin DiceEaster not found!
25/02/2019 00:28:01 [MESSAGE] &a Префиксы &8| &eUnable to load placeholders 'donationsholograms'. Plugin DonationsHolograms not found!
25/02/2019 00:28:01 [DEBUG] Loaded placeholder: economy
25/02/2019 00:28:00 [MESSAGE] &a Префиксы &8| &eUnable to load placeholders 'acidisland'. Plugin AcidIsland not found!
25/02/2019 00:28:01 [DEBUG] Loaded placeholder: playereffects
25/02/2019 00:28:01 [DEBUG] Loaded placeholder: color
25/02/2019 00:28:00 [MESSAGE] &a Префиксы &8| &eUnable to load placeholders 'auctions'. Plugin Auctions not found!
25/02/2019 00:28:00 [MESSAGE] &a Префиксы &8| &eUnable to load placeholders 'autorank'. Plugin AutoRank not found!
25/02/2019 00:28:01 [DEBUG] Loaded placeholder: bungeecord
25/02/2019 00:28:00 [DEBUG] Loaded placeholder: CustomPlaceholders
25/02/2019 00:28:01 [MESSAGE] &a Префиксы &8| &eUnable to load placeholders 'enjin'. Plugin EnjinMinecraftPlugin not found!
25/02/2019 00:28:01 [DEBUG] Loaded placeholder: essentials
25/02/2019 00:28:01 [DEBUG] Loaded placeholder: entities
25/02/2019 00:28:01 [MESSAGE] &a Префиксы &8| &eUnable to load placeholders 'ezprestige'. Plugin EZPrestige not found!
25/02/2019 00:28:01 [MESSAGE] &a Префиксы &8| &eUnable to load placeholders 'ezblocks'. Plugin EZBlocks not found!
25/02/2019 00:28:01 [MESSAGE] &a Префиксы &8| &eUnable to load placeholders 'ezrankspro'. Plugin EZRanksPro not found!
25/02/2019 00:28:01 [MESSAGE] &a Префиксы &8| &eUnable to load placeholders 'ezrankslite2'. Plugin EZRanksLite not found!
25/02/2019 00:28:02 [DEBUG] Loaded placeholder: facebook
25/02/2019 00:28:01 [MESSAGE] &a Префиксы &8| &eUnable to load placeholders 'thrist'. Plugin Thrist not found!
25/02/2019 00:28:02 [MESSAGE] &a Префиксы &8| &eUnable to load placeholders 'factions2'. Plugin Factions not found!
25/02/2019 00:28:02 [MESSAGE] &a Префиксы &8| &eUnable to load placeholders 'factions1_8'. Plugin Factions not found!
25/02/2019 00:28:02 [DEBUG] Loaded placeholder: firework
25/02/2019 00:28:02 [MESSAGE] &a Префиксы &8| &eUnable to load placeholders 'factions1_6'. Plugin Factions not found!
25/02/2019 00:28:02 [DEBUG] Loaded placeholder: geographical
25/02/2019 00:28:02 [MESSAGE] &a Префиксы &8| &eUnable to load placeholders 'galistener'. Plugin GAListener not found!
25/02/2019 00:28:00 [DEBUG] Loaded placeholder: MySQL
25/02/2019 00:28:02 [MESSAGE] &a Префиксы &8| &eUnable to load placeholders 'gangsplus1'. Plugin GangsPlus not found!
25/02/2019 00:28:00 [MESSAGE] &a Префиксы &8| &eUnable to load placeholders 'bedwarsrel'. Plugin BedwarsRel not found!
25/02/2019 00:28:02 [MESSAGE] &a Префиксы &8| &eUnable to load placeholders 'teams'. Plugin Teams not found!
25/02/2019 00:28:00 [DEBUG] Loaded placeholder: armor
25/02/2019 00:28:02 [MESSAGE] &a Префиксы &8| &eUnable to load placeholders 'griefprevention'. Plugin GriefPrevention not found!
25/02/2019 00:28:01 [MESSAGE] &a Префиксы &8| &eUnable to load placeholders 'biteskywarsreloaded'. Plugin BiteSkyWarsReloaded not found!
25/02/2019 00:28:01 [DEBUG] Loaded placeholder: bukkit
25/02/2019 00:28:00 [INFO] Fetching available placeholders from server ...
25/02/2019 00:28:01 [MESSAGE] &a Префиксы &8| &eUnable to load placeholders 'enchantmenttokens'. Plugin EnchantmentTokens not found!
25/02/2019 00:28:00 [INFO] Loading internal placeholders ...
25/02/2019 00:28:02 [DEBUG] Loaded placeholder: hotbar
25/02/2019 00:28:03 [MESSAGE] &a Префиксы &8| &eUnable to load placeholders 'mcinfected'. Plugin McInfected not found!
25/02/2019 00:28:02 [MESSAGE] &a Префиксы &8| &eUnable to load placeholders 'subsidekoth'. Plugin LeaderHeads not found!
25/02/2019 00:28:02 [MESSAGE] &a Префиксы &8| &eUnable to load placeholders 'killermoney'. Plugin KillerMoney not found!
25/02/2019 00:28:02 [MESSAGE] &a Префиксы &8| &eUnable to load placeholders 'legendquest'. Plugin LegendQuest not found!
25/02/2019 00:28:02 [MESSAGE] &a Префиксы &8| &eUnable to load placeholders 'killstats'. Plugin KillStats not found!
25/02/2019 00:28:02 [MESSAGE] &a Префиксы &8| &eUnable to load placeholders 'lwc'. Plugin LWC not found!
25/02/2019 00:28:02 [MESSAGE] &a Префиксы &8| &eUnable to load placeholders 'kitbattle'. Plugin KitBattle not found!
25/02/2019 00:28:03 [MESSAGE] &a Префиксы &8| &eUnable to load placeholders 'mcmmo'. Plugin mcMMO not found!
25/02/2019 00:28:02 [MESSAGE] &a Префиксы &8| &eUnable to load placeholders 'leaderheads'. Plugin LeaderHeads not found!
25/02/2019 00:28:03 [MESSAGE] &a Префиксы &8| &eUnable to load placeholders 'minecrates'. Plugin MineCrates not found!
25/02/2019 00:28:02 [DEBUG] Loaded placeholder: libsdisguises
25/02/2019 00:28:03 [MESSAGE] &a Префиксы &8| &eUnable to load placeholders 'mineresetlite'. Plugin MineResetLite not found!
25/02/2019 00:28:03 [MESSAGE] &a Префиксы &8| &eUnable to load placeholders 'magic'. Plugin Magic not found!
25/02/2019 00:28:03 [MESSAGE] &a Префиксы &8| &eUnable to load placeholders 'mineversechat'. Plugin MineverseChat not found!
25/02/2019 00:28:03 [DEBUG] Loaded placeholder: marriage
25/02/2019 00:28:03 [MESSAGE] &a Префиксы &8| &eUnable to load placeholders 'multiverse'. Plugin Multiverse-Core not found!
25/02/2019 00:28:03 [MESSAGE] &a Префиксы &8| &eUnable to load placeholders 'marriagemaster'. Plugin MarriageMaster not found!
25/02/2019 00:28:03 [MESSAGE] &a Префиксы &8| &eUnable to load placeholders 'nicky'. Plugin Nicky not found!
25/02/2019 00:28:03 [DEBUG] Loaded placeholder: memory
25/02/2019 00:28:02 [MESSAGE] &a Префиксы &8| &eUnable to load placeholders 'killrewards'. Plugin KillRewards not found!
25/02/2019 00:28:03 [MESSAGE] &a Префиксы &8| &eUnable to load placeholders 'minefortress'. Plugin MineFortress not found!
25/02/2019 00:28:02 [DEBUG] Loaded placeholder: java
25/02/2019 00:28:03 [MESSAGE] &a Префиксы &8| &eUnable to load placeholders 'mineresetliteplus'. Plugin MineResetLitePlus not found!
25/02/2019 00:28:02 [MESSAGE] &a Префиксы &8| &eUnable to load placeholders 'jobsreborn'. Plugin Jobs not found!
25/02/2019 00:28:03 [MESSAGE] &a Префиксы &8| &eUnable to load placeholders 'mobarena'. Plugin MobArena not found!
25/02/2019 00:28:02 [MESSAGE] &a Префиксы &8| &eUnable to load placeholders 'kingkits'. Plugin KingKits not found!
25/02/2019 00:28:02 [MESSAGE] &a Префиксы &8| &eUnable to load placeholders 'jobs'. Plugin Jobs not found!
25/02/2019 00:28:02 [MESSAGE] &a Префиксы &8| &eUnable to load placeholders 'islandworld'. Plugin IslandWorld not found!
25/02/2019 00:28:02 [MESSAGE] &a Префиксы &8| &eUnable to load placeholders 'heroes'. Plugin Heroes not found!
25/02/2019 00:28:03 [DEBUG] Loaded placeholder: permissions
25/02/2019 00:28:03 [MESSAGE] &a Префиксы &8| &eUnable to load placeholders 'plotme'. Plugin PlotMe not found!
25/02/2019 00:28:04 [DEBUG] Loaded placeholder: sound
25/02/2019 00:28:03 [DEBUG] Loaded placeholder: placeholderapi
25/02/2019 00:28:03 [MESSAGE] &a Префиксы &8| &eUnable to load placeholders 'picknchewstatistics'. Plugin PickNChew not found!
25/02/2019 00:28:03 [MESSAGE] &a Префиксы &8| &eUnable to load placeholders 'playerpoints'. Plugin PlayerPoints not found!
25/02/2019 00:28:03 [MESSAGE] &a Префиксы &8| &eUnable to load placeholders 'pl3xicons'. Plugin Pl3xIcons not found!
25/02/2019 00:28:03 [MESSAGE] &a Префиксы &8| &eUnable to load placeholders 'plotsquared'. Plugin PlotSquared not found!
25/02/2019 00:28:03 [DEBUG] Loaded placeholder: player
25/02/2019 00:28:03 [DEBUG] Loaded placeholder: previousnames
25/02/2019 00:28:03 [MESSAGE] &a Префиксы &8| &eUnable to load placeholders 'playtimerewardsrecoded'. Plugin PlayTimeRewardsRecoded not found!
25/02/2019 00:28:03 [MESSAGE] &a Префиксы &8| &eUnable to load placeholders 'prisonmines'. Plugin PrisonMines not found!
25/02/2019 00:28:03 [MESSAGE] &a Префиксы &8| &eUnable to load placeholders 'plotz'. Plugin Plotz not found!
25/02/2019 00:28:03 [DEBUG] Loaded placeholder: quests
25/02/2019 00:28:03 [MESSAGE] &a Префиксы &8| &eUnable to load placeholders 'prison3'. Plugin Prison3 not found!
25/02/2019 00:28:03 [MESSAGE] &a Префиксы &8| &eUnable to load placeholders 'pvptimer'. Plugin PvPTimer not found!
25/02/2019 00:28:03 [MESSAGE] &a Префиксы &8| &eUnable to load placeholders 'rankupcrayons'. Plugin RankUp not found!
25/02/2019 00:28:03 [DEBUG] Loaded placeholder: redisbungee
25/02/2019 00:28:04 [DEBUG] Loaded placeholder: serverpinger
25/02/2019 00:28:03 [MESSAGE] &a Префиксы &8| &eUnable to load placeholders 'sellall'. Plugin SellAll not found!
25/02/2019 00:28:04 [MESSAGE] &a Префиксы &8| &eUnable to load placeholders 'skillapi'. Plugin SkillAPI not found!
25/02/2019 00:28:04 [MESSAGE] &a Префиксы &8| &eUnable to load placeholders 'simpleclans'. Plugin SimpleClans not found!
25/02/2019 00:28:04 [MESSAGE] &a Префиксы &8| &eUnable to load placeholders 'skywars'. Plugin SkyWars not found!
25/02/2019 00:28:04 [DEBUG] Loaded placeholder: skript
25/02/2019 00:28:04 [MESSAGE] &a Префиксы &8| &eUnable to load placeholders 'sqlperms'. Plugin SQLPerms not found!
25/02/2019 00:28:04 [MESSAGE] &a Префиксы &8| &eUnable to load placeholders 'skywarsreloaded'. Plugin SkyWarsReloaded not found!
25/02/2019 00:28:04 [MESSAGE] &a Префиксы &8| &eUnable to load placeholders 'stockmarket-yahoofinance'. Plugin StockMarket not found!
25/02/2019 00:28:04 [DEBUG] Loaded placeholder: statistics
25/02/2019 00:28:03 [MESSAGE] &a Префиксы &8| &eUnable to load placeholders 'ontime'. Plugin OnTime not found!
25/02/2019 00:28:04 [MESSAGE] &a Префиксы &8| &eUnable to load placeholders 'stockmarket'. Plugin StockMarket not found!
25/02/2019 00:28:04 [DEBUG] Loaded placeholder: tickspersecond
25/02/2019 00:28:04 [INFO] Loading event hook: Vanilla Combat hook ...
25/02/2019 00:28:04 [INFO] Loading event hook: Vanilla Death hook ...
25/02/2019 00:28:05 [MESSAGE] &a Префиксы &8| &eUnable to load placeholders 'voteroulette'. Plugin VoteRoulette not found!
25/02/2019 00:28:04 [MESSAGE] &a Префиксы &8| &eUnable to load placeholders 'tokenenchant'. Plugin TokenEnchant not found!
25/02/2019 00:28:04 [MESSAGE] &a Префиксы &8| &eUnable to load placeholders 'towny'. Plugin Towny not found!
25/02/2019 00:28:04 [MESSAGE] &a Префиксы &8| &eUnable to load placeholders 'townychat'. Plugin TownyChat not found!
25/02/2019 00:28:04 [MESSAGE] &a Префиксы &8| &eUnable to load placeholders 'voteparty'. Plugin VoteParty not found!
25/02/2019 00:28:04 [MESSAGE] &a Префиксы &8| &eUnable to load placeholders 'ultimatevotes'. Plugin UltimateVotes not found!
25/02/2019 00:28:05 [DEBUG] Loaded placeholder: worldguard
25/02/2019 00:28:04 [MESSAGE] &a Префиксы &8| &eUnable to load placeholders 'uskyblock'. Plugin uSkyBlock not found!
25/02/2019 00:28:04 [DEBUG] Loaded placeholder: vanillaevents
25/02/2019 00:28:04 [INFO] Loading event hook: Vanilla Block break hook ...
25/02/2019 00:28:04 [DEBUG] Loaded placeholder: unicode
25/02/2019 00:28:04 [INFO] Loading event hook: Vanilla player rejoin ...
25/02/2019 00:28:04 [DEBUG] Loaded placeholder: twitter
25/02/2019 00:28:04 [INFO] Loading event hook: Vanilla Create portal hook ...
25/02/2019 00:28:04 [INFO] Loading event hook: Vanilla Block place hook ...
25/02/2019 00:28:04 [INFO] Loading event hook: Vanilla player first join ...
25/02/2019 00:28:05 [DEBUG] Loaded placeholder: world
25/02/2019 00:28:04 [INFO] Loading event hook: Vanilla Combat hook ...
25/02/2019 00:28:04 [INFO] Loading event hook: Vanilla player join ...
25/02/2019 00:28:04 [INFO] Loading event hook: Vanilla Block break hook ...
25/02/2019 00:28:04 [MESSAGE] &a Префиксы &8| &eUnable to load placeholders 'superbvote'. Plugin SuperbVote not found!
25/02/2019 00:28:04 [INFO] Loading event hook: Vanilla player rejoin ...
25/02/2019 00:28:04 [INFO] Loading event hook: Vanilla Block place hook ...
25/02/2019 00:28:04 [INFO] Loading event hook: Vanilla Death hook ...
25/02/2019 00:28:04 [INFO] Loading event hook: Vanilla Create portal hook ...
25/02/2019 00:28:04 [INFO] Loading event hook: Vanilla player first join ...
25/02/2019 00:28:04 [INFO] Loading event hook: Vanilla player join ...
25/02/2019 00:28:05 [MESSAGE] &a Префиксы &8| &eUnable to load placeholders 'wickedskywars'. Plugin WickedSkywars not found!
25/02/2019 00:28:05 [INFO] Loading event hook: WorldGuard Region ...
25/02/2019 00:28:05 [MESSAGE] &a Префиксы &8| &eUnable to load placeholders 'worldborder'. Plugin WorldBorder not found!
25/02/2019 00:28:04 [MESSAGE] &a Префиксы &8| &eUnable to load placeholders 'survivalgameswazup'. Plugin SurvivalGames not found!
25/02/2019 00:28:05 [INFO] Loaded 4524 of the 4524 placholders
25/02/2019 00:28:05 [INFO] 	Lines: 2
25/02/2019 00:28:05 [INFO] Adding team name group 'helper' ...
25/02/2019 00:28:05 [INFO] Adding team name group 'main' ...
25/02/2019 00:28:05 [MESSAGE] &a Префиксы &8| &2Конфигурация перезагржена!
25/02/2019 00:28:05 [INFO] Loading event hook: WorldGuard Region ...
25/02/2019 00:28:05 [INFO] Adding team name group 'Staff' ...
25/02/2019 00:28:05 [INFO] Preparing team names for existing online players ...
25/02/2019 00:28:05 [INFO] Adding team name group 'hypesquad' ...
25/02/2019 00:28:05 [INFO] 	Arguments: 1
25/02/2019 00:28:05 [INFO] Creating new custom effect: warning
25/02/2019 00:28:05 [MESSAGE] &a Префиксы &8| &eUnable to load placeholders 'zarphyckskywars'. Plugin SkyWars not found!
