04/06/2020 13:39:10 [INFO] Loading placeholders and event triggers ...
04/06/2020 13:39:10 [INFO] Fetching available placeholders from server ...
04/06/2020 13:39:10 [DEBUG] Loaded placeholder: MySQL
04/06/2020 13:39:10 [MESSAGE] &f[&9AnimatedNames&f] &eUnable to load placeholders 'acidisland'. Plugin AcidIsland not found!
04/06/2020 13:39:10 [INFO] Loading language file: lang_en
04/06/2020 13:39:10 [DEBUG] Loaded placeholder: armor
04/06/2020 13:39:10 [MESSAGE] &f[&9AnimatedNames&f] &eUnable to load placeholders 'auctions'. Plugin Auctions not found!
04/06/2020 13:39:10 [MESSAGE] &f[&9AnimatedNames&f] &eUnable to load placeholders 'askyblock'. Plugin ASkyBlock not found!
04/06/2020 13:39:10 [MESSAGE] &f[&9AnimatedNames&f] &eUnable to load placeholders 'autosell'. Plugin AutoSell not found!
04/06/2020 13:39:10 [MESSAGE] &f[&9AnimatedNames&f] &eUnable to load placeholders 'autorank'. Plugin AutoRank not found!
04/06/2020 13:39:11 [MESSAGE] &f[&9AnimatedNames&f] &eUnable to load placeholders 'bedwarsrel'. Plugin BedwarsRel not found!
04/06/2020 13:39:11 [MESSAGE] &f[&9AnimatedNames&f] &eUnable to load placeholders 'battlelevels'. Plugin BattleLevels not found!
04/06/2020 13:39:11 [DEBUG] Loaded placeholder: bukkit
04/06/2020 13:39:11 [MESSAGE] &f[&9AnimatedNames&f] &eUnable to load placeholders 'biteskywarsreloaded'. Plugin BiteSkyWarsReloaded not found!
04/06/2020 13:39:11 [MESSAGE] &f[&9AnimatedNames&f] &eUnable to load placeholders 'bukkitspeak'. Plugin BukkitSpeak not found!
04/06/2020 13:39:11 [MESSAGE] &f[&9AnimatedNames&f] &eUnable to load placeholders 'bukkitgames'. Plugin BukkitGames not found!
04/06/2020 13:39:10 [INFO] Loading language file: lang_temp
04/06/2020 13:39:10 [DEBUG] Loaded placeholder: CustomPlaceholders
04/06/2020 13:39:11 [MESSAGE] &f[&9AnimatedNames&f] &eUnable to load placeholders 'chatreaction'. Plugin ChatReaction not found!
04/06/2020 13:39:11 [MESSAGE] &f[&9AnimatedNames&f] &eUnable to load placeholders 'thrist'. Plugin Thrist not found!
04/06/2020 13:39:11 [DEBUG] Loaded placeholder: color
04/06/2020 13:39:11 [DEBUG] Loaded placeholder: command
04/06/2020 13:39:11 [MESSAGE] &f[&9AnimatedNames&f] &eUnable to load placeholders 'customlist'. Plugin ChatReaction not found!
04/06/2020 13:39:11 [MESSAGE] &f[&9AnimatedNames&f] &eUnable to load placeholders 'bungeeonlinetime'. Plugin BungeeOnlineTime not found!
04/06/2020 13:39:11 [MESSAGE] &f[&9AnimatedNames&f] &eUnable to load placeholders 'diceeaster'. Plugin DiceEaster not found!
04/06/2020 13:39:11 [DEBUG] Loaded placeholder: compass
04/06/2020 13:39:11 [MESSAGE] &f[&9AnimatedNames&f] &eUnable to load placeholders 'donationsholograms'. Plugin DonationsHolograms not found!
04/06/2020 13:39:11 [MESSAGE] &f[&9AnimatedNames&f] &eUnable to load placeholders 'deluxetags'. Plugin DeluxeTags not found!
04/06/2020 13:39:11 [DEBUG] Loaded placeholder: playereffects
04/06/2020 13:39:11 [MESSAGE] &f[&9AnimatedNames&f] &eUnable to load placeholders 'disease'. Plugin Disease not found!
04/06/2020 13:39:11 [MESSAGE] &f[&9AnimatedNames&f] &eUnable to load placeholders 'enjin'. Plugin EnjinMinecraftPlugin not found!
04/06/2020 13:39:11 [DEBUG] Loaded placeholder: economy
04/06/2020 13:39:11 [MESSAGE] &f[&9AnimatedNames&f] &eUnable to load placeholders 'enchantmenttokens'. Plugin EnchantmentTokens not found!
04/06/2020 13:39:11 [DEBUG] Loaded placeholder: essentials
04/06/2020 13:39:11 [DEBUG] Loaded placeholder: entities
04/06/2020 13:39:11 [MESSAGE] &f[&9AnimatedNames&f] &eUnable to load placeholders 'ezprestige'. Plugin EZPrestige not found!
04/06/2020 13:39:11 [MESSAGE] &f[&9AnimatedNames&f] &eUnable to load placeholders 'ezblocks'. Plugin EZBlocks not found!
04/06/2020 13:39:11 [MESSAGE] &f[&9AnimatedNames&f] &eUnable to load placeholders 'ezrankspro'. Plugin EZRanksPro not found!
04/06/2020 13:39:11 [MESSAGE] &f[&9AnimatedNames&f] &eUnable to load placeholders 'ezrankslite2'. Plugin EZRanksLite not found!
04/06/2020 13:39:11 [DEBUG] Loaded placeholder: bungeecord
04/06/2020 13:39:12 [MESSAGE] &f[&9AnimatedNames&f] &eUnable to load placeholders 'factions1_6'. Plugin Factions not found!
04/06/2020 13:39:12 [MESSAGE] &f[&9AnimatedNames&f] &eUnable to load placeholders 'galistener'. Plugin GAListener not found!
04/06/2020 13:39:12 [MESSAGE] &f[&9AnimatedNames&f] &eUnable to load placeholders 'teams'. Plugin Teams not found!
04/06/2020 13:39:12 [MESSAGE] &f[&9AnimatedNames&f] &eUnable to load placeholders 'factions2'. Plugin Factions not found!
04/06/2020 13:39:12 [MESSAGE] &f[&9AnimatedNames&f] &eUnable to load placeholders 'griefprevention'. Plugin GriefPrevention not found!
04/06/2020 13:39:12 [DEBUG] Loaded placeholder: firework
04/06/2020 13:39:12 [MESSAGE] &f[&9AnimatedNames&f] &eUnable to load placeholders 'islandworld'. Plugin IslandWorld not found!
04/06/2020 13:39:12 [MESSAGE] &f[&9AnimatedNames&f] &eUnable to load placeholders 'gangsplus1'. Plugin GangsPlus not found!
04/06/2020 13:39:12 [MESSAGE] &f[&9AnimatedNames&f] &eUnable to load placeholders 'jobs'. Plugin Jobs not found!
04/06/2020 13:39:12 [DEBUG] Loaded placeholder: geographical
04/06/2020 13:39:12 [MESSAGE] &f[&9AnimatedNames&f] &eUnable to load placeholders 'killermoney'. Plugin KillerMoney not found!
04/06/2020 13:39:12 [MESSAGE] &f[&9AnimatedNames&f] &eUnable to load placeholders 'heroes'. Plugin Heroes not found!
04/06/2020 13:39:12 [MESSAGE] &f[&9AnimatedNames&f] &eUnable to load placeholders 'killstats'. Plugin KillStats not found!
04/06/2020 13:39:12 [DEBUG] Loaded placeholder: hotbar
04/06/2020 13:39:13 [MESSAGE] &f[&9AnimatedNames&f] &eUnable to load placeholders 'kingkits'. Plugin KingKits not found!
04/06/2020 13:39:12 [DEBUG] Loaded placeholder: java
04/06/2020 13:39:13 [MESSAGE] &f[&9AnimatedNames&f] &eUnable to load placeholders 'kitbattle'. Plugin KitBattle not found!
04/06/2020 13:39:12 [MESSAGE] &f[&9AnimatedNames&f] &eUnable to load placeholders 'jobsreborn'. Plugin Jobs not found!
04/06/2020 13:39:13 [MESSAGE] &f[&9AnimatedNames&f] &eUnable to load placeholders 'subsidekoth'. Plugin LeaderHeads not found!
04/06/2020 13:39:12 [MESSAGE] &f[&9AnimatedNames&f] &eUnable to load placeholders 'killrewards'. Plugin KillRewards not found!
04/06/2020 13:39:12 [MESSAGE] &f[&9AnimatedNames&f] &eUnable to load placeholders 'factions1_8'. Plugin Factions not found!
04/06/2020 13:39:12 [DEBUG] Loaded placeholder: facebook
04/06/2020 13:39:13 [MESSAGE] &f[&9AnimatedNames&f] &eUnable to load placeholders 'legendquest'. Plugin LegendQuest not found!
04/06/2020 13:39:14 [DEBUG] Loaded placeholder: placeholderapi
04/06/2020 13:39:13 [MESSAGE] &f[&9AnimatedNames&f] &eUnable to load placeholders 'magic'. Plugin Magic not found!
04/06/2020 13:39:13 [MESSAGE] &f[&9AnimatedNames&f] &eUnable to load placeholders 'marriagemaster'. Plugin MarriageMaster not found!
04/06/2020 13:39:13 [MESSAGE] &f[&9AnimatedNames&f] &eUnable to load placeholders 'mcmmo'. Plugin mcMMO not found!
04/06/2020 13:39:13 [DEBUG] Loaded placeholder: libsdisguises
04/06/2020 13:39:13 [MESSAGE] &f[&9AnimatedNames&f] &eUnable to load placeholders 'minecrates'. Plugin MineCrates not found!
04/06/2020 13:39:13 [MESSAGE] &f[&9AnimatedNames&f] &eUnable to load placeholders 'lwc'. Plugin LWC not found!
04/06/2020 13:39:13 [DEBUG] Loaded placeholder: mineresetlite
04/06/2020 13:39:13 [DEBUG] Loaded placeholder: marriage
04/06/2020 13:39:13 [MESSAGE] &f[&9AnimatedNames&f] &eUnable to load placeholders 'mineversechat'. Plugin MineverseChat not found!
04/06/2020 13:39:13 [MESSAGE] &f[&9AnimatedNames&f] &eUnable to load placeholders 'mcinfected'. Plugin McInfected not found!
04/06/2020 13:39:14 [MESSAGE] &f[&9AnimatedNames&f] &eUnable to load placeholders 'multiverse'. Plugin Multiverse-Core not found!
04/06/2020 13:39:13 [DEBUG] Loaded placeholder: memory
04/06/2020 13:39:14 [MESSAGE] &f[&9AnimatedNames&f] &eUnable to load placeholders 'ontime'. Plugin OnTime not found!
04/06/2020 13:39:13 [MESSAGE] &f[&9AnimatedNames&f] &eUnable to load placeholders 'minefortress'. Plugin MineFortress not found!
04/06/2020 13:39:14 [MESSAGE] &f[&9AnimatedNames&f] &eUnable to load placeholders 'picknchewstatistics'. Plugin PickNChew not found!
04/06/2020 13:39:13 [MESSAGE] &f[&9AnimatedNames&f] &eUnable to load placeholders 'mineresetliteplus'. Plugin MineResetLitePlus not found!
04/06/2020 13:39:14 [MESSAGE] &f[&9AnimatedNames&f] &eUnable to load placeholders 'pl3xicons'. Plugin Pl3xIcons not found!
04/06/2020 13:39:14 [MESSAGE] &f[&9AnimatedNames&f] &eUnable to load placeholders 'mobarena'. Plugin MobArena not found!
04/06/2020 13:39:14 [DEBUG] Loaded placeholder: player
04/06/2020 13:39:14 [MESSAGE] &f[&9AnimatedNames&f] &eUnable to load placeholders 'nicky'. Plugin Nicky not found!
04/06/2020 13:39:14 [DEBUG] Loaded placeholder: permissions
04/06/2020 13:39:13 [MESSAGE] &f[&9AnimatedNames&f] &eUnable to load placeholders 'leaderheads'. Plugin LeaderHeads not found!
04/06/2020 13:39:14 [MESSAGE] &f[&9AnimatedNames&f] &eUnable to load placeholders 'plotz'. Plugin Plotz not found!
04/06/2020 13:39:14 [DEBUG] Loaded placeholder: serverpinger
04/06/2020 13:39:14 [MESSAGE] &f[&9AnimatedNames&f] &eUnable to load placeholders 'skywars'. Plugin SkyWars not found!
04/06/2020 13:39:14 [MESSAGE] &f[&9AnimatedNames&f] &eUnable to load placeholders 'prison3'. Plugin Prison3 not found!
04/06/2020 13:39:14 [MESSAGE] &f[&9AnimatedNames&f] &eUnable to load placeholders 'pvptimer'. Plugin PvPTimer not found!
04/06/2020 13:39:14 [MESSAGE] &f[&9AnimatedNames&f] &eUnable to load placeholders 'rankupcrayons'. Plugin RankUp not found!
04/06/2020 13:39:14 [DEBUG] Loaded placeholder: redisbungee
04/06/2020 13:39:15 [DEBUG] Loaded placeholder: sound
04/06/2020 13:39:15 [MESSAGE] &f[&9AnimatedNames&f] &eUnable to load placeholders 'tokenenchant'. Plugin TokenEnchant not found!
04/06/2020 13:39:15 [MESSAGE] &f[&9AnimatedNames&f] &eUnable to load placeholders 'townychat'. Plugin TownyChat not found!
04/06/2020 13:39:15 [DEBUG] Loaded placeholder: unicode
04/06/2020 13:39:14 [MESSAGE] &f[&9AnimatedNames&f] &eUnable to load placeholders 'plotme'. Plugin PlotMe not found!
04/06/2020 13:39:14 [MESSAGE] &f[&9AnimatedNames&f] &eUnable to load placeholders 'plotsquared'. Plugin PlotSquared not found!
04/06/2020 13:39:14 [DEBUG] Loaded placeholder: previousnames
04/06/2020 13:39:14 [MESSAGE] &f[&9AnimatedNames&f] &eUnable to load placeholders 'prisonmines'. Plugin PrisonMines not found!
04/06/2020 13:39:14 [DEBUG] Loaded placeholder: quests
04/06/2020 13:39:14 [MESSAGE] &f[&9AnimatedNames&f] &eUnable to load placeholders 'sellall'. Plugin SellAll not found!
04/06/2020 13:39:14 [MESSAGE] &f[&9AnimatedNames&f] &eUnable to load placeholders 'skillapi'. Plugin SkillAPI not found!
04/06/2020 13:39:14 [MESSAGE] &f[&9AnimatedNames&f] &eUnable to load placeholders 'simpleclans'. Plugin SimpleClans not found!
04/06/2020 13:39:14 [MESSAGE] &f[&9AnimatedNames&f] &eUnable to load placeholders 'skywarsreloaded'. Plugin SkyWarsReloaded not found!
04/06/2020 13:39:14 [DEBUG] Loaded placeholder: skript
04/06/2020 13:39:15 [DEBUG] Loaded placeholder: tickspersecond
04/06/2020 13:39:15 [MESSAGE] &f[&9AnimatedNames&f] &eUnable to load placeholders 'towny'. Plugin Towny not found!
04/06/2020 13:39:15 [MESSAGE] &f[&9AnimatedNames&f] &eUnable to load placeholders 'survivalgameswazup'. Plugin SurvivalGames not found!
04/06/2020 13:39:15 [DEBUG] Loaded placeholder: twitter
04/06/2020 13:39:14 [MESSAGE] &f[&9AnimatedNames&f] &eUnable to load placeholders 'playtimerewardsrecoded'. Plugin PlayTimeRewardsRecoded not found!
04/06/2020 13:39:15 [MESSAGE] &f[&9AnimatedNames&f] &eUnable to load placeholders 'ultimatevotes'. Plugin UltimateVotes not found!
04/06/2020 13:39:15 [DEBUG] Loaded placeholder: statistics
04/06/2020 13:39:15 [MESSAGE] &f[&9AnimatedNames&f] &eUnable to load placeholders 'sqlperms'. Plugin SQLPerms not found!
04/06/2020 13:39:15 [MESSAGE] &f[&9AnimatedNames&f] &eUnable to load placeholders 'stockmarket'. Plugin StockMarket not found!
04/06/2020 13:39:15 [MESSAGE] &f[&9AnimatedNames&f] &eUnable to load placeholders 'stockmarket-yahoofinance'. Plugin StockMarket not found!
04/06/2020 13:39:15 [MESSAGE] &f[&9AnimatedNames&f] &eUnable to load placeholders 'superbvote'. Plugin SuperbVote not found!
04/06/2020 13:39:14 [MESSAGE] &f[&9AnimatedNames&f] &eUnable to load placeholders 'playerpoints'. Plugin PlayerPoints not found!
04/06/2020 13:39:15 [MESSAGE] &f[&9AnimatedNames&f] &eUnable to load placeholders 'uskyblock'. Plugin uSkyBlock not found!
04/06/2020 13:39:15 [DEBUG] Loaded placeholder: vanillaevents
04/06/2020 13:39:15 [INFO] Loading event hook: Vanilla Create portal hook ...
04/06/2020 13:39:15 [INFO] Loading event hook: Vanilla Combat hook ...
04/06/2020 13:39:15 [INFO] Loading event hook: Vanilla Combat hook ...
04/06/2020 13:39:15 [INFO] Loading event hook: Vanilla Block break hook ...
04/06/2020 13:39:15 [INFO] Loading event hook: Vanilla player rejoin ...
04/06/2020 13:39:15 [INFO] Loading event hook: Vanilla Block place hook ...
04/06/2020 13:39:15 [INFO] Loading event hook: Vanilla player rejoin ...
04/06/2020 13:39:15 [INFO] Loading event hook: Vanilla Death hook ...
04/06/2020 13:39:15 [INFO] Loading event hook: Vanilla player first join ...
04/06/2020 13:39:15 [INFO] Loading event hook: Vanilla player join ...
04/06/2020 13:39:15 [MESSAGE] &f[&9AnimatedNames&f] &eUnable to load placeholders 'voteparty'. Plugin VoteParty not found!
04/06/2020 13:39:15 [INFO] Loading event hook: Vanilla Death hook ...
04/06/2020 13:39:15 [MESSAGE] &f[&9AnimatedNames&f] &eUnable to load placeholders 'voteroulette'. Plugin VoteRoulette not found!
04/06/2020 13:39:15 [INFO] Loading event hook: Vanilla player first join ...
04/06/2020 13:39:15 [MESSAGE] &f[&9AnimatedNames&f] &eUnable to load placeholders 'wickedskywars'. Plugin WickedSkywars not found!
04/06/2020 13:39:15 [INFO] Loading event hook: Vanilla Block break hook ...
04/06/2020 13:39:15 [DEBUG] Loaded placeholder: world
04/06/2020 13:39:15 [INFO] Loading event hook: Vanilla Block place hook ...
04/06/2020 13:39:15 [DEBUG] Loaded placeholder: worldborder
04/06/2020 13:39:15 [INFO] Loading event hook: Vanilla player join ...
04/06/2020 13:39:15 [DEBUG] Loaded placeholder: worldguard
04/06/2020 13:39:15 [INFO] Loading event hook: Vanilla Create portal hook ...
04/06/2020 13:39:15 [INFO] Loading event hook: WorldGuard Region ...
04/06/2020 13:39:15 [INFO] Creating new custom effect: warning
04/06/2020 13:39:15 [INFO] 	Arguments: 1
04/06/2020 13:39:16 [INFO] Adding team name group 'hypesquad' ...
04/06/2020 13:39:16 [INFO] Adding team name group 'helper' ...
04/06/2020 13:39:15 [MESSAGE] &f[&9AnimatedNames&f] &eUnable to load placeholders 'zarphyckskywars'. Plugin SkyWars not found!
04/06/2020 13:39:16 [INFO] Loading messages ...
04/06/2020 13:39:16 [INFO] Loading language file: lang_temp
04/06/2020 13:39:15 [INFO] Loaded 4727 of the 4727 placholders
04/06/2020 13:39:16 [INFO] Adding command 'animatednames'
04/06/2020 13:39:15 [INFO] 	Lines: 2
04/06/2020 13:39:16 [DEBUG] 	Adding sub command 'placeholders'
04/06/2020 13:39:15 [INFO] Adding team name group 'main' ...
04/06/2020 13:39:16 [DEBUG] 	Adding sub command 'parse'
04/06/2020 13:39:16 [INFO] Adding team name group 'patron' ...
04/06/2020 13:39:16 [INFO] Adding team name group 'staff' ...
04/06/2020 13:39:16 [DEBUG] 	Adding sub command 'reload'
04/06/2020 13:39:16 [INFO] Preparing team names for existing online players ...
04/06/2020 13:39:16 [INFO] Loading language file: lang_en
04/06/2020 13:39:16 [MESSAGE] &6 Префиксы &8| &aYour version is up to date!
04/06/2020 13:39:16 [DEBUG] 	Adding sub command 'groups'
04/06/2020 13:39:16 [DEBUG] 	Adding sub command 'debug'
04/06/2020 13:39:16 [DEBUG] 	Adding sub command 'permissions'
04/06/2020 13:39:16 [DEBUG] 	Adding sub command 'about'
04/06/2020 13:39:15 [INFO] Loading event hook: WorldGuard Region ...
04/06/2020 13:39:10 [INFO] Loading internal placeholders ...
04/06/2020 13:39:16 [DEBUG] 	Adding sub command 'help'
