23/11/2018 13:49:19 [INFO] Loading placeholders and event triggers ...
23/11/2018 13:49:19 [INFO] Loading internal placeholders ...
23/11/2018 13:49:19 [DEBUG] Loaded placeholder: CustomPlaceholders
23/11/2018 13:49:19 [DEBUG] Loaded placeholder: MySQL
23/11/2018 13:49:19 [INFO] Fetching available placeholders from server ...
23/11/2018 13:49:19 [INFO] Loading language file: lang_en
23/11/2018 13:49:19 [INFO] Loading language file: lang_temp
23/11/2018 13:49:19 [MESSAGE] &f[&9AnimatedNames&f] &eUnable to load placeholders 'acidisland'. Plugin AcidIsland not found!
23/11/2018 13:49:19 [MESSAGE] &f[&9AnimatedNames&f] &eUnable to load placeholders 'auctions'. Plugin Auctions not found!
23/11/2018 13:49:19 [MESSAGE] &f[&9AnimatedNames&f] &eUnable to load placeholders 'autorank'. Plugin AutoRank not found!
23/11/2018 13:49:19 [MESSAGE] &f[&9AnimatedNames&f] &eUnable to load placeholders 'autosell'. Plugin AutoSell not found!
23/11/2018 13:49:19 [MESSAGE] &f[&9AnimatedNames&f] &eUnable to load placeholders 'battlelevels'. Plugin BattleLevels not found!
23/11/2018 13:49:19 [MESSAGE] &f[&9AnimatedNames&f] &eUnable to load placeholders 'bedwarsrel'. Plugin BedwarsRel not found!
23/11/2018 13:49:19 [MESSAGE] &f[&9AnimatedNames&f] &eUnable to load placeholders 'biteskywarsreloaded'. Plugin BiteSkyWarsReloaded not found!
23/11/2018 13:49:19 [DEBUG] Loaded placeholder: bukkit
23/11/2018 13:49:19 [MESSAGE] &f[&9AnimatedNames&f] &eUnable to load placeholders 'bukkitgames'. Plugin BukkitGames not found!
23/11/2018 13:49:19 [MESSAGE] &f[&9AnimatedNames&f] &eUnable to load placeholders 'bukkitspeak'. Plugin BukkitSpeak not found!
23/11/2018 13:49:19 [DEBUG] Loaded placeholder: bungeecord
23/11/2018 13:49:19 [MESSAGE] &f[&9AnimatedNames&f] &eUnable to load placeholders 'bungeeonlinetime'. Plugin BungeeOnlineTime not found!
23/11/2018 13:49:19 [MESSAGE] &f[&9AnimatedNames&f] &eUnable to load placeholders 'askyblock'. Plugin ASkyBlock not found!
23/11/2018 13:49:19 [DEBUG] Loaded placeholder: armor
23/11/2018 13:49:19 [DEBUG] Loaded placeholder: color
23/11/2018 13:49:19 [DEBUG] Loaded placeholder: command
23/11/2018 13:49:19 [DEBUG] Loaded placeholder: compass
23/11/2018 13:49:19 [MESSAGE] &f[&9AnimatedNames&f] &eUnable to load placeholders 'customlist'. Plugin ChatReaction not found!
23/11/2018 13:49:19 [MESSAGE] &f[&9AnimatedNames&f] &eUnable to load placeholders 'deluxetags'. Plugin DeluxeTags not found!
23/11/2018 13:49:19 [MESSAGE] &f[&9AnimatedNames&f] &eUnable to load placeholders 'diceeaster'. Plugin DiceEaster not found!
23/11/2018 13:49:19 [MESSAGE] &f[&9AnimatedNames&f] &eUnable to load placeholders 'disease'. Plugin Disease not found!
23/11/2018 13:49:19 [MESSAGE] &f[&9AnimatedNames&f] &eUnable to load placeholders 'donationsholograms'. Plugin DonationsHolograms not found!
23/11/2018 13:49:19 [DEBUG] Loaded placeholder: economy
23/11/2018 13:49:19 [DEBUG] Loaded placeholder: playereffects
23/11/2018 13:49:19 [MESSAGE] &f[&9AnimatedNames&f] &eUnable to load placeholders 'enchantmenttokens'. Plugin EnchantmentTokens not found!
23/11/2018 13:49:19 [MESSAGE] &f[&9AnimatedNames&f] &eUnable to load placeholders 'enjin'. Plugin EnjinMinecraftPlugin not found!
23/11/2018 13:49:19 [DEBUG] Loaded placeholder: entities
23/11/2018 13:49:19 [DEBUG] Loaded placeholder: essentials
23/11/2018 13:49:19 [MESSAGE] &f[&9AnimatedNames&f] &eUnable to load placeholders 'ezblocks'. Plugin EZBlocks not found!
23/11/2018 13:49:19 [MESSAGE] &f[&9AnimatedNames&f] &eUnable to load placeholders 'chatreaction'. Plugin ChatReaction not found!
23/11/2018 13:49:19 [MESSAGE] &f[&9AnimatedNames&f] &eUnable to load placeholders 'ezrankspro'. Plugin EZRanksPro not found!
23/11/2018 13:49:19 [MESSAGE] &f[&9AnimatedNames&f] &eUnable to load placeholders 'thrist'. Plugin Thrist not found!
23/11/2018 13:49:20 [DEBUG] Loaded placeholder: facebook
23/11/2018 13:49:20 [MESSAGE] &f[&9AnimatedNames&f] &eUnable to load placeholders 'factions1_8'. Plugin Factions not found!
23/11/2018 13:49:20 [MESSAGE] &f[&9AnimatedNames&f] &eUnable to load placeholders 'factions2'. Plugin Factions not found!
23/11/2018 13:49:20 [MESSAGE] &f[&9AnimatedNames&f] &eUnable to load placeholders 'factions1_6'. Plugin Factions not found!
23/11/2018 13:49:20 [DEBUG] Loaded placeholder: firework
23/11/2018 13:49:20 [MESSAGE] &f[&9AnimatedNames&f] &eUnable to load placeholders 'galistener'. Plugin GAListener not found!
23/11/2018 13:49:20 [MESSAGE] &f[&9AnimatedNames&f] &eUnable to load placeholders 'gangsplus1'. Plugin GangsPlus not found!
23/11/2018 13:49:20 [MESSAGE] &f[&9AnimatedNames&f] &eUnable to load placeholders 'teams'. Plugin Teams not found!
23/11/2018 13:49:20 [DEBUG] Loaded placeholder: geographical
23/11/2018 13:49:20 [MESSAGE] &f[&9AnimatedNames&f] &eUnable to load placeholders 'griefprevention'. Plugin GriefPrevention not found!
23/11/2018 13:49:20 [MESSAGE] &f[&9AnimatedNames&f] &eUnable to load placeholders 'heroes'. Plugin Heroes not found!
23/11/2018 13:49:20 [DEBUG] Loaded placeholder: hotbar
23/11/2018 13:49:20 [MESSAGE] &f[&9AnimatedNames&f] &eUnable to load placeholders 'islandworld'. Plugin IslandWorld not found!
23/11/2018 13:49:19 [MESSAGE] &f[&9AnimatedNames&f] &eUnable to load placeholders 'ezrankslite2'. Plugin EZRanksLite not found!
23/11/2018 13:49:19 [MESSAGE] &f[&9AnimatedNames&f] &eUnable to load placeholders 'ezprestige'. Plugin EZPrestige not found!
23/11/2018 13:49:20 [MESSAGE] &f[&9AnimatedNames&f] &eUnable to load placeholders 'jobs'. Plugin Jobs not found!
23/11/2018 13:49:20 [MESSAGE] &f[&9AnimatedNames&f] &eUnable to load placeholders 'jobsreborn'. Plugin Jobs not found!
23/11/2018 13:49:20 [MESSAGE] &f[&9AnimatedNames&f] &eUnable to load placeholders 'killermoney'. Plugin KillerMoney not found!
23/11/2018 13:49:20 [MESSAGE] &f[&9AnimatedNames&f] &eUnable to load placeholders 'killrewards'. Plugin KillRewards not found!
23/11/2018 13:49:20 [MESSAGE] &f[&9AnimatedNames&f] &eUnable to load placeholders 'killstats'. Plugin KillStats not found!
23/11/2018 13:49:20 [MESSAGE] &f[&9AnimatedNames&f] &eUnable to load placeholders 'kingkits'. Plugin KingKits not found!
23/11/2018 13:49:20 [MESSAGE] &f[&9AnimatedNames&f] &eUnable to load placeholders 'kitbattle'. Plugin KitBattle not found!
23/11/2018 13:49:20 [MESSAGE] &f[&9AnimatedNames&f] &eUnable to load placeholders 'subsidekoth'. Plugin LeaderHeads not found!
23/11/2018 13:49:20 [MESSAGE] &f[&9AnimatedNames&f] &eUnable to load placeholders 'leaderheads'. Plugin LeaderHeads not found!
23/11/2018 13:49:20 [MESSAGE] &f[&9AnimatedNames&f] &eUnable to load placeholders 'legendquest'. Plugin LegendQuest not found!
23/11/2018 13:49:20 [DEBUG] Loaded placeholder: libsdisguises
23/11/2018 13:49:20 [MESSAGE] &f[&9AnimatedNames&f] &eUnable to load placeholders 'lwc'. Plugin LWC not found!
23/11/2018 13:49:21 [MESSAGE] &f[&9AnimatedNames&f] &eUnable to load placeholders 'magic'. Plugin Magic not found!
23/11/2018 13:49:21 [MESSAGE] &f[&9AnimatedNames&f] &eUnable to load placeholders 'marriage'. Plugin Marriage not found!
23/11/2018 13:49:21 [MESSAGE] &f[&9AnimatedNames&f] &eUnable to load placeholders 'marriagemaster'. Plugin MarriageMaster not found!
23/11/2018 13:49:21 [MESSAGE] &f[&9AnimatedNames&f] &eUnable to load placeholders 'mcinfected'. Plugin McInfected not found!
23/11/2018 13:49:21 [MESSAGE] &f[&9AnimatedNames&f] &eUnable to load placeholders 'mcmmo'. Plugin mcMMO not found!
23/11/2018 13:49:20 [DEBUG] Loaded placeholder: java
23/11/2018 13:49:21 [MESSAGE] &f[&9AnimatedNames&f] &eUnable to load placeholders 'minecrates'. Plugin MineCrates not found!
23/11/2018 13:49:21 [MESSAGE] &f[&9AnimatedNames&f] &eUnable to load placeholders 'minefortress'. Plugin MineFortress not found!
23/11/2018 13:49:21 [MESSAGE] &f[&9AnimatedNames&f] &eUnable to load placeholders 'mineresetlite'. Plugin MineResetLite not found!
23/11/2018 13:49:21 [MESSAGE] &f[&9AnimatedNames&f] &eUnable to load placeholders 'mineresetliteplus'. Plugin MineResetLitePlus not found!
23/11/2018 13:49:21 [MESSAGE] &f[&9AnimatedNames&f] &eUnable to load placeholders 'mineversechat'. Plugin MineverseChat not found!
23/11/2018 13:49:21 [MESSAGE] &f[&9AnimatedNames&f] &eUnable to load placeholders 'mobarena'. Plugin MobArena not found!
23/11/2018 13:49:21 [MESSAGE] &f[&9AnimatedNames&f] &eUnable to load placeholders 'multiverse'. Plugin Multiverse-Core not found!
23/11/2018 13:49:21 [MESSAGE] &f[&9AnimatedNames&f] &eUnable to load placeholders 'nicky'. Plugin Nicky not found!
23/11/2018 13:49:21 [MESSAGE] &f[&9AnimatedNames&f] &eUnable to load placeholders 'ontime'. Plugin OnTime not found!
23/11/2018 13:49:21 [DEBUG] Loaded placeholder: permissions
23/11/2018 13:49:21 [MESSAGE] &f[&9AnimatedNames&f] &eUnable to load placeholders 'picknchewstatistics'. Plugin PickNChew not found!
23/11/2018 13:49:21 [MESSAGE] &f[&9AnimatedNames&f] &eUnable to load placeholders 'pl3xicons'. Plugin Pl3xIcons not found!
23/11/2018 13:49:21 [DEBUG] Loaded placeholder: placeholderapi
23/11/2018 13:49:21 [DEBUG] Loaded placeholder: player
23/11/2018 13:49:21 [MESSAGE] &f[&9AnimatedNames&f] &eUnable to load placeholders 'playerpoints'. Plugin PlayerPoints not found!
23/11/2018 13:49:21 [MESSAGE] &f[&9AnimatedNames&f] &eUnable to load placeholders 'playtimerewardsrecoded'. Plugin PlayTimeRewardsRecoded not found!
23/11/2018 13:49:21 [MESSAGE] &f[&9AnimatedNames&f] &eUnable to load placeholders 'plotme'. Plugin PlotMe not found!
23/11/2018 13:49:21 [MESSAGE] &f[&9AnimatedNames&f] &eUnable to load placeholders 'plotsquared'. Plugin PlotSquared not found!
23/11/2018 13:49:21 [DEBUG] Loaded placeholder: memory
23/11/2018 13:49:21 [DEBUG] Loaded placeholder: previousnames
23/11/2018 13:49:21 [MESSAGE] &f[&9AnimatedNames&f] &eUnable to load placeholders 'prison3'. Plugin Prison3 not found!
23/11/2018 13:49:21 [MESSAGE] &f[&9AnimatedNames&f] &eUnable to load placeholders 'prisonmines'. Plugin PrisonMines not found!
23/11/2018 13:49:21 [MESSAGE] &f[&9AnimatedNames&f] &eUnable to load placeholders 'pvptimer'. Plugin PvPTimer not found!
23/11/2018 13:49:21 [DEBUG] Loaded placeholder: quests
23/11/2018 13:49:21 [MESSAGE] &f[&9AnimatedNames&f] &eUnable to load placeholders 'rankupcrayons'. Plugin RankUp not found!
23/11/2018 13:49:21 [DEBUG] Loaded placeholder: redisbungee
23/11/2018 13:49:21 [MESSAGE] &f[&9AnimatedNames&f] &eUnable to load placeholders 'sellall'. Plugin SellAll not found!
23/11/2018 13:49:22 [DEBUG] Loaded placeholder: statistics
23/11/2018 13:49:21 [DEBUG] Loaded placeholder: serverpinger
23/11/2018 13:49:22 [MESSAGE] &f[&9AnimatedNames&f] &eUnable to load placeholders 'sqlperms'. Plugin SQLPerms not found!
23/11/2018 13:49:21 [MESSAGE] &f[&9AnimatedNames&f] &eUnable to load placeholders 'simpleclans'. Plugin SimpleClans not found!
23/11/2018 13:49:22 [DEBUG] Loaded placeholder: sound
23/11/2018 13:49:22 [MESSAGE] &f[&9AnimatedNames&f] &eUnable to load placeholders 'skillapi'. Plugin SkillAPI not found!
23/11/2018 13:49:22 [MESSAGE] &f[&9AnimatedNames&f] &eUnable to load placeholders 'skywarsreloaded'. Plugin SkyWarsReloaded not found!
23/11/2018 13:49:22 [DEBUG] Loaded placeholder: skript
23/11/2018 13:49:22 [MESSAGE] &f[&9AnimatedNames&f] &eUnable to load placeholders 'skywars'. Plugin SkyWars not found!
23/11/2018 13:49:22 [MESSAGE] &f[&9AnimatedNames&f] &eUnable to load placeholders 'towny'. Plugin Towny not found!
23/11/2018 13:49:22 [INFO] Loading event hook: Vanilla Block break hook ...
23/11/2018 13:49:22 [MESSAGE] &f[&9AnimatedNames&f] &eUnable to load placeholders 'townychat'. Plugin TownyChat not found!
23/11/2018 13:49:22 [INFO] Loading event hook: Vanilla player rejoin ...
23/11/2018 13:49:22 [INFO] Loading event hook: Vanilla Block place hook ...
23/11/2018 13:49:22 [MESSAGE] &f[&9AnimatedNames&f] &eUnable to load placeholders 'superbvote'. Plugin SuperbVote not found!
23/11/2018 13:49:22 [MESSAGE] &f[&9AnimatedNames&f] &eUnable to load placeholders 'uskyblock'. Plugin uSkyBlock not found!
23/11/2018 13:49:22 [INFO] Loading event hook: Vanilla player join ...
23/11/2018 13:49:22 [INFO] Loading event hook: Vanilla Death hook ...
23/11/2018 13:49:22 [DEBUG] Loaded placeholder: tickspersecond
23/11/2018 13:49:22 [MESSAGE] &f[&9AnimatedNames&f] &eUnable to load placeholders 'stockmarket'. Plugin StockMarket not found!
23/11/2018 13:49:22 [MESSAGE] &f[&9AnimatedNames&f] &eUnable to load placeholders 'ultimatevotes'. Plugin UltimateVotes not found!
23/11/2018 13:49:22 [MESSAGE] &f[&9AnimatedNames&f] &eUnable to load placeholders 'tokenenchant'. Plugin TokenEnchant not found!
23/11/2018 13:49:22 [MESSAGE] &f[&9AnimatedNames&f] &eUnable to load placeholders 'survivalgameswazup'. Plugin SurvivalGames not found!
23/11/2018 13:49:22 [INFO] Loading event hook: Vanilla Create portal hook ...
23/11/2018 13:49:22 [DEBUG] Loaded placeholder: twitter
23/11/2018 13:49:22 [DEBUG] Loaded placeholder: vanillaevents
23/11/2018 13:49:22 [INFO] Loading event hook: Vanilla player first join ...
23/11/2018 13:49:22 [DEBUG] Loaded placeholder: unicode
23/11/2018 13:49:22 [INFO] Loading event hook: Vanilla Combat hook ...
23/11/2018 13:49:22 [MESSAGE] &f[&9AnimatedNames&f] &eUnable to load placeholders 'stockmarket-yahoofinance'. Plugin StockMarket not found!
23/11/2018 13:49:21 [MESSAGE] &f[&9AnimatedNames&f] &eUnable to load placeholders 'plotz'. Plugin Plotz not found!
23/11/2018 13:49:22 [INFO] Loading event hook: Vanilla Block break hook ...
23/11/2018 13:49:22 [INFO] Loading event hook: Vanilla player rejoin ...
23/11/2018 13:49:22 [INFO] Loading event hook: Vanilla player join ...
23/11/2018 13:49:22 [INFO] Loading event hook: Vanilla Death hook ...
23/11/2018 13:49:22 [INFO] Loading event hook: Vanilla Create portal hook ...
23/11/2018 13:49:22 [INFO] Loading event hook: Vanilla player first join ...
23/11/2018 13:49:22 [MESSAGE] &f[&9AnimatedNames&f] &eUnable to load placeholders 'voteparty'. Plugin VoteParty not found!
23/11/2018 13:49:22 [MESSAGE] &f[&9AnimatedNames&f] &eUnable to load placeholders 'voteroulette'. Plugin VoteRoulette not found!
23/11/2018 13:49:22 [MESSAGE] &f[&9AnimatedNames&f] &eUnable to load placeholders 'wickedskywars'. Plugin WickedSkywars not found!
23/11/2018 13:49:22 [DEBUG] Loaded placeholder: world
23/11/2018 13:49:22 [DEBUG] Loaded placeholder: worldguard
23/11/2018 13:49:22 [INFO] Creating new custom effect: warning
23/11/2018 13:49:22 [INFO] Loading event hook: WorldGuard Region ...
23/11/2018 13:49:22 [INFO] 	Arguments: 1
23/11/2018 13:49:22 [MESSAGE] &f[&9AnimatedNames&f] &eUnable to load placeholders 'worldborder'. Plugin WorldBorder not found!
23/11/2018 13:49:22 [INFO] Loading event hook: Vanilla Block place hook ...
23/11/2018 13:49:22 [INFO] Loading event hook: WorldGuard Region ...
23/11/2018 13:49:22 [MESSAGE] &f[&9AnimatedNames&f] &eUnable to load placeholders 'zarphyckskywars'. Plugin SkyWars not found!
23/11/2018 13:49:22 [INFO] Loaded 4114 of the 4114 placholders
23/11/2018 13:49:22 [INFO] 	Lines: 2
23/11/2018 13:49:22 [INFO] Adding team name group 'helper' ...
23/11/2018 13:49:22 [INFO] Adding team name group 'hypesquad' ...
23/11/2018 13:49:22 [INFO] Adding command 'animatednames'
23/11/2018 13:49:22 [DEBUG] 	Adding sub command 'placeholders'
23/11/2018 13:49:22 [DEBUG] 	Adding sub command 'groups'
23/11/2018 13:49:22 [DEBUG] 	Adding sub command 'parse'
23/11/2018 13:49:22 [INFO] Loading event hook: Vanilla Combat hook ...
23/11/2018 13:49:22 [INFO] Preparing team names for existing online players ...
23/11/2018 13:49:22 [INFO] Loading messages ...
23/11/2018 13:49:22 [INFO] Loading language file: lang_temp
23/11/2018 13:49:22 [INFO] Loading language file: lang_en
23/11/2018 13:49:22 [MESSAGE] &a Префиксы &8| &aYour version is up to date!
23/11/2018 13:49:22 [DEBUG] 	Adding sub command 'reload'
23/11/2018 13:49:22 [DEBUG] 	Adding sub command 'debug'
23/11/2018 13:49:22 [DEBUG] 	Adding sub command 'help'
23/11/2018 13:49:22 [DEBUG] 	Adding sub command 'about'
23/11/2018 13:49:22 [DEBUG] 	Adding sub command 'permissions'
23/11/2018 13:49:22 [INFO] Adding team name group 'main' ...
