05/04/2020 12:21:30 [INFO] Loading placeholders and event triggers ...
05/04/2020 12:21:30 [DEBUG] Loaded placeholder: CustomPlaceholders
05/04/2020 12:21:30 [DEBUG] Loaded placeholder: MySQL
05/04/2020 12:21:30 [INFO] Fetching available placeholders from server ...
05/04/2020 12:21:30 [INFO] Loading internal placeholders ...
05/04/2020 12:21:31 [MESSAGE] &f[&9AnimatedNames&f] &eUnable to load placeholders 'bedwarsrel'. Plugin BedwarsRel not found!
05/04/2020 12:21:31 [MESSAGE] &f[&9AnimatedNames&f] &eUnable to load placeholders 'biteskywarsreloaded'. Plugin BiteSkyWarsReloaded not found!
05/04/2020 12:21:31 [DEBUG] Loaded placeholder: bukkit
05/04/2020 12:21:30 [INFO] Loading language file: lang_temp
05/04/2020 12:21:31 [MESSAGE] &f[&9AnimatedNames&f] &eUnable to load placeholders 'bukkitspeak'. Plugin BukkitSpeak not found!
05/04/2020 12:21:30 [MESSAGE] &f[&9AnimatedNames&f] &eUnable to load placeholders 'autorank'. Plugin AutoRank not found!
05/04/2020 12:21:31 [MESSAGE] &f[&9AnimatedNames&f] &eUnable to load placeholders 'autosell'. Plugin AutoSell not found!
05/04/2020 12:21:31 [MESSAGE] &f[&9AnimatedNames&f] &eUnable to load placeholders 'battlelevels'. Plugin BattleLevels not found!
05/04/2020 12:21:31 [DEBUG] Loaded placeholder: bungeecord
05/04/2020 12:21:31 [MESSAGE] &f[&9AnimatedNames&f] &eUnable to load placeholders 'bukkitgames'. Plugin BukkitGames not found!
05/04/2020 12:21:30 [MESSAGE] &f[&9AnimatedNames&f] &eUnable to load placeholders 'auctions'. Plugin Auctions not found!
05/04/2020 12:21:30 [MESSAGE] &f[&9AnimatedNames&f] &eUnable to load placeholders 'askyblock'. Plugin ASkyBlock not found!
05/04/2020 12:21:30 [DEBUG] Loaded placeholder: armor
05/04/2020 12:21:30 [MESSAGE] &f[&9AnimatedNames&f] &eUnable to load placeholders 'acidisland'. Plugin AcidIsland not found!
05/04/2020 12:21:30 [INFO] Loading language file: lang_en
05/04/2020 12:21:31 [DEBUG] Loaded placeholder: command
05/04/2020 12:21:31 [MESSAGE] &f[&9AnimatedNames&f] &eUnable to load placeholders 'donationsholograms'. Plugin DonationsHolograms not found!
05/04/2020 12:21:31 [DEBUG] Loaded placeholder: playereffects
05/04/2020 12:21:31 [MESSAGE] &f[&9AnimatedNames&f] &eUnable to load placeholders 'ezprestige'. Plugin EZPrestige not found!
05/04/2020 12:21:32 [DEBUG] Loaded placeholder: facebook
05/04/2020 12:21:32 [MESSAGE] &f[&9AnimatedNames&f] &eUnable to load placeholders 'factions1_8'. Plugin Factions not found!
05/04/2020 12:21:31 [MESSAGE] &f[&9AnimatedNames&f] &eUnable to load placeholders 'deluxetags'. Plugin DeluxeTags not found!
05/04/2020 12:21:31 [DEBUG] Loaded placeholder: economy
05/04/2020 12:21:31 [MESSAGE] &f[&9AnimatedNames&f] &eUnable to load placeholders 'enjin'. Plugin EnjinMinecraftPlugin not found!
05/04/2020 12:21:31 [DEBUG] Loaded placeholder: color
05/04/2020 12:21:31 [MESSAGE] &f[&9AnimatedNames&f] &eUnable to load placeholders 'ezblocks'. Plugin EZBlocks not found!
05/04/2020 12:21:31 [DEBUG] Loaded placeholder: compass
05/04/2020 12:21:31 [MESSAGE] &f[&9AnimatedNames&f] &eUnable to load placeholders 'ezrankspro'. Plugin EZRanksPro not found!
05/04/2020 12:21:31 [MESSAGE] &f[&9AnimatedNames&f] &eUnable to load placeholders 'customlist'. Plugin ChatReaction not found!
05/04/2020 12:21:31 [MESSAGE] &f[&9AnimatedNames&f] &eUnable to load placeholders 'thrist'. Plugin Thrist not found!
05/04/2020 12:21:31 [MESSAGE] &f[&9AnimatedNames&f] &eUnable to load placeholders 'diceeaster'. Plugin DiceEaster not found!
05/04/2020 12:21:32 [MESSAGE] &f[&9AnimatedNames&f] &eUnable to load placeholders 'factions2'. Plugin Factions not found!
05/04/2020 12:21:31 [MESSAGE] &f[&9AnimatedNames&f] &eUnable to load placeholders 'disease'. Plugin Disease not found!
05/04/2020 12:21:31 [MESSAGE] &f[&9AnimatedNames&f] &eUnable to load placeholders 'chatreaction'. Plugin ChatReaction not found!
05/04/2020 12:21:31 [MESSAGE] &f[&9AnimatedNames&f] &eUnable to load placeholders 'enchantmenttokens'. Plugin EnchantmentTokens not found!
05/04/2020 12:21:31 [DEBUG] Loaded placeholder: entities
05/04/2020 12:21:31 [DEBUG] Loaded placeholder: essentials
05/04/2020 12:21:31 [MESSAGE] &f[&9AnimatedNames&f] &eUnable to load placeholders 'ezrankslite2'. Plugin EZRanksLite not found!
05/04/2020 12:21:31 [MESSAGE] &f[&9AnimatedNames&f] &eUnable to load placeholders 'bungeeonlinetime'. Plugin BungeeOnlineTime not found!
05/04/2020 12:21:32 [DEBUG] Loaded placeholder: firework
05/04/2020 12:21:32 [MESSAGE] &f[&9AnimatedNames&f] &eUnable to load placeholders 'griefprevention'. Plugin GriefPrevention not found!
05/04/2020 12:21:32 [MESSAGE] &f[&9AnimatedNames&f] &eUnable to load placeholders 'kingkits'. Plugin KingKits not found!
05/04/2020 12:21:33 [DEBUG] Loaded placeholder: libsdisguises
05/04/2020 12:21:32 [DEBUG] Loaded placeholder: hotbar
05/04/2020 12:21:32 [DEBUG] Loaded placeholder: java
05/04/2020 12:21:32 [MESSAGE] &f[&9AnimatedNames&f] &eUnable to load placeholders 'jobsreborn'. Plugin Jobs not found!
05/04/2020 12:21:32 [MESSAGE] &f[&9AnimatedNames&f] &eUnable to load placeholders 'galistener'. Plugin GAListener not found!
05/04/2020 12:21:32 [MESSAGE] &f[&9AnimatedNames&f] &eUnable to load placeholders 'killrewards'. Plugin KillRewards not found!
05/04/2020 12:21:32 [MESSAGE] &f[&9AnimatedNames&f] &eUnable to load placeholders 'gangsplus1'. Plugin GangsPlus not found!
05/04/2020 12:21:33 [MESSAGE] &f[&9AnimatedNames&f] &eUnable to load placeholders 'kitbattle'. Plugin KitBattle not found!
05/04/2020 12:21:32 [MESSAGE] &f[&9AnimatedNames&f] &eUnable to load placeholders 'teams'. Plugin Teams not found!
05/04/2020 12:21:33 [MESSAGE] &f[&9AnimatedNames&f] &eUnable to load placeholders 'subsidekoth'. Plugin LeaderHeads not found!
05/04/2020 12:21:32 [DEBUG] Loaded placeholder: geographical
05/04/2020 12:21:33 [MESSAGE] &f[&9AnimatedNames&f] &eUnable to load placeholders 'leaderheads'. Plugin LeaderHeads not found!
05/04/2020 12:21:32 [MESSAGE] &f[&9AnimatedNames&f] &eUnable to load placeholders 'heroes'. Plugin Heroes not found!
05/04/2020 12:21:33 [MESSAGE] &f[&9AnimatedNames&f] &eUnable to load placeholders 'legendquest'. Plugin LegendQuest not found!
05/04/2020 12:21:32 [MESSAGE] &f[&9AnimatedNames&f] &eUnable to load placeholders 'islandworld'. Plugin IslandWorld not found!
05/04/2020 12:21:32 [MESSAGE] &f[&9AnimatedNames&f] &eUnable to load placeholders 'jobs'. Plugin Jobs not found!
05/04/2020 12:21:32 [MESSAGE] &f[&9AnimatedNames&f] &eUnable to load placeholders 'killermoney'. Plugin KillerMoney not found!
05/04/2020 12:21:32 [MESSAGE] &f[&9AnimatedNames&f] &eUnable to load placeholders 'killstats'. Plugin KillStats not found!
05/04/2020 12:21:32 [MESSAGE] &f[&9AnimatedNames&f] &eUnable to load placeholders 'factions1_6'. Plugin Factions not found!
05/04/2020 12:21:33 [MESSAGE] &f[&9AnimatedNames&f] &eUnable to load placeholders 'mcmmo'. Plugin mcMMO not found!
05/04/2020 12:21:33 [DEBUG] Loaded placeholder: placeholderapi
05/04/2020 12:21:33 [MESSAGE] &f[&9AnimatedNames&f] &eUnable to load placeholders 'minecrates'. Plugin MineCrates not found!
05/04/2020 12:21:33 [DEBUG] Loaded placeholder: mineresetlite
05/04/2020 12:21:33 [DEBUG] Loaded placeholder: marriage
05/04/2020 12:21:33 [MESSAGE] &f[&9AnimatedNames&f] &eUnable to load placeholders 'mineversechat'. Plugin MineverseChat not found!
05/04/2020 12:21:33 [MESSAGE] &f[&9AnimatedNames&f] &eUnable to load placeholders 'marriagemaster'. Plugin MarriageMaster not found!
05/04/2020 12:21:33 [MESSAGE] &f[&9AnimatedNames&f] &eUnable to load placeholders 'multiverse'. Plugin Multiverse-Core not found!
05/04/2020 12:21:33 [MESSAGE] &f[&9AnimatedNames&f] &eUnable to load placeholders 'mcinfected'. Plugin McInfected not found!
05/04/2020 12:21:33 [MESSAGE] &f[&9AnimatedNames&f] &eUnable to load placeholders 'ontime'. Plugin OnTime not found!
05/04/2020 12:21:33 [DEBUG] Loaded placeholder: memory
05/04/2020 12:21:33 [MESSAGE] &f[&9AnimatedNames&f] &eUnable to load placeholders 'picknchewstatistics'. Plugin PickNChew not found!
05/04/2020 12:21:33 [MESSAGE] &f[&9AnimatedNames&f] &eUnable to load placeholders 'minefortress'. Plugin MineFortress not found!
05/04/2020 12:21:33 [MESSAGE] &f[&9AnimatedNames&f] &eUnable to load placeholders 'mineresetliteplus'. Plugin MineResetLitePlus not found!
05/04/2020 12:21:33 [MESSAGE] &f[&9AnimatedNames&f] &eUnable to load placeholders 'pl3xicons'. Plugin Pl3xIcons not found!
05/04/2020 12:21:33 [MESSAGE] &f[&9AnimatedNames&f] &eUnable to load placeholders 'mobarena'. Plugin MobArena not found!
05/04/2020 12:21:34 [DEBUG] Loaded placeholder: player
05/04/2020 12:21:33 [MESSAGE] &f[&9AnimatedNames&f] &eUnable to load placeholders 'nicky'. Plugin Nicky not found!
05/04/2020 12:21:34 [MESSAGE] &f[&9AnimatedNames&f] &eUnable to load placeholders 'playerpoints'. Plugin PlayerPoints not found!
05/04/2020 12:21:33 [DEBUG] Loaded placeholder: permissions
05/04/2020 12:21:33 [MESSAGE] &f[&9AnimatedNames&f] &eUnable to load placeholders 'magic'. Plugin Magic not found!
05/04/2020 12:21:33 [MESSAGE] &f[&9AnimatedNames&f] &eUnable to load placeholders 'lwc'. Plugin LWC not found!
05/04/2020 12:21:34 [DEBUG] Loaded placeholder: previousnames
05/04/2020 12:21:34 [MESSAGE] &f[&9AnimatedNames&f] &eUnable to load placeholders 'prisonmines'. Plugin PrisonMines not found!
05/04/2020 12:21:34 [MESSAGE] &f[&9AnimatedNames&f] &eUnable to load placeholders 'plotz'. Plugin Plotz not found!
05/04/2020 12:21:34 [DEBUG] Loaded placeholder: quests
05/04/2020 12:21:34 [MESSAGE] &f[&9AnimatedNames&f] &eUnable to load placeholders 'prison3'. Plugin Prison3 not found!
05/04/2020 12:21:34 [DEBUG] Loaded placeholder: redisbungee
05/04/2020 12:21:34 [MESSAGE] &f[&9AnimatedNames&f] &eUnable to load placeholders 'pvptimer'. Plugin PvPTimer not found!
05/04/2020 12:21:34 [DEBUG] Loaded placeholder: serverpinger
05/04/2020 12:21:34 [MESSAGE] &f[&9AnimatedNames&f] &eUnable to load placeholders 'skillapi'. Plugin SkillAPI not found!
05/04/2020 12:21:34 [MESSAGE] &f[&9AnimatedNames&f] &eUnable to load placeholders 'rankupcrayons'. Plugin RankUp not found!
05/04/2020 12:21:34 [MESSAGE] &f[&9AnimatedNames&f] &eUnable to load placeholders 'skywars'. Plugin SkyWars not found!
05/04/2020 12:21:34 [DEBUG] Loaded placeholder: sound
05/04/2020 12:21:34 [MESSAGE] &f[&9AnimatedNames&f] &eUnable to load placeholders 'sqlperms'. Plugin SQLPerms not found!
05/04/2020 12:21:34 [DEBUG] Loaded placeholder: statistics
05/04/2020 12:21:34 [MESSAGE] &f[&9AnimatedNames&f] &eUnable to load placeholders 'sellall'. Plugin SellAll not found!
05/04/2020 12:21:34 [MESSAGE] &f[&9AnimatedNames&f] &eUnable to load placeholders 'plotsquared'. Plugin PlotSquared not found!
05/04/2020 12:21:34 [MESSAGE] &f[&9AnimatedNames&f] &eUnable to load placeholders 'simpleclans'. Plugin SimpleClans not found!
05/04/2020 12:21:34 [MESSAGE] &f[&9AnimatedNames&f] &eUnable to load placeholders 'plotme'. Plugin PlotMe not found!
05/04/2020 12:21:34 [DEBUG] Loaded placeholder: skript
05/04/2020 12:21:34 [MESSAGE] &f[&9AnimatedNames&f] &eUnable to load placeholders 'skywarsreloaded'. Plugin SkyWarsReloaded not found!
05/04/2020 12:21:34 [MESSAGE] &f[&9AnimatedNames&f] &eUnable to load placeholders 'playtimerewardsrecoded'. Plugin PlayTimeRewardsRecoded not found!
05/04/2020 12:21:34 [MESSAGE] &f[&9AnimatedNames&f] &eUnable to load placeholders 'townychat'. Plugin TownyChat not found!
05/04/2020 12:21:34 [MESSAGE] &f[&9AnimatedNames&f] &eUnable to load placeholders 'tokenenchant'. Plugin TokenEnchant not found!
05/04/2020 12:21:34 [MESSAGE] &f[&9AnimatedNames&f] &eUnable to load placeholders 'stockmarket'. Plugin StockMarket not found!
05/04/2020 12:21:35 [DEBUG] Loaded placeholder: vanillaevents
05/04/2020 12:21:35 [INFO] Loading event hook: Vanilla Death hook ...
05/04/2020 12:21:35 [INFO] Loading event hook: Vanilla Block place hook ...
05/04/2020 12:21:35 [INFO] Loading event hook: Vanilla Create portal hook ...
05/04/2020 12:21:35 [MESSAGE] &f[&9AnimatedNames&f] &eUnable to load placeholders 'voteroulette'. Plugin VoteRoulette not found!
05/04/2020 12:21:35 [INFO] Loading event hook: Vanilla Block break hook ...
05/04/2020 12:21:35 [INFO] Loading event hook: Vanilla Block place hook ...
05/04/2020 12:21:34 [MESSAGE] &f[&9AnimatedNames&f] &eUnable to load placeholders 'superbvote'. Plugin SuperbVote not found!
05/04/2020 12:21:35 [INFO] Loading event hook: Vanilla player rejoin ...
05/04/2020 12:21:34 [MESSAGE] &f[&9AnimatedNames&f] &eUnable to load placeholders 'survivalgameswazup'. Plugin SurvivalGames not found!
05/04/2020 12:21:35 [INFO] Loading event hook: Vanilla Create portal hook ...
05/04/2020 12:21:34 [DEBUG] Loaded placeholder: tickspersecond
05/04/2020 12:21:35 [INFO] Loading event hook: Vanilla player first join ...
05/04/2020 12:21:34 [MESSAGE] &f[&9AnimatedNames&f] &eUnable to load placeholders 'towny'. Plugin Towny not found!
05/04/2020 12:21:35 [INFO] Loading event hook: Vanilla Block break hook ...
05/04/2020 12:21:35 [INFO] Loading event hook: Vanilla player join ...
05/04/2020 12:21:35 [MESSAGE] &f[&9AnimatedNames&f] &eUnable to load placeholders 'uskyblock'. Plugin uSkyBlock not found!
05/04/2020 12:21:35 [INFO] Loading event hook: Vanilla player first join ...
05/04/2020 12:21:35 [INFO] Loading event hook: Vanilla Combat hook ...
05/04/2020 12:21:35 [MESSAGE] &f[&9AnimatedNames&f] &eUnable to load placeholders 'voteparty'. Plugin VoteParty not found!
05/04/2020 12:21:35 [INFO] Loading event hook: Vanilla player join ...
05/04/2020 12:21:35 [DEBUG] Loaded placeholder: unicode
05/04/2020 12:21:35 [INFO] Loading event hook: Vanilla Combat hook ...
05/04/2020 12:21:35 [MESSAGE] &f[&9AnimatedNames&f] &eUnable to load placeholders 'ultimatevotes'. Plugin UltimateVotes not found!
05/04/2020 12:21:35 [INFO] Loading event hook: Vanilla player rejoin ...
05/04/2020 12:21:35 [DEBUG] Loaded placeholder: twitter
05/04/2020 12:21:35 [INFO] Loading event hook: Vanilla Death hook ...
05/04/2020 12:21:35 [MESSAGE] &f[&9AnimatedNames&f] &eUnable to load placeholders 'worldborder'. Plugin WorldBorder not found!
05/04/2020 12:21:35 [MESSAGE] &f[&9AnimatedNames&f] &eUnable to load placeholders 'zarphyckskywars'. Plugin SkyWars not found!
05/04/2020 12:21:35 [INFO] Adding team name group 'hypesquad' ...
05/04/2020 12:21:35 [DEBUG] Loaded placeholder: worldguard
05/04/2020 12:21:35 [INFO] Creating new custom effect: warning
05/04/2020 12:21:35 [INFO] 	Lines: 2
05/04/2020 12:21:35 [INFO] 	Arguments: 1
05/04/2020 12:21:35 [INFO] Loading event hook: WorldGuard Region ...
05/04/2020 12:21:35 [INFO] Loading event hook: WorldGuard Region ...
05/04/2020 12:21:35 [INFO] Loaded 4599 of the 4599 placholders
05/04/2020 12:21:35 [DEBUG] Loaded placeholder: world
05/04/2020 12:21:35 [INFO] Loading messages ...
05/04/2020 12:21:35 [INFO] Adding command 'animatednames'
05/04/2020 12:21:35 [DEBUG] 	Adding sub command 'parse'
05/04/2020 12:21:35 [DEBUG] 	Adding sub command 'about'
05/04/2020 12:21:35 [DEBUG] 	Adding sub command 'reload'
05/04/2020 12:21:35 [DEBUG] 	Adding sub command 'help'
05/04/2020 12:21:35 [INFO] Adding team name group 'main' ...
05/04/2020 12:21:35 [INFO] Preparing team names for existing online players ...
05/04/2020 12:21:35 [INFO] Loading language file: lang_temp
05/04/2020 12:21:35 [INFO] Adding team name group 'helper' ...
05/04/2020 12:21:35 [DEBUG] 	Adding sub command 'groups'
05/04/2020 12:21:35 [DEBUG] 	Adding sub command 'debug'
05/04/2020 12:21:35 [DEBUG] 	Adding sub command 'permissions'
05/04/2020 12:21:35 [INFO] Loading language file: lang_en
05/04/2020 12:21:35 [MESSAGE] &6 Префиксы &8| &aYour version is up to date!
05/04/2020 12:21:35 [DEBUG] 	Adding sub command 'placeholders'
05/04/2020 12:21:35 [INFO] Adding team name group 'staff' ...
05/04/2020 12:21:35 [MESSAGE] &f[&9AnimatedNames&f] &eUnable to load placeholders 'wickedskywars'. Plugin WickedSkywars not found!
05/04/2020 12:21:34 [MESSAGE] &f[&9AnimatedNames&f] &eUnable to load placeholders 'stockmarket-yahoofinance'. Plugin StockMarket not found!
