112.12.30 11:39 B C:\Roland\Minecraft\World\homecraft\region\r.-1.-1.mca <-- Homecraft /homecraft/region r.-1.-1.mca
112.12.30 11:39 B C:\Roland\Minecraft\World\homecraft\region\r.-1.-2.mca <-- Homecraft /homecraft/region r.-1.-2.mca
112.12.30 11:39 B C:\Roland\Minecraft\World\homecraft\region\r.-1.0.mca <-- Homecraft /homecraft/region r.-1.0.mca
112.12.30 11:39 B C:\Roland\Minecraft\World\homecraft\region\r.-1.0.mcr <-- Homecraft /homecraft/region r.-1.0.mcr
112.12.30 11:39 B C:\Roland\Minecraft\World\homecraft\region\r.-1.1.mca <-- Homecraft /homecraft/region r.-1.1.mca
112.12.30 11:39 B C:\Roland\Minecraft\World\homecraft\region\r.-1.2.mca <-- Homecraft /homecraft/region r.-1.2.mca
112.12.30 11:40 B C:\Roland\Minecraft\World\homecraft\region\r.-2.-1.mca <-- Homecraft /homecraft/region r.-2.-1.mca
112.12.30 11:40 B C:\Roland\Minecraft\World\homecraft\region\r.-2.-2.mca <-- Homecraft /homecraft/region r.-2.-2.mca
112.12.30 11:40 B C:\Roland\Minecraft\World\homecraft\region\r.-2.0.mca <-- Homecraft /homecraft/region r.-2.0.mca
112.12.30 11:40 B C:\Roland\Minecraft\World\homecraft\region\r.-2.1.mca <-- Homecraft /homecraft/region r.-2.1.mca
112.12.30 11:40 B C:\Roland\Minecraft\World\homecraft\region\r.0.-1.mca <-- Homecraft /homecraft/region r.0.-1.mca
112.12.30 11:40 B C:\Roland\Minecraft\World\homecraft\region\r.0.-2.mca <-- Homecraft /homecraft/region r.0.-2.mca
112.12.30 11:40 B C:\Roland\Minecraft\World\homecraft\region\r.0.0.mca <-- Homecraft /homecraft/region r.0.0.mca
112.12.30 11:40 B C:\Roland\Minecraft\World\homecraft\region\r.0.0.mcr <-- Homecraft /homecraft/region r.0.0.mcr
112.12.30 11:40 B C:\Roland\Minecraft\World\homecraft\region\r.0.1.mca <-- Homecraft /homecraft/region r.0.1.mca
112.12.30 11:40 B C:\Roland\Minecraft\World\homecraft\region\r.0.2.mca <-- Homecraft /homecraft/region r.0.2.mca
112.12.30 11:40 B C:\Roland\Minecraft\World\homecraft\region\r.1.-1.mca <-- Homecraft /homecraft/region r.1.-1.mca
112.12.30 11:40 B C:\Roland\Minecraft\World\homecraft\region\r.1.0.mca <-- Homecraft /homecraft/region r.1.0.mca
112.12.30 11:40 B C:\Roland\Minecraft\World\homecraft\region\r.1.1.mca <-- Homecraft /homecraft/region r.1.1.mca
112.12.30 11:40 B C:\Roland\Minecraft\World\homecraft\region\r.1.2.mca <-- Homecraft /homecraft/region r.1.2.mca
112.12.30 11:40 B C:\Roland\Minecraft\World\homecraft\region\r.1.3.mca <-- Homecraft /homecraft/region r.1.3.mca
112.12.30 11:40 B C:\Roland\Minecraft\World\homecraft\region\r.2.0.mca <-- Homecraft /homecraft/region r.2.0.mca
112.12.30 11:40 B C:\Roland\Minecraft\World\homecraft\region\r.2.1.mca <-- Homecraft /homecraft/region r.2.1.mca
112.12.30 11:40 B C:\Roland\Minecraft\World\homecraft\region\r.2.2.mca <-- Homecraft /homecraft/region r.2.2.mca
112.12.30 11:40 B C:\Roland\Minecraft\World\homecraft\region\r.2.3.mca <-- Homecraft /homecraft/region r.2.3.mca
113.01.05 09:57 B C:\Roland\Minecraft\World\homecraft\region\r.-1.0.mca <-- Homecraft /homecraft/region r.-1.0.mca
113.01.05 09:57 B C:\Roland\Minecraft\World\homecraft\region\r.-1.1.mca <-- Homecraft /homecraft/region r.-1.1.mca
113.01.05 09:57 B C:\Roland\Minecraft\World\homecraft\region\r.0.-1.mca <-- Homecraft /homecraft/region r.0.-1.mca
113.01.05 09:57 B C:\Roland\Minecraft\World\homecraft\region\r.0.0.mca <-- Homecraft /homecraft/region r.0.0.mca
113.01.05 09:57 B C:\Roland\Minecraft\World\homecraft\region\r.0.1.mca <-- Homecraft /homecraft/region r.0.1.mca
113.01.05 09:57 B C:\Roland\Minecraft\World\homecraft\region\r.0.2.mca <-- Homecraft /homecraft/region r.0.2.mca
113.01.05 09:57 B C:\Roland\Minecraft\World\homecraft\region\r.1.-1.mca <-- Homecraft /homecraft/region r.1.-1.mca
113.01.05 09:57 B C:\Roland\Minecraft\World\homecraft\region\r.1.0.mca <-- Homecraft /homecraft/region r.1.0.mca
113.01.05 09:57 B C:\Roland\Minecraft\World\homecraft\region\r.1.1.mca <-- Homecraft /homecraft/region r.1.1.mca
113.01.05 09:57 B C:\Roland\Minecraft\World\homecraft\region\r.1.2.mca <-- Homecraft /homecraft/region r.1.2.mca
113.01.05 09:57 B C:\Roland\Minecraft\World\homecraft\region\r.2.1.mca <-- Homecraft /homecraft/region r.2.1.mca
113.01.05 09:58 B C:\Roland\Minecraft\World\homecraft\region\r.2.2.mca <-- Homecraft /homecraft/region r.2.2.mca
